2025-02-16 14:48:42,763 - aiogram.dispatcher - INFO - Start polling
2025-02-16 14:48:42,839 - aiogram.dispatcher - INFO - Run polling for bot @PlayPalGameBot id=7722417104 - 'PlayPal'
2025-02-16 14:51:48,550 - aiogram.dispatcher - WARNING - Received SIGINT signal
2025-02-16 14:51:48,551 - aiogram.dispatcher - INFO - Polling stopped for bot @PlayPalGameBot id=7722417104 - 'PlayPal'
2025-02-16 14:51:48,551 - aiogram.dispatcher - INFO - Polling stopped
2025-02-16 14:51:53,831 - aiogram.dispatcher - INFO - Start polling
2025-02-16 14:51:53,904 - aiogram.dispatcher - INFO - Run polling for bot @PlayPalGameBot id=7722417104 - 'PlayPal'
2025-02-18 13:24:14,144 - aiogram.dispatcher - INFO - Start polling
2025-02-18 13:24:14,226 - aiogram.dispatcher - INFO - Run polling for bot @PlayPalGameBot id=7722417104 - 'PlayPal'
2025-02-18 13:24:24,732 - aiogram.event - INFO - Update id=241309661 is handled. Duration 15 ms by bot id=7722417104
2025-02-18 13:25:06,665 - aiogram.dispatcher - WARNING - Received SIGINT signal
2025-02-18 13:25:06,666 - aiogram.dispatcher - INFO - Polling stopped for bot @PlayPalGameBot id=7722417104 - 'PlayPal'
2025-02-18 13:25:06,666 - aiogram.dispatcher - INFO - Polling stopped
2025-02-18 13:25:09,738 - aiogram.dispatcher - INFO - Start polling
2025-02-18 13:25:09,796 - aiogram.dispatcher - INFO - Run polling for bot @PlayPalGameBot id=7722417104 - 'PlayPal'
2025-02-18 13:25:13,873 - aiogram.event - INFO - Update id=241309662 is handled. Duration 536 ms by bot id=7722417104
2025-02-18 13:25:44,344 - aiogram.dispatcher - WARNING - Received SIGINT signal
2025-02-18 13:25:44,345 - aiogram.dispatcher - INFO - Polling stopped for bot @PlayPalGameBot id=7722417104 - 'PlayPal'
2025-02-18 13:25:44,345 - aiogram.dispatcher - INFO - Polling stopped
2025-02-18 13:25:47,544 - aiogram.dispatcher - INFO - Start polling
2025-02-18 13:25:47,620 - aiogram.dispatcher - INFO - Run polling for bot @PlayPalGameBot id=7722417104 - 'PlayPal'
2025-02-18 13:25:51,728 - aiogram.event - INFO - Update id=241309663 is handled. Duration 301 ms by bot id=7722417104
2025-02-18 13:28:13,796 - aiogram.dispatcher - WARNING - Received SIGINT signal
2025-02-18 13:28:13,797 - aiogram.dispatcher - INFO - Polling stopped for bot @PlayPalGameBot id=7722417104 - 'PlayPal'
2025-02-18 13:28:13,797 - aiogram.dispatcher - INFO - Polling stopped
2025-02-18 13:28:24,283 - aiogram.dispatcher - INFO - Start polling
2025-02-18 13:28:24,348 - aiogram.dispatcher - INFO - Run polling for bot @PlayPalGameBot id=7722417104 - 'PlayPal'
2025-02-18 13:28:28,547 - aiogram.event - INFO - Update id=241309664 is handled. Duration 1866 ms by bot id=7722417104
2025-02-18 13:33:06,119 - aiogram.dispatcher - WARNING - Received SIGINT signal
2025-02-18 13:33:06,119 - aiogram.dispatcher - INFO - Polling stopped for bot @PlayPalGameBot id=7722417104 - 'PlayPal'
2025-02-18 13:33:06,120 - aiogram.dispatcher - INFO - Polling stopped
2025-02-18 13:33:09,669 - aiogram.dispatcher - INFO - Start polling
2025-02-18 13:33:09,738 - aiogram.dispatcher - INFO - Run polling for bot @PlayPalGameBot id=7722417104 - 'PlayPal'
2025-02-18 13:33:15,392 - aiogram.event - INFO - Update id=241309665 is handled. Duration 362 ms by bot id=7722417104
2025-02-18 13:38:20,409 - aiogram.dispatcher - WARNING - Received SIGINT signal
2025-02-18 13:38:20,410 - aiogram.dispatcher - INFO - Polling stopped for bot @PlayPalGameBot id=7722417104 - 'PlayPal'
2025-02-18 13:38:20,410 - aiogram.dispatcher - INFO - Polling stopped
2025-02-18 13:38:23,788 - aiogram.dispatcher - INFO - Start polling
2025-02-18 13:38:23,852 - aiogram.dispatcher - INFO - Run polling for bot @PlayPalGameBot id=7722417104 - 'PlayPal'
2025-02-18 13:38:29,552 - aiogram.event - INFO - Update id=241309666 is handled. Duration 2113 ms by bot id=7722417104
2025-02-18 13:38:48,720 - aiogram.event - INFO - Update id=241309667 is handled. Duration 240 ms by bot id=7722417104
2025-02-18 13:38:51,494 - aiogram.event - INFO - Update id=241309668 is handled. Duration 147 ms by bot id=7722417104
2025-02-18 13:38:53,750 - aiogram.event - INFO - Update id=241309669 is handled. Duration 144 ms by bot id=7722417104
2025-02-18 13:38:57,644 - aiogram.event - INFO - Update id=241309670 is handled. Duration 406 ms by bot id=7722417104
2025-02-18 13:39:02,086 - aiogram.event - INFO - Update id=241309671 is handled. Duration 395 ms by bot id=7722417104
2025-02-18 13:40:31,357 - aiogram.dispatcher - WARNING - Received SIGINT signal
2025-02-18 13:40:31,357 - aiogram.dispatcher - INFO - Polling stopped for bot @PlayPalGameBot id=7722417104 - 'PlayPal'
2025-02-18 13:40:31,358 - aiogram.dispatcher - INFO - Polling stopped
2025-02-18 13:40:35,458 - aiogram.dispatcher - INFO - Start polling
2025-02-18 13:40:35,514 - aiogram.dispatcher - INFO - Run polling for bot @PlayPalGameBot id=7722417104 - 'PlayPal'
2025-02-18 13:43:07,326 - aiogram.event - INFO - Update id=241309672 is handled. Duration 232 ms by bot id=7722417104
2025-02-18 13:43:19,690 - aiogram.event - INFO - Update id=241309673 is handled. Duration 1845 ms by bot id=7722417104
2025-02-18 13:43:22,432 - aiogram.event - INFO - Update id=241309674 is handled. Duration 81 ms by bot id=7722417104
2025-02-18 13:43:24,695 - aiogram.event - INFO - Update id=241309675 is handled. Duration 296 ms by bot id=7722417104
2025-02-18 13:43:26,387 - aiogram.event - INFO - Update id=241309676 is handled. Duration 246 ms by bot id=7722417104
2025-02-18 13:43:31,713 - aiogram.event - INFO - Update id=241309677 is handled. Duration 453 ms by bot id=7722417104
2025-02-18 13:43:37,988 - aiogram.event - INFO - Update id=241309678 is handled. Duration 379 ms by bot id=7722417104
2025-02-18 13:44:16,725 - aiogram.event - INFO - Update id=241309679 is handled. Duration 202 ms by bot id=7722417104
2025-02-18 13:47:17,614 - aiogram.dispatcher - WARNING - Received SIGINT signal
2025-02-18 13:47:17,614 - aiogram.dispatcher - INFO - Polling stopped for bot @PlayPalGameBot id=7722417104 - 'PlayPal'
2025-02-18 13:47:17,614 - aiogram.dispatcher - INFO - Polling stopped
2025-02-18 13:47:38,490 - aiogram.dispatcher - INFO - Start polling
2025-02-18 13:47:38,564 - aiogram.dispatcher - INFO - Run polling for bot @PlayPalGameBot id=7722417104 - 'PlayPal'
2025-02-18 13:47:42,430 - aiogram.event - INFO - Update id=241309680 is handled. Duration 308 ms by bot id=7722417104
2025-02-18 13:47:47,265 - aiogram.event - INFO - Update id=241309681 is handled. Duration 408 ms by bot id=7722417104
2025-02-18 13:47:53,590 - aiogram.event - INFO - Update id=241309682 is handled. Duration 395 ms by bot id=7722417104
2025-02-18 13:48:01,693 - aiogram.event - INFO - Update id=241309683 is handled. Duration 101 ms by bot id=7722417104
2025-02-18 13:48:03,963 - aiogram.event - INFO - Update id=241309684 is handled. Duration 527 ms by bot id=7722417104
2025-02-18 13:48:06,482 - aiogram.event - INFO - Update id=241309685 is handled. Duration 282 ms by bot id=7722417104
2025-02-18 13:48:22,898 - aiogram.event - INFO - Update id=241309686 is handled. Duration 412 ms by bot id=7722417104
2025-02-18 13:48:24,433 - aiogram.event - INFO - Update id=241309687 is handled. Duration 414 ms by bot id=7722417104
2025-02-18 13:48:26,130 - aiogram.event - INFO - Update id=241309688 is handled. Duration 369 ms by bot id=7722417104
2025-02-18 13:48:41,526 - aiogram.event - INFO - Update id=241309689 is handled. Duration 202 ms by bot id=7722417104
2025-02-18 13:48:44,396 - aiogram.event - INFO - Update id=241309690 is handled. Duration 818 ms by bot id=7722417104
2025-02-18 13:49:35,681 - aiogram.event - INFO - Update id=241309691 is handled. Duration 494 ms by bot id=7722417104
2025-02-18 13:49:42,559 - aiogram.event - INFO - Update id=241309692 is handled. Duration 305 ms by bot id=7722417104
2025-02-18 13:49:45,112 - aiogram.event - INFO - Update id=241309693 is handled. Duration 298 ms by bot id=7722417104
2025-02-18 13:50:16,900 - aiogram.event - INFO - Update id=241309694 is handled. Duration 342 ms by bot id=7722417104
2025-02-18 13:54:46,755 - aiogram.dispatcher - WARNING - Received SIGINT signal
2025-02-18 13:54:46,756 - aiogram.dispatcher - INFO - Polling stopped for bot @PlayPalGameBot id=7722417104 - 'PlayPal'
2025-02-18 13:54:46,756 - aiogram.dispatcher - INFO - Polling stopped
2025-02-18 13:54:49,886 - aiogram.dispatcher - INFO - Start polling
2025-02-18 13:54:49,942 - aiogram.dispatcher - INFO - Run polling for bot @PlayPalGameBot id=7722417104 - 'PlayPal'
2025-02-18 13:55:06,994 - aiogram.event - INFO - Update id=241309695 is handled. Duration 538 ms by bot id=7722417104
2025-02-18 13:55:11,144 - aiogram.event - INFO - Update id=241309696 is handled. Duration 183 ms by bot id=7722417104
2025-02-18 13:55:13,856 - aiogram.event - INFO - Update id=241309697 is handled. Duration 436 ms by bot id=7722417104
2025-02-18 13:55:18,847 - aiogram.event - INFO - Update id=241309698 is not handled. Duration 717 ms by bot id=7722417104
2025-02-18 13:55:18,847 - aiogram.event - ERROR - Cause exception while process update id=241309698 by bot id=7722417104
AttributeError: 'NoneType' object has no attribute 'from_user'
Traceback (most recent call last):
  File "/home/vasilisqq/.cache/pypoetry/virtualenvs/botgames-Y7R7oDsK-py3.12/lib/python3.12/site-packages/aiogram/dispatcher/middlewares/error.py", line 25, in __call__
    return await handler(event, data)
           ^^^^^^^^^^^^^^^^^^^^^^^^^^
  File "/home/vasilisqq/.cache/pypoetry/virtualenvs/botgames-Y7R7oDsK-py3.12/lib/python3.12/site-packages/aiogram/dispatcher/middlewares/user_context.py", line 56, in __call__
    return await handler(event, data)
           ^^^^^^^^^^^^^^^^^^^^^^^^^^
  File "/home/vasilisqq/.cache/pypoetry/virtualenvs/botgames-Y7R7oDsK-py3.12/lib/python3.12/site-packages/aiogram/fsm/middleware.py", line 42, in __call__
    return await handler(event, data)
           ^^^^^^^^^^^^^^^^^^^^^^^^^^
  File "/home/vasilisqq/.cache/pypoetry/virtualenvs/botgames-Y7R7oDsK-py3.12/lib/python3.12/site-packages/aiogram/dispatcher/event/telegram.py", line 121, in trigger
    return await wrapped_inner(event, kwargs)
           ^^^^^^^^^^^^^^^^^^^^^^^^^^^^^^^^^^
  File "/home/vasilisqq/utilites/botGames/bot/middlewares/user_middleware.py", line 30, in __call__
    return await handler(event, data)
           ^^^^^^^^^^^^^^^^^^^^^^^^^^
  File "/home/vasilisqq/.cache/pypoetry/virtualenvs/botgames-Y7R7oDsK-py3.12/lib/python3.12/site-packages/aiogram/dispatcher/event/handler.py", line 43, in call
    return await wrapped()
           ^^^^^^^^^^^^^^^
  File "/home/vasilisqq/.cache/pypoetry/virtualenvs/botgames-Y7R7oDsK-py3.12/lib/python3.12/site-packages/aiogram/dispatcher/dispatcher.py", line 276, in _listen_update
    return await self.propagate_event(update_type=update_type, event=event, **kwargs)
           ^^^^^^^^^^^^^^^^^^^^^^^^^^^^^^^^^^^^^^^^^^^^^^^^^^^^^^^^^^^^^^^^^^^^^^^^^^
  File "/home/vasilisqq/.cache/pypoetry/virtualenvs/botgames-Y7R7oDsK-py3.12/lib/python3.12/site-packages/aiogram/dispatcher/router.py", line 146, in propagate_event
    return await observer.wrap_outer_middleware(_wrapped, event=event, data=kwargs)
           ^^^^^^^^^^^^^^^^^^^^^^^^^^^^^^^^^^^^^^^^^^^^^^^^^^^^^^^^^^^^^^^^^^^^^^^^
  File "/home/vasilisqq/.cache/pypoetry/virtualenvs/botgames-Y7R7oDsK-py3.12/lib/python3.12/site-packages/aiogram/dispatcher/router.py", line 141, in _wrapped
    return await self._propagate_event(
           ^^^^^^^^^^^^^^^^^^^^^^^^^^^^
  File "/home/vasilisqq/.cache/pypoetry/virtualenvs/botgames-Y7R7oDsK-py3.12/lib/python3.12/site-packages/aiogram/dispatcher/router.py", line 174, in _propagate_event
    response = await router.propagate_event(update_type=update_type, event=event, **kwargs)
               ^^^^^^^^^^^^^^^^^^^^^^^^^^^^^^^^^^^^^^^^^^^^^^^^^^^^^^^^^^^^^^^^^^^^^^^^^^^^
  File "/home/vasilisqq/.cache/pypoetry/virtualenvs/botgames-Y7R7oDsK-py3.12/lib/python3.12/site-packages/aiogram/dispatcher/router.py", line 146, in propagate_event
    return await observer.wrap_outer_middleware(_wrapped, event=event, data=kwargs)
           ^^^^^^^^^^^^^^^^^^^^^^^^^^^^^^^^^^^^^^^^^^^^^^^^^^^^^^^^^^^^^^^^^^^^^^^^
  File "/home/vasilisqq/.cache/pypoetry/virtualenvs/botgames-Y7R7oDsK-py3.12/lib/python3.12/site-packages/aiogram/dispatcher/router.py", line 141, in _wrapped
    return await self._propagate_event(
           ^^^^^^^^^^^^^^^^^^^^^^^^^^^^
  File "/home/vasilisqq/.cache/pypoetry/virtualenvs/botgames-Y7R7oDsK-py3.12/lib/python3.12/site-packages/aiogram/dispatcher/router.py", line 166, in _propagate_event
    response = await observer.trigger(event, **kwargs)
               ^^^^^^^^^^^^^^^^^^^^^^^^^^^^^^^^^^^^^^^
  File "/home/vasilisqq/.cache/pypoetry/virtualenvs/botgames-Y7R7oDsK-py3.12/lib/python3.12/site-packages/aiogram/dispatcher/event/telegram.py", line 121, in trigger
    return await wrapped_inner(event, kwargs)
           ^^^^^^^^^^^^^^^^^^^^^^^^^^^^^^^^^^
  File "/home/vasilisqq/.cache/pypoetry/virtualenvs/botgames-Y7R7oDsK-py3.12/lib/python3.12/site-packages/aiogram/dispatcher/event/handler.py", line 43, in call
    return await wrapped()
           ^^^^^^^^^^^^^^^
  File "/home/vasilisqq/utilites/botGames/bot/callbacks/cross_zeroes_callBack.py", line 220, in mark_button
    f"пользователь сделал ход на клетку {query.data[0]+1}",
                                         ~~~~~~~~~~~~~^~
TypeError: can only concatenate str (not "int") to str

During handling of the above exception, another exception occurred:

Traceback (most recent call last):
  File "/home/vasilisqq/utilites/botGames/bot/handlers/errors_handler.py", line 11, in print_error
    f"у пользователя {event.update.message.from_user.username} произошла ошибка {event.exception}/n"+
                      ^^^^^^^^^^^^^^^^^^^^^^^^^^^^^^
AttributeError: 'NoneType' object has no attribute 'from_user'

During handling of the above exception, another exception occurred:

Traceback (most recent call last):
  File "/home/vasilisqq/utilites/botGames/bot/handlers/errors_handler.py", line 17, in print_error
    f"у пользователя {event.update.callback_query.from_user.username} произошла ошибка {event.exception.with_traceback()}\n"+
                                                                                        ^^^^^^^^^^^^^^^^^^^^^^^^^^^^^^^^
TypeError: BaseException.with_traceback() takes exactly one argument (0 given)

During handling of the above exception, another exception occurred:

Traceback (most recent call last):
  File "/home/vasilisqq/.cache/pypoetry/virtualenvs/botgames-Y7R7oDsK-py3.12/lib/python3.12/site-packages/aiogram/dispatcher/dispatcher.py", line 309, in _process_update
    response = await self.feed_update(bot, update, **kwargs)
               ^^^^^^^^^^^^^^^^^^^^^^^^^^^^^^^^^^^^^^^^^^^^^
  File "/home/vasilisqq/.cache/pypoetry/virtualenvs/botgames-Y7R7oDsK-py3.12/lib/python3.12/site-packages/aiogram/dispatcher/dispatcher.py", line 158, in feed_update
    response = await self.update.wrap_outer_middleware(
               ^^^^^^^^^^^^^^^^^^^^^^^^^^^^^^^^^^^^^^^^
  File "/home/vasilisqq/.cache/pypoetry/virtualenvs/botgames-Y7R7oDsK-py3.12/lib/python3.12/site-packages/aiogram/dispatcher/middlewares/error.py", line 29, in __call__
    response = await self.router.propagate_event(
               ^^^^^^^^^^^^^^^^^^^^^^^^^^^^^^^^^^
  File "/home/vasilisqq/.cache/pypoetry/virtualenvs/botgames-Y7R7oDsK-py3.12/lib/python3.12/site-packages/aiogram/dispatcher/router.py", line 146, in propagate_event
    return await observer.wrap_outer_middleware(_wrapped, event=event, data=kwargs)
           ^^^^^^^^^^^^^^^^^^^^^^^^^^^^^^^^^^^^^^^^^^^^^^^^^^^^^^^^^^^^^^^^^^^^^^^^
  File "/home/vasilisqq/.cache/pypoetry/virtualenvs/botgames-Y7R7oDsK-py3.12/lib/python3.12/site-packages/aiogram/dispatcher/router.py", line 141, in _wrapped
    return await self._propagate_event(
           ^^^^^^^^^^^^^^^^^^^^^^^^^^^^
  File "/home/vasilisqq/.cache/pypoetry/virtualenvs/botgames-Y7R7oDsK-py3.12/lib/python3.12/site-packages/aiogram/dispatcher/router.py", line 174, in _propagate_event
    response = await router.propagate_event(update_type=update_type, event=event, **kwargs)
               ^^^^^^^^^^^^^^^^^^^^^^^^^^^^^^^^^^^^^^^^^^^^^^^^^^^^^^^^^^^^^^^^^^^^^^^^^^^^
  File "/home/vasilisqq/.cache/pypoetry/virtualenvs/botgames-Y7R7oDsK-py3.12/lib/python3.12/site-packages/aiogram/dispatcher/router.py", line 146, in propagate_event
    return await observer.wrap_outer_middleware(_wrapped, event=event, data=kwargs)
           ^^^^^^^^^^^^^^^^^^^^^^^^^^^^^^^^^^^^^^^^^^^^^^^^^^^^^^^^^^^^^^^^^^^^^^^^
  File "/home/vasilisqq/.cache/pypoetry/virtualenvs/botgames-Y7R7oDsK-py3.12/lib/python3.12/site-packages/aiogram/dispatcher/router.py", line 141, in _wrapped
    return await self._propagate_event(
           ^^^^^^^^^^^^^^^^^^^^^^^^^^^^
  File "/home/vasilisqq/.cache/pypoetry/virtualenvs/botgames-Y7R7oDsK-py3.12/lib/python3.12/site-packages/aiogram/dispatcher/router.py", line 166, in _propagate_event
    response = await observer.trigger(event, **kwargs)
               ^^^^^^^^^^^^^^^^^^^^^^^^^^^^^^^^^^^^^^^
  File "/home/vasilisqq/.cache/pypoetry/virtualenvs/botgames-Y7R7oDsK-py3.12/lib/python3.12/site-packages/aiogram/dispatcher/event/telegram.py", line 121, in trigger
    return await wrapped_inner(event, kwargs)
           ^^^^^^^^^^^^^^^^^^^^^^^^^^^^^^^^^^
  File "/home/vasilisqq/.cache/pypoetry/virtualenvs/botgames-Y7R7oDsK-py3.12/lib/python3.12/site-packages/aiogram/dispatcher/event/handler.py", line 43, in call
    return await wrapped()
           ^^^^^^^^^^^^^^^
  File "/home/vasilisqq/utilites/botGames/bot/handlers/errors_handler.py", line 22, in print_error
    f"у пользователя {event.update.inline_query.from_user.username} произошла ошибка {event.exception.with_traceback()} \n"+
                      ^^^^^^^^^^^^^^^^^^^^^^^^^^^^^^^^^^^
AttributeError: 'NoneType' object has no attribute 'from_user'
2025-02-18 13:55:25,082 - aiogram.event - INFO - Update id=241309699 is handled. Duration 91 ms by bot id=7722417104
2025-02-18 13:55:30,605 - aiogram.event - INFO - Update id=241309700 is handled. Duration 81 ms by bot id=7722417104
2025-02-18 14:00:30,101 - aiogram.dispatcher - WARNING - Received SIGINT signal
2025-02-18 14:00:30,102 - aiogram.dispatcher - INFO - Polling stopped for bot @PlayPalGameBot id=7722417104 - 'PlayPal'
2025-02-18 14:00:30,102 - aiogram.dispatcher - INFO - Polling stopped
2025-02-18 14:00:32,737 - aiogram.dispatcher - INFO - Start polling
2025-02-18 14:00:32,805 - aiogram.dispatcher - INFO - Run polling for bot @PlayPalGameBot id=7722417104 - 'PlayPal'
2025-02-18 14:00:43,573 - aiogram.event - INFO - Update id=241309701 is handled. Duration 530 ms by bot id=7722417104
2025-02-18 14:00:45,935 - aiogram.event - INFO - Update id=241309702 is handled. Duration 630 ms by bot id=7722417104
2025-02-18 14:00:48,398 - aiogram.event - INFO - Update id=241309703 is not handled. Duration 230 ms by bot id=7722417104
2025-02-18 14:00:48,398 - aiogram.event - ERROR - Cause exception while process update id=241309703 by bot id=7722417104
TelegramBadRequest: Telegram server says - Bad Request: message caption is too long
Traceback (most recent call last):
  File "/home/vasilisqq/.cache/pypoetry/virtualenvs/botgames-Y7R7oDsK-py3.12/lib/python3.12/site-packages/aiogram/dispatcher/middlewares/error.py", line 25, in __call__
    return await handler(event, data)
           ^^^^^^^^^^^^^^^^^^^^^^^^^^
  File "/home/vasilisqq/.cache/pypoetry/virtualenvs/botgames-Y7R7oDsK-py3.12/lib/python3.12/site-packages/aiogram/dispatcher/middlewares/user_context.py", line 56, in __call__
    return await handler(event, data)
           ^^^^^^^^^^^^^^^^^^^^^^^^^^
  File "/home/vasilisqq/.cache/pypoetry/virtualenvs/botgames-Y7R7oDsK-py3.12/lib/python3.12/site-packages/aiogram/fsm/middleware.py", line 42, in __call__
    return await handler(event, data)
           ^^^^^^^^^^^^^^^^^^^^^^^^^^
  File "/home/vasilisqq/.cache/pypoetry/virtualenvs/botgames-Y7R7oDsK-py3.12/lib/python3.12/site-packages/aiogram/dispatcher/event/telegram.py", line 121, in trigger
    return await wrapped_inner(event, kwargs)
           ^^^^^^^^^^^^^^^^^^^^^^^^^^^^^^^^^^
  File "/home/vasilisqq/utilites/botGames/bot/middlewares/user_middleware.py", line 30, in __call__
    return await handler(event, data)
           ^^^^^^^^^^^^^^^^^^^^^^^^^^
  File "/home/vasilisqq/.cache/pypoetry/virtualenvs/botgames-Y7R7oDsK-py3.12/lib/python3.12/site-packages/aiogram/dispatcher/event/handler.py", line 43, in call
    return await wrapped()
           ^^^^^^^^^^^^^^^
  File "/home/vasilisqq/.cache/pypoetry/virtualenvs/botgames-Y7R7oDsK-py3.12/lib/python3.12/site-packages/aiogram/dispatcher/dispatcher.py", line 276, in _listen_update
    return await self.propagate_event(update_type=update_type, event=event, **kwargs)
           ^^^^^^^^^^^^^^^^^^^^^^^^^^^^^^^^^^^^^^^^^^^^^^^^^^^^^^^^^^^^^^^^^^^^^^^^^^
  File "/home/vasilisqq/.cache/pypoetry/virtualenvs/botgames-Y7R7oDsK-py3.12/lib/python3.12/site-packages/aiogram/dispatcher/router.py", line 146, in propagate_event
    return await observer.wrap_outer_middleware(_wrapped, event=event, data=kwargs)
           ^^^^^^^^^^^^^^^^^^^^^^^^^^^^^^^^^^^^^^^^^^^^^^^^^^^^^^^^^^^^^^^^^^^^^^^^
  File "/home/vasilisqq/.cache/pypoetry/virtualenvs/botgames-Y7R7oDsK-py3.12/lib/python3.12/site-packages/aiogram/dispatcher/router.py", line 141, in _wrapped
    return await self._propagate_event(
           ^^^^^^^^^^^^^^^^^^^^^^^^^^^^
  File "/home/vasilisqq/.cache/pypoetry/virtualenvs/botgames-Y7R7oDsK-py3.12/lib/python3.12/site-packages/aiogram/dispatcher/router.py", line 174, in _propagate_event
    response = await router.propagate_event(update_type=update_type, event=event, **kwargs)
               ^^^^^^^^^^^^^^^^^^^^^^^^^^^^^^^^^^^^^^^^^^^^^^^^^^^^^^^^^^^^^^^^^^^^^^^^^^^^
  File "/home/vasilisqq/.cache/pypoetry/virtualenvs/botgames-Y7R7oDsK-py3.12/lib/python3.12/site-packages/aiogram/dispatcher/router.py", line 146, in propagate_event
    return await observer.wrap_outer_middleware(_wrapped, event=event, data=kwargs)
           ^^^^^^^^^^^^^^^^^^^^^^^^^^^^^^^^^^^^^^^^^^^^^^^^^^^^^^^^^^^^^^^^^^^^^^^^
  File "/home/vasilisqq/.cache/pypoetry/virtualenvs/botgames-Y7R7oDsK-py3.12/lib/python3.12/site-packages/aiogram/dispatcher/router.py", line 141, in _wrapped
    return await self._propagate_event(
           ^^^^^^^^^^^^^^^^^^^^^^^^^^^^
  File "/home/vasilisqq/.cache/pypoetry/virtualenvs/botgames-Y7R7oDsK-py3.12/lib/python3.12/site-packages/aiogram/dispatcher/router.py", line 166, in _propagate_event
    response = await observer.trigger(event, **kwargs)
               ^^^^^^^^^^^^^^^^^^^^^^^^^^^^^^^^^^^^^^^
  File "/home/vasilisqq/.cache/pypoetry/virtualenvs/botgames-Y7R7oDsK-py3.12/lib/python3.12/site-packages/aiogram/dispatcher/event/telegram.py", line 121, in trigger
    return await wrapped_inner(event, kwargs)
           ^^^^^^^^^^^^^^^^^^^^^^^^^^^^^^^^^^
  File "/home/vasilisqq/.cache/pypoetry/virtualenvs/botgames-Y7R7oDsK-py3.12/lib/python3.12/site-packages/aiogram/dispatcher/event/handler.py", line 43, in call
    return await wrapped()
           ^^^^^^^^^^^^^^^
  File "/home/vasilisqq/utilites/botGames/bot/callbacks/cross_zeroes_callBack.py", line 220, in mark_button
    f"пользователь сделал ход на клетку {query.data[0]+1}",
                                         ~~~~~~~~~~~~~^~
TypeError: can only concatenate str (not "int") to str

During handling of the above exception, another exception occurred:

Traceback (most recent call last):
  File "/home/vasilisqq/.cache/pypoetry/virtualenvs/botgames-Y7R7oDsK-py3.12/lib/python3.12/site-packages/aiogram/dispatcher/dispatcher.py", line 309, in _process_update
    response = await self.feed_update(bot, update, **kwargs)
               ^^^^^^^^^^^^^^^^^^^^^^^^^^^^^^^^^^^^^^^^^^^^^
  File "/home/vasilisqq/.cache/pypoetry/virtualenvs/botgames-Y7R7oDsK-py3.12/lib/python3.12/site-packages/aiogram/dispatcher/dispatcher.py", line 158, in feed_update
    response = await self.update.wrap_outer_middleware(
               ^^^^^^^^^^^^^^^^^^^^^^^^^^^^^^^^^^^^^^^^
  File "/home/vasilisqq/.cache/pypoetry/virtualenvs/botgames-Y7R7oDsK-py3.12/lib/python3.12/site-packages/aiogram/dispatcher/middlewares/error.py", line 29, in __call__
    response = await self.router.propagate_event(
               ^^^^^^^^^^^^^^^^^^^^^^^^^^^^^^^^^^
  File "/home/vasilisqq/.cache/pypoetry/virtualenvs/botgames-Y7R7oDsK-py3.12/lib/python3.12/site-packages/aiogram/dispatcher/router.py", line 146, in propagate_event
    return await observer.wrap_outer_middleware(_wrapped, event=event, data=kwargs)
           ^^^^^^^^^^^^^^^^^^^^^^^^^^^^^^^^^^^^^^^^^^^^^^^^^^^^^^^^^^^^^^^^^^^^^^^^
  File "/home/vasilisqq/.cache/pypoetry/virtualenvs/botgames-Y7R7oDsK-py3.12/lib/python3.12/site-packages/aiogram/dispatcher/router.py", line 141, in _wrapped
    return await self._propagate_event(
           ^^^^^^^^^^^^^^^^^^^^^^^^^^^^
  File "/home/vasilisqq/.cache/pypoetry/virtualenvs/botgames-Y7R7oDsK-py3.12/lib/python3.12/site-packages/aiogram/dispatcher/router.py", line 174, in _propagate_event
    response = await router.propagate_event(update_type=update_type, event=event, **kwargs)
               ^^^^^^^^^^^^^^^^^^^^^^^^^^^^^^^^^^^^^^^^^^^^^^^^^^^^^^^^^^^^^^^^^^^^^^^^^^^^
  File "/home/vasilisqq/.cache/pypoetry/virtualenvs/botgames-Y7R7oDsK-py3.12/lib/python3.12/site-packages/aiogram/dispatcher/router.py", line 146, in propagate_event
    return await observer.wrap_outer_middleware(_wrapped, event=event, data=kwargs)
           ^^^^^^^^^^^^^^^^^^^^^^^^^^^^^^^^^^^^^^^^^^^^^^^^^^^^^^^^^^^^^^^^^^^^^^^^
  File "/home/vasilisqq/.cache/pypoetry/virtualenvs/botgames-Y7R7oDsK-py3.12/lib/python3.12/site-packages/aiogram/dispatcher/router.py", line 141, in _wrapped
    return await self._propagate_event(
           ^^^^^^^^^^^^^^^^^^^^^^^^^^^^
  File "/home/vasilisqq/.cache/pypoetry/virtualenvs/botgames-Y7R7oDsK-py3.12/lib/python3.12/site-packages/aiogram/dispatcher/router.py", line 166, in _propagate_event
    response = await observer.trigger(event, **kwargs)
               ^^^^^^^^^^^^^^^^^^^^^^^^^^^^^^^^^^^^^^^
  File "/home/vasilisqq/.cache/pypoetry/virtualenvs/botgames-Y7R7oDsK-py3.12/lib/python3.12/site-packages/aiogram/dispatcher/event/telegram.py", line 121, in trigger
    return await wrapped_inner(event, kwargs)
           ^^^^^^^^^^^^^^^^^^^^^^^^^^^^^^^^^^
  File "/home/vasilisqq/.cache/pypoetry/virtualenvs/botgames-Y7R7oDsK-py3.12/lib/python3.12/site-packages/aiogram/dispatcher/event/handler.py", line 43, in call
    return await wrapped()
           ^^^^^^^^^^^^^^^
  File "/home/vasilisqq/utilites/botGames/bot/handlers/errors_handler.py", line 31, in print_error
    await event.update.bot.send_document(
  File "/home/vasilisqq/.cache/pypoetry/virtualenvs/botgames-Y7R7oDsK-py3.12/lib/python3.12/site-packages/aiogram/client/bot.py", line 2608, in send_document
    return await self(call, request_timeout=request_timeout)
           ^^^^^^^^^^^^^^^^^^^^^^^^^^^^^^^^^^^^^^^^^^^^^^^^^
  File "/home/vasilisqq/.cache/pypoetry/virtualenvs/botgames-Y7R7oDsK-py3.12/lib/python3.12/site-packages/aiogram/client/bot.py", line 494, in __call__
    return await self.session(self, method, timeout=request_timeout)
           ^^^^^^^^^^^^^^^^^^^^^^^^^^^^^^^^^^^^^^^^^^^^^^^^^^^^^^^^^
  File "/home/vasilisqq/.cache/pypoetry/virtualenvs/botgames-Y7R7oDsK-py3.12/lib/python3.12/site-packages/aiogram/client/session/base.py", line 254, in __call__
    return cast(TelegramType, await middleware(bot, method))
                              ^^^^^^^^^^^^^^^^^^^^^^^^^^^^^
  File "/home/vasilisqq/.cache/pypoetry/virtualenvs/botgames-Y7R7oDsK-py3.12/lib/python3.12/site-packages/aiogram/client/session/aiohttp.py", line 189, in make_request
    response = self.check_response(
               ^^^^^^^^^^^^^^^^^^^^
  File "/home/vasilisqq/.cache/pypoetry/virtualenvs/botgames-Y7R7oDsK-py3.12/lib/python3.12/site-packages/aiogram/client/session/base.py", line 120, in check_response
    raise TelegramBadRequest(method=method, message=description)
aiogram.exceptions.TelegramBadRequest: Telegram server says - Bad Request: message caption is too long
2025-02-18 14:03:04,173 - aiogram.dispatcher - WARNING - Received SIGINT signal
2025-02-18 14:03:04,174 - aiogram.dispatcher - INFO - Polling stopped for bot @PlayPalGameBot id=7722417104 - 'PlayPal'
2025-02-18 14:03:04,174 - aiogram.dispatcher - INFO - Polling stopped
2025-02-18 14:03:06,974 - aiogram.dispatcher - INFO - Start polling
2025-02-18 14:03:07,031 - aiogram.dispatcher - INFO - Run polling for bot @PlayPalGameBot id=7722417104 - 'PlayPal'
2025-02-18 14:03:12,970 - aiogram.event - INFO - Update id=241309704 is handled. Duration 234 ms by bot id=7722417104
2025-02-18 14:03:16,722 - aiogram.event - INFO - Update id=241309705 is handled. Duration 665 ms by bot id=7722417104
2025-02-18 14:03:20,637 - aiogram.event - INFO - Update id=241309706 is handled. Duration 179 ms by bot id=7722417104
2025-02-18 14:03:30,225 - aiogram.event - INFO - Update id=241309707 is handled. Duration 161 ms by bot id=7722417104
2025-02-18 14:03:34,224 - aiogram.event - INFO - Update id=241309708 is handled. Duration 166 ms by bot id=7722417104
2025-02-18 14:03:36,380 - aiogram.event - INFO - Update id=241309709 is handled. Duration 174 ms by bot id=7722417104
2025-02-18 14:03:37,407 - aiogram.event - INFO - Update id=241309710 is handled. Duration 175 ms by bot id=7722417104
2025-02-18 14:03:39,493 - aiogram.event - INFO - Update id=241309711 is handled. Duration 192 ms by bot id=7722417104
2025-02-18 14:04:38,985 - aiogram.event - INFO - Update id=241309712 is handled. Duration 208 ms by bot id=7722417104
2025-02-18 14:05:33,660 - aiogram.event - INFO - Update id=241309713 is handled. Duration 1633 ms by bot id=7722417104
2025-02-18 14:05:35,492 - aiogram.event - INFO - Update id=241309714 is handled. Duration 90 ms by bot id=7722417104
2025-02-18 14:05:36,956 - aiogram.event - INFO - Update id=241309715 is handled. Duration 427 ms by bot id=7722417104
2025-02-18 14:05:39,556 - aiogram.event - INFO - Update id=241309716 is handled. Duration 563 ms by bot id=7722417104
2025-02-18 14:05:41,941 - aiogram.event - INFO - Update id=241309717 is not handled. Duration 85 ms by bot id=7722417104
2025-02-18 14:05:41,941 - aiogram.event - ERROR - Cause exception while process update id=241309717 by bot id=7722417104
TelegramBadRequest: Telegram server says - Bad Request: message caption is too long
Traceback (most recent call last):
  File "/home/vasilisqq/.cache/pypoetry/virtualenvs/botgames-Y7R7oDsK-py3.12/lib/python3.12/site-packages/aiogram/dispatcher/middlewares/error.py", line 25, in __call__
    return await handler(event, data)
           ^^^^^^^^^^^^^^^^^^^^^^^^^^
  File "/home/vasilisqq/.cache/pypoetry/virtualenvs/botgames-Y7R7oDsK-py3.12/lib/python3.12/site-packages/aiogram/dispatcher/middlewares/user_context.py", line 56, in __call__
    return await handler(event, data)
           ^^^^^^^^^^^^^^^^^^^^^^^^^^
  File "/home/vasilisqq/.cache/pypoetry/virtualenvs/botgames-Y7R7oDsK-py3.12/lib/python3.12/site-packages/aiogram/fsm/middleware.py", line 42, in __call__
    return await handler(event, data)
           ^^^^^^^^^^^^^^^^^^^^^^^^^^
  File "/home/vasilisqq/.cache/pypoetry/virtualenvs/botgames-Y7R7oDsK-py3.12/lib/python3.12/site-packages/aiogram/dispatcher/event/telegram.py", line 121, in trigger
    return await wrapped_inner(event, kwargs)
           ^^^^^^^^^^^^^^^^^^^^^^^^^^^^^^^^^^
  File "/home/vasilisqq/utilites/botGames/bot/middlewares/user_middleware.py", line 30, in __call__
    return await handler(event, data)
           ^^^^^^^^^^^^^^^^^^^^^^^^^^
  File "/home/vasilisqq/.cache/pypoetry/virtualenvs/botgames-Y7R7oDsK-py3.12/lib/python3.12/site-packages/aiogram/dispatcher/event/handler.py", line 43, in call
    return await wrapped()
           ^^^^^^^^^^^^^^^
  File "/home/vasilisqq/.cache/pypoetry/virtualenvs/botgames-Y7R7oDsK-py3.12/lib/python3.12/site-packages/aiogram/dispatcher/dispatcher.py", line 276, in _listen_update
    return await self.propagate_event(update_type=update_type, event=event, **kwargs)
           ^^^^^^^^^^^^^^^^^^^^^^^^^^^^^^^^^^^^^^^^^^^^^^^^^^^^^^^^^^^^^^^^^^^^^^^^^^
  File "/home/vasilisqq/.cache/pypoetry/virtualenvs/botgames-Y7R7oDsK-py3.12/lib/python3.12/site-packages/aiogram/dispatcher/router.py", line 146, in propagate_event
    return await observer.wrap_outer_middleware(_wrapped, event=event, data=kwargs)
           ^^^^^^^^^^^^^^^^^^^^^^^^^^^^^^^^^^^^^^^^^^^^^^^^^^^^^^^^^^^^^^^^^^^^^^^^
  File "/home/vasilisqq/.cache/pypoetry/virtualenvs/botgames-Y7R7oDsK-py3.12/lib/python3.12/site-packages/aiogram/dispatcher/router.py", line 141, in _wrapped
    return await self._propagate_event(
           ^^^^^^^^^^^^^^^^^^^^^^^^^^^^
  File "/home/vasilisqq/.cache/pypoetry/virtualenvs/botgames-Y7R7oDsK-py3.12/lib/python3.12/site-packages/aiogram/dispatcher/router.py", line 174, in _propagate_event
    response = await router.propagate_event(update_type=update_type, event=event, **kwargs)
               ^^^^^^^^^^^^^^^^^^^^^^^^^^^^^^^^^^^^^^^^^^^^^^^^^^^^^^^^^^^^^^^^^^^^^^^^^^^^
  File "/home/vasilisqq/.cache/pypoetry/virtualenvs/botgames-Y7R7oDsK-py3.12/lib/python3.12/site-packages/aiogram/dispatcher/router.py", line 146, in propagate_event
    return await observer.wrap_outer_middleware(_wrapped, event=event, data=kwargs)
           ^^^^^^^^^^^^^^^^^^^^^^^^^^^^^^^^^^^^^^^^^^^^^^^^^^^^^^^^^^^^^^^^^^^^^^^^
  File "/home/vasilisqq/.cache/pypoetry/virtualenvs/botgames-Y7R7oDsK-py3.12/lib/python3.12/site-packages/aiogram/dispatcher/router.py", line 141, in _wrapped
    return await self._propagate_event(
           ^^^^^^^^^^^^^^^^^^^^^^^^^^^^
  File "/home/vasilisqq/.cache/pypoetry/virtualenvs/botgames-Y7R7oDsK-py3.12/lib/python3.12/site-packages/aiogram/dispatcher/router.py", line 166, in _propagate_event
    response = await observer.trigger(event, **kwargs)
               ^^^^^^^^^^^^^^^^^^^^^^^^^^^^^^^^^^^^^^^
  File "/home/vasilisqq/.cache/pypoetry/virtualenvs/botgames-Y7R7oDsK-py3.12/lib/python3.12/site-packages/aiogram/dispatcher/event/telegram.py", line 121, in trigger
    return await wrapped_inner(event, kwargs)
           ^^^^^^^^^^^^^^^^^^^^^^^^^^^^^^^^^^
  File "/home/vasilisqq/.cache/pypoetry/virtualenvs/botgames-Y7R7oDsK-py3.12/lib/python3.12/site-packages/aiogram/dispatcher/event/handler.py", line 43, in call
    return await wrapped()
           ^^^^^^^^^^^^^^^
  File "/home/vasilisqq/utilites/botGames/bot/callbacks/cross_zeroes_callBack.py", line 28, in mark_button
    game.crossZeroes.scheduler.remove_job(query.inline_message_id)
  File "/home/vasilisqq/.cache/pypoetry/virtualenvs/botgames-Y7R7oDsK-py3.12/lib/python3.12/site-packages/apscheduler/schedulers/base.py", line 722, in remove_job
    raise JobLookupError(job_id)
apscheduler.jobstores.base.JobLookupError: 'No job by the id of None was found'

During handling of the above exception, another exception occurred:

Traceback (most recent call last):
  File "/home/vasilisqq/.cache/pypoetry/virtualenvs/botgames-Y7R7oDsK-py3.12/lib/python3.12/site-packages/aiogram/dispatcher/dispatcher.py", line 309, in _process_update
    response = await self.feed_update(bot, update, **kwargs)
               ^^^^^^^^^^^^^^^^^^^^^^^^^^^^^^^^^^^^^^^^^^^^^
  File "/home/vasilisqq/.cache/pypoetry/virtualenvs/botgames-Y7R7oDsK-py3.12/lib/python3.12/site-packages/aiogram/dispatcher/dispatcher.py", line 158, in feed_update
    response = await self.update.wrap_outer_middleware(
               ^^^^^^^^^^^^^^^^^^^^^^^^^^^^^^^^^^^^^^^^
  File "/home/vasilisqq/.cache/pypoetry/virtualenvs/botgames-Y7R7oDsK-py3.12/lib/python3.12/site-packages/aiogram/dispatcher/middlewares/error.py", line 29, in __call__
    response = await self.router.propagate_event(
               ^^^^^^^^^^^^^^^^^^^^^^^^^^^^^^^^^^
  File "/home/vasilisqq/.cache/pypoetry/virtualenvs/botgames-Y7R7oDsK-py3.12/lib/python3.12/site-packages/aiogram/dispatcher/router.py", line 146, in propagate_event
    return await observer.wrap_outer_middleware(_wrapped, event=event, data=kwargs)
           ^^^^^^^^^^^^^^^^^^^^^^^^^^^^^^^^^^^^^^^^^^^^^^^^^^^^^^^^^^^^^^^^^^^^^^^^
  File "/home/vasilisqq/.cache/pypoetry/virtualenvs/botgames-Y7R7oDsK-py3.12/lib/python3.12/site-packages/aiogram/dispatcher/router.py", line 141, in _wrapped
    return await self._propagate_event(
           ^^^^^^^^^^^^^^^^^^^^^^^^^^^^
  File "/home/vasilisqq/.cache/pypoetry/virtualenvs/botgames-Y7R7oDsK-py3.12/lib/python3.12/site-packages/aiogram/dispatcher/router.py", line 174, in _propagate_event
    response = await router.propagate_event(update_type=update_type, event=event, **kwargs)
               ^^^^^^^^^^^^^^^^^^^^^^^^^^^^^^^^^^^^^^^^^^^^^^^^^^^^^^^^^^^^^^^^^^^^^^^^^^^^
  File "/home/vasilisqq/.cache/pypoetry/virtualenvs/botgames-Y7R7oDsK-py3.12/lib/python3.12/site-packages/aiogram/dispatcher/router.py", line 146, in propagate_event
    return await observer.wrap_outer_middleware(_wrapped, event=event, data=kwargs)
           ^^^^^^^^^^^^^^^^^^^^^^^^^^^^^^^^^^^^^^^^^^^^^^^^^^^^^^^^^^^^^^^^^^^^^^^^
  File "/home/vasilisqq/.cache/pypoetry/virtualenvs/botgames-Y7R7oDsK-py3.12/lib/python3.12/site-packages/aiogram/dispatcher/router.py", line 141, in _wrapped
    return await self._propagate_event(
           ^^^^^^^^^^^^^^^^^^^^^^^^^^^^
  File "/home/vasilisqq/.cache/pypoetry/virtualenvs/botgames-Y7R7oDsK-py3.12/lib/python3.12/site-packages/aiogram/dispatcher/router.py", line 166, in _propagate_event
    response = await observer.trigger(event, **kwargs)
               ^^^^^^^^^^^^^^^^^^^^^^^^^^^^^^^^^^^^^^^
  File "/home/vasilisqq/.cache/pypoetry/virtualenvs/botgames-Y7R7oDsK-py3.12/lib/python3.12/site-packages/aiogram/dispatcher/event/telegram.py", line 121, in trigger
    return await wrapped_inner(event, kwargs)
           ^^^^^^^^^^^^^^^^^^^^^^^^^^^^^^^^^^
  File "/home/vasilisqq/.cache/pypoetry/virtualenvs/botgames-Y7R7oDsK-py3.12/lib/python3.12/site-packages/aiogram/dispatcher/event/handler.py", line 43, in call
    return await wrapped()
           ^^^^^^^^^^^^^^^
  File "/home/vasilisqq/utilites/botGames/bot/handlers/errors_handler.py", line 31, in print_error
    await event.update.bot.send_document(
  File "/home/vasilisqq/.cache/pypoetry/virtualenvs/botgames-Y7R7oDsK-py3.12/lib/python3.12/site-packages/aiogram/client/bot.py", line 2608, in send_document
    return await self(call, request_timeout=request_timeout)
           ^^^^^^^^^^^^^^^^^^^^^^^^^^^^^^^^^^^^^^^^^^^^^^^^^
  File "/home/vasilisqq/.cache/pypoetry/virtualenvs/botgames-Y7R7oDsK-py3.12/lib/python3.12/site-packages/aiogram/client/bot.py", line 494, in __call__
    return await self.session(self, method, timeout=request_timeout)
           ^^^^^^^^^^^^^^^^^^^^^^^^^^^^^^^^^^^^^^^^^^^^^^^^^^^^^^^^^
  File "/home/vasilisqq/.cache/pypoetry/virtualenvs/botgames-Y7R7oDsK-py3.12/lib/python3.12/site-packages/aiogram/client/session/base.py", line 254, in __call__
    return cast(TelegramType, await middleware(bot, method))
                              ^^^^^^^^^^^^^^^^^^^^^^^^^^^^^
  File "/home/vasilisqq/.cache/pypoetry/virtualenvs/botgames-Y7R7oDsK-py3.12/lib/python3.12/site-packages/aiogram/client/session/aiohttp.py", line 189, in make_request
    response = self.check_response(
               ^^^^^^^^^^^^^^^^^^^^
  File "/home/vasilisqq/.cache/pypoetry/virtualenvs/botgames-Y7R7oDsK-py3.12/lib/python3.12/site-packages/aiogram/client/session/base.py", line 120, in check_response
    raise TelegramBadRequest(method=method, message=description)
aiogram.exceptions.TelegramBadRequest: Telegram server says - Bad Request: message caption is too long
2025-02-18 14:05:48,931 - aiogram.event - INFO - Update id=241309718 is not handled. Duration 111 ms by bot id=7722417104
2025-02-18 14:05:48,931 - aiogram.event - ERROR - Cause exception while process update id=241309718 by bot id=7722417104
TelegramBadRequest: Telegram server says - Bad Request: message caption is too long
Traceback (most recent call last):
  File "/home/vasilisqq/.cache/pypoetry/virtualenvs/botgames-Y7R7oDsK-py3.12/lib/python3.12/site-packages/aiogram/dispatcher/middlewares/error.py", line 25, in __call__
    return await handler(event, data)
           ^^^^^^^^^^^^^^^^^^^^^^^^^^
  File "/home/vasilisqq/.cache/pypoetry/virtualenvs/botgames-Y7R7oDsK-py3.12/lib/python3.12/site-packages/aiogram/dispatcher/middlewares/user_context.py", line 56, in __call__
    return await handler(event, data)
           ^^^^^^^^^^^^^^^^^^^^^^^^^^
  File "/home/vasilisqq/.cache/pypoetry/virtualenvs/botgames-Y7R7oDsK-py3.12/lib/python3.12/site-packages/aiogram/fsm/middleware.py", line 42, in __call__
    return await handler(event, data)
           ^^^^^^^^^^^^^^^^^^^^^^^^^^
  File "/home/vasilisqq/.cache/pypoetry/virtualenvs/botgames-Y7R7oDsK-py3.12/lib/python3.12/site-packages/aiogram/dispatcher/event/telegram.py", line 121, in trigger
    return await wrapped_inner(event, kwargs)
           ^^^^^^^^^^^^^^^^^^^^^^^^^^^^^^^^^^
  File "/home/vasilisqq/utilites/botGames/bot/middlewares/user_middleware.py", line 30, in __call__
    return await handler(event, data)
           ^^^^^^^^^^^^^^^^^^^^^^^^^^
  File "/home/vasilisqq/.cache/pypoetry/virtualenvs/botgames-Y7R7oDsK-py3.12/lib/python3.12/site-packages/aiogram/dispatcher/event/handler.py", line 43, in call
    return await wrapped()
           ^^^^^^^^^^^^^^^
  File "/home/vasilisqq/.cache/pypoetry/virtualenvs/botgames-Y7R7oDsK-py3.12/lib/python3.12/site-packages/aiogram/dispatcher/dispatcher.py", line 276, in _listen_update
    return await self.propagate_event(update_type=update_type, event=event, **kwargs)
           ^^^^^^^^^^^^^^^^^^^^^^^^^^^^^^^^^^^^^^^^^^^^^^^^^^^^^^^^^^^^^^^^^^^^^^^^^^
  File "/home/vasilisqq/.cache/pypoetry/virtualenvs/botgames-Y7R7oDsK-py3.12/lib/python3.12/site-packages/aiogram/dispatcher/router.py", line 146, in propagate_event
    return await observer.wrap_outer_middleware(_wrapped, event=event, data=kwargs)
           ^^^^^^^^^^^^^^^^^^^^^^^^^^^^^^^^^^^^^^^^^^^^^^^^^^^^^^^^^^^^^^^^^^^^^^^^
  File "/home/vasilisqq/.cache/pypoetry/virtualenvs/botgames-Y7R7oDsK-py3.12/lib/python3.12/site-packages/aiogram/dispatcher/router.py", line 141, in _wrapped
    return await self._propagate_event(
           ^^^^^^^^^^^^^^^^^^^^^^^^^^^^
  File "/home/vasilisqq/.cache/pypoetry/virtualenvs/botgames-Y7R7oDsK-py3.12/lib/python3.12/site-packages/aiogram/dispatcher/router.py", line 174, in _propagate_event
    response = await router.propagate_event(update_type=update_type, event=event, **kwargs)
               ^^^^^^^^^^^^^^^^^^^^^^^^^^^^^^^^^^^^^^^^^^^^^^^^^^^^^^^^^^^^^^^^^^^^^^^^^^^^
  File "/home/vasilisqq/.cache/pypoetry/virtualenvs/botgames-Y7R7oDsK-py3.12/lib/python3.12/site-packages/aiogram/dispatcher/router.py", line 146, in propagate_event
    return await observer.wrap_outer_middleware(_wrapped, event=event, data=kwargs)
           ^^^^^^^^^^^^^^^^^^^^^^^^^^^^^^^^^^^^^^^^^^^^^^^^^^^^^^^^^^^^^^^^^^^^^^^^
  File "/home/vasilisqq/.cache/pypoetry/virtualenvs/botgames-Y7R7oDsK-py3.12/lib/python3.12/site-packages/aiogram/dispatcher/router.py", line 141, in _wrapped
    return await self._propagate_event(
           ^^^^^^^^^^^^^^^^^^^^^^^^^^^^
  File "/home/vasilisqq/.cache/pypoetry/virtualenvs/botgames-Y7R7oDsK-py3.12/lib/python3.12/site-packages/aiogram/dispatcher/router.py", line 166, in _propagate_event
    response = await observer.trigger(event, **kwargs)
               ^^^^^^^^^^^^^^^^^^^^^^^^^^^^^^^^^^^^^^^
  File "/home/vasilisqq/.cache/pypoetry/virtualenvs/botgames-Y7R7oDsK-py3.12/lib/python3.12/site-packages/aiogram/dispatcher/event/telegram.py", line 121, in trigger
    return await wrapped_inner(event, kwargs)
           ^^^^^^^^^^^^^^^^^^^^^^^^^^^^^^^^^^
  File "/home/vasilisqq/.cache/pypoetry/virtualenvs/botgames-Y7R7oDsK-py3.12/lib/python3.12/site-packages/aiogram/dispatcher/event/handler.py", line 43, in call
    return await wrapped()
           ^^^^^^^^^^^^^^^
  File "/home/vasilisqq/utilites/botGames/bot/callbacks/cross_zeroes_callBack.py", line 28, in mark_button
    game.crossZeroes.scheduler.remove_job(query.inline_message_id)
  File "/home/vasilisqq/.cache/pypoetry/virtualenvs/botgames-Y7R7oDsK-py3.12/lib/python3.12/site-packages/apscheduler/schedulers/base.py", line 722, in remove_job
    raise JobLookupError(job_id)
apscheduler.jobstores.base.JobLookupError: 'No job by the id of None was found'

During handling of the above exception, another exception occurred:

Traceback (most recent call last):
  File "/home/vasilisqq/.cache/pypoetry/virtualenvs/botgames-Y7R7oDsK-py3.12/lib/python3.12/site-packages/aiogram/dispatcher/dispatcher.py", line 309, in _process_update
    response = await self.feed_update(bot, update, **kwargs)
               ^^^^^^^^^^^^^^^^^^^^^^^^^^^^^^^^^^^^^^^^^^^^^
  File "/home/vasilisqq/.cache/pypoetry/virtualenvs/botgames-Y7R7oDsK-py3.12/lib/python3.12/site-packages/aiogram/dispatcher/dispatcher.py", line 158, in feed_update
    response = await self.update.wrap_outer_middleware(
               ^^^^^^^^^^^^^^^^^^^^^^^^^^^^^^^^^^^^^^^^
  File "/home/vasilisqq/.cache/pypoetry/virtualenvs/botgames-Y7R7oDsK-py3.12/lib/python3.12/site-packages/aiogram/dispatcher/middlewares/error.py", line 29, in __call__
    response = await self.router.propagate_event(
               ^^^^^^^^^^^^^^^^^^^^^^^^^^^^^^^^^^
  File "/home/vasilisqq/.cache/pypoetry/virtualenvs/botgames-Y7R7oDsK-py3.12/lib/python3.12/site-packages/aiogram/dispatcher/router.py", line 146, in propagate_event
    return await observer.wrap_outer_middleware(_wrapped, event=event, data=kwargs)
           ^^^^^^^^^^^^^^^^^^^^^^^^^^^^^^^^^^^^^^^^^^^^^^^^^^^^^^^^^^^^^^^^^^^^^^^^
  File "/home/vasilisqq/.cache/pypoetry/virtualenvs/botgames-Y7R7oDsK-py3.12/lib/python3.12/site-packages/aiogram/dispatcher/router.py", line 141, in _wrapped
    return await self._propagate_event(
           ^^^^^^^^^^^^^^^^^^^^^^^^^^^^
  File "/home/vasilisqq/.cache/pypoetry/virtualenvs/botgames-Y7R7oDsK-py3.12/lib/python3.12/site-packages/aiogram/dispatcher/router.py", line 174, in _propagate_event
    response = await router.propagate_event(update_type=update_type, event=event, **kwargs)
               ^^^^^^^^^^^^^^^^^^^^^^^^^^^^^^^^^^^^^^^^^^^^^^^^^^^^^^^^^^^^^^^^^^^^^^^^^^^^
  File "/home/vasilisqq/.cache/pypoetry/virtualenvs/botgames-Y7R7oDsK-py3.12/lib/python3.12/site-packages/aiogram/dispatcher/router.py", line 146, in propagate_event
    return await observer.wrap_outer_middleware(_wrapped, event=event, data=kwargs)
           ^^^^^^^^^^^^^^^^^^^^^^^^^^^^^^^^^^^^^^^^^^^^^^^^^^^^^^^^^^^^^^^^^^^^^^^^
  File "/home/vasilisqq/.cache/pypoetry/virtualenvs/botgames-Y7R7oDsK-py3.12/lib/python3.12/site-packages/aiogram/dispatcher/router.py", line 141, in _wrapped
    return await self._propagate_event(
           ^^^^^^^^^^^^^^^^^^^^^^^^^^^^
  File "/home/vasilisqq/.cache/pypoetry/virtualenvs/botgames-Y7R7oDsK-py3.12/lib/python3.12/site-packages/aiogram/dispatcher/router.py", line 166, in _propagate_event
    response = await observer.trigger(event, **kwargs)
               ^^^^^^^^^^^^^^^^^^^^^^^^^^^^^^^^^^^^^^^
  File "/home/vasilisqq/.cache/pypoetry/virtualenvs/botgames-Y7R7oDsK-py3.12/lib/python3.12/site-packages/aiogram/dispatcher/event/telegram.py", line 121, in trigger
    return await wrapped_inner(event, kwargs)
           ^^^^^^^^^^^^^^^^^^^^^^^^^^^^^^^^^^
  File "/home/vasilisqq/.cache/pypoetry/virtualenvs/botgames-Y7R7oDsK-py3.12/lib/python3.12/site-packages/aiogram/dispatcher/event/handler.py", line 43, in call
    return await wrapped()
           ^^^^^^^^^^^^^^^
  File "/home/vasilisqq/utilites/botGames/bot/handlers/errors_handler.py", line 31, in print_error
    await event.update.bot.send_document(
  File "/home/vasilisqq/.cache/pypoetry/virtualenvs/botgames-Y7R7oDsK-py3.12/lib/python3.12/site-packages/aiogram/client/bot.py", line 2608, in send_document
    return await self(call, request_timeout=request_timeout)
           ^^^^^^^^^^^^^^^^^^^^^^^^^^^^^^^^^^^^^^^^^^^^^^^^^
  File "/home/vasilisqq/.cache/pypoetry/virtualenvs/botgames-Y7R7oDsK-py3.12/lib/python3.12/site-packages/aiogram/client/bot.py", line 494, in __call__
    return await self.session(self, method, timeout=request_timeout)
           ^^^^^^^^^^^^^^^^^^^^^^^^^^^^^^^^^^^^^^^^^^^^^^^^^^^^^^^^^
  File "/home/vasilisqq/.cache/pypoetry/virtualenvs/botgames-Y7R7oDsK-py3.12/lib/python3.12/site-packages/aiogram/client/session/base.py", line 254, in __call__
    return cast(TelegramType, await middleware(bot, method))
                              ^^^^^^^^^^^^^^^^^^^^^^^^^^^^^
  File "/home/vasilisqq/.cache/pypoetry/virtualenvs/botgames-Y7R7oDsK-py3.12/lib/python3.12/site-packages/aiogram/client/session/aiohttp.py", line 189, in make_request
    response = self.check_response(
               ^^^^^^^^^^^^^^^^^^^^
  File "/home/vasilisqq/.cache/pypoetry/virtualenvs/botgames-Y7R7oDsK-py3.12/lib/python3.12/site-packages/aiogram/client/session/base.py", line 120, in check_response
    raise TelegramBadRequest(method=method, message=description)
aiogram.exceptions.TelegramBadRequest: Telegram server says - Bad Request: message caption is too long
2025-02-18 14:05:49,860 - aiogram.event - INFO - Update id=241309719 is not handled. Duration 121 ms by bot id=7722417104
2025-02-18 14:05:49,861 - aiogram.event - ERROR - Cause exception while process update id=241309719 by bot id=7722417104
TelegramBadRequest: Telegram server says - Bad Request: message caption is too long
Traceback (most recent call last):
  File "/home/vasilisqq/.cache/pypoetry/virtualenvs/botgames-Y7R7oDsK-py3.12/lib/python3.12/site-packages/aiogram/dispatcher/middlewares/error.py", line 25, in __call__
    return await handler(event, data)
           ^^^^^^^^^^^^^^^^^^^^^^^^^^
  File "/home/vasilisqq/.cache/pypoetry/virtualenvs/botgames-Y7R7oDsK-py3.12/lib/python3.12/site-packages/aiogram/dispatcher/middlewares/user_context.py", line 56, in __call__
    return await handler(event, data)
           ^^^^^^^^^^^^^^^^^^^^^^^^^^
  File "/home/vasilisqq/.cache/pypoetry/virtualenvs/botgames-Y7R7oDsK-py3.12/lib/python3.12/site-packages/aiogram/fsm/middleware.py", line 42, in __call__
    return await handler(event, data)
           ^^^^^^^^^^^^^^^^^^^^^^^^^^
  File "/home/vasilisqq/.cache/pypoetry/virtualenvs/botgames-Y7R7oDsK-py3.12/lib/python3.12/site-packages/aiogram/dispatcher/event/telegram.py", line 121, in trigger
    return await wrapped_inner(event, kwargs)
           ^^^^^^^^^^^^^^^^^^^^^^^^^^^^^^^^^^
  File "/home/vasilisqq/utilites/botGames/bot/middlewares/user_middleware.py", line 30, in __call__
    return await handler(event, data)
           ^^^^^^^^^^^^^^^^^^^^^^^^^^
  File "/home/vasilisqq/.cache/pypoetry/virtualenvs/botgames-Y7R7oDsK-py3.12/lib/python3.12/site-packages/aiogram/dispatcher/event/handler.py", line 43, in call
    return await wrapped()
           ^^^^^^^^^^^^^^^
  File "/home/vasilisqq/.cache/pypoetry/virtualenvs/botgames-Y7R7oDsK-py3.12/lib/python3.12/site-packages/aiogram/dispatcher/dispatcher.py", line 276, in _listen_update
    return await self.propagate_event(update_type=update_type, event=event, **kwargs)
           ^^^^^^^^^^^^^^^^^^^^^^^^^^^^^^^^^^^^^^^^^^^^^^^^^^^^^^^^^^^^^^^^^^^^^^^^^^
  File "/home/vasilisqq/.cache/pypoetry/virtualenvs/botgames-Y7R7oDsK-py3.12/lib/python3.12/site-packages/aiogram/dispatcher/router.py", line 146, in propagate_event
    return await observer.wrap_outer_middleware(_wrapped, event=event, data=kwargs)
           ^^^^^^^^^^^^^^^^^^^^^^^^^^^^^^^^^^^^^^^^^^^^^^^^^^^^^^^^^^^^^^^^^^^^^^^^
  File "/home/vasilisqq/.cache/pypoetry/virtualenvs/botgames-Y7R7oDsK-py3.12/lib/python3.12/site-packages/aiogram/dispatcher/router.py", line 141, in _wrapped
    return await self._propagate_event(
           ^^^^^^^^^^^^^^^^^^^^^^^^^^^^
  File "/home/vasilisqq/.cache/pypoetry/virtualenvs/botgames-Y7R7oDsK-py3.12/lib/python3.12/site-packages/aiogram/dispatcher/router.py", line 174, in _propagate_event
    response = await router.propagate_event(update_type=update_type, event=event, **kwargs)
               ^^^^^^^^^^^^^^^^^^^^^^^^^^^^^^^^^^^^^^^^^^^^^^^^^^^^^^^^^^^^^^^^^^^^^^^^^^^^
  File "/home/vasilisqq/.cache/pypoetry/virtualenvs/botgames-Y7R7oDsK-py3.12/lib/python3.12/site-packages/aiogram/dispatcher/router.py", line 146, in propagate_event
    return await observer.wrap_outer_middleware(_wrapped, event=event, data=kwargs)
           ^^^^^^^^^^^^^^^^^^^^^^^^^^^^^^^^^^^^^^^^^^^^^^^^^^^^^^^^^^^^^^^^^^^^^^^^
  File "/home/vasilisqq/.cache/pypoetry/virtualenvs/botgames-Y7R7oDsK-py3.12/lib/python3.12/site-packages/aiogram/dispatcher/router.py", line 141, in _wrapped
    return await self._propagate_event(
           ^^^^^^^^^^^^^^^^^^^^^^^^^^^^
  File "/home/vasilisqq/.cache/pypoetry/virtualenvs/botgames-Y7R7oDsK-py3.12/lib/python3.12/site-packages/aiogram/dispatcher/router.py", line 166, in _propagate_event
    response = await observer.trigger(event, **kwargs)
               ^^^^^^^^^^^^^^^^^^^^^^^^^^^^^^^^^^^^^^^
  File "/home/vasilisqq/.cache/pypoetry/virtualenvs/botgames-Y7R7oDsK-py3.12/lib/python3.12/site-packages/aiogram/dispatcher/event/telegram.py", line 121, in trigger
    return await wrapped_inner(event, kwargs)
           ^^^^^^^^^^^^^^^^^^^^^^^^^^^^^^^^^^
  File "/home/vasilisqq/.cache/pypoetry/virtualenvs/botgames-Y7R7oDsK-py3.12/lib/python3.12/site-packages/aiogram/dispatcher/event/handler.py", line 43, in call
    return await wrapped()
           ^^^^^^^^^^^^^^^
  File "/home/vasilisqq/utilites/botGames/bot/callbacks/cross_zeroes_callBack.py", line 28, in mark_button
    game.crossZeroes.scheduler.remove_job(query.inline_message_id)
  File "/home/vasilisqq/.cache/pypoetry/virtualenvs/botgames-Y7R7oDsK-py3.12/lib/python3.12/site-packages/apscheduler/schedulers/base.py", line 722, in remove_job
    raise JobLookupError(job_id)
apscheduler.jobstores.base.JobLookupError: 'No job by the id of None was found'

During handling of the above exception, another exception occurred:

Traceback (most recent call last):
  File "/home/vasilisqq/.cache/pypoetry/virtualenvs/botgames-Y7R7oDsK-py3.12/lib/python3.12/site-packages/aiogram/dispatcher/dispatcher.py", line 309, in _process_update
    response = await self.feed_update(bot, update, **kwargs)
               ^^^^^^^^^^^^^^^^^^^^^^^^^^^^^^^^^^^^^^^^^^^^^
  File "/home/vasilisqq/.cache/pypoetry/virtualenvs/botgames-Y7R7oDsK-py3.12/lib/python3.12/site-packages/aiogram/dispatcher/dispatcher.py", line 158, in feed_update
    response = await self.update.wrap_outer_middleware(
               ^^^^^^^^^^^^^^^^^^^^^^^^^^^^^^^^^^^^^^^^
  File "/home/vasilisqq/.cache/pypoetry/virtualenvs/botgames-Y7R7oDsK-py3.12/lib/python3.12/site-packages/aiogram/dispatcher/middlewares/error.py", line 29, in __call__
    response = await self.router.propagate_event(
               ^^^^^^^^^^^^^^^^^^^^^^^^^^^^^^^^^^
  File "/home/vasilisqq/.cache/pypoetry/virtualenvs/botgames-Y7R7oDsK-py3.12/lib/python3.12/site-packages/aiogram/dispatcher/router.py", line 146, in propagate_event
    return await observer.wrap_outer_middleware(_wrapped, event=event, data=kwargs)
           ^^^^^^^^^^^^^^^^^^^^^^^^^^^^^^^^^^^^^^^^^^^^^^^^^^^^^^^^^^^^^^^^^^^^^^^^
  File "/home/vasilisqq/.cache/pypoetry/virtualenvs/botgames-Y7R7oDsK-py3.12/lib/python3.12/site-packages/aiogram/dispatcher/router.py", line 141, in _wrapped
    return await self._propagate_event(
           ^^^^^^^^^^^^^^^^^^^^^^^^^^^^
  File "/home/vasilisqq/.cache/pypoetry/virtualenvs/botgames-Y7R7oDsK-py3.12/lib/python3.12/site-packages/aiogram/dispatcher/router.py", line 174, in _propagate_event
    response = await router.propagate_event(update_type=update_type, event=event, **kwargs)
               ^^^^^^^^^^^^^^^^^^^^^^^^^^^^^^^^^^^^^^^^^^^^^^^^^^^^^^^^^^^^^^^^^^^^^^^^^^^^
  File "/home/vasilisqq/.cache/pypoetry/virtualenvs/botgames-Y7R7oDsK-py3.12/lib/python3.12/site-packages/aiogram/dispatcher/router.py", line 146, in propagate_event
    return await observer.wrap_outer_middleware(_wrapped, event=event, data=kwargs)
           ^^^^^^^^^^^^^^^^^^^^^^^^^^^^^^^^^^^^^^^^^^^^^^^^^^^^^^^^^^^^^^^^^^^^^^^^
  File "/home/vasilisqq/.cache/pypoetry/virtualenvs/botgames-Y7R7oDsK-py3.12/lib/python3.12/site-packages/aiogram/dispatcher/router.py", line 141, in _wrapped
    return await self._propagate_event(
           ^^^^^^^^^^^^^^^^^^^^^^^^^^^^
  File "/home/vasilisqq/.cache/pypoetry/virtualenvs/botgames-Y7R7oDsK-py3.12/lib/python3.12/site-packages/aiogram/dispatcher/router.py", line 166, in _propagate_event
    response = await observer.trigger(event, **kwargs)
               ^^^^^^^^^^^^^^^^^^^^^^^^^^^^^^^^^^^^^^^
  File "/home/vasilisqq/.cache/pypoetry/virtualenvs/botgames-Y7R7oDsK-py3.12/lib/python3.12/site-packages/aiogram/dispatcher/event/telegram.py", line 121, in trigger
    return await wrapped_inner(event, kwargs)
           ^^^^^^^^^^^^^^^^^^^^^^^^^^^^^^^^^^
  File "/home/vasilisqq/.cache/pypoetry/virtualenvs/botgames-Y7R7oDsK-py3.12/lib/python3.12/site-packages/aiogram/dispatcher/event/handler.py", line 43, in call
    return await wrapped()
           ^^^^^^^^^^^^^^^
  File "/home/vasilisqq/utilites/botGames/bot/handlers/errors_handler.py", line 31, in print_error
    await event.update.bot.send_document(
  File "/home/vasilisqq/.cache/pypoetry/virtualenvs/botgames-Y7R7oDsK-py3.12/lib/python3.12/site-packages/aiogram/client/bot.py", line 2608, in send_document
    return await self(call, request_timeout=request_timeout)
           ^^^^^^^^^^^^^^^^^^^^^^^^^^^^^^^^^^^^^^^^^^^^^^^^^
  File "/home/vasilisqq/.cache/pypoetry/virtualenvs/botgames-Y7R7oDsK-py3.12/lib/python3.12/site-packages/aiogram/client/bot.py", line 494, in __call__
    return await self.session(self, method, timeout=request_timeout)
           ^^^^^^^^^^^^^^^^^^^^^^^^^^^^^^^^^^^^^^^^^^^^^^^^^^^^^^^^^
  File "/home/vasilisqq/.cache/pypoetry/virtualenvs/botgames-Y7R7oDsK-py3.12/lib/python3.12/site-packages/aiogram/client/session/base.py", line 254, in __call__
    return cast(TelegramType, await middleware(bot, method))
                              ^^^^^^^^^^^^^^^^^^^^^^^^^^^^^
  File "/home/vasilisqq/.cache/pypoetry/virtualenvs/botgames-Y7R7oDsK-py3.12/lib/python3.12/site-packages/aiogram/client/session/aiohttp.py", line 189, in make_request
    response = self.check_response(
               ^^^^^^^^^^^^^^^^^^^^
  File "/home/vasilisqq/.cache/pypoetry/virtualenvs/botgames-Y7R7oDsK-py3.12/lib/python3.12/site-packages/aiogram/client/session/base.py", line 120, in check_response
    raise TelegramBadRequest(method=method, message=description)
aiogram.exceptions.TelegramBadRequest: Telegram server says - Bad Request: message caption is too long
2025-02-18 14:05:50,450 - aiogram.event - INFO - Update id=241309720 is not handled. Duration 96 ms by bot id=7722417104
2025-02-18 14:05:50,451 - aiogram.event - ERROR - Cause exception while process update id=241309720 by bot id=7722417104
TelegramBadRequest: Telegram server says - Bad Request: message caption is too long
Traceback (most recent call last):
  File "/home/vasilisqq/.cache/pypoetry/virtualenvs/botgames-Y7R7oDsK-py3.12/lib/python3.12/site-packages/aiogram/dispatcher/middlewares/error.py", line 25, in __call__
    return await handler(event, data)
           ^^^^^^^^^^^^^^^^^^^^^^^^^^
  File "/home/vasilisqq/.cache/pypoetry/virtualenvs/botgames-Y7R7oDsK-py3.12/lib/python3.12/site-packages/aiogram/dispatcher/middlewares/user_context.py", line 56, in __call__
    return await handler(event, data)
           ^^^^^^^^^^^^^^^^^^^^^^^^^^
  File "/home/vasilisqq/.cache/pypoetry/virtualenvs/botgames-Y7R7oDsK-py3.12/lib/python3.12/site-packages/aiogram/fsm/middleware.py", line 42, in __call__
    return await handler(event, data)
           ^^^^^^^^^^^^^^^^^^^^^^^^^^
  File "/home/vasilisqq/.cache/pypoetry/virtualenvs/botgames-Y7R7oDsK-py3.12/lib/python3.12/site-packages/aiogram/dispatcher/event/telegram.py", line 121, in trigger
    return await wrapped_inner(event, kwargs)
           ^^^^^^^^^^^^^^^^^^^^^^^^^^^^^^^^^^
  File "/home/vasilisqq/utilites/botGames/bot/middlewares/user_middleware.py", line 30, in __call__
    return await handler(event, data)
           ^^^^^^^^^^^^^^^^^^^^^^^^^^
  File "/home/vasilisqq/.cache/pypoetry/virtualenvs/botgames-Y7R7oDsK-py3.12/lib/python3.12/site-packages/aiogram/dispatcher/event/handler.py", line 43, in call
    return await wrapped()
           ^^^^^^^^^^^^^^^
  File "/home/vasilisqq/.cache/pypoetry/virtualenvs/botgames-Y7R7oDsK-py3.12/lib/python3.12/site-packages/aiogram/dispatcher/dispatcher.py", line 276, in _listen_update
    return await self.propagate_event(update_type=update_type, event=event, **kwargs)
           ^^^^^^^^^^^^^^^^^^^^^^^^^^^^^^^^^^^^^^^^^^^^^^^^^^^^^^^^^^^^^^^^^^^^^^^^^^
  File "/home/vasilisqq/.cache/pypoetry/virtualenvs/botgames-Y7R7oDsK-py3.12/lib/python3.12/site-packages/aiogram/dispatcher/router.py", line 146, in propagate_event
    return await observer.wrap_outer_middleware(_wrapped, event=event, data=kwargs)
           ^^^^^^^^^^^^^^^^^^^^^^^^^^^^^^^^^^^^^^^^^^^^^^^^^^^^^^^^^^^^^^^^^^^^^^^^
  File "/home/vasilisqq/.cache/pypoetry/virtualenvs/botgames-Y7R7oDsK-py3.12/lib/python3.12/site-packages/aiogram/dispatcher/router.py", line 141, in _wrapped
    return await self._propagate_event(
           ^^^^^^^^^^^^^^^^^^^^^^^^^^^^
  File "/home/vasilisqq/.cache/pypoetry/virtualenvs/botgames-Y7R7oDsK-py3.12/lib/python3.12/site-packages/aiogram/dispatcher/router.py", line 174, in _propagate_event
    response = await router.propagate_event(update_type=update_type, event=event, **kwargs)
               ^^^^^^^^^^^^^^^^^^^^^^^^^^^^^^^^^^^^^^^^^^^^^^^^^^^^^^^^^^^^^^^^^^^^^^^^^^^^
  File "/home/vasilisqq/.cache/pypoetry/virtualenvs/botgames-Y7R7oDsK-py3.12/lib/python3.12/site-packages/aiogram/dispatcher/router.py", line 146, in propagate_event
    return await observer.wrap_outer_middleware(_wrapped, event=event, data=kwargs)
           ^^^^^^^^^^^^^^^^^^^^^^^^^^^^^^^^^^^^^^^^^^^^^^^^^^^^^^^^^^^^^^^^^^^^^^^^
  File "/home/vasilisqq/.cache/pypoetry/virtualenvs/botgames-Y7R7oDsK-py3.12/lib/python3.12/site-packages/aiogram/dispatcher/router.py", line 141, in _wrapped
    return await self._propagate_event(
           ^^^^^^^^^^^^^^^^^^^^^^^^^^^^
  File "/home/vasilisqq/.cache/pypoetry/virtualenvs/botgames-Y7R7oDsK-py3.12/lib/python3.12/site-packages/aiogram/dispatcher/router.py", line 166, in _propagate_event
    response = await observer.trigger(event, **kwargs)
               ^^^^^^^^^^^^^^^^^^^^^^^^^^^^^^^^^^^^^^^
  File "/home/vasilisqq/.cache/pypoetry/virtualenvs/botgames-Y7R7oDsK-py3.12/lib/python3.12/site-packages/aiogram/dispatcher/event/telegram.py", line 121, in trigger
    return await wrapped_inner(event, kwargs)
           ^^^^^^^^^^^^^^^^^^^^^^^^^^^^^^^^^^
  File "/home/vasilisqq/.cache/pypoetry/virtualenvs/botgames-Y7R7oDsK-py3.12/lib/python3.12/site-packages/aiogram/dispatcher/event/handler.py", line 43, in call
    return await wrapped()
           ^^^^^^^^^^^^^^^
  File "/home/vasilisqq/utilites/botGames/bot/callbacks/cross_zeroes_callBack.py", line 28, in mark_button
    game.crossZeroes.scheduler.remove_job(query.inline_message_id)
  File "/home/vasilisqq/.cache/pypoetry/virtualenvs/botgames-Y7R7oDsK-py3.12/lib/python3.12/site-packages/apscheduler/schedulers/base.py", line 722, in remove_job
    raise JobLookupError(job_id)
apscheduler.jobstores.base.JobLookupError: 'No job by the id of None was found'

During handling of the above exception, another exception occurred:

Traceback (most recent call last):
  File "/home/vasilisqq/.cache/pypoetry/virtualenvs/botgames-Y7R7oDsK-py3.12/lib/python3.12/site-packages/aiogram/dispatcher/dispatcher.py", line 309, in _process_update
    response = await self.feed_update(bot, update, **kwargs)
               ^^^^^^^^^^^^^^^^^^^^^^^^^^^^^^^^^^^^^^^^^^^^^
  File "/home/vasilisqq/.cache/pypoetry/virtualenvs/botgames-Y7R7oDsK-py3.12/lib/python3.12/site-packages/aiogram/dispatcher/dispatcher.py", line 158, in feed_update
    response = await self.update.wrap_outer_middleware(
               ^^^^^^^^^^^^^^^^^^^^^^^^^^^^^^^^^^^^^^^^
  File "/home/vasilisqq/.cache/pypoetry/virtualenvs/botgames-Y7R7oDsK-py3.12/lib/python3.12/site-packages/aiogram/dispatcher/middlewares/error.py", line 29, in __call__
    response = await self.router.propagate_event(
               ^^^^^^^^^^^^^^^^^^^^^^^^^^^^^^^^^^
  File "/home/vasilisqq/.cache/pypoetry/virtualenvs/botgames-Y7R7oDsK-py3.12/lib/python3.12/site-packages/aiogram/dispatcher/router.py", line 146, in propagate_event
    return await observer.wrap_outer_middleware(_wrapped, event=event, data=kwargs)
           ^^^^^^^^^^^^^^^^^^^^^^^^^^^^^^^^^^^^^^^^^^^^^^^^^^^^^^^^^^^^^^^^^^^^^^^^
  File "/home/vasilisqq/.cache/pypoetry/virtualenvs/botgames-Y7R7oDsK-py3.12/lib/python3.12/site-packages/aiogram/dispatcher/router.py", line 141, in _wrapped
    return await self._propagate_event(
           ^^^^^^^^^^^^^^^^^^^^^^^^^^^^
  File "/home/vasilisqq/.cache/pypoetry/virtualenvs/botgames-Y7R7oDsK-py3.12/lib/python3.12/site-packages/aiogram/dispatcher/router.py", line 174, in _propagate_event
    response = await router.propagate_event(update_type=update_type, event=event, **kwargs)
               ^^^^^^^^^^^^^^^^^^^^^^^^^^^^^^^^^^^^^^^^^^^^^^^^^^^^^^^^^^^^^^^^^^^^^^^^^^^^
  File "/home/vasilisqq/.cache/pypoetry/virtualenvs/botgames-Y7R7oDsK-py3.12/lib/python3.12/site-packages/aiogram/dispatcher/router.py", line 146, in propagate_event
    return await observer.wrap_outer_middleware(_wrapped, event=event, data=kwargs)
           ^^^^^^^^^^^^^^^^^^^^^^^^^^^^^^^^^^^^^^^^^^^^^^^^^^^^^^^^^^^^^^^^^^^^^^^^
  File "/home/vasilisqq/.cache/pypoetry/virtualenvs/botgames-Y7R7oDsK-py3.12/lib/python3.12/site-packages/aiogram/dispatcher/router.py", line 141, in _wrapped
    return await self._propagate_event(
           ^^^^^^^^^^^^^^^^^^^^^^^^^^^^
  File "/home/vasilisqq/.cache/pypoetry/virtualenvs/botgames-Y7R7oDsK-py3.12/lib/python3.12/site-packages/aiogram/dispatcher/router.py", line 166, in _propagate_event
    response = await observer.trigger(event, **kwargs)
               ^^^^^^^^^^^^^^^^^^^^^^^^^^^^^^^^^^^^^^^
  File "/home/vasilisqq/.cache/pypoetry/virtualenvs/botgames-Y7R7oDsK-py3.12/lib/python3.12/site-packages/aiogram/dispatcher/event/telegram.py", line 121, in trigger
    return await wrapped_inner(event, kwargs)
           ^^^^^^^^^^^^^^^^^^^^^^^^^^^^^^^^^^
  File "/home/vasilisqq/.cache/pypoetry/virtualenvs/botgames-Y7R7oDsK-py3.12/lib/python3.12/site-packages/aiogram/dispatcher/event/handler.py", line 43, in call
    return await wrapped()
           ^^^^^^^^^^^^^^^
  File "/home/vasilisqq/utilites/botGames/bot/handlers/errors_handler.py", line 31, in print_error
    await event.update.bot.send_document(
  File "/home/vasilisqq/.cache/pypoetry/virtualenvs/botgames-Y7R7oDsK-py3.12/lib/python3.12/site-packages/aiogram/client/bot.py", line 2608, in send_document
    return await self(call, request_timeout=request_timeout)
           ^^^^^^^^^^^^^^^^^^^^^^^^^^^^^^^^^^^^^^^^^^^^^^^^^
  File "/home/vasilisqq/.cache/pypoetry/virtualenvs/botgames-Y7R7oDsK-py3.12/lib/python3.12/site-packages/aiogram/client/bot.py", line 494, in __call__
    return await self.session(self, method, timeout=request_timeout)
           ^^^^^^^^^^^^^^^^^^^^^^^^^^^^^^^^^^^^^^^^^^^^^^^^^^^^^^^^^
  File "/home/vasilisqq/.cache/pypoetry/virtualenvs/botgames-Y7R7oDsK-py3.12/lib/python3.12/site-packages/aiogram/client/session/base.py", line 254, in __call__
    return cast(TelegramType, await middleware(bot, method))
                              ^^^^^^^^^^^^^^^^^^^^^^^^^^^^^
  File "/home/vasilisqq/.cache/pypoetry/virtualenvs/botgames-Y7R7oDsK-py3.12/lib/python3.12/site-packages/aiogram/client/session/aiohttp.py", line 189, in make_request
    response = self.check_response(
               ^^^^^^^^^^^^^^^^^^^^
  File "/home/vasilisqq/.cache/pypoetry/virtualenvs/botgames-Y7R7oDsK-py3.12/lib/python3.12/site-packages/aiogram/client/session/base.py", line 120, in check_response
    raise TelegramBadRequest(method=method, message=description)
aiogram.exceptions.TelegramBadRequest: Telegram server says - Bad Request: message caption is too long
2025-02-18 14:05:50,537 - aiogram.event - INFO - Update id=241309721 is not handled. Duration 74 ms by bot id=7722417104
2025-02-18 14:05:50,537 - aiogram.event - ERROR - Cause exception while process update id=241309721 by bot id=7722417104
TelegramBadRequest: Telegram server says - Bad Request: message caption is too long
Traceback (most recent call last):
  File "/home/vasilisqq/.cache/pypoetry/virtualenvs/botgames-Y7R7oDsK-py3.12/lib/python3.12/site-packages/aiogram/dispatcher/middlewares/error.py", line 25, in __call__
    return await handler(event, data)
           ^^^^^^^^^^^^^^^^^^^^^^^^^^
  File "/home/vasilisqq/.cache/pypoetry/virtualenvs/botgames-Y7R7oDsK-py3.12/lib/python3.12/site-packages/aiogram/dispatcher/middlewares/user_context.py", line 56, in __call__
    return await handler(event, data)
           ^^^^^^^^^^^^^^^^^^^^^^^^^^
  File "/home/vasilisqq/.cache/pypoetry/virtualenvs/botgames-Y7R7oDsK-py3.12/lib/python3.12/site-packages/aiogram/fsm/middleware.py", line 42, in __call__
    return await handler(event, data)
           ^^^^^^^^^^^^^^^^^^^^^^^^^^
  File "/home/vasilisqq/.cache/pypoetry/virtualenvs/botgames-Y7R7oDsK-py3.12/lib/python3.12/site-packages/aiogram/dispatcher/event/telegram.py", line 121, in trigger
    return await wrapped_inner(event, kwargs)
           ^^^^^^^^^^^^^^^^^^^^^^^^^^^^^^^^^^
  File "/home/vasilisqq/utilites/botGames/bot/middlewares/user_middleware.py", line 30, in __call__
    return await handler(event, data)
           ^^^^^^^^^^^^^^^^^^^^^^^^^^
  File "/home/vasilisqq/.cache/pypoetry/virtualenvs/botgames-Y7R7oDsK-py3.12/lib/python3.12/site-packages/aiogram/dispatcher/event/handler.py", line 43, in call
    return await wrapped()
           ^^^^^^^^^^^^^^^
  File "/home/vasilisqq/.cache/pypoetry/virtualenvs/botgames-Y7R7oDsK-py3.12/lib/python3.12/site-packages/aiogram/dispatcher/dispatcher.py", line 276, in _listen_update
    return await self.propagate_event(update_type=update_type, event=event, **kwargs)
           ^^^^^^^^^^^^^^^^^^^^^^^^^^^^^^^^^^^^^^^^^^^^^^^^^^^^^^^^^^^^^^^^^^^^^^^^^^
  File "/home/vasilisqq/.cache/pypoetry/virtualenvs/botgames-Y7R7oDsK-py3.12/lib/python3.12/site-packages/aiogram/dispatcher/router.py", line 146, in propagate_event
    return await observer.wrap_outer_middleware(_wrapped, event=event, data=kwargs)
           ^^^^^^^^^^^^^^^^^^^^^^^^^^^^^^^^^^^^^^^^^^^^^^^^^^^^^^^^^^^^^^^^^^^^^^^^
  File "/home/vasilisqq/.cache/pypoetry/virtualenvs/botgames-Y7R7oDsK-py3.12/lib/python3.12/site-packages/aiogram/dispatcher/router.py", line 141, in _wrapped
    return await self._propagate_event(
           ^^^^^^^^^^^^^^^^^^^^^^^^^^^^
  File "/home/vasilisqq/.cache/pypoetry/virtualenvs/botgames-Y7R7oDsK-py3.12/lib/python3.12/site-packages/aiogram/dispatcher/router.py", line 174, in _propagate_event
    response = await router.propagate_event(update_type=update_type, event=event, **kwargs)
               ^^^^^^^^^^^^^^^^^^^^^^^^^^^^^^^^^^^^^^^^^^^^^^^^^^^^^^^^^^^^^^^^^^^^^^^^^^^^
  File "/home/vasilisqq/.cache/pypoetry/virtualenvs/botgames-Y7R7oDsK-py3.12/lib/python3.12/site-packages/aiogram/dispatcher/router.py", line 146, in propagate_event
    return await observer.wrap_outer_middleware(_wrapped, event=event, data=kwargs)
           ^^^^^^^^^^^^^^^^^^^^^^^^^^^^^^^^^^^^^^^^^^^^^^^^^^^^^^^^^^^^^^^^^^^^^^^^
  File "/home/vasilisqq/.cache/pypoetry/virtualenvs/botgames-Y7R7oDsK-py3.12/lib/python3.12/site-packages/aiogram/dispatcher/router.py", line 141, in _wrapped
    return await self._propagate_event(
           ^^^^^^^^^^^^^^^^^^^^^^^^^^^^
  File "/home/vasilisqq/.cache/pypoetry/virtualenvs/botgames-Y7R7oDsK-py3.12/lib/python3.12/site-packages/aiogram/dispatcher/router.py", line 166, in _propagate_event
    response = await observer.trigger(event, **kwargs)
               ^^^^^^^^^^^^^^^^^^^^^^^^^^^^^^^^^^^^^^^
  File "/home/vasilisqq/.cache/pypoetry/virtualenvs/botgames-Y7R7oDsK-py3.12/lib/python3.12/site-packages/aiogram/dispatcher/event/telegram.py", line 121, in trigger
    return await wrapped_inner(event, kwargs)
           ^^^^^^^^^^^^^^^^^^^^^^^^^^^^^^^^^^
  File "/home/vasilisqq/.cache/pypoetry/virtualenvs/botgames-Y7R7oDsK-py3.12/lib/python3.12/site-packages/aiogram/dispatcher/event/handler.py", line 43, in call
    return await wrapped()
           ^^^^^^^^^^^^^^^
  File "/home/vasilisqq/utilites/botGames/bot/callbacks/cross_zeroes_callBack.py", line 28, in mark_button
    game.crossZeroes.scheduler.remove_job(query.inline_message_id)
  File "/home/vasilisqq/.cache/pypoetry/virtualenvs/botgames-Y7R7oDsK-py3.12/lib/python3.12/site-packages/apscheduler/schedulers/base.py", line 722, in remove_job
    raise JobLookupError(job_id)
apscheduler.jobstores.base.JobLookupError: 'No job by the id of None was found'

During handling of the above exception, another exception occurred:

Traceback (most recent call last):
  File "/home/vasilisqq/.cache/pypoetry/virtualenvs/botgames-Y7R7oDsK-py3.12/lib/python3.12/site-packages/aiogram/dispatcher/dispatcher.py", line 309, in _process_update
    response = await self.feed_update(bot, update, **kwargs)
               ^^^^^^^^^^^^^^^^^^^^^^^^^^^^^^^^^^^^^^^^^^^^^
  File "/home/vasilisqq/.cache/pypoetry/virtualenvs/botgames-Y7R7oDsK-py3.12/lib/python3.12/site-packages/aiogram/dispatcher/dispatcher.py", line 158, in feed_update
    response = await self.update.wrap_outer_middleware(
               ^^^^^^^^^^^^^^^^^^^^^^^^^^^^^^^^^^^^^^^^
  File "/home/vasilisqq/.cache/pypoetry/virtualenvs/botgames-Y7R7oDsK-py3.12/lib/python3.12/site-packages/aiogram/dispatcher/middlewares/error.py", line 29, in __call__
    response = await self.router.propagate_event(
               ^^^^^^^^^^^^^^^^^^^^^^^^^^^^^^^^^^
  File "/home/vasilisqq/.cache/pypoetry/virtualenvs/botgames-Y7R7oDsK-py3.12/lib/python3.12/site-packages/aiogram/dispatcher/router.py", line 146, in propagate_event
    return await observer.wrap_outer_middleware(_wrapped, event=event, data=kwargs)
           ^^^^^^^^^^^^^^^^^^^^^^^^^^^^^^^^^^^^^^^^^^^^^^^^^^^^^^^^^^^^^^^^^^^^^^^^
  File "/home/vasilisqq/.cache/pypoetry/virtualenvs/botgames-Y7R7oDsK-py3.12/lib/python3.12/site-packages/aiogram/dispatcher/router.py", line 141, in _wrapped
    return await self._propagate_event(
           ^^^^^^^^^^^^^^^^^^^^^^^^^^^^
  File "/home/vasilisqq/.cache/pypoetry/virtualenvs/botgames-Y7R7oDsK-py3.12/lib/python3.12/site-packages/aiogram/dispatcher/router.py", line 174, in _propagate_event
    response = await router.propagate_event(update_type=update_type, event=event, **kwargs)
               ^^^^^^^^^^^^^^^^^^^^^^^^^^^^^^^^^^^^^^^^^^^^^^^^^^^^^^^^^^^^^^^^^^^^^^^^^^^^
  File "/home/vasilisqq/.cache/pypoetry/virtualenvs/botgames-Y7R7oDsK-py3.12/lib/python3.12/site-packages/aiogram/dispatcher/router.py", line 146, in propagate_event
    return await observer.wrap_outer_middleware(_wrapped, event=event, data=kwargs)
           ^^^^^^^^^^^^^^^^^^^^^^^^^^^^^^^^^^^^^^^^^^^^^^^^^^^^^^^^^^^^^^^^^^^^^^^^
  File "/home/vasilisqq/.cache/pypoetry/virtualenvs/botgames-Y7R7oDsK-py3.12/lib/python3.12/site-packages/aiogram/dispatcher/router.py", line 141, in _wrapped
    return await self._propagate_event(
           ^^^^^^^^^^^^^^^^^^^^^^^^^^^^
  File "/home/vasilisqq/.cache/pypoetry/virtualenvs/botgames-Y7R7oDsK-py3.12/lib/python3.12/site-packages/aiogram/dispatcher/router.py", line 166, in _propagate_event
    response = await observer.trigger(event, **kwargs)
               ^^^^^^^^^^^^^^^^^^^^^^^^^^^^^^^^^^^^^^^
  File "/home/vasilisqq/.cache/pypoetry/virtualenvs/botgames-Y7R7oDsK-py3.12/lib/python3.12/site-packages/aiogram/dispatcher/event/telegram.py", line 121, in trigger
    return await wrapped_inner(event, kwargs)
           ^^^^^^^^^^^^^^^^^^^^^^^^^^^^^^^^^^
  File "/home/vasilisqq/.cache/pypoetry/virtualenvs/botgames-Y7R7oDsK-py3.12/lib/python3.12/site-packages/aiogram/dispatcher/event/handler.py", line 43, in call
    return await wrapped()
           ^^^^^^^^^^^^^^^
  File "/home/vasilisqq/utilites/botGames/bot/handlers/errors_handler.py", line 31, in print_error
    await event.update.bot.send_document(
  File "/home/vasilisqq/.cache/pypoetry/virtualenvs/botgames-Y7R7oDsK-py3.12/lib/python3.12/site-packages/aiogram/client/bot.py", line 2608, in send_document
    return await self(call, request_timeout=request_timeout)
           ^^^^^^^^^^^^^^^^^^^^^^^^^^^^^^^^^^^^^^^^^^^^^^^^^
  File "/home/vasilisqq/.cache/pypoetry/virtualenvs/botgames-Y7R7oDsK-py3.12/lib/python3.12/site-packages/aiogram/client/bot.py", line 494, in __call__
    return await self.session(self, method, timeout=request_timeout)
           ^^^^^^^^^^^^^^^^^^^^^^^^^^^^^^^^^^^^^^^^^^^^^^^^^^^^^^^^^
  File "/home/vasilisqq/.cache/pypoetry/virtualenvs/botgames-Y7R7oDsK-py3.12/lib/python3.12/site-packages/aiogram/client/session/base.py", line 254, in __call__
    return cast(TelegramType, await middleware(bot, method))
                              ^^^^^^^^^^^^^^^^^^^^^^^^^^^^^
  File "/home/vasilisqq/.cache/pypoetry/virtualenvs/botgames-Y7R7oDsK-py3.12/lib/python3.12/site-packages/aiogram/client/session/aiohttp.py", line 189, in make_request
    response = self.check_response(
               ^^^^^^^^^^^^^^^^^^^^
  File "/home/vasilisqq/.cache/pypoetry/virtualenvs/botgames-Y7R7oDsK-py3.12/lib/python3.12/site-packages/aiogram/client/session/base.py", line 120, in check_response
    raise TelegramBadRequest(method=method, message=description)
aiogram.exceptions.TelegramBadRequest: Telegram server says - Bad Request: message caption is too long
2025-02-18 14:09:32,329 - aiogram.dispatcher - WARNING - Received SIGINT signal
2025-02-18 14:09:32,331 - aiogram.dispatcher - INFO - Polling stopped for bot @PlayPalGameBot id=7722417104 - 'PlayPal'
2025-02-18 14:09:32,331 - aiogram.dispatcher - INFO - Polling stopped
2025-02-18 14:09:50,017 - aiogram.dispatcher - INFO - Start polling
2025-02-18 14:09:50,120 - aiogram.dispatcher - INFO - Run polling for bot @PlayPalGameBot id=7722417104 - 'PlayPal'
2025-02-18 14:09:56,149 - aiogram.event - INFO - Update id=241309722 is handled. Duration 350 ms by bot id=7722417104
2025-02-18 14:09:58,599 - aiogram.event - INFO - Update id=241309723 is handled. Duration 437 ms by bot id=7722417104
2025-02-18 14:10:02,083 - aiogram.event - INFO - Update id=241309724 is handled. Duration 335 ms by bot id=7722417104
2025-02-18 14:10:06,335 - aiogram.event - INFO - Update id=241309725 is handled. Duration 84 ms by bot id=7722417104
2025-02-18 14:10:07,722 - aiogram.event - INFO - Update id=241309726 is handled. Duration 444 ms by bot id=7722417104
2025-02-18 14:10:09,168 - aiogram.event - INFO - Update id=241309727 is handled. Duration 357 ms by bot id=7722417104
2025-02-18 14:10:10,872 - aiogram.event - INFO - Update id=241309728 is not handled. Duration 13 ms by bot id=7722417104
2025-02-18 14:10:10,872 - aiogram.event - ERROR - Cause exception while process update id=241309728 by bot id=7722417104
AttributeError: 'NoneType' object has no attribute 'from_user'
Traceback (most recent call last):
  File "/home/vasilisqq/.cache/pypoetry/virtualenvs/botgames-Y7R7oDsK-py3.12/lib/python3.12/site-packages/aiogram/dispatcher/middlewares/error.py", line 25, in __call__
    return await handler(event, data)
           ^^^^^^^^^^^^^^^^^^^^^^^^^^
  File "/home/vasilisqq/.cache/pypoetry/virtualenvs/botgames-Y7R7oDsK-py3.12/lib/python3.12/site-packages/aiogram/dispatcher/middlewares/user_context.py", line 56, in __call__
    return await handler(event, data)
           ^^^^^^^^^^^^^^^^^^^^^^^^^^
  File "/home/vasilisqq/.cache/pypoetry/virtualenvs/botgames-Y7R7oDsK-py3.12/lib/python3.12/site-packages/aiogram/fsm/middleware.py", line 42, in __call__
    return await handler(event, data)
           ^^^^^^^^^^^^^^^^^^^^^^^^^^
  File "/home/vasilisqq/.cache/pypoetry/virtualenvs/botgames-Y7R7oDsK-py3.12/lib/python3.12/site-packages/aiogram/dispatcher/event/telegram.py", line 121, in trigger
    return await wrapped_inner(event, kwargs)
           ^^^^^^^^^^^^^^^^^^^^^^^^^^^^^^^^^^
  File "/home/vasilisqq/utilites/botGames/bot/middlewares/user_middleware.py", line 30, in __call__
    return await handler(event, data)
           ^^^^^^^^^^^^^^^^^^^^^^^^^^
  File "/home/vasilisqq/.cache/pypoetry/virtualenvs/botgames-Y7R7oDsK-py3.12/lib/python3.12/site-packages/aiogram/dispatcher/event/handler.py", line 43, in call
    return await wrapped()
           ^^^^^^^^^^^^^^^
  File "/home/vasilisqq/.cache/pypoetry/virtualenvs/botgames-Y7R7oDsK-py3.12/lib/python3.12/site-packages/aiogram/dispatcher/dispatcher.py", line 276, in _listen_update
    return await self.propagate_event(update_type=update_type, event=event, **kwargs)
           ^^^^^^^^^^^^^^^^^^^^^^^^^^^^^^^^^^^^^^^^^^^^^^^^^^^^^^^^^^^^^^^^^^^^^^^^^^
  File "/home/vasilisqq/.cache/pypoetry/virtualenvs/botgames-Y7R7oDsK-py3.12/lib/python3.12/site-packages/aiogram/dispatcher/router.py", line 146, in propagate_event
    return await observer.wrap_outer_middleware(_wrapped, event=event, data=kwargs)
           ^^^^^^^^^^^^^^^^^^^^^^^^^^^^^^^^^^^^^^^^^^^^^^^^^^^^^^^^^^^^^^^^^^^^^^^^
  File "/home/vasilisqq/.cache/pypoetry/virtualenvs/botgames-Y7R7oDsK-py3.12/lib/python3.12/site-packages/aiogram/dispatcher/router.py", line 141, in _wrapped
    return await self._propagate_event(
           ^^^^^^^^^^^^^^^^^^^^^^^^^^^^
  File "/home/vasilisqq/.cache/pypoetry/virtualenvs/botgames-Y7R7oDsK-py3.12/lib/python3.12/site-packages/aiogram/dispatcher/router.py", line 174, in _propagate_event
    response = await router.propagate_event(update_type=update_type, event=event, **kwargs)
               ^^^^^^^^^^^^^^^^^^^^^^^^^^^^^^^^^^^^^^^^^^^^^^^^^^^^^^^^^^^^^^^^^^^^^^^^^^^^
  File "/home/vasilisqq/.cache/pypoetry/virtualenvs/botgames-Y7R7oDsK-py3.12/lib/python3.12/site-packages/aiogram/dispatcher/router.py", line 146, in propagate_event
    return await observer.wrap_outer_middleware(_wrapped, event=event, data=kwargs)
           ^^^^^^^^^^^^^^^^^^^^^^^^^^^^^^^^^^^^^^^^^^^^^^^^^^^^^^^^^^^^^^^^^^^^^^^^
  File "/home/vasilisqq/.cache/pypoetry/virtualenvs/botgames-Y7R7oDsK-py3.12/lib/python3.12/site-packages/aiogram/dispatcher/router.py", line 141, in _wrapped
    return await self._propagate_event(
           ^^^^^^^^^^^^^^^^^^^^^^^^^^^^
  File "/home/vasilisqq/.cache/pypoetry/virtualenvs/botgames-Y7R7oDsK-py3.12/lib/python3.12/site-packages/aiogram/dispatcher/router.py", line 166, in _propagate_event
    response = await observer.trigger(event, **kwargs)
               ^^^^^^^^^^^^^^^^^^^^^^^^^^^^^^^^^^^^^^^
  File "/home/vasilisqq/.cache/pypoetry/virtualenvs/botgames-Y7R7oDsK-py3.12/lib/python3.12/site-packages/aiogram/dispatcher/event/telegram.py", line 121, in trigger
    return await wrapped_inner(event, kwargs)
           ^^^^^^^^^^^^^^^^^^^^^^^^^^^^^^^^^^
  File "/home/vasilisqq/.cache/pypoetry/virtualenvs/botgames-Y7R7oDsK-py3.12/lib/python3.12/site-packages/aiogram/dispatcher/event/handler.py", line 43, in call
    return await wrapped()
           ^^^^^^^^^^^^^^^
  File "/home/vasilisqq/utilites/botGames/bot/callbacks/cross_zeroes_callBack.py", line 28, in mark_button
    game.crossZeroes.scheduler.remove_job(query.inline_message_id)
  File "/home/vasilisqq/.cache/pypoetry/virtualenvs/botgames-Y7R7oDsK-py3.12/lib/python3.12/site-packages/apscheduler/schedulers/base.py", line 722, in remove_job
    raise JobLookupError(job_id)
apscheduler.jobstores.base.JobLookupError: 'No job by the id of None was found'

During handling of the above exception, another exception occurred:

Traceback (most recent call last):
  File "/home/vasilisqq/utilites/botGames/bot/handlers/errors_handler.py", line 15, in print_error
    f"у пользователя {event.update.message.from_user.username} произошла ошибка {event.exception} \n"+
                      ^^^^^^^^^^^^^^^^^^^^^^^^^^^^^^
AttributeError: 'NoneType' object has no attribute 'from_user'

During handling of the above exception, another exception occurred:

Traceback (most recent call last):
  File "/home/vasilisqq/utilites/botGames/bot/handlers/errors_handler.py", line 22, in print_error
    f"{tr}"
       ^^
NameError: name 'tr' is not defined

During handling of the above exception, another exception occurred:

Traceback (most recent call last):
  File "/home/vasilisqq/.cache/pypoetry/virtualenvs/botgames-Y7R7oDsK-py3.12/lib/python3.12/site-packages/aiogram/dispatcher/dispatcher.py", line 309, in _process_update
    response = await self.feed_update(bot, update, **kwargs)
               ^^^^^^^^^^^^^^^^^^^^^^^^^^^^^^^^^^^^^^^^^^^^^
  File "/home/vasilisqq/.cache/pypoetry/virtualenvs/botgames-Y7R7oDsK-py3.12/lib/python3.12/site-packages/aiogram/dispatcher/dispatcher.py", line 158, in feed_update
    response = await self.update.wrap_outer_middleware(
               ^^^^^^^^^^^^^^^^^^^^^^^^^^^^^^^^^^^^^^^^
  File "/home/vasilisqq/.cache/pypoetry/virtualenvs/botgames-Y7R7oDsK-py3.12/lib/python3.12/site-packages/aiogram/dispatcher/middlewares/error.py", line 29, in __call__
    response = await self.router.propagate_event(
               ^^^^^^^^^^^^^^^^^^^^^^^^^^^^^^^^^^
  File "/home/vasilisqq/.cache/pypoetry/virtualenvs/botgames-Y7R7oDsK-py3.12/lib/python3.12/site-packages/aiogram/dispatcher/router.py", line 146, in propagate_event
    return await observer.wrap_outer_middleware(_wrapped, event=event, data=kwargs)
           ^^^^^^^^^^^^^^^^^^^^^^^^^^^^^^^^^^^^^^^^^^^^^^^^^^^^^^^^^^^^^^^^^^^^^^^^
  File "/home/vasilisqq/.cache/pypoetry/virtualenvs/botgames-Y7R7oDsK-py3.12/lib/python3.12/site-packages/aiogram/dispatcher/router.py", line 141, in _wrapped
    return await self._propagate_event(
           ^^^^^^^^^^^^^^^^^^^^^^^^^^^^
  File "/home/vasilisqq/.cache/pypoetry/virtualenvs/botgames-Y7R7oDsK-py3.12/lib/python3.12/site-packages/aiogram/dispatcher/router.py", line 174, in _propagate_event
    response = await router.propagate_event(update_type=update_type, event=event, **kwargs)
               ^^^^^^^^^^^^^^^^^^^^^^^^^^^^^^^^^^^^^^^^^^^^^^^^^^^^^^^^^^^^^^^^^^^^^^^^^^^^
  File "/home/vasilisqq/.cache/pypoetry/virtualenvs/botgames-Y7R7oDsK-py3.12/lib/python3.12/site-packages/aiogram/dispatcher/router.py", line 146, in propagate_event
    return await observer.wrap_outer_middleware(_wrapped, event=event, data=kwargs)
           ^^^^^^^^^^^^^^^^^^^^^^^^^^^^^^^^^^^^^^^^^^^^^^^^^^^^^^^^^^^^^^^^^^^^^^^^
  File "/home/vasilisqq/.cache/pypoetry/virtualenvs/botgames-Y7R7oDsK-py3.12/lib/python3.12/site-packages/aiogram/dispatcher/router.py", line 141, in _wrapped
    return await self._propagate_event(
           ^^^^^^^^^^^^^^^^^^^^^^^^^^^^
  File "/home/vasilisqq/.cache/pypoetry/virtualenvs/botgames-Y7R7oDsK-py3.12/lib/python3.12/site-packages/aiogram/dispatcher/router.py", line 166, in _propagate_event
    response = await observer.trigger(event, **kwargs)
               ^^^^^^^^^^^^^^^^^^^^^^^^^^^^^^^^^^^^^^^
  File "/home/vasilisqq/.cache/pypoetry/virtualenvs/botgames-Y7R7oDsK-py3.12/lib/python3.12/site-packages/aiogram/dispatcher/event/telegram.py", line 121, in trigger
    return await wrapped_inner(event, kwargs)
           ^^^^^^^^^^^^^^^^^^^^^^^^^^^^^^^^^^
  File "/home/vasilisqq/.cache/pypoetry/virtualenvs/botgames-Y7R7oDsK-py3.12/lib/python3.12/site-packages/aiogram/dispatcher/event/handler.py", line 43, in call
    return await wrapped()
           ^^^^^^^^^^^^^^^
  File "/home/vasilisqq/utilites/botGames/bot/handlers/errors_handler.py", line 26, in print_error
    f"у пользователя {event.update.inline_query.from_user.username} произошла ошибка {event.exception} \n"+
                      ^^^^^^^^^^^^^^^^^^^^^^^^^^^^^^^^^^^
AttributeError: 'NoneType' object has no attribute 'from_user'
2025-02-18 14:10:29,791 - aiogram.dispatcher - WARNING - Received SIGINT signal
2025-02-18 14:10:29,792 - aiogram.dispatcher - INFO - Polling stopped for bot @PlayPalGameBot id=7722417104 - 'PlayPal'
2025-02-18 14:10:29,793 - aiogram.dispatcher - INFO - Polling stopped
2025-02-18 14:10:32,369 - aiogram.dispatcher - INFO - Start polling
2025-02-18 14:10:32,435 - aiogram.dispatcher - INFO - Run polling for bot @PlayPalGameBot id=7722417104 - 'PlayPal'
2025-02-18 14:10:35,825 - aiogram.event - INFO - Update id=241309729 is handled. Duration 225 ms by bot id=7722417104
2025-02-18 14:10:38,442 - aiogram.event - INFO - Update id=241309730 is handled. Duration 446 ms by bot id=7722417104
2025-02-18 14:10:40,399 - aiogram.event - INFO - Update id=241309731 is handled. Duration 152 ms by bot id=7722417104
2025-02-18 14:10:40,966 - aiogram.event - INFO - Update id=241309732 is handled. Duration 421 ms by bot id=7722417104
2025-02-18 14:10:42,584 - aiogram.event - INFO - Update id=241309733 is handled. Duration 388 ms by bot id=7722417104
2025-02-18 14:10:43,960 - aiogram.event - INFO - Update id=241309734 is handled. Duration 332 ms by bot id=7722417104
2025-02-18 14:10:46,292 - aiogram.event - INFO - Update id=241309735 is handled. Duration 514 ms by bot id=7722417104
2025-02-18 14:11:27,584 - aiogram.dispatcher - WARNING - Received SIGINT signal
2025-02-18 14:11:27,585 - aiogram.dispatcher - INFO - Polling stopped for bot @PlayPalGameBot id=7722417104 - 'PlayPal'
2025-02-18 14:11:27,585 - aiogram.dispatcher - INFO - Polling stopped
2025-02-18 15:43:58,323 - aiogram.dispatcher - INFO - Start polling
2025-02-18 15:43:58,391 - aiogram.dispatcher - INFO - Run polling for bot @PlayPalGameBot id=7722417104 - 'PlayPal'
2025-02-18 15:44:11,067 - aiogram.event - INFO - Update id=241309736 is handled. Duration 518 ms by bot id=7722417104
2025-02-18 15:49:03,869 - aiogram.dispatcher - WARNING - Received SIGINT signal
2025-02-18 15:49:03,871 - aiogram.dispatcher - INFO - Polling stopped for bot @PlayPalGameBot id=7722417104 - 'PlayPal'
2025-02-18 15:49:03,871 - aiogram.dispatcher - INFO - Polling stopped
2025-02-18 15:49:08,814 - aiogram.dispatcher - INFO - Start polling
2025-02-18 15:49:08,884 - aiogram.dispatcher - INFO - Run polling for bot @PlayPalGameBot id=7722417104 - 'PlayPal'
2025-02-18 15:49:11,662 - aiogram.event - INFO - Update id=241309737 is handled. Duration 636 ms by bot id=7722417104
2025-02-18 15:49:57,241 - aiogram.dispatcher - WARNING - Received SIGINT signal
2025-02-18 15:49:57,243 - aiogram.dispatcher - INFO - Polling stopped for bot @PlayPalGameBot id=7722417104 - 'PlayPal'
2025-02-18 15:49:57,243 - aiogram.dispatcher - INFO - Polling stopped
2025-02-18 15:50:01,991 - aiogram.dispatcher - INFO - Start polling
2025-02-18 15:50:02,058 - aiogram.dispatcher - INFO - Run polling for bot @PlayPalGameBot id=7722417104 - 'PlayPal'
2025-02-18 15:52:36,423 - aiogram.event - INFO - Update id=241309738 is handled. Duration 1538 ms by bot id=7722417104
2025-02-18 15:53:11,817 - aiogram.dispatcher - WARNING - Received SIGINT signal
2025-02-18 15:53:11,818 - aiogram.dispatcher - INFO - Polling stopped for bot @PlayPalGameBot id=7722417104 - 'PlayPal'
2025-02-18 15:53:11,818 - aiogram.dispatcher - INFO - Polling stopped
2025-02-18 15:53:16,235 - aiogram.dispatcher - INFO - Start polling
2025-02-18 15:53:16,295 - aiogram.dispatcher - INFO - Run polling for bot @PlayPalGameBot id=7722417104 - 'PlayPal'
2025-02-18 15:53:22,937 - aiogram.event - INFO - Update id=241309739 is handled. Duration 1632 ms by bot id=7722417104
2025-02-18 16:00:23,059 - aiogram.dispatcher - WARNING - Received SIGINT signal
2025-02-18 16:00:23,060 - aiogram.dispatcher - INFO - Polling stopped for bot @PlayPalGameBot id=7722417104 - 'PlayPal'
2025-02-18 16:00:23,060 - aiogram.dispatcher - INFO - Polling stopped
2025-02-18 16:04:39,523 - aiogram.dispatcher - INFO - Start polling
2025-02-18 16:04:39,594 - aiogram.dispatcher - INFO - Run polling for bot @PlayPalGameBot id=7722417104 - 'PlayPal'
2025-02-18 16:05:03,582 - aiogram.event - INFO - Update id=241309740 is handled. Duration 355 ms by bot id=7722417104
2025-02-18 16:05:04,893 - aiogram.event - INFO - Update id=241309741 is not handled. Duration 21 ms by bot id=7722417104
2025-02-18 16:05:04,894 - aiogram.event - ERROR - Cause exception while process update id=241309741 by bot id=7722417104
AttributeError: 'NoneType' object has no attribute 'from_user'
Traceback (most recent call last):
  File "/home/vasilisqq/.cache/pypoetry/virtualenvs/botgames-Y7R7oDsK-py3.12/lib/python3.12/site-packages/aiogram/dispatcher/middlewares/error.py", line 25, in __call__
    return await handler(event, data)
           ^^^^^^^^^^^^^^^^^^^^^^^^^^
  File "/home/vasilisqq/.cache/pypoetry/virtualenvs/botgames-Y7R7oDsK-py3.12/lib/python3.12/site-packages/aiogram/dispatcher/middlewares/user_context.py", line 56, in __call__
    return await handler(event, data)
           ^^^^^^^^^^^^^^^^^^^^^^^^^^
  File "/home/vasilisqq/.cache/pypoetry/virtualenvs/botgames-Y7R7oDsK-py3.12/lib/python3.12/site-packages/aiogram/fsm/middleware.py", line 42, in __call__
    return await handler(event, data)
           ^^^^^^^^^^^^^^^^^^^^^^^^^^
  File "/home/vasilisqq/.cache/pypoetry/virtualenvs/botgames-Y7R7oDsK-py3.12/lib/python3.12/site-packages/aiogram/dispatcher/event/telegram.py", line 121, in trigger
    return await wrapped_inner(event, kwargs)
           ^^^^^^^^^^^^^^^^^^^^^^^^^^^^^^^^^^
  File "/home/vasilisqq/utilites/botGames/bot/middlewares/user_middleware.py", line 31, in __call__
    return await handler(event, data)
           ^^^^^^^^^^^^^^^^^^^^^^^^^^
  File "/home/vasilisqq/.cache/pypoetry/virtualenvs/botgames-Y7R7oDsK-py3.12/lib/python3.12/site-packages/aiogram/dispatcher/event/handler.py", line 43, in call
    return await wrapped()
           ^^^^^^^^^^^^^^^
  File "/home/vasilisqq/.cache/pypoetry/virtualenvs/botgames-Y7R7oDsK-py3.12/lib/python3.12/site-packages/aiogram/dispatcher/dispatcher.py", line 276, in _listen_update
    return await self.propagate_event(update_type=update_type, event=event, **kwargs)
           ^^^^^^^^^^^^^^^^^^^^^^^^^^^^^^^^^^^^^^^^^^^^^^^^^^^^^^^^^^^^^^^^^^^^^^^^^^
  File "/home/vasilisqq/.cache/pypoetry/virtualenvs/botgames-Y7R7oDsK-py3.12/lib/python3.12/site-packages/aiogram/dispatcher/router.py", line 146, in propagate_event
    return await observer.wrap_outer_middleware(_wrapped, event=event, data=kwargs)
           ^^^^^^^^^^^^^^^^^^^^^^^^^^^^^^^^^^^^^^^^^^^^^^^^^^^^^^^^^^^^^^^^^^^^^^^^
  File "/home/vasilisqq/.cache/pypoetry/virtualenvs/botgames-Y7R7oDsK-py3.12/lib/python3.12/site-packages/aiogram/dispatcher/router.py", line 141, in _wrapped
    return await self._propagate_event(
           ^^^^^^^^^^^^^^^^^^^^^^^^^^^^
  File "/home/vasilisqq/.cache/pypoetry/virtualenvs/botgames-Y7R7oDsK-py3.12/lib/python3.12/site-packages/aiogram/dispatcher/router.py", line 174, in _propagate_event
    response = await router.propagate_event(update_type=update_type, event=event, **kwargs)
               ^^^^^^^^^^^^^^^^^^^^^^^^^^^^^^^^^^^^^^^^^^^^^^^^^^^^^^^^^^^^^^^^^^^^^^^^^^^^
  File "/home/vasilisqq/.cache/pypoetry/virtualenvs/botgames-Y7R7oDsK-py3.12/lib/python3.12/site-packages/aiogram/dispatcher/router.py", line 146, in propagate_event
    return await observer.wrap_outer_middleware(_wrapped, event=event, data=kwargs)
           ^^^^^^^^^^^^^^^^^^^^^^^^^^^^^^^^^^^^^^^^^^^^^^^^^^^^^^^^^^^^^^^^^^^^^^^^
  File "/home/vasilisqq/.cache/pypoetry/virtualenvs/botgames-Y7R7oDsK-py3.12/lib/python3.12/site-packages/aiogram/dispatcher/router.py", line 141, in _wrapped
    return await self._propagate_event(
           ^^^^^^^^^^^^^^^^^^^^^^^^^^^^
  File "/home/vasilisqq/.cache/pypoetry/virtualenvs/botgames-Y7R7oDsK-py3.12/lib/python3.12/site-packages/aiogram/dispatcher/router.py", line 166, in _propagate_event
    response = await observer.trigger(event, **kwargs)
               ^^^^^^^^^^^^^^^^^^^^^^^^^^^^^^^^^^^^^^^
  File "/home/vasilisqq/.cache/pypoetry/virtualenvs/botgames-Y7R7oDsK-py3.12/lib/python3.12/site-packages/aiogram/dispatcher/event/telegram.py", line 121, in trigger
    return await wrapped_inner(event, kwargs)
           ^^^^^^^^^^^^^^^^^^^^^^^^^^^^^^^^^^
  File "/home/vasilisqq/.cache/pypoetry/virtualenvs/botgames-Y7R7oDsK-py3.12/lib/python3.12/site-packages/aiogram/dispatcher/event/handler.py", line 43, in call
    return await wrapped()
           ^^^^^^^^^^^^^^^
  File "/home/vasilisqq/utilites/botGames/bot/handlers/inline.py", line 53, in f
    await game.crossZeroes.create__private_room(iquery.from_user.username, k, iquery.inline_message_id, user)
  File "/home/vasilisqq/utilites/botGames/gameControll/crossZeroes.py", line 19, in create__private_room
    first = random.choice(players).user_id
            ^^^^^^^^^^^^^^^^^^^^^^^^^^^^^^
AttributeError: 'NoneType' object has no attribute 'user_id'

During handling of the above exception, another exception occurred:

Traceback (most recent call last):
  File "/home/vasilisqq/utilites/botGames/bot/handlers/errors_handler.py", line 15, in print_error
    f"у пользователя {event.update.message.from_user.username} произошла ошибка {event.exception} \n"+
                      ^^^^^^^^^^^^^^^^^^^^^^^^^^^^^^
AttributeError: 'NoneType' object has no attribute 'from_user'

During handling of the above exception, another exception occurred:

Traceback (most recent call last):
  File "/home/vasilisqq/utilites/botGames/bot/handlers/errors_handler.py", line 21, in print_error
    f"у пользователя {event.update.callback_query.from_user.username} произошла ошибка {event.exception}\n"
                      ^^^^^^^^^^^^^^^^^^^^^^^^^^^^^^^^^^^^^
AttributeError: 'NoneType' object has no attribute 'from_user'

During handling of the above exception, another exception occurred:

Traceback (most recent call last):
  File "/home/vasilisqq/.cache/pypoetry/virtualenvs/botgames-Y7R7oDsK-py3.12/lib/python3.12/site-packages/aiogram/dispatcher/dispatcher.py", line 309, in _process_update
    response = await self.feed_update(bot, update, **kwargs)
               ^^^^^^^^^^^^^^^^^^^^^^^^^^^^^^^^^^^^^^^^^^^^^
  File "/home/vasilisqq/.cache/pypoetry/virtualenvs/botgames-Y7R7oDsK-py3.12/lib/python3.12/site-packages/aiogram/dispatcher/dispatcher.py", line 158, in feed_update
    response = await self.update.wrap_outer_middleware(
               ^^^^^^^^^^^^^^^^^^^^^^^^^^^^^^^^^^^^^^^^
  File "/home/vasilisqq/.cache/pypoetry/virtualenvs/botgames-Y7R7oDsK-py3.12/lib/python3.12/site-packages/aiogram/dispatcher/middlewares/error.py", line 29, in __call__
    response = await self.router.propagate_event(
               ^^^^^^^^^^^^^^^^^^^^^^^^^^^^^^^^^^
  File "/home/vasilisqq/.cache/pypoetry/virtualenvs/botgames-Y7R7oDsK-py3.12/lib/python3.12/site-packages/aiogram/dispatcher/router.py", line 146, in propagate_event
    return await observer.wrap_outer_middleware(_wrapped, event=event, data=kwargs)
           ^^^^^^^^^^^^^^^^^^^^^^^^^^^^^^^^^^^^^^^^^^^^^^^^^^^^^^^^^^^^^^^^^^^^^^^^
  File "/home/vasilisqq/.cache/pypoetry/virtualenvs/botgames-Y7R7oDsK-py3.12/lib/python3.12/site-packages/aiogram/dispatcher/router.py", line 141, in _wrapped
    return await self._propagate_event(
           ^^^^^^^^^^^^^^^^^^^^^^^^^^^^
  File "/home/vasilisqq/.cache/pypoetry/virtualenvs/botgames-Y7R7oDsK-py3.12/lib/python3.12/site-packages/aiogram/dispatcher/router.py", line 174, in _propagate_event
    response = await router.propagate_event(update_type=update_type, event=event, **kwargs)
               ^^^^^^^^^^^^^^^^^^^^^^^^^^^^^^^^^^^^^^^^^^^^^^^^^^^^^^^^^^^^^^^^^^^^^^^^^^^^
  File "/home/vasilisqq/.cache/pypoetry/virtualenvs/botgames-Y7R7oDsK-py3.12/lib/python3.12/site-packages/aiogram/dispatcher/router.py", line 146, in propagate_event
    return await observer.wrap_outer_middleware(_wrapped, event=event, data=kwargs)
           ^^^^^^^^^^^^^^^^^^^^^^^^^^^^^^^^^^^^^^^^^^^^^^^^^^^^^^^^^^^^^^^^^^^^^^^^
  File "/home/vasilisqq/.cache/pypoetry/virtualenvs/botgames-Y7R7oDsK-py3.12/lib/python3.12/site-packages/aiogram/dispatcher/router.py", line 141, in _wrapped
    return await self._propagate_event(
           ^^^^^^^^^^^^^^^^^^^^^^^^^^^^
  File "/home/vasilisqq/.cache/pypoetry/virtualenvs/botgames-Y7R7oDsK-py3.12/lib/python3.12/site-packages/aiogram/dispatcher/router.py", line 166, in _propagate_event
    response = await observer.trigger(event, **kwargs)
               ^^^^^^^^^^^^^^^^^^^^^^^^^^^^^^^^^^^^^^^
  File "/home/vasilisqq/.cache/pypoetry/virtualenvs/botgames-Y7R7oDsK-py3.12/lib/python3.12/site-packages/aiogram/dispatcher/event/telegram.py", line 121, in trigger
    return await wrapped_inner(event, kwargs)
           ^^^^^^^^^^^^^^^^^^^^^^^^^^^^^^^^^^
  File "/home/vasilisqq/.cache/pypoetry/virtualenvs/botgames-Y7R7oDsK-py3.12/lib/python3.12/site-packages/aiogram/dispatcher/event/handler.py", line 43, in call
    return await wrapped()
           ^^^^^^^^^^^^^^^
  File "/home/vasilisqq/utilites/botGames/bot/handlers/errors_handler.py", line 25, in print_error
    f"у пользователя {event.update.inline_query.from_user.username} произошла ошибка {event.exception} \n"+
                      ^^^^^^^^^^^^^^^^^^^^^^^^^^^^^^^^^^^
AttributeError: 'NoneType' object has no attribute 'from_user'
2025-02-18 16:06:54,719 - aiogram.dispatcher - WARNING - Received SIGINT signal
2025-02-18 16:06:54,721 - aiogram.dispatcher - INFO - Polling stopped for bot @PlayPalGameBot id=7722417104 - 'PlayPal'
2025-02-18 16:06:54,721 - aiogram.dispatcher - INFO - Polling stopped
2025-02-18 16:07:00,043 - aiogram.dispatcher - INFO - Start polling
2025-02-18 16:07:00,110 - aiogram.dispatcher - INFO - Run polling for bot @PlayPalGameBot id=7722417104 - 'PlayPal'
2025-02-18 16:07:04,930 - aiogram.event - INFO - Update id=241309742 is handled. Duration 211 ms by bot id=7722417104
2025-02-18 16:07:06,656 - aiogram.event - INFO - Update id=241309743 is handled. Duration 530 ms by bot id=7722417104
2025-02-18 16:10:20,643 - aiogram.dispatcher - WARNING - Received SIGINT signal
2025-02-18 16:10:20,644 - aiogram.dispatcher - INFO - Polling stopped for bot @PlayPalGameBot id=7722417104 - 'PlayPal'
2025-02-18 16:10:20,645 - aiogram.dispatcher - INFO - Polling stopped
2025-02-18 16:10:25,403 - aiogram.dispatcher - INFO - Start polling
2025-02-18 16:10:25,473 - aiogram.dispatcher - INFO - Run polling for bot @PlayPalGameBot id=7722417104 - 'PlayPal'
2025-02-18 16:10:30,894 - aiogram.event - INFO - Update id=241309744 is handled. Duration 248 ms by bot id=7722417104
2025-02-18 16:10:32,254 - aiogram.event - INFO - Update id=241309745 is handled. Duration 259 ms by bot id=7722417104
2025-02-18 16:12:34,232 - aiogram.dispatcher - WARNING - Received SIGINT signal
2025-02-18 16:12:34,234 - aiogram.dispatcher - INFO - Polling stopped for bot @PlayPalGameBot id=7722417104 - 'PlayPal'
2025-02-18 16:12:34,234 - aiogram.dispatcher - INFO - Polling stopped
2025-02-18 16:12:39,037 - aiogram.dispatcher - INFO - Start polling
2025-02-18 16:12:39,105 - aiogram.dispatcher - INFO - Run polling for bot @PlayPalGameBot id=7722417104 - 'PlayPal'
2025-02-18 16:12:43,152 - aiogram.event - INFO - Update id=241309746 is handled. Duration 233 ms by bot id=7722417104
2025-02-18 16:12:44,325 - aiogram.event - INFO - Update id=241309747 is handled. Duration 129 ms by bot id=7722417104
2025-02-18 16:13:41,035 - aiogram.dispatcher - WARNING - Received SIGINT signal
2025-02-18 16:13:41,037 - aiogram.dispatcher - INFO - Polling stopped for bot @PlayPalGameBot id=7722417104 - 'PlayPal'
2025-02-18 16:13:41,037 - aiogram.dispatcher - INFO - Polling stopped
2025-02-18 16:13:45,459 - aiogram.dispatcher - INFO - Start polling
2025-02-18 16:13:45,517 - aiogram.dispatcher - INFO - Run polling for bot @PlayPalGameBot id=7722417104 - 'PlayPal'
2025-02-18 16:13:49,565 - aiogram.event - INFO - Update id=241309748 is handled. Duration 221 ms by bot id=7722417104
2025-02-18 16:13:50,907 - aiogram.event - INFO - Update id=241309749 is handled. Duration 153 ms by bot id=7722417104
2025-02-18 16:14:24,160 - aiogram.dispatcher - WARNING - Received SIGINT signal
2025-02-18 16:14:24,161 - aiogram.dispatcher - INFO - Polling stopped for bot @PlayPalGameBot id=7722417104 - 'PlayPal'
2025-02-18 16:14:24,161 - aiogram.dispatcher - INFO - Polling stopped
2025-02-18 16:14:31,704 - aiogram.dispatcher - INFO - Start polling
2025-02-18 16:14:31,768 - aiogram.dispatcher - INFO - Run polling for bot @PlayPalGameBot id=7722417104 - 'PlayPal'
2025-02-18 16:14:32,466 - aiogram.event - INFO - Update id=241309750 is handled. Duration 220 ms by bot id=7722417104
2025-02-18 16:14:34,067 - aiogram.event - INFO - Update id=241309751 is handled. Duration 156 ms by bot id=7722417104
2025-02-18 16:14:41,970 - aiogram.event - INFO - Update id=241309752 is handled. Duration 79 ms by bot id=7722417104
2025-02-18 16:20:14,193 - aiogram.dispatcher - WARNING - Received SIGINT signal
2025-02-18 16:20:14,195 - aiogram.dispatcher - INFO - Polling stopped for bot @PlayPalGameBot id=7722417104 - 'PlayPal'
2025-02-18 16:20:14,195 - aiogram.dispatcher - INFO - Polling stopped
2025-02-18 16:20:18,998 - aiogram.dispatcher - INFO - Start polling
2025-02-18 16:20:19,076 - aiogram.dispatcher - INFO - Run polling for bot @PlayPalGameBot id=7722417104 - 'PlayPal'
2025-02-18 16:20:22,655 - aiogram.event - INFO - Update id=241309753 is handled. Duration 212 ms by bot id=7722417104
2025-02-18 16:20:24,512 - aiogram.event - INFO - Update id=241309754 is handled. Duration 204 ms by bot id=7722417104
2025-02-18 16:20:51,485 - aiogram.event - INFO - Update id=241309755 is handled. Duration 428 ms by bot id=7722417104
2025-02-18 16:20:53,620 - aiogram.event - INFO - Update id=241309756 is handled. Duration 300 ms by bot id=7722417104
2025-02-18 16:21:00,795 - aiogram.event - INFO - Update id=241309757 is handled. Duration 104 ms by bot id=7722417104
2025-02-18 16:21:06,222 - aiogram.event - INFO - Update id=241309758 is handled. Duration 213 ms by bot id=7722417104
2025-02-18 16:21:06,974 - aiogram.event - INFO - Update id=241309759 is handled. Duration 93 ms by bot id=7722417104
2025-02-18 16:22:03,565 - aiogram.dispatcher - WARNING - Received SIGINT signal
2025-02-18 16:22:03,567 - aiogram.dispatcher - INFO - Polling stopped for bot @PlayPalGameBot id=7722417104 - 'PlayPal'
2025-02-18 16:22:03,567 - aiogram.dispatcher - INFO - Polling stopped
2025-02-18 16:22:09,739 - aiogram.dispatcher - INFO - Start polling
2025-02-18 16:22:09,835 - aiogram.dispatcher - INFO - Run polling for bot @PlayPalGameBot id=7722417104 - 'PlayPal'
2025-02-18 16:22:16,540 - aiogram.event - INFO - Update id=241309760 is handled. Duration 276 ms by bot id=7722417104
2025-02-18 16:22:18,460 - aiogram.event - INFO - Update id=241309761 is handled. Duration 192 ms by bot id=7722417104
2025-02-18 16:22:21,282 - aiogram.event - INFO - Update id=241309762 is handled. Duration 145 ms by bot id=7722417104
2025-02-18 16:22:38,755 - aiogram.event - INFO - Update id=241309763 is handled. Duration 215 ms by bot id=7722417104
2025-02-18 16:22:47,725 - aiogram.event - INFO - Update id=241309764 is handled. Duration 83 ms by bot id=7722417104
2025-02-18 16:22:48,594 - aiogram.event - INFO - Update id=241309765 is handled. Duration 97 ms by bot id=7722417104
2025-02-18 16:22:48,808 - aiogram.event - INFO - Update id=241309766 is handled. Duration 102 ms by bot id=7722417104
2025-02-18 16:22:49,170 - aiogram.event - INFO - Update id=241309767 is handled. Duration 110 ms by bot id=7722417104
2025-02-18 16:22:49,477 - aiogram.event - INFO - Update id=241309768 is handled. Duration 107 ms by bot id=7722417104
2025-02-18 16:22:54,004 - aiogram.event - INFO - Update id=241309769 is handled. Duration 84 ms by bot id=7722417104
2025-02-18 16:25:30,262 - aiogram.dispatcher - WARNING - Received SIGINT signal
2025-02-18 16:25:30,263 - aiogram.dispatcher - INFO - Polling stopped for bot @PlayPalGameBot id=7722417104 - 'PlayPal'
2025-02-18 16:25:30,263 - aiogram.dispatcher - INFO - Polling stopped
2025-02-18 16:25:34,922 - aiogram.dispatcher - INFO - Start polling
2025-02-18 16:25:34,990 - aiogram.dispatcher - INFO - Run polling for bot @PlayPalGameBot id=7722417104 - 'PlayPal'
2025-02-18 16:25:39,246 - aiogram.event - INFO - Update id=241309770 is handled. Duration 221 ms by bot id=7722417104
2025-02-18 16:25:40,532 - aiogram.event - INFO - Update id=241309771 is handled. Duration 161 ms by bot id=7722417104
2025-02-18 16:25:58,670 - aiogram.event - INFO - Update id=241309772 is handled. Duration 409 ms by bot id=7722417104
2025-02-18 16:26:05,539 - aiogram.event - INFO - Update id=241309773 is handled. Duration 147 ms by bot id=7722417104
2025-02-18 16:26:22,182 - aiogram.dispatcher - WARNING - Received SIGINT signal
2025-02-18 16:26:22,184 - aiogram.dispatcher - INFO - Polling stopped for bot @PlayPalGameBot id=7722417104 - 'PlayPal'
2025-02-18 16:26:22,184 - aiogram.dispatcher - INFO - Polling stopped
2025-02-18 16:26:27,067 - aiogram.dispatcher - INFO - Start polling
2025-02-18 16:26:27,134 - aiogram.dispatcher - INFO - Run polling for bot @PlayPalGameBot id=7722417104 - 'PlayPal'
2025-02-18 16:26:31,668 - aiogram.event - INFO - Update id=241309774 is handled. Duration 232 ms by bot id=7722417104
2025-02-18 16:26:33,438 - aiogram.event - INFO - Update id=241309775 is handled. Duration 176 ms by bot id=7722417104
2025-02-18 16:26:35,672 - aiogram.event - INFO - Update id=241309776 is handled. Duration 157 ms by bot id=7722417104
2025-02-18 16:27:03,618 - aiogram.dispatcher - WARNING - Received SIGINT signal
2025-02-18 16:27:03,619 - aiogram.dispatcher - INFO - Polling stopped for bot @PlayPalGameBot id=7722417104 - 'PlayPal'
2025-02-18 16:27:03,619 - aiogram.dispatcher - INFO - Polling stopped
2025-02-18 16:27:08,150 - aiogram.dispatcher - INFO - Start polling
2025-02-18 16:27:08,245 - aiogram.dispatcher - INFO - Run polling for bot @PlayPalGameBot id=7722417104 - 'PlayPal'
2025-02-18 16:27:11,438 - aiogram.event - INFO - Update id=241309777 is handled. Duration 210 ms by bot id=7722417104
2025-02-18 16:27:13,345 - aiogram.event - INFO - Update id=241309778 is handled. Duration 125 ms by bot id=7722417104
2025-02-18 16:27:15,049 - aiogram.event - INFO - Update id=241309779 is handled. Duration 88 ms by bot id=7722417104
2025-02-18 16:30:07,300 - aiogram.dispatcher - WARNING - Received SIGINT signal
2025-02-18 16:30:07,301 - aiogram.dispatcher - INFO - Polling stopped for bot @PlayPalGameBot id=7722417104 - 'PlayPal'
2025-02-18 16:30:07,302 - aiogram.dispatcher - INFO - Polling stopped
2025-02-18 16:30:12,214 - aiogram.dispatcher - INFO - Start polling
2025-02-18 16:30:12,376 - aiogram.dispatcher - INFO - Run polling for bot @PlayPalGameBot id=7722417104 - 'PlayPal'
2025-02-18 16:30:14,374 - aiogram.event - INFO - Update id=241309780 is handled. Duration 493 ms by bot id=7722417104
2025-02-18 16:30:16,466 - aiogram.event - INFO - Update id=241309781 is handled. Duration 152 ms by bot id=7722417104
2025-02-18 16:30:22,048 - aiogram.event - INFO - Update id=241309782 is handled. Duration 584 ms by bot id=7722417104
2025-02-18 16:31:19,431 - aiogram.dispatcher - WARNING - Received SIGINT signal
2025-02-18 16:31:19,432 - aiogram.dispatcher - INFO - Polling stopped for bot @PlayPalGameBot id=7722417104 - 'PlayPal'
2025-02-18 16:31:19,432 - aiogram.dispatcher - INFO - Polling stopped
2025-02-19 18:24:12,523 - aiogram.dispatcher - INFO - Start polling
2025-02-19 18:24:12,583 - aiogram.dispatcher - INFO - Run polling for bot @PlayPalGameBot id=7722417104 - 'PlayPal'
2025-02-19 18:24:31,616 - aiogram.event - INFO - Update id=241309783 is handled. Duration 2766 ms by bot id=7722417104
2025-02-19 18:30:18,842 - aiogram.dispatcher - WARNING - Received SIGINT signal
2025-02-19 18:30:18,843 - aiogram.dispatcher - INFO - Polling stopped for bot @PlayPalGameBot id=7722417104 - 'PlayPal'
2025-02-19 18:30:18,843 - aiogram.dispatcher - INFO - Polling stopped
2025-02-19 18:30:23,144 - aiogram.dispatcher - INFO - Start polling
2025-02-19 18:30:23,203 - aiogram.dispatcher - INFO - Run polling for bot @PlayPalGameBot id=7722417104 - 'PlayPal'
2025-02-19 18:30:29,720 - aiogram.event - INFO - Update id=241309784 is handled. Duration 2384 ms by bot id=7722417104
2025-02-19 18:32:32,354 - aiogram.dispatcher - WARNING - Received SIGINT signal
2025-02-19 18:32:32,355 - aiogram.dispatcher - INFO - Polling stopped for bot @PlayPalGameBot id=7722417104 - 'PlayPal'
2025-02-19 18:32:32,356 - aiogram.dispatcher - INFO - Polling stopped
2025-02-19 18:44:19,656 - aiogram.dispatcher - INFO - Start polling
2025-02-19 18:44:19,719 - aiogram.dispatcher - INFO - Run polling for bot @PlayPalGameBot id=7722417104 - 'PlayPal'
2025-02-19 18:44:39,718 - aiogram.event - INFO - Update id=241309785 is handled. Duration 256 ms by bot id=7722417104
2025-02-19 18:44:42,352 - aiogram.event - INFO - Update id=241309786 is handled. Duration 419 ms by bot id=7722417104
2025-02-19 18:45:02,653 - aiogram.dispatcher - WARNING - Received SIGINT signal
2025-02-19 18:45:02,654 - aiogram.dispatcher - INFO - Polling stopped for bot @PlayPalGameBot id=7722417104 - 'PlayPal'
2025-02-19 18:45:02,655 - aiogram.dispatcher - INFO - Polling stopped
2025-02-21 14:02:41,978 - aiogram.dispatcher - INFO - Start polling
2025-02-21 14:02:42,113 - aiogram.dispatcher - INFO - Run polling for bot @PlayPalGameBot id=7722417104 - 'PlayPal'
2025-02-21 14:02:55,098 - aiogram.event - INFO - Update id=241309790 is handled. Duration 514 ms by bot id=7722417104
2025-02-21 14:02:56,684 - aiogram.event - INFO - Update id=241309791 is handled. Duration 251 ms by bot id=7722417104
2025-02-21 14:05:10,534 - aiogram.dispatcher - WARNING - Received SIGINT signal
2025-02-21 14:05:10,535 - aiogram.dispatcher - INFO - Polling stopped for bot @PlayPalGameBot id=7722417104 - 'PlayPal'
2025-02-21 14:05:10,535 - aiogram.dispatcher - INFO - Polling stopped
2025-02-21 18:39:16,053 - aiogram.dispatcher - INFO - Start polling
2025-02-21 18:39:16,127 - aiogram.dispatcher - INFO - Run polling for bot @PlayPalGameBot id=7722417104 - 'PlayPal'
2025-02-21 18:40:15,892 - aiogram.event - INFO - Update id=241309792 is handled. Duration 241 ms by bot id=7722417104
2025-02-21 18:40:19,476 - aiogram.event - INFO - Update id=241309793 is handled. Duration 533 ms by bot id=7722417104
2025-02-21 18:40:22,801 - aiogram.event - INFO - Update id=241309794 is handled. Duration 92 ms by bot id=7722417104
2025-02-21 18:41:21,668 - aiogram.dispatcher - WARNING - Received SIGINT signal
2025-02-21 18:41:21,669 - aiogram.dispatcher - INFO - Polling stopped for bot @PlayPalGameBot id=7722417104 - 'PlayPal'
2025-02-21 18:41:21,669 - aiogram.dispatcher - INFO - Polling stopped
2025-02-21 18:41:26,141 - aiogram.dispatcher - INFO - Start polling
2025-02-21 18:41:26,202 - aiogram.dispatcher - INFO - Run polling for bot @PlayPalGameBot id=7722417104 - 'PlayPal'
2025-02-21 18:41:26,678 - aiogram.event - INFO - Update id=241309795 is handled. Duration 217 ms by bot id=7722417104
2025-02-21 18:41:28,595 - aiogram.event - INFO - Update id=241309796 is handled. Duration 341 ms by bot id=7722417104
2025-02-21 18:41:31,219 - aiogram.event - INFO - Update id=241309797 is handled. Duration 109 ms by bot id=7722417104
2025-02-21 18:42:11,283 - aiogram.event - INFO - Update id=241309798 is handled. Duration 222 ms by bot id=7722417104
2025-02-21 18:42:14,632 - aiogram.event - INFO - Update id=241309799 is handled. Duration 193 ms by bot id=7722417104
2025-02-21 18:42:22,281 - aiogram.event - INFO - Update id=241309800 is handled. Duration 368 ms by bot id=7722417104
2025-02-21 18:43:00,327 - aiogram.dispatcher - WARNING - Received SIGINT signal
2025-02-21 18:43:00,329 - aiogram.dispatcher - INFO - Polling stopped for bot @PlayPalGameBot id=7722417104 - 'PlayPal'
2025-02-21 18:43:00,329 - aiogram.dispatcher - INFO - Polling stopped
2025-02-21 18:43:05,258 - aiogram.dispatcher - INFO - Start polling
2025-02-21 18:43:05,317 - aiogram.dispatcher - INFO - Run polling for bot @PlayPalGameBot id=7722417104 - 'PlayPal'
2025-02-21 18:43:09,986 - aiogram.event - INFO - Update id=241309801 is handled. Duration 223 ms by bot id=7722417104
2025-02-21 18:43:11,712 - aiogram.event - INFO - Update id=241309802 is handled. Duration 340 ms by bot id=7722417104
2025-02-21 18:43:14,336 - aiogram.event - INFO - Update id=241309803 is handled. Duration 299 ms by bot id=7722417104
2025-02-21 18:44:22,417 - aiogram.dispatcher - WARNING - Received SIGINT signal
2025-02-21 18:44:22,419 - aiogram.dispatcher - INFO - Polling stopped for bot @PlayPalGameBot id=7722417104 - 'PlayPal'
2025-02-21 18:44:22,419 - aiogram.dispatcher - INFO - Polling stopped
2025-02-21 18:44:30,448 - aiogram.dispatcher - INFO - Start polling
2025-02-21 18:44:30,507 - aiogram.dispatcher - INFO - Run polling for bot @PlayPalGameBot id=7722417104 - 'PlayPal'
2025-02-21 18:44:34,880 - aiogram.event - INFO - Update id=241309804 is handled. Duration 234 ms by bot id=7722417104
2025-02-21 18:44:36,595 - aiogram.event - INFO - Update id=241309805 is handled. Duration 328 ms by bot id=7722417104
2025-02-21 18:44:38,823 - aiogram.event - INFO - Update id=241309806 is handled. Duration 307 ms by bot id=7722417104
2025-02-21 18:46:24,388 - aiogram.dispatcher - WARNING - Received SIGINT signal
2025-02-21 18:46:24,390 - aiogram.dispatcher - INFO - Polling stopped for bot @PlayPalGameBot id=7722417104 - 'PlayPal'
2025-02-21 18:46:24,390 - aiogram.dispatcher - INFO - Polling stopped
2025-02-21 18:46:28,998 - aiogram.dispatcher - INFO - Start polling
2025-02-21 18:46:29,056 - aiogram.dispatcher - INFO - Run polling for bot @PlayPalGameBot id=7722417104 - 'PlayPal'
2025-02-21 18:46:30,277 - aiogram.event - INFO - Update id=241309807 is handled. Duration 224 ms by bot id=7722417104
2025-02-21 18:46:32,197 - aiogram.event - INFO - Update id=241309808 is handled. Duration 310 ms by bot id=7722417104
2025-02-21 18:46:38,478 - aiogram.event - INFO - Update id=241309809 is handled. Duration 149 ms by bot id=7722417104
2025-02-21 18:46:40,404 - aiogram.event - INFO - Update id=241309810 is handled. Duration 335 ms by bot id=7722417104
2025-02-21 18:46:46,398 - aiogram.event - INFO - Update id=241309811 is handled. Duration 83 ms by bot id=7722417104
2025-02-21 18:46:48,347 - aiogram.event - INFO - Update id=241309812 is handled. Duration 291 ms by bot id=7722417104
2025-02-21 18:48:54,634 - aiogram.dispatcher - WARNING - Received SIGINT signal
2025-02-21 18:48:54,635 - aiogram.dispatcher - INFO - Polling stopped for bot @PlayPalGameBot id=7722417104 - 'PlayPal'
2025-02-21 18:48:54,635 - aiogram.dispatcher - INFO - Polling stopped
2025-02-21 18:48:59,127 - aiogram.dispatcher - INFO - Start polling
2025-02-21 18:48:59,189 - aiogram.dispatcher - INFO - Run polling for bot @PlayPalGameBot id=7722417104 - 'PlayPal'
2025-02-21 18:49:00,846 - aiogram.event - INFO - Update id=241309813 is handled. Duration 349 ms by bot id=7722417104
2025-02-21 18:49:02,344 - aiogram.event - INFO - Update id=241309814 is handled. Duration 411 ms by bot id=7722417104
2025-02-21 18:49:12,443 - aiogram.event - INFO - Update id=241309815 is handled. Duration 291 ms by bot id=7722417104
2025-02-21 18:50:30,026 - aiogram.dispatcher - WARNING - Received SIGINT signal
2025-02-21 18:50:30,027 - aiogram.dispatcher - INFO - Polling stopped for bot @PlayPalGameBot id=7722417104 - 'PlayPal'
2025-02-21 18:50:30,027 - aiogram.dispatcher - INFO - Polling stopped
2025-02-21 18:50:34,684 - aiogram.dispatcher - INFO - Start polling
2025-02-21 18:50:34,743 - aiogram.dispatcher - INFO - Run polling for bot @PlayPalGameBot id=7722417104 - 'PlayPal'
2025-02-21 18:50:40,463 - aiogram.event - INFO - Update id=241309816 is handled. Duration 216 ms by bot id=7722417104
2025-02-21 18:50:42,077 - aiogram.event - INFO - Update id=241309817 is handled. Duration 341 ms by bot id=7722417104
2025-02-21 18:50:48,696 - aiogram.event - INFO - Update id=241309818 is handled. Duration 706 ms by bot id=7722417104
2025-02-21 18:52:18,348 - aiogram.dispatcher - WARNING - Received SIGINT signal
2025-02-21 18:52:18,350 - aiogram.dispatcher - INFO - Polling stopped for bot @PlayPalGameBot id=7722417104 - 'PlayPal'
2025-02-21 18:52:18,350 - aiogram.dispatcher - INFO - Polling stopped
2025-02-21 18:52:22,530 - aiogram.dispatcher - INFO - Start polling
2025-02-21 18:52:22,606 - aiogram.dispatcher - INFO - Run polling for bot @PlayPalGameBot id=7722417104 - 'PlayPal'
2025-02-21 18:53:08,228 - aiogram.event - INFO - Update id=241309820 is handled. Duration 262 ms by bot id=7722417104
2025-02-21 18:53:09,742 - aiogram.event - INFO - Update id=241309821 is handled. Duration 271 ms by bot id=7722417104
2025-02-21 18:53:13,704 - aiogram.event - INFO - Update id=241309822 is handled. Duration 318 ms by bot id=7722417104
2025-02-21 18:53:17,682 - aiogram.event - INFO - Update id=241309823 is handled. Duration 108 ms by bot id=7722417104
2025-02-21 18:54:34,273 - aiogram.dispatcher - WARNING - Received SIGINT signal
2025-02-21 18:54:34,274 - aiogram.dispatcher - INFO - Polling stopped for bot @PlayPalGameBot id=7722417104 - 'PlayPal'
2025-02-21 18:54:34,274 - aiogram.dispatcher - INFO - Polling stopped
2025-02-21 18:54:38,892 - aiogram.dispatcher - INFO - Start polling
2025-02-21 18:54:38,965 - aiogram.dispatcher - INFO - Run polling for bot @PlayPalGameBot id=7722417104 - 'PlayPal'
2025-02-21 18:54:41,969 - aiogram.event - INFO - Update id=241309824 is handled. Duration 327 ms by bot id=7722417104
2025-02-21 18:54:43,536 - aiogram.event - INFO - Update id=241309825 is handled. Duration 298 ms by bot id=7722417104
2025-02-21 18:54:45,561 - aiogram.event - INFO - Update id=241309826 is handled. Duration 311 ms by bot id=7722417104
2025-02-21 18:54:47,821 - aiogram.event - INFO - Update id=241309827 is handled. Duration 114 ms by bot id=7722417104
2025-02-21 18:54:53,053 - aiogram.event - INFO - Update id=241309828 is handled. Duration 224 ms by bot id=7722417104
2025-02-21 18:54:55,594 - aiogram.event - INFO - Update id=241309829 is handled. Duration 305 ms by bot id=7722417104
2025-02-21 18:55:44,240 - aiogram.dispatcher - WARNING - Received SIGINT signal
2025-02-21 18:55:44,241 - aiogram.dispatcher - INFO - Polling stopped for bot @PlayPalGameBot id=7722417104 - 'PlayPal'
2025-02-21 18:55:44,241 - aiogram.dispatcher - INFO - Polling stopped
2025-02-21 18:55:58,331 - aiogram.dispatcher - INFO - Start polling
2025-02-21 18:55:58,392 - aiogram.dispatcher - INFO - Run polling for bot @PlayPalGameBot id=7722417104 - 'PlayPal'
2025-02-21 18:56:01,356 - aiogram.event - INFO - Update id=241309831 is handled. Duration 204 ms by bot id=7722417104
2025-02-21 18:56:04,643 - aiogram.event - INFO - Update id=241309832 is handled. Duration 336 ms by bot id=7722417104
2025-02-21 18:56:07,173 - aiogram.event - INFO - Update id=241309833 is handled. Duration 309 ms by bot id=7722417104
2025-02-21 18:58:31,236 - aiogram.dispatcher - WARNING - Received SIGINT signal
2025-02-21 18:58:31,238 - aiogram.dispatcher - INFO - Polling stopped for bot @PlayPalGameBot id=7722417104 - 'PlayPal'
2025-02-21 18:58:31,239 - aiogram.dispatcher - INFO - Polling stopped
2025-02-21 18:58:35,599 - aiogram.dispatcher - INFO - Start polling
2025-02-21 18:58:35,662 - aiogram.dispatcher - INFO - Run polling for bot @PlayPalGameBot id=7722417104 - 'PlayPal'
2025-02-21 18:58:36,135 - aiogram.event - INFO - Update id=241309834 is handled. Duration 239 ms by bot id=7722417104
2025-02-21 18:58:37,647 - aiogram.event - INFO - Update id=241309835 is handled. Duration 344 ms by bot id=7722417104
2025-02-21 18:58:43,537 - aiogram.event - INFO - Update id=241309836 is handled. Duration 922 ms by bot id=7722417104
2025-02-21 18:59:20,917 - aiogram.dispatcher - WARNING - Received SIGINT signal
2025-02-21 18:59:20,918 - aiogram.dispatcher - INFO - Polling stopped for bot @PlayPalGameBot id=7722417104 - 'PlayPal'
2025-02-21 18:59:20,919 - aiogram.dispatcher - INFO - Polling stopped
2025-02-21 18:59:25,377 - aiogram.dispatcher - INFO - Start polling
2025-02-21 18:59:25,434 - aiogram.dispatcher - INFO - Run polling for bot @PlayPalGameBot id=7722417104 - 'PlayPal'
2025-02-21 18:59:27,920 - aiogram.event - INFO - Update id=241309838 is handled. Duration 207 ms by bot id=7722417104
2025-02-21 18:59:29,451 - aiogram.event - INFO - Update id=241309839 is handled. Duration 335 ms by bot id=7722417104
2025-02-21 18:59:33,839 - aiogram.event - INFO - Update id=241309840 is handled. Duration 329 ms by bot id=7722417104
2025-02-21 19:01:22,023 - aiogram.dispatcher - WARNING - Received SIGINT signal
2025-02-21 19:01:22,024 - aiogram.dispatcher - INFO - Polling stopped for bot @PlayPalGameBot id=7722417104 - 'PlayPal'
2025-02-21 19:01:22,024 - aiogram.dispatcher - INFO - Polling stopped
2025-02-21 19:01:26,404 - aiogram.dispatcher - INFO - Start polling
2025-02-21 19:01:26,478 - aiogram.dispatcher - INFO - Run polling for bot @PlayPalGameBot id=7722417104 - 'PlayPal'
2025-02-21 19:01:27,545 - aiogram.event - INFO - Update id=241309841 is handled. Duration 243 ms by bot id=7722417104
2025-02-21 19:01:29,057 - aiogram.event - INFO - Update id=241309842 is handled. Duration 338 ms by bot id=7722417104
2025-02-21 19:01:35,164 - aiogram.event - INFO - Update id=241309843 is handled. Duration 302 ms by bot id=7722417104
2025-02-21 19:01:37,725 - aiogram.event - INFO - Update id=241309844 is handled. Duration 307 ms by bot id=7722417104
2025-02-21 19:01:39,978 - aiogram.event - INFO - Update id=241309845 is handled. Duration 307 ms by bot id=7722417104
2025-02-21 19:01:42,742 - aiogram.event - INFO - Update id=241309846 is handled. Duration 308 ms by bot id=7722417104
2025-02-21 19:01:44,489 - aiogram.event - INFO - Update id=241309847 is handled. Duration 312 ms by bot id=7722417104
2025-02-21 19:01:48,988 - aiogram.event - INFO - Update id=241309848 is handled. Duration 307 ms by bot id=7722417104
2025-02-21 19:02:20,683 - aiogram.dispatcher - WARNING - Received SIGINT signal
2025-02-21 19:02:20,685 - aiogram.dispatcher - INFO - Polling stopped for bot @PlayPalGameBot id=7722417104 - 'PlayPal'
2025-02-21 19:02:20,686 - aiogram.dispatcher - INFO - Polling stopped
2025-02-21 19:02:24,935 - aiogram.dispatcher - INFO - Start polling
2025-02-21 19:02:25,017 - aiogram.dispatcher - INFO - Run polling for bot @PlayPalGameBot id=7722417104 - 'PlayPal'
2025-02-21 19:02:29,095 - aiogram.event - INFO - Update id=241309849 is handled. Duration 235 ms by bot id=7722417104
2025-02-21 19:02:30,595 - aiogram.event - INFO - Update id=241309850 is handled. Duration 336 ms by bot id=7722417104
2025-02-21 19:02:32,513 - aiogram.event - INFO - Update id=241309851 is handled. Duration 306 ms by bot id=7722417104
2025-02-21 19:02:34,151 - aiogram.event - INFO - Update id=241309852 is handled. Duration 312 ms by bot id=7722417104
2025-02-21 19:02:35,354 - aiogram.event - INFO - Update id=241309853 is handled. Duration 278 ms by bot id=7722417104
2025-02-21 19:02:36,917 - aiogram.event - INFO - Update id=241309854 is handled. Duration 308 ms by bot id=7722417104
2025-02-21 19:02:38,653 - aiogram.event - INFO - Update id=241309855 is handled. Duration 301 ms by bot id=7722417104
2025-02-21 19:02:40,598 - aiogram.event - INFO - Update id=241309856 is handled. Duration 306 ms by bot id=7722417104
2025-02-21 19:02:42,852 - aiogram.event - INFO - Update id=241309857 is handled. Duration 302 ms by bot id=7722417104
2025-02-21 19:02:43,979 - aiogram.event - INFO - Update id=241309858 is handled. Duration 307 ms by bot id=7722417104
2025-02-21 19:02:46,129 - aiogram.event - INFO - Update id=241309859 is handled. Duration 305 ms by bot id=7722417104
2025-02-21 19:02:47,358 - aiogram.event - INFO - Update id=241309860 is handled. Duration 422 ms by bot id=7722417104
2025-02-21 19:02:48,694 - aiogram.event - INFO - Update id=241309861 is handled. Duration 312 ms by bot id=7722417104
2025-02-21 19:02:49,719 - aiogram.event - INFO - Update id=241309862 is handled. Duration 306 ms by bot id=7722417104
2025-02-21 19:02:52,272 - aiogram.event - INFO - Update id=241309863 is handled. Duration 306 ms by bot id=7722417104
2025-02-21 19:02:54,941 - aiogram.event - INFO - Update id=241309864 is handled. Duration 109 ms by bot id=7722417104
2025-02-21 19:03:26,889 - aiogram.event - INFO - Update id=241309865 is handled. Duration 443 ms by bot id=7722417104
2025-02-21 19:03:29,894 - aiogram.event - INFO - Update id=241309866 is handled. Duration 238 ms by bot id=7722417104
2025-02-21 19:03:31,105 - aiogram.event - INFO - Update id=241309867 is handled. Duration 326 ms by bot id=7722417104
2025-02-21 19:03:32,824 - aiogram.event - INFO - Update id=241309868 is handled. Duration 307 ms by bot id=7722417104
2025-02-21 19:03:34,054 - aiogram.event - INFO - Update id=241309869 is handled. Duration 306 ms by bot id=7722417104
2025-02-21 19:03:35,606 - aiogram.event - INFO - Update id=241309870 is handled. Duration 221 ms by bot id=7722417104
2025-02-21 19:03:36,819 - aiogram.event - INFO - Update id=241309871 is handled. Duration 306 ms by bot id=7722417104
2025-02-21 19:03:38,865 - aiogram.event - INFO - Update id=241309872 is handled. Duration 298 ms by bot id=7722417104
2025-02-21 19:03:39,895 - aiogram.event - INFO - Update id=241309873 is handled. Duration 312 ms by bot id=7722417104
2025-02-21 19:03:42,041 - aiogram.event - INFO - Update id=241309874 is handled. Duration 304 ms by bot id=7722417104
2025-02-21 19:03:46,188 - aiogram.dispatcher - WARNING - Received SIGINT signal
2025-02-21 19:03:46,189 - aiogram.dispatcher - INFO - Polling stopped for bot @PlayPalGameBot id=7722417104 - 'PlayPal'
2025-02-21 19:03:46,189 - aiogram.dispatcher - INFO - Polling stopped
