2025-02-16 14:48:42,763 - aiogram.dispatcher - INFO - Start polling
2025-02-16 14:48:42,839 - aiogram.dispatcher - INFO - Run polling for bot @PlayPalGameBot id=7722417104 - 'PlayPal'
2025-02-16 14:51:48,550 - aiogram.dispatcher - WARNING - Received SIGINT signal
2025-02-16 14:51:48,551 - aiogram.dispatcher - INFO - Polling stopped for bot @PlayPalGameBot id=7722417104 - 'PlayPal'
2025-02-16 14:51:48,551 - aiogram.dispatcher - INFO - Polling stopped
2025-02-16 14:51:53,831 - aiogram.dispatcher - INFO - Start polling
2025-02-16 14:51:53,904 - aiogram.dispatcher - INFO - Run polling for bot @PlayPalGameBot id=7722417104 - 'PlayPal'
2025-02-18 13:24:14,144 - aiogram.dispatcher - INFO - Start polling
2025-02-18 13:24:14,226 - aiogram.dispatcher - INFO - Run polling for bot @PlayPalGameBot id=7722417104 - 'PlayPal'
2025-02-18 13:24:24,732 - aiogram.event - INFO - Update id=241309661 is handled. Duration 15 ms by bot id=7722417104
2025-02-18 13:25:06,665 - aiogram.dispatcher - WARNING - Received SIGINT signal
2025-02-18 13:25:06,666 - aiogram.dispatcher - INFO - Polling stopped for bot @PlayPalGameBot id=7722417104 - 'PlayPal'
2025-02-18 13:25:06,666 - aiogram.dispatcher - INFO - Polling stopped
2025-02-18 13:25:09,738 - aiogram.dispatcher - INFO - Start polling
2025-02-18 13:25:09,796 - aiogram.dispatcher - INFO - Run polling for bot @PlayPalGameBot id=7722417104 - 'PlayPal'
2025-02-18 13:25:13,873 - aiogram.event - INFO - Update id=241309662 is handled. Duration 536 ms by bot id=7722417104
2025-02-18 13:25:44,344 - aiogram.dispatcher - WARNING - Received SIGINT signal
2025-02-18 13:25:44,345 - aiogram.dispatcher - INFO - Polling stopped for bot @PlayPalGameBot id=7722417104 - 'PlayPal'
2025-02-18 13:25:44,345 - aiogram.dispatcher - INFO - Polling stopped
2025-02-18 13:25:47,544 - aiogram.dispatcher - INFO - Start polling
2025-02-18 13:25:47,620 - aiogram.dispatcher - INFO - Run polling for bot @PlayPalGameBot id=7722417104 - 'PlayPal'
2025-02-18 13:25:51,728 - aiogram.event - INFO - Update id=241309663 is handled. Duration 301 ms by bot id=7722417104
2025-02-18 13:28:13,796 - aiogram.dispatcher - WARNING - Received SIGINT signal
2025-02-18 13:28:13,797 - aiogram.dispatcher - INFO - Polling stopped for bot @PlayPalGameBot id=7722417104 - 'PlayPal'
2025-02-18 13:28:13,797 - aiogram.dispatcher - INFO - Polling stopped
2025-02-18 13:28:24,283 - aiogram.dispatcher - INFO - Start polling
2025-02-18 13:28:24,348 - aiogram.dispatcher - INFO - Run polling for bot @PlayPalGameBot id=7722417104 - 'PlayPal'
2025-02-18 13:28:28,547 - aiogram.event - INFO - Update id=241309664 is handled. Duration 1866 ms by bot id=7722417104
2025-02-18 13:33:06,119 - aiogram.dispatcher - WARNING - Received SIGINT signal
2025-02-18 13:33:06,119 - aiogram.dispatcher - INFO - Polling stopped for bot @PlayPalGameBot id=7722417104 - 'PlayPal'
2025-02-18 13:33:06,120 - aiogram.dispatcher - INFO - Polling stopped
2025-02-18 13:33:09,669 - aiogram.dispatcher - INFO - Start polling
2025-02-18 13:33:09,738 - aiogram.dispatcher - INFO - Run polling for bot @PlayPalGameBot id=7722417104 - 'PlayPal'
2025-02-18 13:33:15,392 - aiogram.event - INFO - Update id=241309665 is handled. Duration 362 ms by bot id=7722417104
2025-02-18 13:38:20,409 - aiogram.dispatcher - WARNING - Received SIGINT signal
2025-02-18 13:38:20,410 - aiogram.dispatcher - INFO - Polling stopped for bot @PlayPalGameBot id=7722417104 - 'PlayPal'
2025-02-18 13:38:20,410 - aiogram.dispatcher - INFO - Polling stopped
2025-02-18 13:38:23,788 - aiogram.dispatcher - INFO - Start polling
2025-02-18 13:38:23,852 - aiogram.dispatcher - INFO - Run polling for bot @PlayPalGameBot id=7722417104 - 'PlayPal'
2025-02-18 13:38:29,552 - aiogram.event - INFO - Update id=241309666 is handled. Duration 2113 ms by bot id=7722417104
2025-02-18 13:38:48,720 - aiogram.event - INFO - Update id=241309667 is handled. Duration 240 ms by bot id=7722417104
2025-02-18 13:38:51,494 - aiogram.event - INFO - Update id=241309668 is handled. Duration 147 ms by bot id=7722417104
2025-02-18 13:38:53,750 - aiogram.event - INFO - Update id=241309669 is handled. Duration 144 ms by bot id=7722417104
2025-02-18 13:38:57,644 - aiogram.event - INFO - Update id=241309670 is handled. Duration 406 ms by bot id=7722417104
2025-02-18 13:39:02,086 - aiogram.event - INFO - Update id=241309671 is handled. Duration 395 ms by bot id=7722417104
2025-02-18 13:40:31,357 - aiogram.dispatcher - WARNING - Received SIGINT signal
2025-02-18 13:40:31,357 - aiogram.dispatcher - INFO - Polling stopped for bot @PlayPalGameBot id=7722417104 - 'PlayPal'
2025-02-18 13:40:31,358 - aiogram.dispatcher - INFO - Polling stopped
2025-02-18 13:40:35,458 - aiogram.dispatcher - INFO - Start polling
2025-02-18 13:40:35,514 - aiogram.dispatcher - INFO - Run polling for bot @PlayPalGameBot id=7722417104 - 'PlayPal'
2025-02-18 13:43:07,326 - aiogram.event - INFO - Update id=241309672 is handled. Duration 232 ms by bot id=7722417104
2025-02-18 13:43:19,690 - aiogram.event - INFO - Update id=241309673 is handled. Duration 1845 ms by bot id=7722417104
2025-02-18 13:43:22,432 - aiogram.event - INFO - Update id=241309674 is handled. Duration 81 ms by bot id=7722417104
2025-02-18 13:43:24,695 - aiogram.event - INFO - Update id=241309675 is handled. Duration 296 ms by bot id=7722417104
2025-02-18 13:43:26,387 - aiogram.event - INFO - Update id=241309676 is handled. Duration 246 ms by bot id=7722417104
2025-02-18 13:43:31,713 - aiogram.event - INFO - Update id=241309677 is handled. Duration 453 ms by bot id=7722417104
2025-02-18 13:43:37,988 - aiogram.event - INFO - Update id=241309678 is handled. Duration 379 ms by bot id=7722417104
2025-02-18 13:44:16,725 - aiogram.event - INFO - Update id=241309679 is handled. Duration 202 ms by bot id=7722417104
2025-02-18 13:47:17,614 - aiogram.dispatcher - WARNING - Received SIGINT signal
2025-02-18 13:47:17,614 - aiogram.dispatcher - INFO - Polling stopped for bot @PlayPalGameBot id=7722417104 - 'PlayPal'
2025-02-18 13:47:17,614 - aiogram.dispatcher - INFO - Polling stopped
2025-02-18 13:47:38,490 - aiogram.dispatcher - INFO - Start polling
2025-02-18 13:47:38,564 - aiogram.dispatcher - INFO - Run polling for bot @PlayPalGameBot id=7722417104 - 'PlayPal'
2025-02-18 13:47:42,430 - aiogram.event - INFO - Update id=241309680 is handled. Duration 308 ms by bot id=7722417104
2025-02-18 13:47:47,265 - aiogram.event - INFO - Update id=241309681 is handled. Duration 408 ms by bot id=7722417104
2025-02-18 13:47:53,590 - aiogram.event - INFO - Update id=241309682 is handled. Duration 395 ms by bot id=7722417104
2025-02-18 13:48:01,693 - aiogram.event - INFO - Update id=241309683 is handled. Duration 101 ms by bot id=7722417104
2025-02-18 13:48:03,963 - aiogram.event - INFO - Update id=241309684 is handled. Duration 527 ms by bot id=7722417104
2025-02-18 13:48:06,482 - aiogram.event - INFO - Update id=241309685 is handled. Duration 282 ms by bot id=7722417104
2025-02-18 13:48:22,898 - aiogram.event - INFO - Update id=241309686 is handled. Duration 412 ms by bot id=7722417104
2025-02-18 13:48:24,433 - aiogram.event - INFO - Update id=241309687 is handled. Duration 414 ms by bot id=7722417104
2025-02-18 13:48:26,130 - aiogram.event - INFO - Update id=241309688 is handled. Duration 369 ms by bot id=7722417104
2025-02-18 13:48:41,526 - aiogram.event - INFO - Update id=241309689 is handled. Duration 202 ms by bot id=7722417104
2025-02-18 13:48:44,396 - aiogram.event - INFO - Update id=241309690 is handled. Duration 818 ms by bot id=7722417104
2025-02-18 13:49:35,681 - aiogram.event - INFO - Update id=241309691 is handled. Duration 494 ms by bot id=7722417104
2025-02-18 13:49:42,559 - aiogram.event - INFO - Update id=241309692 is handled. Duration 305 ms by bot id=7722417104
2025-02-18 13:49:45,112 - aiogram.event - INFO - Update id=241309693 is handled. Duration 298 ms by bot id=7722417104
2025-02-18 13:50:16,900 - aiogram.event - INFO - Update id=241309694 is handled. Duration 342 ms by bot id=7722417104
2025-02-18 13:54:46,755 - aiogram.dispatcher - WARNING - Received SIGINT signal
2025-02-18 13:54:46,756 - aiogram.dispatcher - INFO - Polling stopped for bot @PlayPalGameBot id=7722417104 - 'PlayPal'
2025-02-18 13:54:46,756 - aiogram.dispatcher - INFO - Polling stopped
2025-02-18 13:54:49,886 - aiogram.dispatcher - INFO - Start polling
2025-02-18 13:54:49,942 - aiogram.dispatcher - INFO - Run polling for bot @PlayPalGameBot id=7722417104 - 'PlayPal'
2025-02-18 13:55:06,994 - aiogram.event - INFO - Update id=241309695 is handled. Duration 538 ms by bot id=7722417104
2025-02-18 13:55:11,144 - aiogram.event - INFO - Update id=241309696 is handled. Duration 183 ms by bot id=7722417104
2025-02-18 13:55:13,856 - aiogram.event - INFO - Update id=241309697 is handled. Duration 436 ms by bot id=7722417104
2025-02-18 13:55:18,847 - aiogram.event - INFO - Update id=241309698 is not handled. Duration 717 ms by bot id=7722417104
2025-02-18 13:55:18,847 - aiogram.event - ERROR - Cause exception while process update id=241309698 by bot id=7722417104
AttributeError: 'NoneType' object has no attribute 'from_user'
Traceback (most recent call last):
  File "/home/vasilisqq/.cache/pypoetry/virtualenvs/botgames-Y7R7oDsK-py3.12/lib/python3.12/site-packages/aiogram/dispatcher/middlewares/error.py", line 25, in __call__
    return await handler(event, data)
           ^^^^^^^^^^^^^^^^^^^^^^^^^^
  File "/home/vasilisqq/.cache/pypoetry/virtualenvs/botgames-Y7R7oDsK-py3.12/lib/python3.12/site-packages/aiogram/dispatcher/middlewares/user_context.py", line 56, in __call__
    return await handler(event, data)
           ^^^^^^^^^^^^^^^^^^^^^^^^^^
  File "/home/vasilisqq/.cache/pypoetry/virtualenvs/botgames-Y7R7oDsK-py3.12/lib/python3.12/site-packages/aiogram/fsm/middleware.py", line 42, in __call__
    return await handler(event, data)
           ^^^^^^^^^^^^^^^^^^^^^^^^^^
  File "/home/vasilisqq/.cache/pypoetry/virtualenvs/botgames-Y7R7oDsK-py3.12/lib/python3.12/site-packages/aiogram/dispatcher/event/telegram.py", line 121, in trigger
    return await wrapped_inner(event, kwargs)
           ^^^^^^^^^^^^^^^^^^^^^^^^^^^^^^^^^^
  File "/home/vasilisqq/utilites/botGames/bot/middlewares/user_middleware.py", line 30, in __call__
    return await handler(event, data)
           ^^^^^^^^^^^^^^^^^^^^^^^^^^
  File "/home/vasilisqq/.cache/pypoetry/virtualenvs/botgames-Y7R7oDsK-py3.12/lib/python3.12/site-packages/aiogram/dispatcher/event/handler.py", line 43, in call
    return await wrapped()
           ^^^^^^^^^^^^^^^
  File "/home/vasilisqq/.cache/pypoetry/virtualenvs/botgames-Y7R7oDsK-py3.12/lib/python3.12/site-packages/aiogram/dispatcher/dispatcher.py", line 276, in _listen_update
    return await self.propagate_event(update_type=update_type, event=event, **kwargs)
           ^^^^^^^^^^^^^^^^^^^^^^^^^^^^^^^^^^^^^^^^^^^^^^^^^^^^^^^^^^^^^^^^^^^^^^^^^^
  File "/home/vasilisqq/.cache/pypoetry/virtualenvs/botgames-Y7R7oDsK-py3.12/lib/python3.12/site-packages/aiogram/dispatcher/router.py", line 146, in propagate_event
    return await observer.wrap_outer_middleware(_wrapped, event=event, data=kwargs)
           ^^^^^^^^^^^^^^^^^^^^^^^^^^^^^^^^^^^^^^^^^^^^^^^^^^^^^^^^^^^^^^^^^^^^^^^^
  File "/home/vasilisqq/.cache/pypoetry/virtualenvs/botgames-Y7R7oDsK-py3.12/lib/python3.12/site-packages/aiogram/dispatcher/router.py", line 141, in _wrapped
    return await self._propagate_event(
           ^^^^^^^^^^^^^^^^^^^^^^^^^^^^
  File "/home/vasilisqq/.cache/pypoetry/virtualenvs/botgames-Y7R7oDsK-py3.12/lib/python3.12/site-packages/aiogram/dispatcher/router.py", line 174, in _propagate_event
    response = await router.propagate_event(update_type=update_type, event=event, **kwargs)
               ^^^^^^^^^^^^^^^^^^^^^^^^^^^^^^^^^^^^^^^^^^^^^^^^^^^^^^^^^^^^^^^^^^^^^^^^^^^^
  File "/home/vasilisqq/.cache/pypoetry/virtualenvs/botgames-Y7R7oDsK-py3.12/lib/python3.12/site-packages/aiogram/dispatcher/router.py", line 146, in propagate_event
    return await observer.wrap_outer_middleware(_wrapped, event=event, data=kwargs)
           ^^^^^^^^^^^^^^^^^^^^^^^^^^^^^^^^^^^^^^^^^^^^^^^^^^^^^^^^^^^^^^^^^^^^^^^^
  File "/home/vasilisqq/.cache/pypoetry/virtualenvs/botgames-Y7R7oDsK-py3.12/lib/python3.12/site-packages/aiogram/dispatcher/router.py", line 141, in _wrapped
    return await self._propagate_event(
           ^^^^^^^^^^^^^^^^^^^^^^^^^^^^
  File "/home/vasilisqq/.cache/pypoetry/virtualenvs/botgames-Y7R7oDsK-py3.12/lib/python3.12/site-packages/aiogram/dispatcher/router.py", line 166, in _propagate_event
    response = await observer.trigger(event, **kwargs)
               ^^^^^^^^^^^^^^^^^^^^^^^^^^^^^^^^^^^^^^^
  File "/home/vasilisqq/.cache/pypoetry/virtualenvs/botgames-Y7R7oDsK-py3.12/lib/python3.12/site-packages/aiogram/dispatcher/event/telegram.py", line 121, in trigger
    return await wrapped_inner(event, kwargs)
           ^^^^^^^^^^^^^^^^^^^^^^^^^^^^^^^^^^
  File "/home/vasilisqq/.cache/pypoetry/virtualenvs/botgames-Y7R7oDsK-py3.12/lib/python3.12/site-packages/aiogram/dispatcher/event/handler.py", line 43, in call
    return await wrapped()
           ^^^^^^^^^^^^^^^
  File "/home/vasilisqq/utilites/botGames/bot/callbacks/cross_zeroes_callBack.py", line 220, in mark_button
    f"пользователь сделал ход на клетку {query.data[0]+1}",
                                         ~~~~~~~~~~~~~^~
TypeError: can only concatenate str (not "int") to str

During handling of the above exception, another exception occurred:

Traceback (most recent call last):
  File "/home/vasilisqq/utilites/botGames/bot/handlers/errors_handler.py", line 11, in print_error
    f"у пользователя {event.update.message.from_user.username} произошла ошибка {event.exception}/n"+
                      ^^^^^^^^^^^^^^^^^^^^^^^^^^^^^^
AttributeError: 'NoneType' object has no attribute 'from_user'

During handling of the above exception, another exception occurred:

Traceback (most recent call last):
  File "/home/vasilisqq/utilites/botGames/bot/handlers/errors_handler.py", line 17, in print_error
    f"у пользователя {event.update.callback_query.from_user.username} произошла ошибка {event.exception.with_traceback()}\n"+
                                                                                        ^^^^^^^^^^^^^^^^^^^^^^^^^^^^^^^^
TypeError: BaseException.with_traceback() takes exactly one argument (0 given)

During handling of the above exception, another exception occurred:

Traceback (most recent call last):
  File "/home/vasilisqq/.cache/pypoetry/virtualenvs/botgames-Y7R7oDsK-py3.12/lib/python3.12/site-packages/aiogram/dispatcher/dispatcher.py", line 309, in _process_update
    response = await self.feed_update(bot, update, **kwargs)
               ^^^^^^^^^^^^^^^^^^^^^^^^^^^^^^^^^^^^^^^^^^^^^
  File "/home/vasilisqq/.cache/pypoetry/virtualenvs/botgames-Y7R7oDsK-py3.12/lib/python3.12/site-packages/aiogram/dispatcher/dispatcher.py", line 158, in feed_update
    response = await self.update.wrap_outer_middleware(
               ^^^^^^^^^^^^^^^^^^^^^^^^^^^^^^^^^^^^^^^^
  File "/home/vasilisqq/.cache/pypoetry/virtualenvs/botgames-Y7R7oDsK-py3.12/lib/python3.12/site-packages/aiogram/dispatcher/middlewares/error.py", line 29, in __call__
    response = await self.router.propagate_event(
               ^^^^^^^^^^^^^^^^^^^^^^^^^^^^^^^^^^
  File "/home/vasilisqq/.cache/pypoetry/virtualenvs/botgames-Y7R7oDsK-py3.12/lib/python3.12/site-packages/aiogram/dispatcher/router.py", line 146, in propagate_event
    return await observer.wrap_outer_middleware(_wrapped, event=event, data=kwargs)
           ^^^^^^^^^^^^^^^^^^^^^^^^^^^^^^^^^^^^^^^^^^^^^^^^^^^^^^^^^^^^^^^^^^^^^^^^
  File "/home/vasilisqq/.cache/pypoetry/virtualenvs/botgames-Y7R7oDsK-py3.12/lib/python3.12/site-packages/aiogram/dispatcher/router.py", line 141, in _wrapped
    return await self._propagate_event(
           ^^^^^^^^^^^^^^^^^^^^^^^^^^^^
  File "/home/vasilisqq/.cache/pypoetry/virtualenvs/botgames-Y7R7oDsK-py3.12/lib/python3.12/site-packages/aiogram/dispatcher/router.py", line 174, in _propagate_event
    response = await router.propagate_event(update_type=update_type, event=event, **kwargs)
               ^^^^^^^^^^^^^^^^^^^^^^^^^^^^^^^^^^^^^^^^^^^^^^^^^^^^^^^^^^^^^^^^^^^^^^^^^^^^
  File "/home/vasilisqq/.cache/pypoetry/virtualenvs/botgames-Y7R7oDsK-py3.12/lib/python3.12/site-packages/aiogram/dispatcher/router.py", line 146, in propagate_event
    return await observer.wrap_outer_middleware(_wrapped, event=event, data=kwargs)
           ^^^^^^^^^^^^^^^^^^^^^^^^^^^^^^^^^^^^^^^^^^^^^^^^^^^^^^^^^^^^^^^^^^^^^^^^
  File "/home/vasilisqq/.cache/pypoetry/virtualenvs/botgames-Y7R7oDsK-py3.12/lib/python3.12/site-packages/aiogram/dispatcher/router.py", line 141, in _wrapped
    return await self._propagate_event(
           ^^^^^^^^^^^^^^^^^^^^^^^^^^^^
  File "/home/vasilisqq/.cache/pypoetry/virtualenvs/botgames-Y7R7oDsK-py3.12/lib/python3.12/site-packages/aiogram/dispatcher/router.py", line 166, in _propagate_event
    response = await observer.trigger(event, **kwargs)
               ^^^^^^^^^^^^^^^^^^^^^^^^^^^^^^^^^^^^^^^
  File "/home/vasilisqq/.cache/pypoetry/virtualenvs/botgames-Y7R7oDsK-py3.12/lib/python3.12/site-packages/aiogram/dispatcher/event/telegram.py", line 121, in trigger
    return await wrapped_inner(event, kwargs)
           ^^^^^^^^^^^^^^^^^^^^^^^^^^^^^^^^^^
  File "/home/vasilisqq/.cache/pypoetry/virtualenvs/botgames-Y7R7oDsK-py3.12/lib/python3.12/site-packages/aiogram/dispatcher/event/handler.py", line 43, in call
    return await wrapped()
           ^^^^^^^^^^^^^^^
  File "/home/vasilisqq/utilites/botGames/bot/handlers/errors_handler.py", line 22, in print_error
    f"у пользователя {event.update.inline_query.from_user.username} произошла ошибка {event.exception.with_traceback()} \n"+
                      ^^^^^^^^^^^^^^^^^^^^^^^^^^^^^^^^^^^
AttributeError: 'NoneType' object has no attribute 'from_user'
2025-02-18 13:55:25,082 - aiogram.event - INFO - Update id=241309699 is handled. Duration 91 ms by bot id=7722417104
2025-02-18 13:55:30,605 - aiogram.event - INFO - Update id=241309700 is handled. Duration 81 ms by bot id=7722417104
2025-02-18 14:00:30,101 - aiogram.dispatcher - WARNING - Received SIGINT signal
2025-02-18 14:00:30,102 - aiogram.dispatcher - INFO - Polling stopped for bot @PlayPalGameBot id=7722417104 - 'PlayPal'
2025-02-18 14:00:30,102 - aiogram.dispatcher - INFO - Polling stopped
2025-02-18 14:00:32,737 - aiogram.dispatcher - INFO - Start polling
2025-02-18 14:00:32,805 - aiogram.dispatcher - INFO - Run polling for bot @PlayPalGameBot id=7722417104 - 'PlayPal'
2025-02-18 14:00:43,573 - aiogram.event - INFO - Update id=241309701 is handled. Duration 530 ms by bot id=7722417104
2025-02-18 14:00:45,935 - aiogram.event - INFO - Update id=241309702 is handled. Duration 630 ms by bot id=7722417104
2025-02-18 14:00:48,398 - aiogram.event - INFO - Update id=241309703 is not handled. Duration 230 ms by bot id=7722417104
2025-02-18 14:00:48,398 - aiogram.event - ERROR - Cause exception while process update id=241309703 by bot id=7722417104
TelegramBadRequest: Telegram server says - Bad Request: message caption is too long
Traceback (most recent call last):
  File "/home/vasilisqq/.cache/pypoetry/virtualenvs/botgames-Y7R7oDsK-py3.12/lib/python3.12/site-packages/aiogram/dispatcher/middlewares/error.py", line 25, in __call__
    return await handler(event, data)
           ^^^^^^^^^^^^^^^^^^^^^^^^^^
  File "/home/vasilisqq/.cache/pypoetry/virtualenvs/botgames-Y7R7oDsK-py3.12/lib/python3.12/site-packages/aiogram/dispatcher/middlewares/user_context.py", line 56, in __call__
    return await handler(event, data)
           ^^^^^^^^^^^^^^^^^^^^^^^^^^
  File "/home/vasilisqq/.cache/pypoetry/virtualenvs/botgames-Y7R7oDsK-py3.12/lib/python3.12/site-packages/aiogram/fsm/middleware.py", line 42, in __call__
    return await handler(event, data)
           ^^^^^^^^^^^^^^^^^^^^^^^^^^
  File "/home/vasilisqq/.cache/pypoetry/virtualenvs/botgames-Y7R7oDsK-py3.12/lib/python3.12/site-packages/aiogram/dispatcher/event/telegram.py", line 121, in trigger
    return await wrapped_inner(event, kwargs)
           ^^^^^^^^^^^^^^^^^^^^^^^^^^^^^^^^^^
  File "/home/vasilisqq/utilites/botGames/bot/middlewares/user_middleware.py", line 30, in __call__
    return await handler(event, data)
           ^^^^^^^^^^^^^^^^^^^^^^^^^^
  File "/home/vasilisqq/.cache/pypoetry/virtualenvs/botgames-Y7R7oDsK-py3.12/lib/python3.12/site-packages/aiogram/dispatcher/event/handler.py", line 43, in call
    return await wrapped()
           ^^^^^^^^^^^^^^^
  File "/home/vasilisqq/.cache/pypoetry/virtualenvs/botgames-Y7R7oDsK-py3.12/lib/python3.12/site-packages/aiogram/dispatcher/dispatcher.py", line 276, in _listen_update
    return await self.propagate_event(update_type=update_type, event=event, **kwargs)
           ^^^^^^^^^^^^^^^^^^^^^^^^^^^^^^^^^^^^^^^^^^^^^^^^^^^^^^^^^^^^^^^^^^^^^^^^^^
  File "/home/vasilisqq/.cache/pypoetry/virtualenvs/botgames-Y7R7oDsK-py3.12/lib/python3.12/site-packages/aiogram/dispatcher/router.py", line 146, in propagate_event
    return await observer.wrap_outer_middleware(_wrapped, event=event, data=kwargs)
           ^^^^^^^^^^^^^^^^^^^^^^^^^^^^^^^^^^^^^^^^^^^^^^^^^^^^^^^^^^^^^^^^^^^^^^^^
  File "/home/vasilisqq/.cache/pypoetry/virtualenvs/botgames-Y7R7oDsK-py3.12/lib/python3.12/site-packages/aiogram/dispatcher/router.py", line 141, in _wrapped
    return await self._propagate_event(
           ^^^^^^^^^^^^^^^^^^^^^^^^^^^^
  File "/home/vasilisqq/.cache/pypoetry/virtualenvs/botgames-Y7R7oDsK-py3.12/lib/python3.12/site-packages/aiogram/dispatcher/router.py", line 174, in _propagate_event
    response = await router.propagate_event(update_type=update_type, event=event, **kwargs)
               ^^^^^^^^^^^^^^^^^^^^^^^^^^^^^^^^^^^^^^^^^^^^^^^^^^^^^^^^^^^^^^^^^^^^^^^^^^^^
  File "/home/vasilisqq/.cache/pypoetry/virtualenvs/botgames-Y7R7oDsK-py3.12/lib/python3.12/site-packages/aiogram/dispatcher/router.py", line 146, in propagate_event
    return await observer.wrap_outer_middleware(_wrapped, event=event, data=kwargs)
           ^^^^^^^^^^^^^^^^^^^^^^^^^^^^^^^^^^^^^^^^^^^^^^^^^^^^^^^^^^^^^^^^^^^^^^^^
  File "/home/vasilisqq/.cache/pypoetry/virtualenvs/botgames-Y7R7oDsK-py3.12/lib/python3.12/site-packages/aiogram/dispatcher/router.py", line 141, in _wrapped
    return await self._propagate_event(
           ^^^^^^^^^^^^^^^^^^^^^^^^^^^^
  File "/home/vasilisqq/.cache/pypoetry/virtualenvs/botgames-Y7R7oDsK-py3.12/lib/python3.12/site-packages/aiogram/dispatcher/router.py", line 166, in _propagate_event
    response = await observer.trigger(event, **kwargs)
               ^^^^^^^^^^^^^^^^^^^^^^^^^^^^^^^^^^^^^^^
  File "/home/vasilisqq/.cache/pypoetry/virtualenvs/botgames-Y7R7oDsK-py3.12/lib/python3.12/site-packages/aiogram/dispatcher/event/telegram.py", line 121, in trigger
    return await wrapped_inner(event, kwargs)
           ^^^^^^^^^^^^^^^^^^^^^^^^^^^^^^^^^^
  File "/home/vasilisqq/.cache/pypoetry/virtualenvs/botgames-Y7R7oDsK-py3.12/lib/python3.12/site-packages/aiogram/dispatcher/event/handler.py", line 43, in call
    return await wrapped()
           ^^^^^^^^^^^^^^^
  File "/home/vasilisqq/utilites/botGames/bot/callbacks/cross_zeroes_callBack.py", line 220, in mark_button
    f"пользователь сделал ход на клетку {query.data[0]+1}",
                                         ~~~~~~~~~~~~~^~
TypeError: can only concatenate str (not "int") to str

During handling of the above exception, another exception occurred:

Traceback (most recent call last):
  File "/home/vasilisqq/.cache/pypoetry/virtualenvs/botgames-Y7R7oDsK-py3.12/lib/python3.12/site-packages/aiogram/dispatcher/dispatcher.py", line 309, in _process_update
    response = await self.feed_update(bot, update, **kwargs)
               ^^^^^^^^^^^^^^^^^^^^^^^^^^^^^^^^^^^^^^^^^^^^^
  File "/home/vasilisqq/.cache/pypoetry/virtualenvs/botgames-Y7R7oDsK-py3.12/lib/python3.12/site-packages/aiogram/dispatcher/dispatcher.py", line 158, in feed_update
    response = await self.update.wrap_outer_middleware(
               ^^^^^^^^^^^^^^^^^^^^^^^^^^^^^^^^^^^^^^^^
  File "/home/vasilisqq/.cache/pypoetry/virtualenvs/botgames-Y7R7oDsK-py3.12/lib/python3.12/site-packages/aiogram/dispatcher/middlewares/error.py", line 29, in __call__
    response = await self.router.propagate_event(
               ^^^^^^^^^^^^^^^^^^^^^^^^^^^^^^^^^^
  File "/home/vasilisqq/.cache/pypoetry/virtualenvs/botgames-Y7R7oDsK-py3.12/lib/python3.12/site-packages/aiogram/dispatcher/router.py", line 146, in propagate_event
    return await observer.wrap_outer_middleware(_wrapped, event=event, data=kwargs)
           ^^^^^^^^^^^^^^^^^^^^^^^^^^^^^^^^^^^^^^^^^^^^^^^^^^^^^^^^^^^^^^^^^^^^^^^^
  File "/home/vasilisqq/.cache/pypoetry/virtualenvs/botgames-Y7R7oDsK-py3.12/lib/python3.12/site-packages/aiogram/dispatcher/router.py", line 141, in _wrapped
    return await self._propagate_event(
           ^^^^^^^^^^^^^^^^^^^^^^^^^^^^
  File "/home/vasilisqq/.cache/pypoetry/virtualenvs/botgames-Y7R7oDsK-py3.12/lib/python3.12/site-packages/aiogram/dispatcher/router.py", line 174, in _propagate_event
    response = await router.propagate_event(update_type=update_type, event=event, **kwargs)
               ^^^^^^^^^^^^^^^^^^^^^^^^^^^^^^^^^^^^^^^^^^^^^^^^^^^^^^^^^^^^^^^^^^^^^^^^^^^^
  File "/home/vasilisqq/.cache/pypoetry/virtualenvs/botgames-Y7R7oDsK-py3.12/lib/python3.12/site-packages/aiogram/dispatcher/router.py", line 146, in propagate_event
    return await observer.wrap_outer_middleware(_wrapped, event=event, data=kwargs)
           ^^^^^^^^^^^^^^^^^^^^^^^^^^^^^^^^^^^^^^^^^^^^^^^^^^^^^^^^^^^^^^^^^^^^^^^^
  File "/home/vasilisqq/.cache/pypoetry/virtualenvs/botgames-Y7R7oDsK-py3.12/lib/python3.12/site-packages/aiogram/dispatcher/router.py", line 141, in _wrapped
    return await self._propagate_event(
           ^^^^^^^^^^^^^^^^^^^^^^^^^^^^
  File "/home/vasilisqq/.cache/pypoetry/virtualenvs/botgames-Y7R7oDsK-py3.12/lib/python3.12/site-packages/aiogram/dispatcher/router.py", line 166, in _propagate_event
    response = await observer.trigger(event, **kwargs)
               ^^^^^^^^^^^^^^^^^^^^^^^^^^^^^^^^^^^^^^^
  File "/home/vasilisqq/.cache/pypoetry/virtualenvs/botgames-Y7R7oDsK-py3.12/lib/python3.12/site-packages/aiogram/dispatcher/event/telegram.py", line 121, in trigger
    return await wrapped_inner(event, kwargs)
           ^^^^^^^^^^^^^^^^^^^^^^^^^^^^^^^^^^
  File "/home/vasilisqq/.cache/pypoetry/virtualenvs/botgames-Y7R7oDsK-py3.12/lib/python3.12/site-packages/aiogram/dispatcher/event/handler.py", line 43, in call
    return await wrapped()
           ^^^^^^^^^^^^^^^
  File "/home/vasilisqq/utilites/botGames/bot/handlers/errors_handler.py", line 31, in print_error
    await event.update.bot.send_document(
  File "/home/vasilisqq/.cache/pypoetry/virtualenvs/botgames-Y7R7oDsK-py3.12/lib/python3.12/site-packages/aiogram/client/bot.py", line 2608, in send_document
    return await self(call, request_timeout=request_timeout)
           ^^^^^^^^^^^^^^^^^^^^^^^^^^^^^^^^^^^^^^^^^^^^^^^^^
  File "/home/vasilisqq/.cache/pypoetry/virtualenvs/botgames-Y7R7oDsK-py3.12/lib/python3.12/site-packages/aiogram/client/bot.py", line 494, in __call__
    return await self.session(self, method, timeout=request_timeout)
           ^^^^^^^^^^^^^^^^^^^^^^^^^^^^^^^^^^^^^^^^^^^^^^^^^^^^^^^^^
  File "/home/vasilisqq/.cache/pypoetry/virtualenvs/botgames-Y7R7oDsK-py3.12/lib/python3.12/site-packages/aiogram/client/session/base.py", line 254, in __call__
    return cast(TelegramType, await middleware(bot, method))
                              ^^^^^^^^^^^^^^^^^^^^^^^^^^^^^
  File "/home/vasilisqq/.cache/pypoetry/virtualenvs/botgames-Y7R7oDsK-py3.12/lib/python3.12/site-packages/aiogram/client/session/aiohttp.py", line 189, in make_request
    response = self.check_response(
               ^^^^^^^^^^^^^^^^^^^^
  File "/home/vasilisqq/.cache/pypoetry/virtualenvs/botgames-Y7R7oDsK-py3.12/lib/python3.12/site-packages/aiogram/client/session/base.py", line 120, in check_response
    raise TelegramBadRequest(method=method, message=description)
aiogram.exceptions.TelegramBadRequest: Telegram server says - Bad Request: message caption is too long
2025-02-18 14:03:04,173 - aiogram.dispatcher - WARNING - Received SIGINT signal
2025-02-18 14:03:04,174 - aiogram.dispatcher - INFO - Polling stopped for bot @PlayPalGameBot id=7722417104 - 'PlayPal'
2025-02-18 14:03:04,174 - aiogram.dispatcher - INFO - Polling stopped
2025-02-18 14:03:06,974 - aiogram.dispatcher - INFO - Start polling
2025-02-18 14:03:07,031 - aiogram.dispatcher - INFO - Run polling for bot @PlayPalGameBot id=7722417104 - 'PlayPal'
2025-02-18 14:03:12,970 - aiogram.event - INFO - Update id=241309704 is handled. Duration 234 ms by bot id=7722417104
2025-02-18 14:03:16,722 - aiogram.event - INFO - Update id=241309705 is handled. Duration 665 ms by bot id=7722417104
2025-02-18 14:03:20,637 - aiogram.event - INFO - Update id=241309706 is handled. Duration 179 ms by bot id=7722417104
2025-02-18 14:03:30,225 - aiogram.event - INFO - Update id=241309707 is handled. Duration 161 ms by bot id=7722417104
2025-02-18 14:03:34,224 - aiogram.event - INFO - Update id=241309708 is handled. Duration 166 ms by bot id=7722417104
2025-02-18 14:03:36,380 - aiogram.event - INFO - Update id=241309709 is handled. Duration 174 ms by bot id=7722417104
2025-02-18 14:03:37,407 - aiogram.event - INFO - Update id=241309710 is handled. Duration 175 ms by bot id=7722417104
2025-02-18 14:03:39,493 - aiogram.event - INFO - Update id=241309711 is handled. Duration 192 ms by bot id=7722417104
2025-02-18 14:04:38,985 - aiogram.event - INFO - Update id=241309712 is handled. Duration 208 ms by bot id=7722417104
2025-02-18 14:05:33,660 - aiogram.event - INFO - Update id=241309713 is handled. Duration 1633 ms by bot id=7722417104
2025-02-18 14:05:35,492 - aiogram.event - INFO - Update id=241309714 is handled. Duration 90 ms by bot id=7722417104
2025-02-18 14:05:36,956 - aiogram.event - INFO - Update id=241309715 is handled. Duration 427 ms by bot id=7722417104
2025-02-18 14:05:39,556 - aiogram.event - INFO - Update id=241309716 is handled. Duration 563 ms by bot id=7722417104
2025-02-18 14:05:41,941 - aiogram.event - INFO - Update id=241309717 is not handled. Duration 85 ms by bot id=7722417104
2025-02-18 14:05:41,941 - aiogram.event - ERROR - Cause exception while process update id=241309717 by bot id=7722417104
TelegramBadRequest: Telegram server says - Bad Request: message caption is too long
Traceback (most recent call last):
  File "/home/vasilisqq/.cache/pypoetry/virtualenvs/botgames-Y7R7oDsK-py3.12/lib/python3.12/site-packages/aiogram/dispatcher/middlewares/error.py", line 25, in __call__
    return await handler(event, data)
           ^^^^^^^^^^^^^^^^^^^^^^^^^^
  File "/home/vasilisqq/.cache/pypoetry/virtualenvs/botgames-Y7R7oDsK-py3.12/lib/python3.12/site-packages/aiogram/dispatcher/middlewares/user_context.py", line 56, in __call__
    return await handler(event, data)
           ^^^^^^^^^^^^^^^^^^^^^^^^^^
  File "/home/vasilisqq/.cache/pypoetry/virtualenvs/botgames-Y7R7oDsK-py3.12/lib/python3.12/site-packages/aiogram/fsm/middleware.py", line 42, in __call__
    return await handler(event, data)
           ^^^^^^^^^^^^^^^^^^^^^^^^^^
  File "/home/vasilisqq/.cache/pypoetry/virtualenvs/botgames-Y7R7oDsK-py3.12/lib/python3.12/site-packages/aiogram/dispatcher/event/telegram.py", line 121, in trigger
    return await wrapped_inner(event, kwargs)
           ^^^^^^^^^^^^^^^^^^^^^^^^^^^^^^^^^^
  File "/home/vasilisqq/utilites/botGames/bot/middlewares/user_middleware.py", line 30, in __call__
    return await handler(event, data)
           ^^^^^^^^^^^^^^^^^^^^^^^^^^
  File "/home/vasilisqq/.cache/pypoetry/virtualenvs/botgames-Y7R7oDsK-py3.12/lib/python3.12/site-packages/aiogram/dispatcher/event/handler.py", line 43, in call
    return await wrapped()
           ^^^^^^^^^^^^^^^
  File "/home/vasilisqq/.cache/pypoetry/virtualenvs/botgames-Y7R7oDsK-py3.12/lib/python3.12/site-packages/aiogram/dispatcher/dispatcher.py", line 276, in _listen_update
    return await self.propagate_event(update_type=update_type, event=event, **kwargs)
           ^^^^^^^^^^^^^^^^^^^^^^^^^^^^^^^^^^^^^^^^^^^^^^^^^^^^^^^^^^^^^^^^^^^^^^^^^^
  File "/home/vasilisqq/.cache/pypoetry/virtualenvs/botgames-Y7R7oDsK-py3.12/lib/python3.12/site-packages/aiogram/dispatcher/router.py", line 146, in propagate_event
    return await observer.wrap_outer_middleware(_wrapped, event=event, data=kwargs)
           ^^^^^^^^^^^^^^^^^^^^^^^^^^^^^^^^^^^^^^^^^^^^^^^^^^^^^^^^^^^^^^^^^^^^^^^^
  File "/home/vasilisqq/.cache/pypoetry/virtualenvs/botgames-Y7R7oDsK-py3.12/lib/python3.12/site-packages/aiogram/dispatcher/router.py", line 141, in _wrapped
    return await self._propagate_event(
           ^^^^^^^^^^^^^^^^^^^^^^^^^^^^
  File "/home/vasilisqq/.cache/pypoetry/virtualenvs/botgames-Y7R7oDsK-py3.12/lib/python3.12/site-packages/aiogram/dispatcher/router.py", line 174, in _propagate_event
    response = await router.propagate_event(update_type=update_type, event=event, **kwargs)
               ^^^^^^^^^^^^^^^^^^^^^^^^^^^^^^^^^^^^^^^^^^^^^^^^^^^^^^^^^^^^^^^^^^^^^^^^^^^^
  File "/home/vasilisqq/.cache/pypoetry/virtualenvs/botgames-Y7R7oDsK-py3.12/lib/python3.12/site-packages/aiogram/dispatcher/router.py", line 146, in propagate_event
    return await observer.wrap_outer_middleware(_wrapped, event=event, data=kwargs)
           ^^^^^^^^^^^^^^^^^^^^^^^^^^^^^^^^^^^^^^^^^^^^^^^^^^^^^^^^^^^^^^^^^^^^^^^^
  File "/home/vasilisqq/.cache/pypoetry/virtualenvs/botgames-Y7R7oDsK-py3.12/lib/python3.12/site-packages/aiogram/dispatcher/router.py", line 141, in _wrapped
    return await self._propagate_event(
           ^^^^^^^^^^^^^^^^^^^^^^^^^^^^
  File "/home/vasilisqq/.cache/pypoetry/virtualenvs/botgames-Y7R7oDsK-py3.12/lib/python3.12/site-packages/aiogram/dispatcher/router.py", line 166, in _propagate_event
    response = await observer.trigger(event, **kwargs)
               ^^^^^^^^^^^^^^^^^^^^^^^^^^^^^^^^^^^^^^^
  File "/home/vasilisqq/.cache/pypoetry/virtualenvs/botgames-Y7R7oDsK-py3.12/lib/python3.12/site-packages/aiogram/dispatcher/event/telegram.py", line 121, in trigger
    return await wrapped_inner(event, kwargs)
           ^^^^^^^^^^^^^^^^^^^^^^^^^^^^^^^^^^
  File "/home/vasilisqq/.cache/pypoetry/virtualenvs/botgames-Y7R7oDsK-py3.12/lib/python3.12/site-packages/aiogram/dispatcher/event/handler.py", line 43, in call
    return await wrapped()
           ^^^^^^^^^^^^^^^
  File "/home/vasilisqq/utilites/botGames/bot/callbacks/cross_zeroes_callBack.py", line 28, in mark_button
    game.crossZeroes.scheduler.remove_job(query.inline_message_id)
  File "/home/vasilisqq/.cache/pypoetry/virtualenvs/botgames-Y7R7oDsK-py3.12/lib/python3.12/site-packages/apscheduler/schedulers/base.py", line 722, in remove_job
    raise JobLookupError(job_id)
apscheduler.jobstores.base.JobLookupError: 'No job by the id of None was found'

During handling of the above exception, another exception occurred:

Traceback (most recent call last):
  File "/home/vasilisqq/.cache/pypoetry/virtualenvs/botgames-Y7R7oDsK-py3.12/lib/python3.12/site-packages/aiogram/dispatcher/dispatcher.py", line 309, in _process_update
    response = await self.feed_update(bot, update, **kwargs)
               ^^^^^^^^^^^^^^^^^^^^^^^^^^^^^^^^^^^^^^^^^^^^^
  File "/home/vasilisqq/.cache/pypoetry/virtualenvs/botgames-Y7R7oDsK-py3.12/lib/python3.12/site-packages/aiogram/dispatcher/dispatcher.py", line 158, in feed_update
    response = await self.update.wrap_outer_middleware(
               ^^^^^^^^^^^^^^^^^^^^^^^^^^^^^^^^^^^^^^^^
  File "/home/vasilisqq/.cache/pypoetry/virtualenvs/botgames-Y7R7oDsK-py3.12/lib/python3.12/site-packages/aiogram/dispatcher/middlewares/error.py", line 29, in __call__
    response = await self.router.propagate_event(
               ^^^^^^^^^^^^^^^^^^^^^^^^^^^^^^^^^^
  File "/home/vasilisqq/.cache/pypoetry/virtualenvs/botgames-Y7R7oDsK-py3.12/lib/python3.12/site-packages/aiogram/dispatcher/router.py", line 146, in propagate_event
    return await observer.wrap_outer_middleware(_wrapped, event=event, data=kwargs)
           ^^^^^^^^^^^^^^^^^^^^^^^^^^^^^^^^^^^^^^^^^^^^^^^^^^^^^^^^^^^^^^^^^^^^^^^^
  File "/home/vasilisqq/.cache/pypoetry/virtualenvs/botgames-Y7R7oDsK-py3.12/lib/python3.12/site-packages/aiogram/dispatcher/router.py", line 141, in _wrapped
    return await self._propagate_event(
           ^^^^^^^^^^^^^^^^^^^^^^^^^^^^
  File "/home/vasilisqq/.cache/pypoetry/virtualenvs/botgames-Y7R7oDsK-py3.12/lib/python3.12/site-packages/aiogram/dispatcher/router.py", line 174, in _propagate_event
    response = await router.propagate_event(update_type=update_type, event=event, **kwargs)
               ^^^^^^^^^^^^^^^^^^^^^^^^^^^^^^^^^^^^^^^^^^^^^^^^^^^^^^^^^^^^^^^^^^^^^^^^^^^^
  File "/home/vasilisqq/.cache/pypoetry/virtualenvs/botgames-Y7R7oDsK-py3.12/lib/python3.12/site-packages/aiogram/dispatcher/router.py", line 146, in propagate_event
    return await observer.wrap_outer_middleware(_wrapped, event=event, data=kwargs)
           ^^^^^^^^^^^^^^^^^^^^^^^^^^^^^^^^^^^^^^^^^^^^^^^^^^^^^^^^^^^^^^^^^^^^^^^^
  File "/home/vasilisqq/.cache/pypoetry/virtualenvs/botgames-Y7R7oDsK-py3.12/lib/python3.12/site-packages/aiogram/dispatcher/router.py", line 141, in _wrapped
    return await self._propagate_event(
           ^^^^^^^^^^^^^^^^^^^^^^^^^^^^
  File "/home/vasilisqq/.cache/pypoetry/virtualenvs/botgames-Y7R7oDsK-py3.12/lib/python3.12/site-packages/aiogram/dispatcher/router.py", line 166, in _propagate_event
    response = await observer.trigger(event, **kwargs)
               ^^^^^^^^^^^^^^^^^^^^^^^^^^^^^^^^^^^^^^^
  File "/home/vasilisqq/.cache/pypoetry/virtualenvs/botgames-Y7R7oDsK-py3.12/lib/python3.12/site-packages/aiogram/dispatcher/event/telegram.py", line 121, in trigger
    return await wrapped_inner(event, kwargs)
           ^^^^^^^^^^^^^^^^^^^^^^^^^^^^^^^^^^
  File "/home/vasilisqq/.cache/pypoetry/virtualenvs/botgames-Y7R7oDsK-py3.12/lib/python3.12/site-packages/aiogram/dispatcher/event/handler.py", line 43, in call
    return await wrapped()
           ^^^^^^^^^^^^^^^
  File "/home/vasilisqq/utilites/botGames/bot/handlers/errors_handler.py", line 31, in print_error
    await event.update.bot.send_document(
  File "/home/vasilisqq/.cache/pypoetry/virtualenvs/botgames-Y7R7oDsK-py3.12/lib/python3.12/site-packages/aiogram/client/bot.py", line 2608, in send_document
    return await self(call, request_timeout=request_timeout)
           ^^^^^^^^^^^^^^^^^^^^^^^^^^^^^^^^^^^^^^^^^^^^^^^^^
  File "/home/vasilisqq/.cache/pypoetry/virtualenvs/botgames-Y7R7oDsK-py3.12/lib/python3.12/site-packages/aiogram/client/bot.py", line 494, in __call__
    return await self.session(self, method, timeout=request_timeout)
           ^^^^^^^^^^^^^^^^^^^^^^^^^^^^^^^^^^^^^^^^^^^^^^^^^^^^^^^^^
  File "/home/vasilisqq/.cache/pypoetry/virtualenvs/botgames-Y7R7oDsK-py3.12/lib/python3.12/site-packages/aiogram/client/session/base.py", line 254, in __call__
    return cast(TelegramType, await middleware(bot, method))
                              ^^^^^^^^^^^^^^^^^^^^^^^^^^^^^
  File "/home/vasilisqq/.cache/pypoetry/virtualenvs/botgames-Y7R7oDsK-py3.12/lib/python3.12/site-packages/aiogram/client/session/aiohttp.py", line 189, in make_request
    response = self.check_response(
               ^^^^^^^^^^^^^^^^^^^^
  File "/home/vasilisqq/.cache/pypoetry/virtualenvs/botgames-Y7R7oDsK-py3.12/lib/python3.12/site-packages/aiogram/client/session/base.py", line 120, in check_response
    raise TelegramBadRequest(method=method, message=description)
aiogram.exceptions.TelegramBadRequest: Telegram server says - Bad Request: message caption is too long
2025-02-18 14:05:48,931 - aiogram.event - INFO - Update id=241309718 is not handled. Duration 111 ms by bot id=7722417104
2025-02-18 14:05:48,931 - aiogram.event - ERROR - Cause exception while process update id=241309718 by bot id=7722417104
TelegramBadRequest: Telegram server says - Bad Request: message caption is too long
Traceback (most recent call last):
  File "/home/vasilisqq/.cache/pypoetry/virtualenvs/botgames-Y7R7oDsK-py3.12/lib/python3.12/site-packages/aiogram/dispatcher/middlewares/error.py", line 25, in __call__
    return await handler(event, data)
           ^^^^^^^^^^^^^^^^^^^^^^^^^^
  File "/home/vasilisqq/.cache/pypoetry/virtualenvs/botgames-Y7R7oDsK-py3.12/lib/python3.12/site-packages/aiogram/dispatcher/middlewares/user_context.py", line 56, in __call__
    return await handler(event, data)
           ^^^^^^^^^^^^^^^^^^^^^^^^^^
  File "/home/vasilisqq/.cache/pypoetry/virtualenvs/botgames-Y7R7oDsK-py3.12/lib/python3.12/site-packages/aiogram/fsm/middleware.py", line 42, in __call__
    return await handler(event, data)
           ^^^^^^^^^^^^^^^^^^^^^^^^^^
  File "/home/vasilisqq/.cache/pypoetry/virtualenvs/botgames-Y7R7oDsK-py3.12/lib/python3.12/site-packages/aiogram/dispatcher/event/telegram.py", line 121, in trigger
    return await wrapped_inner(event, kwargs)
           ^^^^^^^^^^^^^^^^^^^^^^^^^^^^^^^^^^
  File "/home/vasilisqq/utilites/botGames/bot/middlewares/user_middleware.py", line 30, in __call__
    return await handler(event, data)
           ^^^^^^^^^^^^^^^^^^^^^^^^^^
  File "/home/vasilisqq/.cache/pypoetry/virtualenvs/botgames-Y7R7oDsK-py3.12/lib/python3.12/site-packages/aiogram/dispatcher/event/handler.py", line 43, in call
    return await wrapped()
           ^^^^^^^^^^^^^^^
  File "/home/vasilisqq/.cache/pypoetry/virtualenvs/botgames-Y7R7oDsK-py3.12/lib/python3.12/site-packages/aiogram/dispatcher/dispatcher.py", line 276, in _listen_update
    return await self.propagate_event(update_type=update_type, event=event, **kwargs)
           ^^^^^^^^^^^^^^^^^^^^^^^^^^^^^^^^^^^^^^^^^^^^^^^^^^^^^^^^^^^^^^^^^^^^^^^^^^
  File "/home/vasilisqq/.cache/pypoetry/virtualenvs/botgames-Y7R7oDsK-py3.12/lib/python3.12/site-packages/aiogram/dispatcher/router.py", line 146, in propagate_event
    return await observer.wrap_outer_middleware(_wrapped, event=event, data=kwargs)
           ^^^^^^^^^^^^^^^^^^^^^^^^^^^^^^^^^^^^^^^^^^^^^^^^^^^^^^^^^^^^^^^^^^^^^^^^
  File "/home/vasilisqq/.cache/pypoetry/virtualenvs/botgames-Y7R7oDsK-py3.12/lib/python3.12/site-packages/aiogram/dispatcher/router.py", line 141, in _wrapped
    return await self._propagate_event(
           ^^^^^^^^^^^^^^^^^^^^^^^^^^^^
  File "/home/vasilisqq/.cache/pypoetry/virtualenvs/botgames-Y7R7oDsK-py3.12/lib/python3.12/site-packages/aiogram/dispatcher/router.py", line 174, in _propagate_event
    response = await router.propagate_event(update_type=update_type, event=event, **kwargs)
               ^^^^^^^^^^^^^^^^^^^^^^^^^^^^^^^^^^^^^^^^^^^^^^^^^^^^^^^^^^^^^^^^^^^^^^^^^^^^
  File "/home/vasilisqq/.cache/pypoetry/virtualenvs/botgames-Y7R7oDsK-py3.12/lib/python3.12/site-packages/aiogram/dispatcher/router.py", line 146, in propagate_event
    return await observer.wrap_outer_middleware(_wrapped, event=event, data=kwargs)
           ^^^^^^^^^^^^^^^^^^^^^^^^^^^^^^^^^^^^^^^^^^^^^^^^^^^^^^^^^^^^^^^^^^^^^^^^
  File "/home/vasilisqq/.cache/pypoetry/virtualenvs/botgames-Y7R7oDsK-py3.12/lib/python3.12/site-packages/aiogram/dispatcher/router.py", line 141, in _wrapped
    return await self._propagate_event(
           ^^^^^^^^^^^^^^^^^^^^^^^^^^^^
  File "/home/vasilisqq/.cache/pypoetry/virtualenvs/botgames-Y7R7oDsK-py3.12/lib/python3.12/site-packages/aiogram/dispatcher/router.py", line 166, in _propagate_event
    response = await observer.trigger(event, **kwargs)
               ^^^^^^^^^^^^^^^^^^^^^^^^^^^^^^^^^^^^^^^
  File "/home/vasilisqq/.cache/pypoetry/virtualenvs/botgames-Y7R7oDsK-py3.12/lib/python3.12/site-packages/aiogram/dispatcher/event/telegram.py", line 121, in trigger
    return await wrapped_inner(event, kwargs)
           ^^^^^^^^^^^^^^^^^^^^^^^^^^^^^^^^^^
  File "/home/vasilisqq/.cache/pypoetry/virtualenvs/botgames-Y7R7oDsK-py3.12/lib/python3.12/site-packages/aiogram/dispatcher/event/handler.py", line 43, in call
    return await wrapped()
           ^^^^^^^^^^^^^^^
  File "/home/vasilisqq/utilites/botGames/bot/callbacks/cross_zeroes_callBack.py", line 28, in mark_button
    game.crossZeroes.scheduler.remove_job(query.inline_message_id)
  File "/home/vasilisqq/.cache/pypoetry/virtualenvs/botgames-Y7R7oDsK-py3.12/lib/python3.12/site-packages/apscheduler/schedulers/base.py", line 722, in remove_job
    raise JobLookupError(job_id)
apscheduler.jobstores.base.JobLookupError: 'No job by the id of None was found'

During handling of the above exception, another exception occurred:

Traceback (most recent call last):
  File "/home/vasilisqq/.cache/pypoetry/virtualenvs/botgames-Y7R7oDsK-py3.12/lib/python3.12/site-packages/aiogram/dispatcher/dispatcher.py", line 309, in _process_update
    response = await self.feed_update(bot, update, **kwargs)
               ^^^^^^^^^^^^^^^^^^^^^^^^^^^^^^^^^^^^^^^^^^^^^
  File "/home/vasilisqq/.cache/pypoetry/virtualenvs/botgames-Y7R7oDsK-py3.12/lib/python3.12/site-packages/aiogram/dispatcher/dispatcher.py", line 158, in feed_update
    response = await self.update.wrap_outer_middleware(
               ^^^^^^^^^^^^^^^^^^^^^^^^^^^^^^^^^^^^^^^^
  File "/home/vasilisqq/.cache/pypoetry/virtualenvs/botgames-Y7R7oDsK-py3.12/lib/python3.12/site-packages/aiogram/dispatcher/middlewares/error.py", line 29, in __call__
    response = await self.router.propagate_event(
               ^^^^^^^^^^^^^^^^^^^^^^^^^^^^^^^^^^
  File "/home/vasilisqq/.cache/pypoetry/virtualenvs/botgames-Y7R7oDsK-py3.12/lib/python3.12/site-packages/aiogram/dispatcher/router.py", line 146, in propagate_event
    return await observer.wrap_outer_middleware(_wrapped, event=event, data=kwargs)
           ^^^^^^^^^^^^^^^^^^^^^^^^^^^^^^^^^^^^^^^^^^^^^^^^^^^^^^^^^^^^^^^^^^^^^^^^
  File "/home/vasilisqq/.cache/pypoetry/virtualenvs/botgames-Y7R7oDsK-py3.12/lib/python3.12/site-packages/aiogram/dispatcher/router.py", line 141, in _wrapped
    return await self._propagate_event(
           ^^^^^^^^^^^^^^^^^^^^^^^^^^^^
  File "/home/vasilisqq/.cache/pypoetry/virtualenvs/botgames-Y7R7oDsK-py3.12/lib/python3.12/site-packages/aiogram/dispatcher/router.py", line 174, in _propagate_event
    response = await router.propagate_event(update_type=update_type, event=event, **kwargs)
               ^^^^^^^^^^^^^^^^^^^^^^^^^^^^^^^^^^^^^^^^^^^^^^^^^^^^^^^^^^^^^^^^^^^^^^^^^^^^
  File "/home/vasilisqq/.cache/pypoetry/virtualenvs/botgames-Y7R7oDsK-py3.12/lib/python3.12/site-packages/aiogram/dispatcher/router.py", line 146, in propagate_event
    return await observer.wrap_outer_middleware(_wrapped, event=event, data=kwargs)
           ^^^^^^^^^^^^^^^^^^^^^^^^^^^^^^^^^^^^^^^^^^^^^^^^^^^^^^^^^^^^^^^^^^^^^^^^
  File "/home/vasilisqq/.cache/pypoetry/virtualenvs/botgames-Y7R7oDsK-py3.12/lib/python3.12/site-packages/aiogram/dispatcher/router.py", line 141, in _wrapped
    return await self._propagate_event(
           ^^^^^^^^^^^^^^^^^^^^^^^^^^^^
  File "/home/vasilisqq/.cache/pypoetry/virtualenvs/botgames-Y7R7oDsK-py3.12/lib/python3.12/site-packages/aiogram/dispatcher/router.py", line 166, in _propagate_event
    response = await observer.trigger(event, **kwargs)
               ^^^^^^^^^^^^^^^^^^^^^^^^^^^^^^^^^^^^^^^
  File "/home/vasilisqq/.cache/pypoetry/virtualenvs/botgames-Y7R7oDsK-py3.12/lib/python3.12/site-packages/aiogram/dispatcher/event/telegram.py", line 121, in trigger
    return await wrapped_inner(event, kwargs)
           ^^^^^^^^^^^^^^^^^^^^^^^^^^^^^^^^^^
  File "/home/vasilisqq/.cache/pypoetry/virtualenvs/botgames-Y7R7oDsK-py3.12/lib/python3.12/site-packages/aiogram/dispatcher/event/handler.py", line 43, in call
    return await wrapped()
           ^^^^^^^^^^^^^^^
  File "/home/vasilisqq/utilites/botGames/bot/handlers/errors_handler.py", line 31, in print_error
    await event.update.bot.send_document(
  File "/home/vasilisqq/.cache/pypoetry/virtualenvs/botgames-Y7R7oDsK-py3.12/lib/python3.12/site-packages/aiogram/client/bot.py", line 2608, in send_document
    return await self(call, request_timeout=request_timeout)
           ^^^^^^^^^^^^^^^^^^^^^^^^^^^^^^^^^^^^^^^^^^^^^^^^^
  File "/home/vasilisqq/.cache/pypoetry/virtualenvs/botgames-Y7R7oDsK-py3.12/lib/python3.12/site-packages/aiogram/client/bot.py", line 494, in __call__
    return await self.session(self, method, timeout=request_timeout)
           ^^^^^^^^^^^^^^^^^^^^^^^^^^^^^^^^^^^^^^^^^^^^^^^^^^^^^^^^^
  File "/home/vasilisqq/.cache/pypoetry/virtualenvs/botgames-Y7R7oDsK-py3.12/lib/python3.12/site-packages/aiogram/client/session/base.py", line 254, in __call__
    return cast(TelegramType, await middleware(bot, method))
                              ^^^^^^^^^^^^^^^^^^^^^^^^^^^^^
  File "/home/vasilisqq/.cache/pypoetry/virtualenvs/botgames-Y7R7oDsK-py3.12/lib/python3.12/site-packages/aiogram/client/session/aiohttp.py", line 189, in make_request
    response = self.check_response(
               ^^^^^^^^^^^^^^^^^^^^
  File "/home/vasilisqq/.cache/pypoetry/virtualenvs/botgames-Y7R7oDsK-py3.12/lib/python3.12/site-packages/aiogram/client/session/base.py", line 120, in check_response
    raise TelegramBadRequest(method=method, message=description)
aiogram.exceptions.TelegramBadRequest: Telegram server says - Bad Request: message caption is too long
2025-02-18 14:05:49,860 - aiogram.event - INFO - Update id=241309719 is not handled. Duration 121 ms by bot id=7722417104
2025-02-18 14:05:49,861 - aiogram.event - ERROR - Cause exception while process update id=241309719 by bot id=7722417104
TelegramBadRequest: Telegram server says - Bad Request: message caption is too long
Traceback (most recent call last):
  File "/home/vasilisqq/.cache/pypoetry/virtualenvs/botgames-Y7R7oDsK-py3.12/lib/python3.12/site-packages/aiogram/dispatcher/middlewares/error.py", line 25, in __call__
    return await handler(event, data)
           ^^^^^^^^^^^^^^^^^^^^^^^^^^
  File "/home/vasilisqq/.cache/pypoetry/virtualenvs/botgames-Y7R7oDsK-py3.12/lib/python3.12/site-packages/aiogram/dispatcher/middlewares/user_context.py", line 56, in __call__
    return await handler(event, data)
           ^^^^^^^^^^^^^^^^^^^^^^^^^^
  File "/home/vasilisqq/.cache/pypoetry/virtualenvs/botgames-Y7R7oDsK-py3.12/lib/python3.12/site-packages/aiogram/fsm/middleware.py", line 42, in __call__
    return await handler(event, data)
           ^^^^^^^^^^^^^^^^^^^^^^^^^^
  File "/home/vasilisqq/.cache/pypoetry/virtualenvs/botgames-Y7R7oDsK-py3.12/lib/python3.12/site-packages/aiogram/dispatcher/event/telegram.py", line 121, in trigger
    return await wrapped_inner(event, kwargs)
           ^^^^^^^^^^^^^^^^^^^^^^^^^^^^^^^^^^
  File "/home/vasilisqq/utilites/botGames/bot/middlewares/user_middleware.py", line 30, in __call__
    return await handler(event, data)
           ^^^^^^^^^^^^^^^^^^^^^^^^^^
  File "/home/vasilisqq/.cache/pypoetry/virtualenvs/botgames-Y7R7oDsK-py3.12/lib/python3.12/site-packages/aiogram/dispatcher/event/handler.py", line 43, in call
    return await wrapped()
           ^^^^^^^^^^^^^^^
  File "/home/vasilisqq/.cache/pypoetry/virtualenvs/botgames-Y7R7oDsK-py3.12/lib/python3.12/site-packages/aiogram/dispatcher/dispatcher.py", line 276, in _listen_update
    return await self.propagate_event(update_type=update_type, event=event, **kwargs)
           ^^^^^^^^^^^^^^^^^^^^^^^^^^^^^^^^^^^^^^^^^^^^^^^^^^^^^^^^^^^^^^^^^^^^^^^^^^
  File "/home/vasilisqq/.cache/pypoetry/virtualenvs/botgames-Y7R7oDsK-py3.12/lib/python3.12/site-packages/aiogram/dispatcher/router.py", line 146, in propagate_event
    return await observer.wrap_outer_middleware(_wrapped, event=event, data=kwargs)
           ^^^^^^^^^^^^^^^^^^^^^^^^^^^^^^^^^^^^^^^^^^^^^^^^^^^^^^^^^^^^^^^^^^^^^^^^
  File "/home/vasilisqq/.cache/pypoetry/virtualenvs/botgames-Y7R7oDsK-py3.12/lib/python3.12/site-packages/aiogram/dispatcher/router.py", line 141, in _wrapped
    return await self._propagate_event(
           ^^^^^^^^^^^^^^^^^^^^^^^^^^^^
  File "/home/vasilisqq/.cache/pypoetry/virtualenvs/botgames-Y7R7oDsK-py3.12/lib/python3.12/site-packages/aiogram/dispatcher/router.py", line 174, in _propagate_event
    response = await router.propagate_event(update_type=update_type, event=event, **kwargs)
               ^^^^^^^^^^^^^^^^^^^^^^^^^^^^^^^^^^^^^^^^^^^^^^^^^^^^^^^^^^^^^^^^^^^^^^^^^^^^
  File "/home/vasilisqq/.cache/pypoetry/virtualenvs/botgames-Y7R7oDsK-py3.12/lib/python3.12/site-packages/aiogram/dispatcher/router.py", line 146, in propagate_event
    return await observer.wrap_outer_middleware(_wrapped, event=event, data=kwargs)
           ^^^^^^^^^^^^^^^^^^^^^^^^^^^^^^^^^^^^^^^^^^^^^^^^^^^^^^^^^^^^^^^^^^^^^^^^
  File "/home/vasilisqq/.cache/pypoetry/virtualenvs/botgames-Y7R7oDsK-py3.12/lib/python3.12/site-packages/aiogram/dispatcher/router.py", line 141, in _wrapped
    return await self._propagate_event(
           ^^^^^^^^^^^^^^^^^^^^^^^^^^^^
  File "/home/vasilisqq/.cache/pypoetry/virtualenvs/botgames-Y7R7oDsK-py3.12/lib/python3.12/site-packages/aiogram/dispatcher/router.py", line 166, in _propagate_event
    response = await observer.trigger(event, **kwargs)
               ^^^^^^^^^^^^^^^^^^^^^^^^^^^^^^^^^^^^^^^
  File "/home/vasilisqq/.cache/pypoetry/virtualenvs/botgames-Y7R7oDsK-py3.12/lib/python3.12/site-packages/aiogram/dispatcher/event/telegram.py", line 121, in trigger
    return await wrapped_inner(event, kwargs)
           ^^^^^^^^^^^^^^^^^^^^^^^^^^^^^^^^^^
  File "/home/vasilisqq/.cache/pypoetry/virtualenvs/botgames-Y7R7oDsK-py3.12/lib/python3.12/site-packages/aiogram/dispatcher/event/handler.py", line 43, in call
    return await wrapped()
           ^^^^^^^^^^^^^^^
  File "/home/vasilisqq/utilites/botGames/bot/callbacks/cross_zeroes_callBack.py", line 28, in mark_button
    game.crossZeroes.scheduler.remove_job(query.inline_message_id)
  File "/home/vasilisqq/.cache/pypoetry/virtualenvs/botgames-Y7R7oDsK-py3.12/lib/python3.12/site-packages/apscheduler/schedulers/base.py", line 722, in remove_job
    raise JobLookupError(job_id)
apscheduler.jobstores.base.JobLookupError: 'No job by the id of None was found'

During handling of the above exception, another exception occurred:

Traceback (most recent call last):
  File "/home/vasilisqq/.cache/pypoetry/virtualenvs/botgames-Y7R7oDsK-py3.12/lib/python3.12/site-packages/aiogram/dispatcher/dispatcher.py", line 309, in _process_update
    response = await self.feed_update(bot, update, **kwargs)
               ^^^^^^^^^^^^^^^^^^^^^^^^^^^^^^^^^^^^^^^^^^^^^
  File "/home/vasilisqq/.cache/pypoetry/virtualenvs/botgames-Y7R7oDsK-py3.12/lib/python3.12/site-packages/aiogram/dispatcher/dispatcher.py", line 158, in feed_update
    response = await self.update.wrap_outer_middleware(
               ^^^^^^^^^^^^^^^^^^^^^^^^^^^^^^^^^^^^^^^^
  File "/home/vasilisqq/.cache/pypoetry/virtualenvs/botgames-Y7R7oDsK-py3.12/lib/python3.12/site-packages/aiogram/dispatcher/middlewares/error.py", line 29, in __call__
    response = await self.router.propagate_event(
               ^^^^^^^^^^^^^^^^^^^^^^^^^^^^^^^^^^
  File "/home/vasilisqq/.cache/pypoetry/virtualenvs/botgames-Y7R7oDsK-py3.12/lib/python3.12/site-packages/aiogram/dispatcher/router.py", line 146, in propagate_event
    return await observer.wrap_outer_middleware(_wrapped, event=event, data=kwargs)
           ^^^^^^^^^^^^^^^^^^^^^^^^^^^^^^^^^^^^^^^^^^^^^^^^^^^^^^^^^^^^^^^^^^^^^^^^
  File "/home/vasilisqq/.cache/pypoetry/virtualenvs/botgames-Y7R7oDsK-py3.12/lib/python3.12/site-packages/aiogram/dispatcher/router.py", line 141, in _wrapped
    return await self._propagate_event(
           ^^^^^^^^^^^^^^^^^^^^^^^^^^^^
  File "/home/vasilisqq/.cache/pypoetry/virtualenvs/botgames-Y7R7oDsK-py3.12/lib/python3.12/site-packages/aiogram/dispatcher/router.py", line 174, in _propagate_event
    response = await router.propagate_event(update_type=update_type, event=event, **kwargs)
               ^^^^^^^^^^^^^^^^^^^^^^^^^^^^^^^^^^^^^^^^^^^^^^^^^^^^^^^^^^^^^^^^^^^^^^^^^^^^
  File "/home/vasilisqq/.cache/pypoetry/virtualenvs/botgames-Y7R7oDsK-py3.12/lib/python3.12/site-packages/aiogram/dispatcher/router.py", line 146, in propagate_event
    return await observer.wrap_outer_middleware(_wrapped, event=event, data=kwargs)
           ^^^^^^^^^^^^^^^^^^^^^^^^^^^^^^^^^^^^^^^^^^^^^^^^^^^^^^^^^^^^^^^^^^^^^^^^
  File "/home/vasilisqq/.cache/pypoetry/virtualenvs/botgames-Y7R7oDsK-py3.12/lib/python3.12/site-packages/aiogram/dispatcher/router.py", line 141, in _wrapped
    return await self._propagate_event(
           ^^^^^^^^^^^^^^^^^^^^^^^^^^^^
  File "/home/vasilisqq/.cache/pypoetry/virtualenvs/botgames-Y7R7oDsK-py3.12/lib/python3.12/site-packages/aiogram/dispatcher/router.py", line 166, in _propagate_event
    response = await observer.trigger(event, **kwargs)
               ^^^^^^^^^^^^^^^^^^^^^^^^^^^^^^^^^^^^^^^
  File "/home/vasilisqq/.cache/pypoetry/virtualenvs/botgames-Y7R7oDsK-py3.12/lib/python3.12/site-packages/aiogram/dispatcher/event/telegram.py", line 121, in trigger
    return await wrapped_inner(event, kwargs)
           ^^^^^^^^^^^^^^^^^^^^^^^^^^^^^^^^^^
  File "/home/vasilisqq/.cache/pypoetry/virtualenvs/botgames-Y7R7oDsK-py3.12/lib/python3.12/site-packages/aiogram/dispatcher/event/handler.py", line 43, in call
    return await wrapped()
           ^^^^^^^^^^^^^^^
  File "/home/vasilisqq/utilites/botGames/bot/handlers/errors_handler.py", line 31, in print_error
    await event.update.bot.send_document(
  File "/home/vasilisqq/.cache/pypoetry/virtualenvs/botgames-Y7R7oDsK-py3.12/lib/python3.12/site-packages/aiogram/client/bot.py", line 2608, in send_document
    return await self(call, request_timeout=request_timeout)
           ^^^^^^^^^^^^^^^^^^^^^^^^^^^^^^^^^^^^^^^^^^^^^^^^^
  File "/home/vasilisqq/.cache/pypoetry/virtualenvs/botgames-Y7R7oDsK-py3.12/lib/python3.12/site-packages/aiogram/client/bot.py", line 494, in __call__
    return await self.session(self, method, timeout=request_timeout)
           ^^^^^^^^^^^^^^^^^^^^^^^^^^^^^^^^^^^^^^^^^^^^^^^^^^^^^^^^^
  File "/home/vasilisqq/.cache/pypoetry/virtualenvs/botgames-Y7R7oDsK-py3.12/lib/python3.12/site-packages/aiogram/client/session/base.py", line 254, in __call__
    return cast(TelegramType, await middleware(bot, method))
                              ^^^^^^^^^^^^^^^^^^^^^^^^^^^^^
  File "/home/vasilisqq/.cache/pypoetry/virtualenvs/botgames-Y7R7oDsK-py3.12/lib/python3.12/site-packages/aiogram/client/session/aiohttp.py", line 189, in make_request
    response = self.check_response(
               ^^^^^^^^^^^^^^^^^^^^
  File "/home/vasilisqq/.cache/pypoetry/virtualenvs/botgames-Y7R7oDsK-py3.12/lib/python3.12/site-packages/aiogram/client/session/base.py", line 120, in check_response
    raise TelegramBadRequest(method=method, message=description)
aiogram.exceptions.TelegramBadRequest: Telegram server says - Bad Request: message caption is too long
2025-02-18 14:05:50,450 - aiogram.event - INFO - Update id=241309720 is not handled. Duration 96 ms by bot id=7722417104
2025-02-18 14:05:50,451 - aiogram.event - ERROR - Cause exception while process update id=241309720 by bot id=7722417104
TelegramBadRequest: Telegram server says - Bad Request: message caption is too long
Traceback (most recent call last):
  File "/home/vasilisqq/.cache/pypoetry/virtualenvs/botgames-Y7R7oDsK-py3.12/lib/python3.12/site-packages/aiogram/dispatcher/middlewares/error.py", line 25, in __call__
    return await handler(event, data)
           ^^^^^^^^^^^^^^^^^^^^^^^^^^
  File "/home/vasilisqq/.cache/pypoetry/virtualenvs/botgames-Y7R7oDsK-py3.12/lib/python3.12/site-packages/aiogram/dispatcher/middlewares/user_context.py", line 56, in __call__
    return await handler(event, data)
           ^^^^^^^^^^^^^^^^^^^^^^^^^^
  File "/home/vasilisqq/.cache/pypoetry/virtualenvs/botgames-Y7R7oDsK-py3.12/lib/python3.12/site-packages/aiogram/fsm/middleware.py", line 42, in __call__
    return await handler(event, data)
           ^^^^^^^^^^^^^^^^^^^^^^^^^^
  File "/home/vasilisqq/.cache/pypoetry/virtualenvs/botgames-Y7R7oDsK-py3.12/lib/python3.12/site-packages/aiogram/dispatcher/event/telegram.py", line 121, in trigger
    return await wrapped_inner(event, kwargs)
           ^^^^^^^^^^^^^^^^^^^^^^^^^^^^^^^^^^
  File "/home/vasilisqq/utilites/botGames/bot/middlewares/user_middleware.py", line 30, in __call__
    return await handler(event, data)
           ^^^^^^^^^^^^^^^^^^^^^^^^^^
  File "/home/vasilisqq/.cache/pypoetry/virtualenvs/botgames-Y7R7oDsK-py3.12/lib/python3.12/site-packages/aiogram/dispatcher/event/handler.py", line 43, in call
    return await wrapped()
           ^^^^^^^^^^^^^^^
  File "/home/vasilisqq/.cache/pypoetry/virtualenvs/botgames-Y7R7oDsK-py3.12/lib/python3.12/site-packages/aiogram/dispatcher/dispatcher.py", line 276, in _listen_update
    return await self.propagate_event(update_type=update_type, event=event, **kwargs)
           ^^^^^^^^^^^^^^^^^^^^^^^^^^^^^^^^^^^^^^^^^^^^^^^^^^^^^^^^^^^^^^^^^^^^^^^^^^
  File "/home/vasilisqq/.cache/pypoetry/virtualenvs/botgames-Y7R7oDsK-py3.12/lib/python3.12/site-packages/aiogram/dispatcher/router.py", line 146, in propagate_event
    return await observer.wrap_outer_middleware(_wrapped, event=event, data=kwargs)
           ^^^^^^^^^^^^^^^^^^^^^^^^^^^^^^^^^^^^^^^^^^^^^^^^^^^^^^^^^^^^^^^^^^^^^^^^
  File "/home/vasilisqq/.cache/pypoetry/virtualenvs/botgames-Y7R7oDsK-py3.12/lib/python3.12/site-packages/aiogram/dispatcher/router.py", line 141, in _wrapped
    return await self._propagate_event(
           ^^^^^^^^^^^^^^^^^^^^^^^^^^^^
  File "/home/vasilisqq/.cache/pypoetry/virtualenvs/botgames-Y7R7oDsK-py3.12/lib/python3.12/site-packages/aiogram/dispatcher/router.py", line 174, in _propagate_event
    response = await router.propagate_event(update_type=update_type, event=event, **kwargs)
               ^^^^^^^^^^^^^^^^^^^^^^^^^^^^^^^^^^^^^^^^^^^^^^^^^^^^^^^^^^^^^^^^^^^^^^^^^^^^
  File "/home/vasilisqq/.cache/pypoetry/virtualenvs/botgames-Y7R7oDsK-py3.12/lib/python3.12/site-packages/aiogram/dispatcher/router.py", line 146, in propagate_event
    return await observer.wrap_outer_middleware(_wrapped, event=event, data=kwargs)
           ^^^^^^^^^^^^^^^^^^^^^^^^^^^^^^^^^^^^^^^^^^^^^^^^^^^^^^^^^^^^^^^^^^^^^^^^
  File "/home/vasilisqq/.cache/pypoetry/virtualenvs/botgames-Y7R7oDsK-py3.12/lib/python3.12/site-packages/aiogram/dispatcher/router.py", line 141, in _wrapped
    return await self._propagate_event(
           ^^^^^^^^^^^^^^^^^^^^^^^^^^^^
  File "/home/vasilisqq/.cache/pypoetry/virtualenvs/botgames-Y7R7oDsK-py3.12/lib/python3.12/site-packages/aiogram/dispatcher/router.py", line 166, in _propagate_event
    response = await observer.trigger(event, **kwargs)
               ^^^^^^^^^^^^^^^^^^^^^^^^^^^^^^^^^^^^^^^
  File "/home/vasilisqq/.cache/pypoetry/virtualenvs/botgames-Y7R7oDsK-py3.12/lib/python3.12/site-packages/aiogram/dispatcher/event/telegram.py", line 121, in trigger
    return await wrapped_inner(event, kwargs)
           ^^^^^^^^^^^^^^^^^^^^^^^^^^^^^^^^^^
  File "/home/vasilisqq/.cache/pypoetry/virtualenvs/botgames-Y7R7oDsK-py3.12/lib/python3.12/site-packages/aiogram/dispatcher/event/handler.py", line 43, in call
    return await wrapped()
           ^^^^^^^^^^^^^^^
  File "/home/vasilisqq/utilites/botGames/bot/callbacks/cross_zeroes_callBack.py", line 28, in mark_button
    game.crossZeroes.scheduler.remove_job(query.inline_message_id)
  File "/home/vasilisqq/.cache/pypoetry/virtualenvs/botgames-Y7R7oDsK-py3.12/lib/python3.12/site-packages/apscheduler/schedulers/base.py", line 722, in remove_job
    raise JobLookupError(job_id)
apscheduler.jobstores.base.JobLookupError: 'No job by the id of None was found'

During handling of the above exception, another exception occurred:

Traceback (most recent call last):
  File "/home/vasilisqq/.cache/pypoetry/virtualenvs/botgames-Y7R7oDsK-py3.12/lib/python3.12/site-packages/aiogram/dispatcher/dispatcher.py", line 309, in _process_update
    response = await self.feed_update(bot, update, **kwargs)
               ^^^^^^^^^^^^^^^^^^^^^^^^^^^^^^^^^^^^^^^^^^^^^
  File "/home/vasilisqq/.cache/pypoetry/virtualenvs/botgames-Y7R7oDsK-py3.12/lib/python3.12/site-packages/aiogram/dispatcher/dispatcher.py", line 158, in feed_update
    response = await self.update.wrap_outer_middleware(
               ^^^^^^^^^^^^^^^^^^^^^^^^^^^^^^^^^^^^^^^^
  File "/home/vasilisqq/.cache/pypoetry/virtualenvs/botgames-Y7R7oDsK-py3.12/lib/python3.12/site-packages/aiogram/dispatcher/middlewares/error.py", line 29, in __call__
    response = await self.router.propagate_event(
               ^^^^^^^^^^^^^^^^^^^^^^^^^^^^^^^^^^
  File "/home/vasilisqq/.cache/pypoetry/virtualenvs/botgames-Y7R7oDsK-py3.12/lib/python3.12/site-packages/aiogram/dispatcher/router.py", line 146, in propagate_event
    return await observer.wrap_outer_middleware(_wrapped, event=event, data=kwargs)
           ^^^^^^^^^^^^^^^^^^^^^^^^^^^^^^^^^^^^^^^^^^^^^^^^^^^^^^^^^^^^^^^^^^^^^^^^
  File "/home/vasilisqq/.cache/pypoetry/virtualenvs/botgames-Y7R7oDsK-py3.12/lib/python3.12/site-packages/aiogram/dispatcher/router.py", line 141, in _wrapped
    return await self._propagate_event(
           ^^^^^^^^^^^^^^^^^^^^^^^^^^^^
  File "/home/vasilisqq/.cache/pypoetry/virtualenvs/botgames-Y7R7oDsK-py3.12/lib/python3.12/site-packages/aiogram/dispatcher/router.py", line 174, in _propagate_event
    response = await router.propagate_event(update_type=update_type, event=event, **kwargs)
               ^^^^^^^^^^^^^^^^^^^^^^^^^^^^^^^^^^^^^^^^^^^^^^^^^^^^^^^^^^^^^^^^^^^^^^^^^^^^
  File "/home/vasilisqq/.cache/pypoetry/virtualenvs/botgames-Y7R7oDsK-py3.12/lib/python3.12/site-packages/aiogram/dispatcher/router.py", line 146, in propagate_event
    return await observer.wrap_outer_middleware(_wrapped, event=event, data=kwargs)
           ^^^^^^^^^^^^^^^^^^^^^^^^^^^^^^^^^^^^^^^^^^^^^^^^^^^^^^^^^^^^^^^^^^^^^^^^
  File "/home/vasilisqq/.cache/pypoetry/virtualenvs/botgames-Y7R7oDsK-py3.12/lib/python3.12/site-packages/aiogram/dispatcher/router.py", line 141, in _wrapped
    return await self._propagate_event(
           ^^^^^^^^^^^^^^^^^^^^^^^^^^^^
  File "/home/vasilisqq/.cache/pypoetry/virtualenvs/botgames-Y7R7oDsK-py3.12/lib/python3.12/site-packages/aiogram/dispatcher/router.py", line 166, in _propagate_event
    response = await observer.trigger(event, **kwargs)
               ^^^^^^^^^^^^^^^^^^^^^^^^^^^^^^^^^^^^^^^
  File "/home/vasilisqq/.cache/pypoetry/virtualenvs/botgames-Y7R7oDsK-py3.12/lib/python3.12/site-packages/aiogram/dispatcher/event/telegram.py", line 121, in trigger
    return await wrapped_inner(event, kwargs)
           ^^^^^^^^^^^^^^^^^^^^^^^^^^^^^^^^^^
  File "/home/vasilisqq/.cache/pypoetry/virtualenvs/botgames-Y7R7oDsK-py3.12/lib/python3.12/site-packages/aiogram/dispatcher/event/handler.py", line 43, in call
    return await wrapped()
           ^^^^^^^^^^^^^^^
  File "/home/vasilisqq/utilites/botGames/bot/handlers/errors_handler.py", line 31, in print_error
    await event.update.bot.send_document(
  File "/home/vasilisqq/.cache/pypoetry/virtualenvs/botgames-Y7R7oDsK-py3.12/lib/python3.12/site-packages/aiogram/client/bot.py", line 2608, in send_document
    return await self(call, request_timeout=request_timeout)
           ^^^^^^^^^^^^^^^^^^^^^^^^^^^^^^^^^^^^^^^^^^^^^^^^^
  File "/home/vasilisqq/.cache/pypoetry/virtualenvs/botgames-Y7R7oDsK-py3.12/lib/python3.12/site-packages/aiogram/client/bot.py", line 494, in __call__
    return await self.session(self, method, timeout=request_timeout)
           ^^^^^^^^^^^^^^^^^^^^^^^^^^^^^^^^^^^^^^^^^^^^^^^^^^^^^^^^^
  File "/home/vasilisqq/.cache/pypoetry/virtualenvs/botgames-Y7R7oDsK-py3.12/lib/python3.12/site-packages/aiogram/client/session/base.py", line 254, in __call__
    return cast(TelegramType, await middleware(bot, method))
                              ^^^^^^^^^^^^^^^^^^^^^^^^^^^^^
  File "/home/vasilisqq/.cache/pypoetry/virtualenvs/botgames-Y7R7oDsK-py3.12/lib/python3.12/site-packages/aiogram/client/session/aiohttp.py", line 189, in make_request
    response = self.check_response(
               ^^^^^^^^^^^^^^^^^^^^
  File "/home/vasilisqq/.cache/pypoetry/virtualenvs/botgames-Y7R7oDsK-py3.12/lib/python3.12/site-packages/aiogram/client/session/base.py", line 120, in check_response
    raise TelegramBadRequest(method=method, message=description)
aiogram.exceptions.TelegramBadRequest: Telegram server says - Bad Request: message caption is too long
2025-02-18 14:05:50,537 - aiogram.event - INFO - Update id=241309721 is not handled. Duration 74 ms by bot id=7722417104
2025-02-18 14:05:50,537 - aiogram.event - ERROR - Cause exception while process update id=241309721 by bot id=7722417104
TelegramBadRequest: Telegram server says - Bad Request: message caption is too long
Traceback (most recent call last):
  File "/home/vasilisqq/.cache/pypoetry/virtualenvs/botgames-Y7R7oDsK-py3.12/lib/python3.12/site-packages/aiogram/dispatcher/middlewares/error.py", line 25, in __call__
    return await handler(event, data)
           ^^^^^^^^^^^^^^^^^^^^^^^^^^
  File "/home/vasilisqq/.cache/pypoetry/virtualenvs/botgames-Y7R7oDsK-py3.12/lib/python3.12/site-packages/aiogram/dispatcher/middlewares/user_context.py", line 56, in __call__
    return await handler(event, data)
           ^^^^^^^^^^^^^^^^^^^^^^^^^^
  File "/home/vasilisqq/.cache/pypoetry/virtualenvs/botgames-Y7R7oDsK-py3.12/lib/python3.12/site-packages/aiogram/fsm/middleware.py", line 42, in __call__
    return await handler(event, data)
           ^^^^^^^^^^^^^^^^^^^^^^^^^^
  File "/home/vasilisqq/.cache/pypoetry/virtualenvs/botgames-Y7R7oDsK-py3.12/lib/python3.12/site-packages/aiogram/dispatcher/event/telegram.py", line 121, in trigger
    return await wrapped_inner(event, kwargs)
           ^^^^^^^^^^^^^^^^^^^^^^^^^^^^^^^^^^
  File "/home/vasilisqq/utilites/botGames/bot/middlewares/user_middleware.py", line 30, in __call__
    return await handler(event, data)
           ^^^^^^^^^^^^^^^^^^^^^^^^^^
  File "/home/vasilisqq/.cache/pypoetry/virtualenvs/botgames-Y7R7oDsK-py3.12/lib/python3.12/site-packages/aiogram/dispatcher/event/handler.py", line 43, in call
    return await wrapped()
           ^^^^^^^^^^^^^^^
  File "/home/vasilisqq/.cache/pypoetry/virtualenvs/botgames-Y7R7oDsK-py3.12/lib/python3.12/site-packages/aiogram/dispatcher/dispatcher.py", line 276, in _listen_update
    return await self.propagate_event(update_type=update_type, event=event, **kwargs)
           ^^^^^^^^^^^^^^^^^^^^^^^^^^^^^^^^^^^^^^^^^^^^^^^^^^^^^^^^^^^^^^^^^^^^^^^^^^
  File "/home/vasilisqq/.cache/pypoetry/virtualenvs/botgames-Y7R7oDsK-py3.12/lib/python3.12/site-packages/aiogram/dispatcher/router.py", line 146, in propagate_event
    return await observer.wrap_outer_middleware(_wrapped, event=event, data=kwargs)
           ^^^^^^^^^^^^^^^^^^^^^^^^^^^^^^^^^^^^^^^^^^^^^^^^^^^^^^^^^^^^^^^^^^^^^^^^
  File "/home/vasilisqq/.cache/pypoetry/virtualenvs/botgames-Y7R7oDsK-py3.12/lib/python3.12/site-packages/aiogram/dispatcher/router.py", line 141, in _wrapped
    return await self._propagate_event(
           ^^^^^^^^^^^^^^^^^^^^^^^^^^^^
  File "/home/vasilisqq/.cache/pypoetry/virtualenvs/botgames-Y7R7oDsK-py3.12/lib/python3.12/site-packages/aiogram/dispatcher/router.py", line 174, in _propagate_event
    response = await router.propagate_event(update_type=update_type, event=event, **kwargs)
               ^^^^^^^^^^^^^^^^^^^^^^^^^^^^^^^^^^^^^^^^^^^^^^^^^^^^^^^^^^^^^^^^^^^^^^^^^^^^
  File "/home/vasilisqq/.cache/pypoetry/virtualenvs/botgames-Y7R7oDsK-py3.12/lib/python3.12/site-packages/aiogram/dispatcher/router.py", line 146, in propagate_event
    return await observer.wrap_outer_middleware(_wrapped, event=event, data=kwargs)
           ^^^^^^^^^^^^^^^^^^^^^^^^^^^^^^^^^^^^^^^^^^^^^^^^^^^^^^^^^^^^^^^^^^^^^^^^
  File "/home/vasilisqq/.cache/pypoetry/virtualenvs/botgames-Y7R7oDsK-py3.12/lib/python3.12/site-packages/aiogram/dispatcher/router.py", line 141, in _wrapped
    return await self._propagate_event(
           ^^^^^^^^^^^^^^^^^^^^^^^^^^^^
  File "/home/vasilisqq/.cache/pypoetry/virtualenvs/botgames-Y7R7oDsK-py3.12/lib/python3.12/site-packages/aiogram/dispatcher/router.py", line 166, in _propagate_event
    response = await observer.trigger(event, **kwargs)
               ^^^^^^^^^^^^^^^^^^^^^^^^^^^^^^^^^^^^^^^
  File "/home/vasilisqq/.cache/pypoetry/virtualenvs/botgames-Y7R7oDsK-py3.12/lib/python3.12/site-packages/aiogram/dispatcher/event/telegram.py", line 121, in trigger
    return await wrapped_inner(event, kwargs)
           ^^^^^^^^^^^^^^^^^^^^^^^^^^^^^^^^^^
  File "/home/vasilisqq/.cache/pypoetry/virtualenvs/botgames-Y7R7oDsK-py3.12/lib/python3.12/site-packages/aiogram/dispatcher/event/handler.py", line 43, in call
    return await wrapped()
           ^^^^^^^^^^^^^^^
  File "/home/vasilisqq/utilites/botGames/bot/callbacks/cross_zeroes_callBack.py", line 28, in mark_button
    game.crossZeroes.scheduler.remove_job(query.inline_message_id)
  File "/home/vasilisqq/.cache/pypoetry/virtualenvs/botgames-Y7R7oDsK-py3.12/lib/python3.12/site-packages/apscheduler/schedulers/base.py", line 722, in remove_job
    raise JobLookupError(job_id)
apscheduler.jobstores.base.JobLookupError: 'No job by the id of None was found'

During handling of the above exception, another exception occurred:

Traceback (most recent call last):
  File "/home/vasilisqq/.cache/pypoetry/virtualenvs/botgames-Y7R7oDsK-py3.12/lib/python3.12/site-packages/aiogram/dispatcher/dispatcher.py", line 309, in _process_update
    response = await self.feed_update(bot, update, **kwargs)
               ^^^^^^^^^^^^^^^^^^^^^^^^^^^^^^^^^^^^^^^^^^^^^
  File "/home/vasilisqq/.cache/pypoetry/virtualenvs/botgames-Y7R7oDsK-py3.12/lib/python3.12/site-packages/aiogram/dispatcher/dispatcher.py", line 158, in feed_update
    response = await self.update.wrap_outer_middleware(
               ^^^^^^^^^^^^^^^^^^^^^^^^^^^^^^^^^^^^^^^^
  File "/home/vasilisqq/.cache/pypoetry/virtualenvs/botgames-Y7R7oDsK-py3.12/lib/python3.12/site-packages/aiogram/dispatcher/middlewares/error.py", line 29, in __call__
    response = await self.router.propagate_event(
               ^^^^^^^^^^^^^^^^^^^^^^^^^^^^^^^^^^
  File "/home/vasilisqq/.cache/pypoetry/virtualenvs/botgames-Y7R7oDsK-py3.12/lib/python3.12/site-packages/aiogram/dispatcher/router.py", line 146, in propagate_event
    return await observer.wrap_outer_middleware(_wrapped, event=event, data=kwargs)
           ^^^^^^^^^^^^^^^^^^^^^^^^^^^^^^^^^^^^^^^^^^^^^^^^^^^^^^^^^^^^^^^^^^^^^^^^
  File "/home/vasilisqq/.cache/pypoetry/virtualenvs/botgames-Y7R7oDsK-py3.12/lib/python3.12/site-packages/aiogram/dispatcher/router.py", line 141, in _wrapped
    return await self._propagate_event(
           ^^^^^^^^^^^^^^^^^^^^^^^^^^^^
  File "/home/vasilisqq/.cache/pypoetry/virtualenvs/botgames-Y7R7oDsK-py3.12/lib/python3.12/site-packages/aiogram/dispatcher/router.py", line 174, in _propagate_event
    response = await router.propagate_event(update_type=update_type, event=event, **kwargs)
               ^^^^^^^^^^^^^^^^^^^^^^^^^^^^^^^^^^^^^^^^^^^^^^^^^^^^^^^^^^^^^^^^^^^^^^^^^^^^
  File "/home/vasilisqq/.cache/pypoetry/virtualenvs/botgames-Y7R7oDsK-py3.12/lib/python3.12/site-packages/aiogram/dispatcher/router.py", line 146, in propagate_event
    return await observer.wrap_outer_middleware(_wrapped, event=event, data=kwargs)
           ^^^^^^^^^^^^^^^^^^^^^^^^^^^^^^^^^^^^^^^^^^^^^^^^^^^^^^^^^^^^^^^^^^^^^^^^
  File "/home/vasilisqq/.cache/pypoetry/virtualenvs/botgames-Y7R7oDsK-py3.12/lib/python3.12/site-packages/aiogram/dispatcher/router.py", line 141, in _wrapped
    return await self._propagate_event(
           ^^^^^^^^^^^^^^^^^^^^^^^^^^^^
  File "/home/vasilisqq/.cache/pypoetry/virtualenvs/botgames-Y7R7oDsK-py3.12/lib/python3.12/site-packages/aiogram/dispatcher/router.py", line 166, in _propagate_event
    response = await observer.trigger(event, **kwargs)
               ^^^^^^^^^^^^^^^^^^^^^^^^^^^^^^^^^^^^^^^
  File "/home/vasilisqq/.cache/pypoetry/virtualenvs/botgames-Y7R7oDsK-py3.12/lib/python3.12/site-packages/aiogram/dispatcher/event/telegram.py", line 121, in trigger
    return await wrapped_inner(event, kwargs)
           ^^^^^^^^^^^^^^^^^^^^^^^^^^^^^^^^^^
  File "/home/vasilisqq/.cache/pypoetry/virtualenvs/botgames-Y7R7oDsK-py3.12/lib/python3.12/site-packages/aiogram/dispatcher/event/handler.py", line 43, in call
    return await wrapped()
           ^^^^^^^^^^^^^^^
  File "/home/vasilisqq/utilites/botGames/bot/handlers/errors_handler.py", line 31, in print_error
    await event.update.bot.send_document(
  File "/home/vasilisqq/.cache/pypoetry/virtualenvs/botgames-Y7R7oDsK-py3.12/lib/python3.12/site-packages/aiogram/client/bot.py", line 2608, in send_document
    return await self(call, request_timeout=request_timeout)
           ^^^^^^^^^^^^^^^^^^^^^^^^^^^^^^^^^^^^^^^^^^^^^^^^^
  File "/home/vasilisqq/.cache/pypoetry/virtualenvs/botgames-Y7R7oDsK-py3.12/lib/python3.12/site-packages/aiogram/client/bot.py", line 494, in __call__
    return await self.session(self, method, timeout=request_timeout)
           ^^^^^^^^^^^^^^^^^^^^^^^^^^^^^^^^^^^^^^^^^^^^^^^^^^^^^^^^^
  File "/home/vasilisqq/.cache/pypoetry/virtualenvs/botgames-Y7R7oDsK-py3.12/lib/python3.12/site-packages/aiogram/client/session/base.py", line 254, in __call__
    return cast(TelegramType, await middleware(bot, method))
                              ^^^^^^^^^^^^^^^^^^^^^^^^^^^^^
  File "/home/vasilisqq/.cache/pypoetry/virtualenvs/botgames-Y7R7oDsK-py3.12/lib/python3.12/site-packages/aiogram/client/session/aiohttp.py", line 189, in make_request
    response = self.check_response(
               ^^^^^^^^^^^^^^^^^^^^
  File "/home/vasilisqq/.cache/pypoetry/virtualenvs/botgames-Y7R7oDsK-py3.12/lib/python3.12/site-packages/aiogram/client/session/base.py", line 120, in check_response
    raise TelegramBadRequest(method=method, message=description)
aiogram.exceptions.TelegramBadRequest: Telegram server says - Bad Request: message caption is too long
2025-02-18 14:09:32,329 - aiogram.dispatcher - WARNING - Received SIGINT signal
2025-02-18 14:09:32,331 - aiogram.dispatcher - INFO - Polling stopped for bot @PlayPalGameBot id=7722417104 - 'PlayPal'
2025-02-18 14:09:32,331 - aiogram.dispatcher - INFO - Polling stopped
2025-02-18 14:09:50,017 - aiogram.dispatcher - INFO - Start polling
2025-02-18 14:09:50,120 - aiogram.dispatcher - INFO - Run polling for bot @PlayPalGameBot id=7722417104 - 'PlayPal'
2025-02-18 14:09:56,149 - aiogram.event - INFO - Update id=241309722 is handled. Duration 350 ms by bot id=7722417104
2025-02-18 14:09:58,599 - aiogram.event - INFO - Update id=241309723 is handled. Duration 437 ms by bot id=7722417104
2025-02-18 14:10:02,083 - aiogram.event - INFO - Update id=241309724 is handled. Duration 335 ms by bot id=7722417104
2025-02-18 14:10:06,335 - aiogram.event - INFO - Update id=241309725 is handled. Duration 84 ms by bot id=7722417104
2025-02-18 14:10:07,722 - aiogram.event - INFO - Update id=241309726 is handled. Duration 444 ms by bot id=7722417104
2025-02-18 14:10:09,168 - aiogram.event - INFO - Update id=241309727 is handled. Duration 357 ms by bot id=7722417104
2025-02-18 14:10:10,872 - aiogram.event - INFO - Update id=241309728 is not handled. Duration 13 ms by bot id=7722417104
2025-02-18 14:10:10,872 - aiogram.event - ERROR - Cause exception while process update id=241309728 by bot id=7722417104
AttributeError: 'NoneType' object has no attribute 'from_user'
Traceback (most recent call last):
  File "/home/vasilisqq/.cache/pypoetry/virtualenvs/botgames-Y7R7oDsK-py3.12/lib/python3.12/site-packages/aiogram/dispatcher/middlewares/error.py", line 25, in __call__
    return await handler(event, data)
           ^^^^^^^^^^^^^^^^^^^^^^^^^^
  File "/home/vasilisqq/.cache/pypoetry/virtualenvs/botgames-Y7R7oDsK-py3.12/lib/python3.12/site-packages/aiogram/dispatcher/middlewares/user_context.py", line 56, in __call__
    return await handler(event, data)
           ^^^^^^^^^^^^^^^^^^^^^^^^^^
  File "/home/vasilisqq/.cache/pypoetry/virtualenvs/botgames-Y7R7oDsK-py3.12/lib/python3.12/site-packages/aiogram/fsm/middleware.py", line 42, in __call__
    return await handler(event, data)
           ^^^^^^^^^^^^^^^^^^^^^^^^^^
  File "/home/vasilisqq/.cache/pypoetry/virtualenvs/botgames-Y7R7oDsK-py3.12/lib/python3.12/site-packages/aiogram/dispatcher/event/telegram.py", line 121, in trigger
    return await wrapped_inner(event, kwargs)
           ^^^^^^^^^^^^^^^^^^^^^^^^^^^^^^^^^^
  File "/home/vasilisqq/utilites/botGames/bot/middlewares/user_middleware.py", line 30, in __call__
    return await handler(event, data)
           ^^^^^^^^^^^^^^^^^^^^^^^^^^
  File "/home/vasilisqq/.cache/pypoetry/virtualenvs/botgames-Y7R7oDsK-py3.12/lib/python3.12/site-packages/aiogram/dispatcher/event/handler.py", line 43, in call
    return await wrapped()
           ^^^^^^^^^^^^^^^
  File "/home/vasilisqq/.cache/pypoetry/virtualenvs/botgames-Y7R7oDsK-py3.12/lib/python3.12/site-packages/aiogram/dispatcher/dispatcher.py", line 276, in _listen_update
    return await self.propagate_event(update_type=update_type, event=event, **kwargs)
           ^^^^^^^^^^^^^^^^^^^^^^^^^^^^^^^^^^^^^^^^^^^^^^^^^^^^^^^^^^^^^^^^^^^^^^^^^^
  File "/home/vasilisqq/.cache/pypoetry/virtualenvs/botgames-Y7R7oDsK-py3.12/lib/python3.12/site-packages/aiogram/dispatcher/router.py", line 146, in propagate_event
    return await observer.wrap_outer_middleware(_wrapped, event=event, data=kwargs)
           ^^^^^^^^^^^^^^^^^^^^^^^^^^^^^^^^^^^^^^^^^^^^^^^^^^^^^^^^^^^^^^^^^^^^^^^^
  File "/home/vasilisqq/.cache/pypoetry/virtualenvs/botgames-Y7R7oDsK-py3.12/lib/python3.12/site-packages/aiogram/dispatcher/router.py", line 141, in _wrapped
    return await self._propagate_event(
           ^^^^^^^^^^^^^^^^^^^^^^^^^^^^
  File "/home/vasilisqq/.cache/pypoetry/virtualenvs/botgames-Y7R7oDsK-py3.12/lib/python3.12/site-packages/aiogram/dispatcher/router.py", line 174, in _propagate_event
    response = await router.propagate_event(update_type=update_type, event=event, **kwargs)
               ^^^^^^^^^^^^^^^^^^^^^^^^^^^^^^^^^^^^^^^^^^^^^^^^^^^^^^^^^^^^^^^^^^^^^^^^^^^^
  File "/home/vasilisqq/.cache/pypoetry/virtualenvs/botgames-Y7R7oDsK-py3.12/lib/python3.12/site-packages/aiogram/dispatcher/router.py", line 146, in propagate_event
    return await observer.wrap_outer_middleware(_wrapped, event=event, data=kwargs)
           ^^^^^^^^^^^^^^^^^^^^^^^^^^^^^^^^^^^^^^^^^^^^^^^^^^^^^^^^^^^^^^^^^^^^^^^^
  File "/home/vasilisqq/.cache/pypoetry/virtualenvs/botgames-Y7R7oDsK-py3.12/lib/python3.12/site-packages/aiogram/dispatcher/router.py", line 141, in _wrapped
    return await self._propagate_event(
           ^^^^^^^^^^^^^^^^^^^^^^^^^^^^
  File "/home/vasilisqq/.cache/pypoetry/virtualenvs/botgames-Y7R7oDsK-py3.12/lib/python3.12/site-packages/aiogram/dispatcher/router.py", line 166, in _propagate_event
    response = await observer.trigger(event, **kwargs)
               ^^^^^^^^^^^^^^^^^^^^^^^^^^^^^^^^^^^^^^^
  File "/home/vasilisqq/.cache/pypoetry/virtualenvs/botgames-Y7R7oDsK-py3.12/lib/python3.12/site-packages/aiogram/dispatcher/event/telegram.py", line 121, in trigger
    return await wrapped_inner(event, kwargs)
           ^^^^^^^^^^^^^^^^^^^^^^^^^^^^^^^^^^
  File "/home/vasilisqq/.cache/pypoetry/virtualenvs/botgames-Y7R7oDsK-py3.12/lib/python3.12/site-packages/aiogram/dispatcher/event/handler.py", line 43, in call
    return await wrapped()
           ^^^^^^^^^^^^^^^
  File "/home/vasilisqq/utilites/botGames/bot/callbacks/cross_zeroes_callBack.py", line 28, in mark_button
    game.crossZeroes.scheduler.remove_job(query.inline_message_id)
  File "/home/vasilisqq/.cache/pypoetry/virtualenvs/botgames-Y7R7oDsK-py3.12/lib/python3.12/site-packages/apscheduler/schedulers/base.py", line 722, in remove_job
    raise JobLookupError(job_id)
apscheduler.jobstores.base.JobLookupError: 'No job by the id of None was found'

During handling of the above exception, another exception occurred:

Traceback (most recent call last):
  File "/home/vasilisqq/utilites/botGames/bot/handlers/errors_handler.py", line 15, in print_error
    f"у пользователя {event.update.message.from_user.username} произошла ошибка {event.exception} \n"+
                      ^^^^^^^^^^^^^^^^^^^^^^^^^^^^^^
AttributeError: 'NoneType' object has no attribute 'from_user'

During handling of the above exception, another exception occurred:

Traceback (most recent call last):
  File "/home/vasilisqq/utilites/botGames/bot/handlers/errors_handler.py", line 22, in print_error
    f"{tr}"
       ^^
NameError: name 'tr' is not defined

During handling of the above exception, another exception occurred:

Traceback (most recent call last):
  File "/home/vasilisqq/.cache/pypoetry/virtualenvs/botgames-Y7R7oDsK-py3.12/lib/python3.12/site-packages/aiogram/dispatcher/dispatcher.py", line 309, in _process_update
    response = await self.feed_update(bot, update, **kwargs)
               ^^^^^^^^^^^^^^^^^^^^^^^^^^^^^^^^^^^^^^^^^^^^^
  File "/home/vasilisqq/.cache/pypoetry/virtualenvs/botgames-Y7R7oDsK-py3.12/lib/python3.12/site-packages/aiogram/dispatcher/dispatcher.py", line 158, in feed_update
    response = await self.update.wrap_outer_middleware(
               ^^^^^^^^^^^^^^^^^^^^^^^^^^^^^^^^^^^^^^^^
  File "/home/vasilisqq/.cache/pypoetry/virtualenvs/botgames-Y7R7oDsK-py3.12/lib/python3.12/site-packages/aiogram/dispatcher/middlewares/error.py", line 29, in __call__
    response = await self.router.propagate_event(
               ^^^^^^^^^^^^^^^^^^^^^^^^^^^^^^^^^^
  File "/home/vasilisqq/.cache/pypoetry/virtualenvs/botgames-Y7R7oDsK-py3.12/lib/python3.12/site-packages/aiogram/dispatcher/router.py", line 146, in propagate_event
    return await observer.wrap_outer_middleware(_wrapped, event=event, data=kwargs)
           ^^^^^^^^^^^^^^^^^^^^^^^^^^^^^^^^^^^^^^^^^^^^^^^^^^^^^^^^^^^^^^^^^^^^^^^^
  File "/home/vasilisqq/.cache/pypoetry/virtualenvs/botgames-Y7R7oDsK-py3.12/lib/python3.12/site-packages/aiogram/dispatcher/router.py", line 141, in _wrapped
    return await self._propagate_event(
           ^^^^^^^^^^^^^^^^^^^^^^^^^^^^
  File "/home/vasilisqq/.cache/pypoetry/virtualenvs/botgames-Y7R7oDsK-py3.12/lib/python3.12/site-packages/aiogram/dispatcher/router.py", line 174, in _propagate_event
    response = await router.propagate_event(update_type=update_type, event=event, **kwargs)
               ^^^^^^^^^^^^^^^^^^^^^^^^^^^^^^^^^^^^^^^^^^^^^^^^^^^^^^^^^^^^^^^^^^^^^^^^^^^^
  File "/home/vasilisqq/.cache/pypoetry/virtualenvs/botgames-Y7R7oDsK-py3.12/lib/python3.12/site-packages/aiogram/dispatcher/router.py", line 146, in propagate_event
    return await observer.wrap_outer_middleware(_wrapped, event=event, data=kwargs)
           ^^^^^^^^^^^^^^^^^^^^^^^^^^^^^^^^^^^^^^^^^^^^^^^^^^^^^^^^^^^^^^^^^^^^^^^^
  File "/home/vasilisqq/.cache/pypoetry/virtualenvs/botgames-Y7R7oDsK-py3.12/lib/python3.12/site-packages/aiogram/dispatcher/router.py", line 141, in _wrapped
    return await self._propagate_event(
           ^^^^^^^^^^^^^^^^^^^^^^^^^^^^
  File "/home/vasilisqq/.cache/pypoetry/virtualenvs/botgames-Y7R7oDsK-py3.12/lib/python3.12/site-packages/aiogram/dispatcher/router.py", line 166, in _propagate_event
    response = await observer.trigger(event, **kwargs)
               ^^^^^^^^^^^^^^^^^^^^^^^^^^^^^^^^^^^^^^^
  File "/home/vasilisqq/.cache/pypoetry/virtualenvs/botgames-Y7R7oDsK-py3.12/lib/python3.12/site-packages/aiogram/dispatcher/event/telegram.py", line 121, in trigger
    return await wrapped_inner(event, kwargs)
           ^^^^^^^^^^^^^^^^^^^^^^^^^^^^^^^^^^
  File "/home/vasilisqq/.cache/pypoetry/virtualenvs/botgames-Y7R7oDsK-py3.12/lib/python3.12/site-packages/aiogram/dispatcher/event/handler.py", line 43, in call
    return await wrapped()
           ^^^^^^^^^^^^^^^
  File "/home/vasilisqq/utilites/botGames/bot/handlers/errors_handler.py", line 26, in print_error
    f"у пользователя {event.update.inline_query.from_user.username} произошла ошибка {event.exception} \n"+
                      ^^^^^^^^^^^^^^^^^^^^^^^^^^^^^^^^^^^
AttributeError: 'NoneType' object has no attribute 'from_user'
2025-02-18 14:10:29,791 - aiogram.dispatcher - WARNING - Received SIGINT signal
2025-02-18 14:10:29,792 - aiogram.dispatcher - INFO - Polling stopped for bot @PlayPalGameBot id=7722417104 - 'PlayPal'
2025-02-18 14:10:29,793 - aiogram.dispatcher - INFO - Polling stopped
2025-02-18 14:10:32,369 - aiogram.dispatcher - INFO - Start polling
2025-02-18 14:10:32,435 - aiogram.dispatcher - INFO - Run polling for bot @PlayPalGameBot id=7722417104 - 'PlayPal'
2025-02-18 14:10:35,825 - aiogram.event - INFO - Update id=241309729 is handled. Duration 225 ms by bot id=7722417104
2025-02-18 14:10:38,442 - aiogram.event - INFO - Update id=241309730 is handled. Duration 446 ms by bot id=7722417104
2025-02-18 14:10:40,399 - aiogram.event - INFO - Update id=241309731 is handled. Duration 152 ms by bot id=7722417104
2025-02-18 14:10:40,966 - aiogram.event - INFO - Update id=241309732 is handled. Duration 421 ms by bot id=7722417104
2025-02-18 14:10:42,584 - aiogram.event - INFO - Update id=241309733 is handled. Duration 388 ms by bot id=7722417104
2025-02-18 14:10:43,960 - aiogram.event - INFO - Update id=241309734 is handled. Duration 332 ms by bot id=7722417104
2025-02-18 14:10:46,292 - aiogram.event - INFO - Update id=241309735 is handled. Duration 514 ms by bot id=7722417104
2025-02-18 14:11:27,584 - aiogram.dispatcher - WARNING - Received SIGINT signal
2025-02-18 14:11:27,585 - aiogram.dispatcher - INFO - Polling stopped for bot @PlayPalGameBot id=7722417104 - 'PlayPal'
2025-02-18 14:11:27,585 - aiogram.dispatcher - INFO - Polling stopped
2025-02-18 15:43:58,323 - aiogram.dispatcher - INFO - Start polling
2025-02-18 15:43:58,391 - aiogram.dispatcher - INFO - Run polling for bot @PlayPalGameBot id=7722417104 - 'PlayPal'
2025-02-18 15:44:11,067 - aiogram.event - INFO - Update id=241309736 is handled. Duration 518 ms by bot id=7722417104
2025-02-18 15:49:03,869 - aiogram.dispatcher - WARNING - Received SIGINT signal
2025-02-18 15:49:03,871 - aiogram.dispatcher - INFO - Polling stopped for bot @PlayPalGameBot id=7722417104 - 'PlayPal'
2025-02-18 15:49:03,871 - aiogram.dispatcher - INFO - Polling stopped
2025-02-18 15:49:08,814 - aiogram.dispatcher - INFO - Start polling
2025-02-18 15:49:08,884 - aiogram.dispatcher - INFO - Run polling for bot @PlayPalGameBot id=7722417104 - 'PlayPal'
2025-02-18 15:49:11,662 - aiogram.event - INFO - Update id=241309737 is handled. Duration 636 ms by bot id=7722417104
2025-02-18 15:49:57,241 - aiogram.dispatcher - WARNING - Received SIGINT signal
2025-02-18 15:49:57,243 - aiogram.dispatcher - INFO - Polling stopped for bot @PlayPalGameBot id=7722417104 - 'PlayPal'
2025-02-18 15:49:57,243 - aiogram.dispatcher - INFO - Polling stopped
2025-02-18 15:50:01,991 - aiogram.dispatcher - INFO - Start polling
2025-02-18 15:50:02,058 - aiogram.dispatcher - INFO - Run polling for bot @PlayPalGameBot id=7722417104 - 'PlayPal'
2025-02-18 15:52:36,423 - aiogram.event - INFO - Update id=241309738 is handled. Duration 1538 ms by bot id=7722417104
2025-02-18 15:53:11,817 - aiogram.dispatcher - WARNING - Received SIGINT signal
2025-02-18 15:53:11,818 - aiogram.dispatcher - INFO - Polling stopped for bot @PlayPalGameBot id=7722417104 - 'PlayPal'
2025-02-18 15:53:11,818 - aiogram.dispatcher - INFO - Polling stopped
2025-02-18 15:53:16,235 - aiogram.dispatcher - INFO - Start polling
2025-02-18 15:53:16,295 - aiogram.dispatcher - INFO - Run polling for bot @PlayPalGameBot id=7722417104 - 'PlayPal'
2025-02-18 15:53:22,937 - aiogram.event - INFO - Update id=241309739 is handled. Duration 1632 ms by bot id=7722417104
2025-02-18 16:00:23,059 - aiogram.dispatcher - WARNING - Received SIGINT signal
2025-02-18 16:00:23,060 - aiogram.dispatcher - INFO - Polling stopped for bot @PlayPalGameBot id=7722417104 - 'PlayPal'
2025-02-18 16:00:23,060 - aiogram.dispatcher - INFO - Polling stopped
2025-02-18 16:04:39,523 - aiogram.dispatcher - INFO - Start polling
2025-02-18 16:04:39,594 - aiogram.dispatcher - INFO - Run polling for bot @PlayPalGameBot id=7722417104 - 'PlayPal'
2025-02-18 16:05:03,582 - aiogram.event - INFO - Update id=241309740 is handled. Duration 355 ms by bot id=7722417104
2025-02-18 16:05:04,893 - aiogram.event - INFO - Update id=241309741 is not handled. Duration 21 ms by bot id=7722417104
2025-02-18 16:05:04,894 - aiogram.event - ERROR - Cause exception while process update id=241309741 by bot id=7722417104
AttributeError: 'NoneType' object has no attribute 'from_user'
Traceback (most recent call last):
  File "/home/vasilisqq/.cache/pypoetry/virtualenvs/botgames-Y7R7oDsK-py3.12/lib/python3.12/site-packages/aiogram/dispatcher/middlewares/error.py", line 25, in __call__
    return await handler(event, data)
           ^^^^^^^^^^^^^^^^^^^^^^^^^^
  File "/home/vasilisqq/.cache/pypoetry/virtualenvs/botgames-Y7R7oDsK-py3.12/lib/python3.12/site-packages/aiogram/dispatcher/middlewares/user_context.py", line 56, in __call__
    return await handler(event, data)
           ^^^^^^^^^^^^^^^^^^^^^^^^^^
  File "/home/vasilisqq/.cache/pypoetry/virtualenvs/botgames-Y7R7oDsK-py3.12/lib/python3.12/site-packages/aiogram/fsm/middleware.py", line 42, in __call__
    return await handler(event, data)
           ^^^^^^^^^^^^^^^^^^^^^^^^^^
  File "/home/vasilisqq/.cache/pypoetry/virtualenvs/botgames-Y7R7oDsK-py3.12/lib/python3.12/site-packages/aiogram/dispatcher/event/telegram.py", line 121, in trigger
    return await wrapped_inner(event, kwargs)
           ^^^^^^^^^^^^^^^^^^^^^^^^^^^^^^^^^^
  File "/home/vasilisqq/utilites/botGames/bot/middlewares/user_middleware.py", line 31, in __call__
    return await handler(event, data)
           ^^^^^^^^^^^^^^^^^^^^^^^^^^
  File "/home/vasilisqq/.cache/pypoetry/virtualenvs/botgames-Y7R7oDsK-py3.12/lib/python3.12/site-packages/aiogram/dispatcher/event/handler.py", line 43, in call
    return await wrapped()
           ^^^^^^^^^^^^^^^
  File "/home/vasilisqq/.cache/pypoetry/virtualenvs/botgames-Y7R7oDsK-py3.12/lib/python3.12/site-packages/aiogram/dispatcher/dispatcher.py", line 276, in _listen_update
    return await self.propagate_event(update_type=update_type, event=event, **kwargs)
           ^^^^^^^^^^^^^^^^^^^^^^^^^^^^^^^^^^^^^^^^^^^^^^^^^^^^^^^^^^^^^^^^^^^^^^^^^^
  File "/home/vasilisqq/.cache/pypoetry/virtualenvs/botgames-Y7R7oDsK-py3.12/lib/python3.12/site-packages/aiogram/dispatcher/router.py", line 146, in propagate_event
    return await observer.wrap_outer_middleware(_wrapped, event=event, data=kwargs)
           ^^^^^^^^^^^^^^^^^^^^^^^^^^^^^^^^^^^^^^^^^^^^^^^^^^^^^^^^^^^^^^^^^^^^^^^^
  File "/home/vasilisqq/.cache/pypoetry/virtualenvs/botgames-Y7R7oDsK-py3.12/lib/python3.12/site-packages/aiogram/dispatcher/router.py", line 141, in _wrapped
    return await self._propagate_event(
           ^^^^^^^^^^^^^^^^^^^^^^^^^^^^
  File "/home/vasilisqq/.cache/pypoetry/virtualenvs/botgames-Y7R7oDsK-py3.12/lib/python3.12/site-packages/aiogram/dispatcher/router.py", line 174, in _propagate_event
    response = await router.propagate_event(update_type=update_type, event=event, **kwargs)
               ^^^^^^^^^^^^^^^^^^^^^^^^^^^^^^^^^^^^^^^^^^^^^^^^^^^^^^^^^^^^^^^^^^^^^^^^^^^^
  File "/home/vasilisqq/.cache/pypoetry/virtualenvs/botgames-Y7R7oDsK-py3.12/lib/python3.12/site-packages/aiogram/dispatcher/router.py", line 146, in propagate_event
    return await observer.wrap_outer_middleware(_wrapped, event=event, data=kwargs)
           ^^^^^^^^^^^^^^^^^^^^^^^^^^^^^^^^^^^^^^^^^^^^^^^^^^^^^^^^^^^^^^^^^^^^^^^^
  File "/home/vasilisqq/.cache/pypoetry/virtualenvs/botgames-Y7R7oDsK-py3.12/lib/python3.12/site-packages/aiogram/dispatcher/router.py", line 141, in _wrapped
    return await self._propagate_event(
           ^^^^^^^^^^^^^^^^^^^^^^^^^^^^
  File "/home/vasilisqq/.cache/pypoetry/virtualenvs/botgames-Y7R7oDsK-py3.12/lib/python3.12/site-packages/aiogram/dispatcher/router.py", line 166, in _propagate_event
    response = await observer.trigger(event, **kwargs)
               ^^^^^^^^^^^^^^^^^^^^^^^^^^^^^^^^^^^^^^^
  File "/home/vasilisqq/.cache/pypoetry/virtualenvs/botgames-Y7R7oDsK-py3.12/lib/python3.12/site-packages/aiogram/dispatcher/event/telegram.py", line 121, in trigger
    return await wrapped_inner(event, kwargs)
           ^^^^^^^^^^^^^^^^^^^^^^^^^^^^^^^^^^
  File "/home/vasilisqq/.cache/pypoetry/virtualenvs/botgames-Y7R7oDsK-py3.12/lib/python3.12/site-packages/aiogram/dispatcher/event/handler.py", line 43, in call
    return await wrapped()
           ^^^^^^^^^^^^^^^
  File "/home/vasilisqq/utilites/botGames/bot/handlers/inline.py", line 53, in f
    await game.crossZeroes.create__private_room(iquery.from_user.username, k, iquery.inline_message_id, user)
  File "/home/vasilisqq/utilites/botGames/gameControll/crossZeroes.py", line 19, in create__private_room
    first = random.choice(players).user_id
            ^^^^^^^^^^^^^^^^^^^^^^^^^^^^^^
AttributeError: 'NoneType' object has no attribute 'user_id'

During handling of the above exception, another exception occurred:

Traceback (most recent call last):
  File "/home/vasilisqq/utilites/botGames/bot/handlers/errors_handler.py", line 15, in print_error
    f"у пользователя {event.update.message.from_user.username} произошла ошибка {event.exception} \n"+
                      ^^^^^^^^^^^^^^^^^^^^^^^^^^^^^^
AttributeError: 'NoneType' object has no attribute 'from_user'

During handling of the above exception, another exception occurred:

Traceback (most recent call last):
  File "/home/vasilisqq/utilites/botGames/bot/handlers/errors_handler.py", line 21, in print_error
    f"у пользователя {event.update.callback_query.from_user.username} произошла ошибка {event.exception}\n"
                      ^^^^^^^^^^^^^^^^^^^^^^^^^^^^^^^^^^^^^
AttributeError: 'NoneType' object has no attribute 'from_user'

During handling of the above exception, another exception occurred:

Traceback (most recent call last):
  File "/home/vasilisqq/.cache/pypoetry/virtualenvs/botgames-Y7R7oDsK-py3.12/lib/python3.12/site-packages/aiogram/dispatcher/dispatcher.py", line 309, in _process_update
    response = await self.feed_update(bot, update, **kwargs)
               ^^^^^^^^^^^^^^^^^^^^^^^^^^^^^^^^^^^^^^^^^^^^^
  File "/home/vasilisqq/.cache/pypoetry/virtualenvs/botgames-Y7R7oDsK-py3.12/lib/python3.12/site-packages/aiogram/dispatcher/dispatcher.py", line 158, in feed_update
    response = await self.update.wrap_outer_middleware(
               ^^^^^^^^^^^^^^^^^^^^^^^^^^^^^^^^^^^^^^^^
  File "/home/vasilisqq/.cache/pypoetry/virtualenvs/botgames-Y7R7oDsK-py3.12/lib/python3.12/site-packages/aiogram/dispatcher/middlewares/error.py", line 29, in __call__
    response = await self.router.propagate_event(
               ^^^^^^^^^^^^^^^^^^^^^^^^^^^^^^^^^^
  File "/home/vasilisqq/.cache/pypoetry/virtualenvs/botgames-Y7R7oDsK-py3.12/lib/python3.12/site-packages/aiogram/dispatcher/router.py", line 146, in propagate_event
    return await observer.wrap_outer_middleware(_wrapped, event=event, data=kwargs)
           ^^^^^^^^^^^^^^^^^^^^^^^^^^^^^^^^^^^^^^^^^^^^^^^^^^^^^^^^^^^^^^^^^^^^^^^^
  File "/home/vasilisqq/.cache/pypoetry/virtualenvs/botgames-Y7R7oDsK-py3.12/lib/python3.12/site-packages/aiogram/dispatcher/router.py", line 141, in _wrapped
    return await self._propagate_event(
           ^^^^^^^^^^^^^^^^^^^^^^^^^^^^
  File "/home/vasilisqq/.cache/pypoetry/virtualenvs/botgames-Y7R7oDsK-py3.12/lib/python3.12/site-packages/aiogram/dispatcher/router.py", line 174, in _propagate_event
    response = await router.propagate_event(update_type=update_type, event=event, **kwargs)
               ^^^^^^^^^^^^^^^^^^^^^^^^^^^^^^^^^^^^^^^^^^^^^^^^^^^^^^^^^^^^^^^^^^^^^^^^^^^^
  File "/home/vasilisqq/.cache/pypoetry/virtualenvs/botgames-Y7R7oDsK-py3.12/lib/python3.12/site-packages/aiogram/dispatcher/router.py", line 146, in propagate_event
    return await observer.wrap_outer_middleware(_wrapped, event=event, data=kwargs)
           ^^^^^^^^^^^^^^^^^^^^^^^^^^^^^^^^^^^^^^^^^^^^^^^^^^^^^^^^^^^^^^^^^^^^^^^^
  File "/home/vasilisqq/.cache/pypoetry/virtualenvs/botgames-Y7R7oDsK-py3.12/lib/python3.12/site-packages/aiogram/dispatcher/router.py", line 141, in _wrapped
    return await self._propagate_event(
           ^^^^^^^^^^^^^^^^^^^^^^^^^^^^
  File "/home/vasilisqq/.cache/pypoetry/virtualenvs/botgames-Y7R7oDsK-py3.12/lib/python3.12/site-packages/aiogram/dispatcher/router.py", line 166, in _propagate_event
    response = await observer.trigger(event, **kwargs)
               ^^^^^^^^^^^^^^^^^^^^^^^^^^^^^^^^^^^^^^^
  File "/home/vasilisqq/.cache/pypoetry/virtualenvs/botgames-Y7R7oDsK-py3.12/lib/python3.12/site-packages/aiogram/dispatcher/event/telegram.py", line 121, in trigger
    return await wrapped_inner(event, kwargs)
           ^^^^^^^^^^^^^^^^^^^^^^^^^^^^^^^^^^
  File "/home/vasilisqq/.cache/pypoetry/virtualenvs/botgames-Y7R7oDsK-py3.12/lib/python3.12/site-packages/aiogram/dispatcher/event/handler.py", line 43, in call
    return await wrapped()
           ^^^^^^^^^^^^^^^
  File "/home/vasilisqq/utilites/botGames/bot/handlers/errors_handler.py", line 25, in print_error
    f"у пользователя {event.update.inline_query.from_user.username} произошла ошибка {event.exception} \n"+
                      ^^^^^^^^^^^^^^^^^^^^^^^^^^^^^^^^^^^
AttributeError: 'NoneType' object has no attribute 'from_user'
2025-02-18 16:06:54,719 - aiogram.dispatcher - WARNING - Received SIGINT signal
2025-02-18 16:06:54,721 - aiogram.dispatcher - INFO - Polling stopped for bot @PlayPalGameBot id=7722417104 - 'PlayPal'
2025-02-18 16:06:54,721 - aiogram.dispatcher - INFO - Polling stopped
2025-02-18 16:07:00,043 - aiogram.dispatcher - INFO - Start polling
2025-02-18 16:07:00,110 - aiogram.dispatcher - INFO - Run polling for bot @PlayPalGameBot id=7722417104 - 'PlayPal'
2025-02-18 16:07:04,930 - aiogram.event - INFO - Update id=241309742 is handled. Duration 211 ms by bot id=7722417104
2025-02-18 16:07:06,656 - aiogram.event - INFO - Update id=241309743 is handled. Duration 530 ms by bot id=7722417104
2025-02-18 16:10:20,643 - aiogram.dispatcher - WARNING - Received SIGINT signal
2025-02-18 16:10:20,644 - aiogram.dispatcher - INFO - Polling stopped for bot @PlayPalGameBot id=7722417104 - 'PlayPal'
2025-02-18 16:10:20,645 - aiogram.dispatcher - INFO - Polling stopped
2025-02-18 16:10:25,403 - aiogram.dispatcher - INFO - Start polling
2025-02-18 16:10:25,473 - aiogram.dispatcher - INFO - Run polling for bot @PlayPalGameBot id=7722417104 - 'PlayPal'
2025-02-18 16:10:30,894 - aiogram.event - INFO - Update id=241309744 is handled. Duration 248 ms by bot id=7722417104
2025-02-18 16:10:32,254 - aiogram.event - INFO - Update id=241309745 is handled. Duration 259 ms by bot id=7722417104
2025-02-18 16:12:34,232 - aiogram.dispatcher - WARNING - Received SIGINT signal
2025-02-18 16:12:34,234 - aiogram.dispatcher - INFO - Polling stopped for bot @PlayPalGameBot id=7722417104 - 'PlayPal'
2025-02-18 16:12:34,234 - aiogram.dispatcher - INFO - Polling stopped
2025-02-18 16:12:39,037 - aiogram.dispatcher - INFO - Start polling
2025-02-18 16:12:39,105 - aiogram.dispatcher - INFO - Run polling for bot @PlayPalGameBot id=7722417104 - 'PlayPal'
2025-02-18 16:12:43,152 - aiogram.event - INFO - Update id=241309746 is handled. Duration 233 ms by bot id=7722417104
2025-02-18 16:12:44,325 - aiogram.event - INFO - Update id=241309747 is handled. Duration 129 ms by bot id=7722417104
2025-02-18 16:13:41,035 - aiogram.dispatcher - WARNING - Received SIGINT signal
2025-02-18 16:13:41,037 - aiogram.dispatcher - INFO - Polling stopped for bot @PlayPalGameBot id=7722417104 - 'PlayPal'
2025-02-18 16:13:41,037 - aiogram.dispatcher - INFO - Polling stopped
2025-02-18 16:13:45,459 - aiogram.dispatcher - INFO - Start polling
2025-02-18 16:13:45,517 - aiogram.dispatcher - INFO - Run polling for bot @PlayPalGameBot id=7722417104 - 'PlayPal'
2025-02-18 16:13:49,565 - aiogram.event - INFO - Update id=241309748 is handled. Duration 221 ms by bot id=7722417104
2025-02-18 16:13:50,907 - aiogram.event - INFO - Update id=241309749 is handled. Duration 153 ms by bot id=7722417104
2025-02-18 16:14:24,160 - aiogram.dispatcher - WARNING - Received SIGINT signal
2025-02-18 16:14:24,161 - aiogram.dispatcher - INFO - Polling stopped for bot @PlayPalGameBot id=7722417104 - 'PlayPal'
2025-02-18 16:14:24,161 - aiogram.dispatcher - INFO - Polling stopped
2025-02-18 16:14:31,704 - aiogram.dispatcher - INFO - Start polling
2025-02-18 16:14:31,768 - aiogram.dispatcher - INFO - Run polling for bot @PlayPalGameBot id=7722417104 - 'PlayPal'
2025-02-18 16:14:32,466 - aiogram.event - INFO - Update id=241309750 is handled. Duration 220 ms by bot id=7722417104
2025-02-18 16:14:34,067 - aiogram.event - INFO - Update id=241309751 is handled. Duration 156 ms by bot id=7722417104
2025-02-18 16:14:41,970 - aiogram.event - INFO - Update id=241309752 is handled. Duration 79 ms by bot id=7722417104
2025-02-18 16:20:14,193 - aiogram.dispatcher - WARNING - Received SIGINT signal
2025-02-18 16:20:14,195 - aiogram.dispatcher - INFO - Polling stopped for bot @PlayPalGameBot id=7722417104 - 'PlayPal'
2025-02-18 16:20:14,195 - aiogram.dispatcher - INFO - Polling stopped
2025-02-18 16:20:18,998 - aiogram.dispatcher - INFO - Start polling
2025-02-18 16:20:19,076 - aiogram.dispatcher - INFO - Run polling for bot @PlayPalGameBot id=7722417104 - 'PlayPal'
2025-02-18 16:20:22,655 - aiogram.event - INFO - Update id=241309753 is handled. Duration 212 ms by bot id=7722417104
2025-02-18 16:20:24,512 - aiogram.event - INFO - Update id=241309754 is handled. Duration 204 ms by bot id=7722417104
2025-02-18 16:20:51,485 - aiogram.event - INFO - Update id=241309755 is handled. Duration 428 ms by bot id=7722417104
2025-02-18 16:20:53,620 - aiogram.event - INFO - Update id=241309756 is handled. Duration 300 ms by bot id=7722417104
2025-02-18 16:21:00,795 - aiogram.event - INFO - Update id=241309757 is handled. Duration 104 ms by bot id=7722417104
2025-02-18 16:21:06,222 - aiogram.event - INFO - Update id=241309758 is handled. Duration 213 ms by bot id=7722417104
2025-02-18 16:21:06,974 - aiogram.event - INFO - Update id=241309759 is handled. Duration 93 ms by bot id=7722417104
2025-02-18 16:22:03,565 - aiogram.dispatcher - WARNING - Received SIGINT signal
2025-02-18 16:22:03,567 - aiogram.dispatcher - INFO - Polling stopped for bot @PlayPalGameBot id=7722417104 - 'PlayPal'
2025-02-18 16:22:03,567 - aiogram.dispatcher - INFO - Polling stopped
2025-02-18 16:22:09,739 - aiogram.dispatcher - INFO - Start polling
2025-02-18 16:22:09,835 - aiogram.dispatcher - INFO - Run polling for bot @PlayPalGameBot id=7722417104 - 'PlayPal'
2025-02-18 16:22:16,540 - aiogram.event - INFO - Update id=241309760 is handled. Duration 276 ms by bot id=7722417104
2025-02-18 16:22:18,460 - aiogram.event - INFO - Update id=241309761 is handled. Duration 192 ms by bot id=7722417104
2025-02-18 16:22:21,282 - aiogram.event - INFO - Update id=241309762 is handled. Duration 145 ms by bot id=7722417104
2025-02-18 16:22:38,755 - aiogram.event - INFO - Update id=241309763 is handled. Duration 215 ms by bot id=7722417104
2025-02-18 16:22:47,725 - aiogram.event - INFO - Update id=241309764 is handled. Duration 83 ms by bot id=7722417104
2025-02-18 16:22:48,594 - aiogram.event - INFO - Update id=241309765 is handled. Duration 97 ms by bot id=7722417104
2025-02-18 16:22:48,808 - aiogram.event - INFO - Update id=241309766 is handled. Duration 102 ms by bot id=7722417104
2025-02-18 16:22:49,170 - aiogram.event - INFO - Update id=241309767 is handled. Duration 110 ms by bot id=7722417104
2025-02-18 16:22:49,477 - aiogram.event - INFO - Update id=241309768 is handled. Duration 107 ms by bot id=7722417104
2025-02-18 16:22:54,004 - aiogram.event - INFO - Update id=241309769 is handled. Duration 84 ms by bot id=7722417104
2025-02-18 16:25:30,262 - aiogram.dispatcher - WARNING - Received SIGINT signal
2025-02-18 16:25:30,263 - aiogram.dispatcher - INFO - Polling stopped for bot @PlayPalGameBot id=7722417104 - 'PlayPal'
2025-02-18 16:25:30,263 - aiogram.dispatcher - INFO - Polling stopped
2025-02-18 16:25:34,922 - aiogram.dispatcher - INFO - Start polling
2025-02-18 16:25:34,990 - aiogram.dispatcher - INFO - Run polling for bot @PlayPalGameBot id=7722417104 - 'PlayPal'
2025-02-18 16:25:39,246 - aiogram.event - INFO - Update id=241309770 is handled. Duration 221 ms by bot id=7722417104
2025-02-18 16:25:40,532 - aiogram.event - INFO - Update id=241309771 is handled. Duration 161 ms by bot id=7722417104
2025-02-18 16:25:58,670 - aiogram.event - INFO - Update id=241309772 is handled. Duration 409 ms by bot id=7722417104
2025-02-18 16:26:05,539 - aiogram.event - INFO - Update id=241309773 is handled. Duration 147 ms by bot id=7722417104
2025-02-18 16:26:22,182 - aiogram.dispatcher - WARNING - Received SIGINT signal
2025-02-18 16:26:22,184 - aiogram.dispatcher - INFO - Polling stopped for bot @PlayPalGameBot id=7722417104 - 'PlayPal'
2025-02-18 16:26:22,184 - aiogram.dispatcher - INFO - Polling stopped
2025-02-18 16:26:27,067 - aiogram.dispatcher - INFO - Start polling
2025-02-18 16:26:27,134 - aiogram.dispatcher - INFO - Run polling for bot @PlayPalGameBot id=7722417104 - 'PlayPal'
2025-02-18 16:26:31,668 - aiogram.event - INFO - Update id=241309774 is handled. Duration 232 ms by bot id=7722417104
2025-02-18 16:26:33,438 - aiogram.event - INFO - Update id=241309775 is handled. Duration 176 ms by bot id=7722417104
2025-02-18 16:26:35,672 - aiogram.event - INFO - Update id=241309776 is handled. Duration 157 ms by bot id=7722417104
2025-02-18 16:27:03,618 - aiogram.dispatcher - WARNING - Received SIGINT signal
2025-02-18 16:27:03,619 - aiogram.dispatcher - INFO - Polling stopped for bot @PlayPalGameBot id=7722417104 - 'PlayPal'
2025-02-18 16:27:03,619 - aiogram.dispatcher - INFO - Polling stopped
2025-02-18 16:27:08,150 - aiogram.dispatcher - INFO - Start polling
2025-02-18 16:27:08,245 - aiogram.dispatcher - INFO - Run polling for bot @PlayPalGameBot id=7722417104 - 'PlayPal'
2025-02-18 16:27:11,438 - aiogram.event - INFO - Update id=241309777 is handled. Duration 210 ms by bot id=7722417104
2025-02-18 16:27:13,345 - aiogram.event - INFO - Update id=241309778 is handled. Duration 125 ms by bot id=7722417104
2025-02-18 16:27:15,049 - aiogram.event - INFO - Update id=241309779 is handled. Duration 88 ms by bot id=7722417104
2025-02-18 16:30:07,300 - aiogram.dispatcher - WARNING - Received SIGINT signal
2025-02-18 16:30:07,301 - aiogram.dispatcher - INFO - Polling stopped for bot @PlayPalGameBot id=7722417104 - 'PlayPal'
2025-02-18 16:30:07,302 - aiogram.dispatcher - INFO - Polling stopped
2025-02-18 16:30:12,214 - aiogram.dispatcher - INFO - Start polling
2025-02-18 16:30:12,376 - aiogram.dispatcher - INFO - Run polling for bot @PlayPalGameBot id=7722417104 - 'PlayPal'
2025-02-18 16:30:14,374 - aiogram.event - INFO - Update id=241309780 is handled. Duration 493 ms by bot id=7722417104
2025-02-18 16:30:16,466 - aiogram.event - INFO - Update id=241309781 is handled. Duration 152 ms by bot id=7722417104
2025-02-18 16:30:22,048 - aiogram.event - INFO - Update id=241309782 is handled. Duration 584 ms by bot id=7722417104
2025-02-18 16:31:19,431 - aiogram.dispatcher - WARNING - Received SIGINT signal
2025-02-18 16:31:19,432 - aiogram.dispatcher - INFO - Polling stopped for bot @PlayPalGameBot id=7722417104 - 'PlayPal'
2025-02-18 16:31:19,432 - aiogram.dispatcher - INFO - Polling stopped
2025-02-19 18:24:12,523 - aiogram.dispatcher - INFO - Start polling
2025-02-19 18:24:12,583 - aiogram.dispatcher - INFO - Run polling for bot @PlayPalGameBot id=7722417104 - 'PlayPal'
2025-02-19 18:24:31,616 - aiogram.event - INFO - Update id=241309783 is handled. Duration 2766 ms by bot id=7722417104
2025-02-19 18:30:18,842 - aiogram.dispatcher - WARNING - Received SIGINT signal
2025-02-19 18:30:18,843 - aiogram.dispatcher - INFO - Polling stopped for bot @PlayPalGameBot id=7722417104 - 'PlayPal'
2025-02-19 18:30:18,843 - aiogram.dispatcher - INFO - Polling stopped
2025-02-19 18:30:23,144 - aiogram.dispatcher - INFO - Start polling
2025-02-19 18:30:23,203 - aiogram.dispatcher - INFO - Run polling for bot @PlayPalGameBot id=7722417104 - 'PlayPal'
2025-02-19 18:30:29,720 - aiogram.event - INFO - Update id=241309784 is handled. Duration 2384 ms by bot id=7722417104
2025-02-19 18:32:32,354 - aiogram.dispatcher - WARNING - Received SIGINT signal
2025-02-19 18:32:32,355 - aiogram.dispatcher - INFO - Polling stopped for bot @PlayPalGameBot id=7722417104 - 'PlayPal'
2025-02-19 18:32:32,356 - aiogram.dispatcher - INFO - Polling stopped
2025-02-19 18:44:19,656 - aiogram.dispatcher - INFO - Start polling
2025-02-19 18:44:19,719 - aiogram.dispatcher - INFO - Run polling for bot @PlayPalGameBot id=7722417104 - 'PlayPal'
2025-02-19 18:44:39,718 - aiogram.event - INFO - Update id=241309785 is handled. Duration 256 ms by bot id=7722417104
2025-02-19 18:44:42,352 - aiogram.event - INFO - Update id=241309786 is handled. Duration 419 ms by bot id=7722417104
2025-02-19 18:45:02,653 - aiogram.dispatcher - WARNING - Received SIGINT signal
2025-02-19 18:45:02,654 - aiogram.dispatcher - INFO - Polling stopped for bot @PlayPalGameBot id=7722417104 - 'PlayPal'
2025-02-19 18:45:02,655 - aiogram.dispatcher - INFO - Polling stopped
2025-02-21 14:02:41,978 - aiogram.dispatcher - INFO - Start polling
2025-02-21 14:02:42,113 - aiogram.dispatcher - INFO - Run polling for bot @PlayPalGameBot id=7722417104 - 'PlayPal'
2025-02-21 14:02:55,098 - aiogram.event - INFO - Update id=241309790 is handled. Duration 514 ms by bot id=7722417104
2025-02-21 14:02:56,684 - aiogram.event - INFO - Update id=241309791 is handled. Duration 251 ms by bot id=7722417104
2025-02-21 14:05:10,534 - aiogram.dispatcher - WARNING - Received SIGINT signal
2025-02-21 14:05:10,535 - aiogram.dispatcher - INFO - Polling stopped for bot @PlayPalGameBot id=7722417104 - 'PlayPal'
2025-02-21 14:05:10,535 - aiogram.dispatcher - INFO - Polling stopped
2025-02-21 18:39:16,053 - aiogram.dispatcher - INFO - Start polling
2025-02-21 18:39:16,127 - aiogram.dispatcher - INFO - Run polling for bot @PlayPalGameBot id=7722417104 - 'PlayPal'
2025-02-21 18:40:15,892 - aiogram.event - INFO - Update id=241309792 is handled. Duration 241 ms by bot id=7722417104
2025-02-21 18:40:19,476 - aiogram.event - INFO - Update id=241309793 is handled. Duration 533 ms by bot id=7722417104
2025-02-21 18:40:22,801 - aiogram.event - INFO - Update id=241309794 is handled. Duration 92 ms by bot id=7722417104
2025-02-21 18:41:21,668 - aiogram.dispatcher - WARNING - Received SIGINT signal
2025-02-21 18:41:21,669 - aiogram.dispatcher - INFO - Polling stopped for bot @PlayPalGameBot id=7722417104 - 'PlayPal'
2025-02-21 18:41:21,669 - aiogram.dispatcher - INFO - Polling stopped
2025-02-21 18:41:26,141 - aiogram.dispatcher - INFO - Start polling
2025-02-21 18:41:26,202 - aiogram.dispatcher - INFO - Run polling for bot @PlayPalGameBot id=7722417104 - 'PlayPal'
2025-02-21 18:41:26,678 - aiogram.event - INFO - Update id=241309795 is handled. Duration 217 ms by bot id=7722417104
2025-02-21 18:41:28,595 - aiogram.event - INFO - Update id=241309796 is handled. Duration 341 ms by bot id=7722417104
2025-02-21 18:41:31,219 - aiogram.event - INFO - Update id=241309797 is handled. Duration 109 ms by bot id=7722417104
2025-02-21 18:42:11,283 - aiogram.event - INFO - Update id=241309798 is handled. Duration 222 ms by bot id=7722417104
2025-02-21 18:42:14,632 - aiogram.event - INFO - Update id=241309799 is handled. Duration 193 ms by bot id=7722417104
2025-02-21 18:42:22,281 - aiogram.event - INFO - Update id=241309800 is handled. Duration 368 ms by bot id=7722417104
2025-02-21 18:43:00,327 - aiogram.dispatcher - WARNING - Received SIGINT signal
2025-02-21 18:43:00,329 - aiogram.dispatcher - INFO - Polling stopped for bot @PlayPalGameBot id=7722417104 - 'PlayPal'
2025-02-21 18:43:00,329 - aiogram.dispatcher - INFO - Polling stopped
2025-02-21 18:43:05,258 - aiogram.dispatcher - INFO - Start polling
2025-02-21 18:43:05,317 - aiogram.dispatcher - INFO - Run polling for bot @PlayPalGameBot id=7722417104 - 'PlayPal'
2025-02-21 18:43:09,986 - aiogram.event - INFO - Update id=241309801 is handled. Duration 223 ms by bot id=7722417104
2025-02-21 18:43:11,712 - aiogram.event - INFO - Update id=241309802 is handled. Duration 340 ms by bot id=7722417104
2025-02-21 18:43:14,336 - aiogram.event - INFO - Update id=241309803 is handled. Duration 299 ms by bot id=7722417104
2025-02-21 18:44:22,417 - aiogram.dispatcher - WARNING - Received SIGINT signal
2025-02-21 18:44:22,419 - aiogram.dispatcher - INFO - Polling stopped for bot @PlayPalGameBot id=7722417104 - 'PlayPal'
2025-02-21 18:44:22,419 - aiogram.dispatcher - INFO - Polling stopped
2025-02-21 18:44:30,448 - aiogram.dispatcher - INFO - Start polling
2025-02-21 18:44:30,507 - aiogram.dispatcher - INFO - Run polling for bot @PlayPalGameBot id=7722417104 - 'PlayPal'
2025-02-21 18:44:34,880 - aiogram.event - INFO - Update id=241309804 is handled. Duration 234 ms by bot id=7722417104
2025-02-21 18:44:36,595 - aiogram.event - INFO - Update id=241309805 is handled. Duration 328 ms by bot id=7722417104
2025-02-21 18:44:38,823 - aiogram.event - INFO - Update id=241309806 is handled. Duration 307 ms by bot id=7722417104
2025-02-21 18:46:24,388 - aiogram.dispatcher - WARNING - Received SIGINT signal
2025-02-21 18:46:24,390 - aiogram.dispatcher - INFO - Polling stopped for bot @PlayPalGameBot id=7722417104 - 'PlayPal'
2025-02-21 18:46:24,390 - aiogram.dispatcher - INFO - Polling stopped
2025-02-21 18:46:28,998 - aiogram.dispatcher - INFO - Start polling
2025-02-21 18:46:29,056 - aiogram.dispatcher - INFO - Run polling for bot @PlayPalGameBot id=7722417104 - 'PlayPal'
2025-02-21 18:46:30,277 - aiogram.event - INFO - Update id=241309807 is handled. Duration 224 ms by bot id=7722417104
2025-02-21 18:46:32,197 - aiogram.event - INFO - Update id=241309808 is handled. Duration 310 ms by bot id=7722417104
2025-02-21 18:46:38,478 - aiogram.event - INFO - Update id=241309809 is handled. Duration 149 ms by bot id=7722417104
2025-02-21 18:46:40,404 - aiogram.event - INFO - Update id=241309810 is handled. Duration 335 ms by bot id=7722417104
2025-02-21 18:46:46,398 - aiogram.event - INFO - Update id=241309811 is handled. Duration 83 ms by bot id=7722417104
2025-02-21 18:46:48,347 - aiogram.event - INFO - Update id=241309812 is handled. Duration 291 ms by bot id=7722417104
2025-02-21 18:48:54,634 - aiogram.dispatcher - WARNING - Received SIGINT signal
2025-02-21 18:48:54,635 - aiogram.dispatcher - INFO - Polling stopped for bot @PlayPalGameBot id=7722417104 - 'PlayPal'
2025-02-21 18:48:54,635 - aiogram.dispatcher - INFO - Polling stopped
2025-02-21 18:48:59,127 - aiogram.dispatcher - INFO - Start polling
2025-02-21 18:48:59,189 - aiogram.dispatcher - INFO - Run polling for bot @PlayPalGameBot id=7722417104 - 'PlayPal'
2025-02-21 18:49:00,846 - aiogram.event - INFO - Update id=241309813 is handled. Duration 349 ms by bot id=7722417104
2025-02-21 18:49:02,344 - aiogram.event - INFO - Update id=241309814 is handled. Duration 411 ms by bot id=7722417104
2025-02-21 18:49:12,443 - aiogram.event - INFO - Update id=241309815 is handled. Duration 291 ms by bot id=7722417104
2025-02-21 18:50:30,026 - aiogram.dispatcher - WARNING - Received SIGINT signal
2025-02-21 18:50:30,027 - aiogram.dispatcher - INFO - Polling stopped for bot @PlayPalGameBot id=7722417104 - 'PlayPal'
2025-02-21 18:50:30,027 - aiogram.dispatcher - INFO - Polling stopped
2025-02-21 18:50:34,684 - aiogram.dispatcher - INFO - Start polling
2025-02-21 18:50:34,743 - aiogram.dispatcher - INFO - Run polling for bot @PlayPalGameBot id=7722417104 - 'PlayPal'
2025-02-21 18:50:40,463 - aiogram.event - INFO - Update id=241309816 is handled. Duration 216 ms by bot id=7722417104
2025-02-21 18:50:42,077 - aiogram.event - INFO - Update id=241309817 is handled. Duration 341 ms by bot id=7722417104
2025-02-21 18:50:48,696 - aiogram.event - INFO - Update id=241309818 is handled. Duration 706 ms by bot id=7722417104
2025-02-21 18:52:18,348 - aiogram.dispatcher - WARNING - Received SIGINT signal
2025-02-21 18:52:18,350 - aiogram.dispatcher - INFO - Polling stopped for bot @PlayPalGameBot id=7722417104 - 'PlayPal'
2025-02-21 18:52:18,350 - aiogram.dispatcher - INFO - Polling stopped
2025-02-21 18:52:22,530 - aiogram.dispatcher - INFO - Start polling
2025-02-21 18:52:22,606 - aiogram.dispatcher - INFO - Run polling for bot @PlayPalGameBot id=7722417104 - 'PlayPal'
2025-02-21 18:53:08,228 - aiogram.event - INFO - Update id=241309820 is handled. Duration 262 ms by bot id=7722417104
2025-02-21 18:53:09,742 - aiogram.event - INFO - Update id=241309821 is handled. Duration 271 ms by bot id=7722417104
2025-02-21 18:53:13,704 - aiogram.event - INFO - Update id=241309822 is handled. Duration 318 ms by bot id=7722417104
2025-02-21 18:53:17,682 - aiogram.event - INFO - Update id=241309823 is handled. Duration 108 ms by bot id=7722417104
2025-02-21 18:54:34,273 - aiogram.dispatcher - WARNING - Received SIGINT signal
2025-02-21 18:54:34,274 - aiogram.dispatcher - INFO - Polling stopped for bot @PlayPalGameBot id=7722417104 - 'PlayPal'
2025-02-21 18:54:34,274 - aiogram.dispatcher - INFO - Polling stopped
2025-02-21 18:54:38,892 - aiogram.dispatcher - INFO - Start polling
2025-02-21 18:54:38,965 - aiogram.dispatcher - INFO - Run polling for bot @PlayPalGameBot id=7722417104 - 'PlayPal'
2025-02-21 18:54:41,969 - aiogram.event - INFO - Update id=241309824 is handled. Duration 327 ms by bot id=7722417104
2025-02-21 18:54:43,536 - aiogram.event - INFO - Update id=241309825 is handled. Duration 298 ms by bot id=7722417104
2025-02-21 18:54:45,561 - aiogram.event - INFO - Update id=241309826 is handled. Duration 311 ms by bot id=7722417104
2025-02-21 18:54:47,821 - aiogram.event - INFO - Update id=241309827 is handled. Duration 114 ms by bot id=7722417104
2025-02-21 18:54:53,053 - aiogram.event - INFO - Update id=241309828 is handled. Duration 224 ms by bot id=7722417104
2025-02-21 18:54:55,594 - aiogram.event - INFO - Update id=241309829 is handled. Duration 305 ms by bot id=7722417104
2025-02-21 18:55:44,240 - aiogram.dispatcher - WARNING - Received SIGINT signal
2025-02-21 18:55:44,241 - aiogram.dispatcher - INFO - Polling stopped for bot @PlayPalGameBot id=7722417104 - 'PlayPal'
2025-02-21 18:55:44,241 - aiogram.dispatcher - INFO - Polling stopped
2025-02-21 18:55:58,331 - aiogram.dispatcher - INFO - Start polling
2025-02-21 18:55:58,392 - aiogram.dispatcher - INFO - Run polling for bot @PlayPalGameBot id=7722417104 - 'PlayPal'
2025-02-21 18:56:01,356 - aiogram.event - INFO - Update id=241309831 is handled. Duration 204 ms by bot id=7722417104
2025-02-21 18:56:04,643 - aiogram.event - INFO - Update id=241309832 is handled. Duration 336 ms by bot id=7722417104
2025-02-21 18:56:07,173 - aiogram.event - INFO - Update id=241309833 is handled. Duration 309 ms by bot id=7722417104
2025-02-21 18:58:31,236 - aiogram.dispatcher - WARNING - Received SIGINT signal
2025-02-21 18:58:31,238 - aiogram.dispatcher - INFO - Polling stopped for bot @PlayPalGameBot id=7722417104 - 'PlayPal'
2025-02-21 18:58:31,239 - aiogram.dispatcher - INFO - Polling stopped
2025-02-21 18:58:35,599 - aiogram.dispatcher - INFO - Start polling
2025-02-21 18:58:35,662 - aiogram.dispatcher - INFO - Run polling for bot @PlayPalGameBot id=7722417104 - 'PlayPal'
2025-02-21 18:58:36,135 - aiogram.event - INFO - Update id=241309834 is handled. Duration 239 ms by bot id=7722417104
2025-02-21 18:58:37,647 - aiogram.event - INFO - Update id=241309835 is handled. Duration 344 ms by bot id=7722417104
2025-02-21 18:58:43,537 - aiogram.event - INFO - Update id=241309836 is handled. Duration 922 ms by bot id=7722417104
2025-02-21 18:59:20,917 - aiogram.dispatcher - WARNING - Received SIGINT signal
2025-02-21 18:59:20,918 - aiogram.dispatcher - INFO - Polling stopped for bot @PlayPalGameBot id=7722417104 - 'PlayPal'
2025-02-21 18:59:20,919 - aiogram.dispatcher - INFO - Polling stopped
2025-02-21 18:59:25,377 - aiogram.dispatcher - INFO - Start polling
2025-02-21 18:59:25,434 - aiogram.dispatcher - INFO - Run polling for bot @PlayPalGameBot id=7722417104 - 'PlayPal'
2025-02-21 18:59:27,920 - aiogram.event - INFO - Update id=241309838 is handled. Duration 207 ms by bot id=7722417104
2025-02-21 18:59:29,451 - aiogram.event - INFO - Update id=241309839 is handled. Duration 335 ms by bot id=7722417104
2025-02-21 18:59:33,839 - aiogram.event - INFO - Update id=241309840 is handled. Duration 329 ms by bot id=7722417104
2025-02-21 19:01:22,023 - aiogram.dispatcher - WARNING - Received SIGINT signal
2025-02-21 19:01:22,024 - aiogram.dispatcher - INFO - Polling stopped for bot @PlayPalGameBot id=7722417104 - 'PlayPal'
2025-02-21 19:01:22,024 - aiogram.dispatcher - INFO - Polling stopped
2025-02-21 19:01:26,404 - aiogram.dispatcher - INFO - Start polling
2025-02-21 19:01:26,478 - aiogram.dispatcher - INFO - Run polling for bot @PlayPalGameBot id=7722417104 - 'PlayPal'
2025-02-21 19:01:27,545 - aiogram.event - INFO - Update id=241309841 is handled. Duration 243 ms by bot id=7722417104
2025-02-21 19:01:29,057 - aiogram.event - INFO - Update id=241309842 is handled. Duration 338 ms by bot id=7722417104
2025-02-21 19:01:35,164 - aiogram.event - INFO - Update id=241309843 is handled. Duration 302 ms by bot id=7722417104
2025-02-21 19:01:37,725 - aiogram.event - INFO - Update id=241309844 is handled. Duration 307 ms by bot id=7722417104
2025-02-21 19:01:39,978 - aiogram.event - INFO - Update id=241309845 is handled. Duration 307 ms by bot id=7722417104
2025-02-21 19:01:42,742 - aiogram.event - INFO - Update id=241309846 is handled. Duration 308 ms by bot id=7722417104
2025-02-21 19:01:44,489 - aiogram.event - INFO - Update id=241309847 is handled. Duration 312 ms by bot id=7722417104
2025-02-21 19:01:48,988 - aiogram.event - INFO - Update id=241309848 is handled. Duration 307 ms by bot id=7722417104
2025-02-21 19:02:20,683 - aiogram.dispatcher - WARNING - Received SIGINT signal
2025-02-21 19:02:20,685 - aiogram.dispatcher - INFO - Polling stopped for bot @PlayPalGameBot id=7722417104 - 'PlayPal'
2025-02-21 19:02:20,686 - aiogram.dispatcher - INFO - Polling stopped
2025-02-21 19:02:24,935 - aiogram.dispatcher - INFO - Start polling
2025-02-21 19:02:25,017 - aiogram.dispatcher - INFO - Run polling for bot @PlayPalGameBot id=7722417104 - 'PlayPal'
2025-02-21 19:02:29,095 - aiogram.event - INFO - Update id=241309849 is handled. Duration 235 ms by bot id=7722417104
2025-02-21 19:02:30,595 - aiogram.event - INFO - Update id=241309850 is handled. Duration 336 ms by bot id=7722417104
2025-02-21 19:02:32,513 - aiogram.event - INFO - Update id=241309851 is handled. Duration 306 ms by bot id=7722417104
2025-02-21 19:02:34,151 - aiogram.event - INFO - Update id=241309852 is handled. Duration 312 ms by bot id=7722417104
2025-02-21 19:02:35,354 - aiogram.event - INFO - Update id=241309853 is handled. Duration 278 ms by bot id=7722417104
2025-02-21 19:02:36,917 - aiogram.event - INFO - Update id=241309854 is handled. Duration 308 ms by bot id=7722417104
2025-02-21 19:02:38,653 - aiogram.event - INFO - Update id=241309855 is handled. Duration 301 ms by bot id=7722417104
2025-02-21 19:02:40,598 - aiogram.event - INFO - Update id=241309856 is handled. Duration 306 ms by bot id=7722417104
2025-02-21 19:02:42,852 - aiogram.event - INFO - Update id=241309857 is handled. Duration 302 ms by bot id=7722417104
2025-02-21 19:02:43,979 - aiogram.event - INFO - Update id=241309858 is handled. Duration 307 ms by bot id=7722417104
2025-02-21 19:02:46,129 - aiogram.event - INFO - Update id=241309859 is handled. Duration 305 ms by bot id=7722417104
2025-02-21 19:02:47,358 - aiogram.event - INFO - Update id=241309860 is handled. Duration 422 ms by bot id=7722417104
2025-02-21 19:02:48,694 - aiogram.event - INFO - Update id=241309861 is handled. Duration 312 ms by bot id=7722417104
2025-02-21 19:02:49,719 - aiogram.event - INFO - Update id=241309862 is handled. Duration 306 ms by bot id=7722417104
2025-02-21 19:02:52,272 - aiogram.event - INFO - Update id=241309863 is handled. Duration 306 ms by bot id=7722417104
2025-02-21 19:02:54,941 - aiogram.event - INFO - Update id=241309864 is handled. Duration 109 ms by bot id=7722417104
2025-02-21 19:03:26,889 - aiogram.event - INFO - Update id=241309865 is handled. Duration 443 ms by bot id=7722417104
2025-02-21 19:03:29,894 - aiogram.event - INFO - Update id=241309866 is handled. Duration 238 ms by bot id=7722417104
2025-02-21 19:03:31,105 - aiogram.event - INFO - Update id=241309867 is handled. Duration 326 ms by bot id=7722417104
2025-02-21 19:03:32,824 - aiogram.event - INFO - Update id=241309868 is handled. Duration 307 ms by bot id=7722417104
2025-02-21 19:03:34,054 - aiogram.event - INFO - Update id=241309869 is handled. Duration 306 ms by bot id=7722417104
2025-02-21 19:03:35,606 - aiogram.event - INFO - Update id=241309870 is handled. Duration 221 ms by bot id=7722417104
2025-02-21 19:03:36,819 - aiogram.event - INFO - Update id=241309871 is handled. Duration 306 ms by bot id=7722417104
2025-02-21 19:03:38,865 - aiogram.event - INFO - Update id=241309872 is handled. Duration 298 ms by bot id=7722417104
2025-02-21 19:03:39,895 - aiogram.event - INFO - Update id=241309873 is handled. Duration 312 ms by bot id=7722417104
2025-02-21 19:03:42,041 - aiogram.event - INFO - Update id=241309874 is handled. Duration 304 ms by bot id=7722417104
2025-02-21 19:03:46,188 - aiogram.dispatcher - WARNING - Received SIGINT signal
2025-02-21 19:03:46,189 - aiogram.dispatcher - INFO - Polling stopped for bot @PlayPalGameBot id=7722417104 - 'PlayPal'
2025-02-21 19:03:46,189 - aiogram.dispatcher - INFO - Polling stopped
2025-02-22 08:46:24,726 - aiogram.dispatcher - INFO - Start polling
2025-02-22 08:46:24,797 - aiogram.dispatcher - INFO - Run polling for bot @PlayPalGameBot id=7722417104 - 'PlayPal'
2025-02-22 08:48:01,469 - aiogram.event - INFO - Update id=241309875 is handled. Duration 1552 ms by bot id=7722417104
2025-02-22 08:48:02,969 - aiogram.event - INFO - Update id=241309876 is handled. Duration 96 ms by bot id=7722417104
2025-02-22 08:48:19,451 - aiogram.event - INFO - Update id=241309877 is handled. Duration 608 ms by bot id=7722417104
2025-02-22 08:48:21,679 - aiogram.event - INFO - Update id=241309878 is handled. Duration 216 ms by bot id=7722417104
2025-02-22 08:48:25,859 - aiogram.event - INFO - Update id=241309879 is handled. Duration 142 ms by bot id=7722417104
2025-02-22 08:48:28,349 - aiogram.event - INFO - Update id=241309880 is handled. Duration 380 ms by bot id=7722417104
2025-02-22 08:48:32,124 - aiogram.event - INFO - Update id=241309881 is handled. Duration 572 ms by bot id=7722417104
2025-02-22 08:50:27,158 - aiogram.dispatcher - WARNING - Received SIGINT signal
2025-02-22 08:50:27,160 - aiogram.dispatcher - INFO - Polling stopped for bot @PlayPalGameBot id=7722417104 - 'PlayPal'
2025-02-22 08:50:27,160 - aiogram.dispatcher - INFO - Polling stopped
2025-02-22 08:50:31,851 - aiogram.dispatcher - INFO - Start polling
2025-02-22 08:50:31,922 - aiogram.dispatcher - INFO - Run polling for bot @PlayPalGameBot id=7722417104 - 'PlayPal'
2025-02-22 08:50:39,142 - aiogram.event - INFO - Update id=241309882 is handled. Duration 289 ms by bot id=7722417104
2025-02-22 08:50:42,160 - aiogram.event - INFO - Update id=241309883 is handled. Duration 904 ms by bot id=7722417104
2025-02-22 08:50:43,819 - aiogram.event - INFO - Update id=241309884 is handled. Duration 171 ms by bot id=7722417104
2025-02-22 08:50:49,309 - aiogram.event - INFO - Update id=241309885 is handled. Duration 125 ms by bot id=7722417104
2025-02-22 08:50:52,676 - aiogram.event - INFO - Update id=241309886 is handled. Duration 417 ms by bot id=7722417104
2025-02-22 08:50:56,534 - aiogram.event - INFO - Update id=241309887 is handled. Duration 1109 ms by bot id=7722417104
2025-02-22 08:52:02,274 - aiogram.dispatcher - WARNING - Received SIGINT signal
2025-02-22 08:52:02,275 - aiogram.dispatcher - INFO - Polling stopped for bot @PlayPalGameBot id=7722417104 - 'PlayPal'
2025-02-22 08:52:02,275 - aiogram.dispatcher - INFO - Polling stopped
2025-02-22 08:52:07,692 - aiogram.dispatcher - INFO - Start polling
2025-02-22 08:52:07,764 - aiogram.dispatcher - INFO - Run polling for bot @PlayPalGameBot id=7722417104 - 'PlayPal'
2025-02-22 08:52:50,442 - aiogram.event - INFO - Update id=241309888 is handled. Duration 326 ms by bot id=7722417104
2025-02-22 08:52:52,903 - aiogram.event - INFO - Update id=241309889 is handled. Duration 461 ms by bot id=7722417104
2025-02-22 08:52:54,695 - aiogram.event - INFO - Update id=241309890 is handled. Duration 172 ms by bot id=7722417104
2025-02-22 08:52:59,625 - aiogram.event - INFO - Update id=241309891 is handled. Duration 90 ms by bot id=7722417104
2025-02-22 08:53:03,514 - aiogram.event - INFO - Update id=241309892 is handled. Duration 394 ms by bot id=7722417104
2025-02-22 08:53:07,064 - aiogram.event - INFO - Update id=241309893 is handled. Duration 666 ms by bot id=7722417104
2025-02-22 08:54:48,076 - aiogram.dispatcher - WARNING - Received SIGINT signal
2025-02-22 08:54:48,077 - aiogram.dispatcher - INFO - Polling stopped for bot @PlayPalGameBot id=7722417104 - 'PlayPal'
2025-02-22 08:54:48,077 - aiogram.dispatcher - INFO - Polling stopped
2025-02-22 08:54:52,995 - aiogram.dispatcher - INFO - Start polling
2025-02-22 08:54:53,069 - aiogram.dispatcher - INFO - Run polling for bot @PlayPalGameBot id=7722417104 - 'PlayPal'
2025-02-22 08:54:58,176 - aiogram.event - INFO - Update id=241309894 is handled. Duration 324 ms by bot id=7722417104
2025-02-22 08:55:00,299 - aiogram.event - INFO - Update id=241309895 is handled. Duration 517 ms by bot id=7722417104
2025-02-22 08:55:01,581 - aiogram.event - INFO - Update id=241309896 is handled. Duration 189 ms by bot id=7722417104
2025-02-22 08:55:06,829 - aiogram.event - INFO - Update id=241309897 is handled. Duration 100 ms by bot id=7722417104
2025-02-22 08:55:09,910 - aiogram.event - INFO - Update id=241309898 is handled. Duration 526 ms by bot id=7722417104
2025-02-22 08:55:13,293 - aiogram.event - INFO - Update id=241309899 is handled. Duration 416 ms by bot id=7722417104
2025-02-22 08:55:23,068 - aiogram.event - INFO - Update id=241309900 is handled. Duration 371 ms by bot id=7722417104
2025-02-22 08:57:17,381 - aiogram.dispatcher - WARNING - Received SIGINT signal
2025-02-22 08:57:17,382 - aiogram.dispatcher - INFO - Polling stopped for bot @PlayPalGameBot id=7722417104 - 'PlayPal'
2025-02-22 08:57:17,382 - aiogram.dispatcher - INFO - Polling stopped
2025-02-22 08:57:21,784 - aiogram.dispatcher - INFO - Start polling
2025-02-22 08:57:21,849 - aiogram.dispatcher - INFO - Run polling for bot @PlayPalGameBot id=7722417104 - 'PlayPal'
2025-02-22 08:57:26,535 - aiogram.event - INFO - Update id=241309901 is handled. Duration 261 ms by bot id=7722417104
2025-02-22 08:57:28,668 - aiogram.event - INFO - Update id=241309902 is handled. Duration 593 ms by bot id=7722417104
2025-02-22 08:57:30,821 - aiogram.event - INFO - Update id=241309903 is handled. Duration 171 ms by bot id=7722417104
2025-02-22 08:57:34,431 - aiogram.event - INFO - Update id=241309904 is handled. Duration 141 ms by bot id=7722417104
2025-02-22 08:57:37,433 - aiogram.event - INFO - Update id=241309905 is handled. Duration 386 ms by bot id=7722417104
2025-02-22 08:57:40,833 - aiogram.event - INFO - Update id=241309906 is handled. Duration 715 ms by bot id=7722417104
2025-02-22 08:58:56,702 - aiogram.dispatcher - WARNING - Received SIGINT signal
2025-02-22 08:58:56,704 - aiogram.dispatcher - INFO - Polling stopped for bot @PlayPalGameBot id=7722417104 - 'PlayPal'
2025-02-22 08:58:56,704 - aiogram.dispatcher - INFO - Polling stopped
2025-02-22 08:59:00,807 - aiogram.dispatcher - INFO - Start polling
2025-02-22 08:59:00,873 - aiogram.dispatcher - INFO - Run polling for bot @PlayPalGameBot id=7722417104 - 'PlayPal'
2025-02-22 08:59:05,080 - aiogram.event - INFO - Update id=241309907 is handled. Duration 274 ms by bot id=7722417104
2025-02-22 08:59:07,435 - aiogram.event - INFO - Update id=241309908 is handled. Duration 585 ms by bot id=7722417104
2025-02-22 08:59:09,345 - aiogram.event - INFO - Update id=241309909 is handled. Duration 200 ms by bot id=7722417104
2025-02-22 08:59:14,446 - aiogram.event - INFO - Update id=241309910 is handled. Duration 118 ms by bot id=7722417104
2025-02-22 08:59:17,081 - aiogram.event - INFO - Update id=241309911 is handled. Duration 399 ms by bot id=7722417104
2025-02-22 08:59:21,194 - aiogram.event - INFO - Update id=241309912 is handled. Duration 414 ms by bot id=7722417104
2025-02-22 08:59:27,090 - aiogram.event - INFO - Update id=241309913 is handled. Duration 257 ms by bot id=7722417104
2025-02-22 09:00:33,850 - aiogram.dispatcher - WARNING - Received SIGINT signal
2025-02-22 09:00:33,852 - aiogram.dispatcher - INFO - Polling stopped for bot @PlayPalGameBot id=7722417104 - 'PlayPal'
2025-02-22 09:00:33,852 - aiogram.dispatcher - INFO - Polling stopped
2025-02-22 09:00:38,499 - aiogram.dispatcher - INFO - Start polling
2025-02-22 09:00:38,560 - aiogram.dispatcher - INFO - Run polling for bot @PlayPalGameBot id=7722417104 - 'PlayPal'
2025-02-22 09:00:42,128 - aiogram.event - INFO - Update id=241309914 is handled. Duration 346 ms by bot id=7722417104
2025-02-22 09:00:44,619 - aiogram.event - INFO - Update id=241309915 is handled. Duration 424 ms by bot id=7722417104
2025-02-22 09:00:47,102 - aiogram.event - INFO - Update id=241309916 is handled. Duration 360 ms by bot id=7722417104
2025-02-22 09:00:51,711 - aiogram.event - INFO - Update id=241309917 is handled. Duration 101 ms by bot id=7722417104
2025-02-22 09:00:55,756 - aiogram.event - INFO - Update id=241309918 is handled. Duration 665 ms by bot id=7722417104
2025-02-22 09:00:59,337 - aiogram.event - INFO - Update id=241309919 is handled. Duration 562 ms by bot id=7722417104
2025-02-22 09:01:04,604 - aiogram.event - INFO - Update id=241309920 is handled. Duration 95 ms by bot id=7722417104
2025-02-22 09:01:07,102 - aiogram.event - INFO - Update id=241309921 is handled. Duration 441 ms by bot id=7722417104
2025-02-22 09:01:24,580 - aiogram.event - INFO - Update id=241309922 is handled. Duration 307 ms by bot id=7722417104
2025-02-22 09:01:26,617 - aiogram.event - INFO - Update id=241309923 is handled. Duration 180 ms by bot id=7722417104
2025-02-22 09:01:28,656 - aiogram.event - INFO - Update id=241309924 is handled. Duration 183 ms by bot id=7722417104
2025-02-22 09:01:30,274 - aiogram.event - INFO - Update id=241309925 is handled. Duration 222 ms by bot id=7722417104
2025-02-22 09:01:32,878 - aiogram.event - INFO - Update id=241309926 is handled. Duration 206 ms by bot id=7722417104
2025-02-22 09:01:37,209 - aiogram.event - INFO - Update id=241309927 is handled. Duration 135 ms by bot id=7722417104
2025-02-22 09:01:40,160 - aiogram.event - INFO - Update id=241309928 is handled. Duration 766 ms by bot id=7722417104
2025-02-22 09:02:21,824 - aiogram.dispatcher - WARNING - Received SIGINT signal
2025-02-22 09:02:21,825 - aiogram.dispatcher - INFO - Polling stopped for bot @PlayPalGameBot id=7722417104 - 'PlayPal'
2025-02-22 09:02:21,825 - aiogram.dispatcher - INFO - Polling stopped
2025-02-22 09:02:26,196 - aiogram.dispatcher - INFO - Start polling
2025-02-22 09:02:26,260 - aiogram.dispatcher - INFO - Run polling for bot @PlayPalGameBot id=7722417104 - 'PlayPal'
2025-02-22 09:02:32,150 - aiogram.event - INFO - Update id=241309929 is handled. Duration 269 ms by bot id=7722417104
2025-02-22 09:02:34,098 - aiogram.event - INFO - Update id=241309930 is handled. Duration 422 ms by bot id=7722417104
2025-02-22 09:02:35,827 - aiogram.event - INFO - Update id=241309931 is handled. Duration 178 ms by bot id=7722417104
2025-02-22 09:02:40,069 - aiogram.event - INFO - Update id=241309932 is handled. Duration 121 ms by bot id=7722417104
2025-02-22 09:02:42,558 - aiogram.event - INFO - Update id=241309933 is handled. Duration 455 ms by bot id=7722417104
2025-02-22 09:02:45,504 - aiogram.event - INFO - Update id=241309934 is handled. Duration 434 ms by bot id=7722417104
2025-02-22 09:02:54,379 - aiogram.event - INFO - Update id=241309935 is handled. Duration 93 ms by bot id=7722417104
2025-02-22 09:02:57,698 - aiogram.event - INFO - Update id=241309936 is handled. Duration 340 ms by bot id=7722417104
2025-02-22 09:03:05,241 - aiogram.event - INFO - Update id=241309937 is handled. Duration 294 ms by bot id=7722417104
2025-02-22 09:03:13,614 - aiogram.event - INFO - Update id=241309938 is handled. Duration 180 ms by bot id=7722417104
2025-02-22 09:03:15,870 - aiogram.event - INFO - Update id=241309939 is handled. Duration 186 ms by bot id=7722417104
2025-02-22 09:03:17,856 - aiogram.event - INFO - Update id=241309940 is handled. Duration 247 ms by bot id=7722417104
2025-02-22 09:03:20,638 - aiogram.event - INFO - Update id=241309941 is handled. Duration 186 ms by bot id=7722417104
2025-02-22 09:03:23,771 - aiogram.event - INFO - Update id=241309942 is handled. Duration 176 ms by bot id=7722417104
2025-02-22 09:03:26,042 - aiogram.event - INFO - Update id=241309943 is handled. Duration 213 ms by bot id=7722417104
2025-02-22 09:03:40,646 - aiogram.event - INFO - Update id=241309944 is handled. Duration 343 ms by bot id=7722417104
2025-02-22 09:07:55,576 - aiogram.dispatcher - WARNING - Received SIGINT signal
2025-02-22 09:07:55,578 - aiogram.dispatcher - INFO - Polling stopped for bot @PlayPalGameBot id=7722417104 - 'PlayPal'
2025-02-22 09:07:55,578 - aiogram.dispatcher - INFO - Polling stopped
2025-02-22 09:08:00,222 - aiogram.dispatcher - INFO - Start polling
2025-02-22 09:08:00,288 - aiogram.dispatcher - INFO - Run polling for bot @PlayPalGameBot id=7722417104 - 'PlayPal'
2025-02-22 09:08:07,751 - aiogram.event - INFO - Update id=241309945 is handled. Duration 290 ms by bot id=7722417104
2025-02-22 09:08:11,348 - aiogram.event - INFO - Update id=241309946 is handled. Duration 795 ms by bot id=7722417104
2025-02-22 09:08:13,141 - aiogram.event - INFO - Update id=241309947 is handled. Duration 192 ms by bot id=7722417104
2025-02-22 09:08:22,489 - aiogram.event - INFO - Update id=241309948 is handled. Duration 1233 ms by bot id=7722417104
2025-02-22 09:08:27,199 - aiogram.event - INFO - Update id=241309949 is handled. Duration 107 ms by bot id=7722417104
2025-02-22 09:08:30,186 - aiogram.event - INFO - Update id=241309950 is handled. Duration 515 ms by bot id=7722417104
2025-02-22 09:08:33,977 - aiogram.event - INFO - Update id=241309951 is handled. Duration 1259 ms by bot id=7722417104
2025-02-22 09:09:14,225 - aiogram.dispatcher - WARNING - Received SIGINT signal
2025-02-22 09:09:14,227 - aiogram.dispatcher - INFO - Polling stopped for bot @PlayPalGameBot id=7722417104 - 'PlayPal'
2025-02-22 09:09:14,227 - aiogram.dispatcher - INFO - Polling stopped
2025-02-22 09:09:18,689 - aiogram.dispatcher - INFO - Start polling
2025-02-22 09:09:18,753 - aiogram.dispatcher - INFO - Run polling for bot @PlayPalGameBot id=7722417104 - 'PlayPal'
2025-02-22 09:09:24,644 - aiogram.event - INFO - Update id=241309952 is handled. Duration 266 ms by bot id=7722417104
2025-02-22 09:09:26,924 - aiogram.event - INFO - Update id=241309953 is handled. Duration 471 ms by bot id=7722417104
2025-02-22 09:09:29,052 - aiogram.event - INFO - Update id=241309954 is handled. Duration 250 ms by bot id=7722417104
2025-02-22 09:09:34,527 - aiogram.event - INFO - Update id=241309955 is handled. Duration 155 ms by bot id=7722417104
2025-02-22 09:09:37,951 - aiogram.event - INFO - Update id=241309956 is handled. Duration 510 ms by bot id=7722417104
2025-02-22 09:09:40,956 - aiogram.event - INFO - Update id=241309957 is handled. Duration 337 ms by bot id=7722417104
2025-02-22 09:09:44,331 - aiogram.event - INFO - Update id=241309958 is handled. Duration 333 ms by bot id=7722417104
2025-02-22 09:10:32,930 - aiogram.dispatcher - WARNING - Received SIGINT signal
2025-02-22 09:10:32,931 - aiogram.dispatcher - INFO - Polling stopped for bot @PlayPalGameBot id=7722417104 - 'PlayPal'
2025-02-22 09:10:32,932 - aiogram.dispatcher - INFO - Polling stopped
2025-02-22 09:10:37,318 - aiogram.dispatcher - INFO - Start polling
2025-02-22 09:10:37,400 - aiogram.dispatcher - INFO - Run polling for bot @PlayPalGameBot id=7722417104 - 'PlayPal'
2025-02-22 09:10:57,189 - aiogram.dispatcher - WARNING - Received SIGINT signal
2025-02-22 09:10:57,190 - aiogram.dispatcher - INFO - Polling stopped for bot @PlayPalGameBot id=7722417104 - 'PlayPal'
2025-02-22 09:10:57,190 - aiogram.dispatcher - INFO - Polling stopped
2025-02-24 11:13:50,033 - aiogram.dispatcher - INFO - Start polling
2025-02-24 11:13:50,223 - aiogram.dispatcher - INFO - Run polling for bot @PlayPalGameBot id=7722417104 - 'PlayPal'
2025-02-24 11:14:14,942 - aiogram.event - INFO - Update id=241309960 is handled. Duration 4398 ms by bot id=7722417104
2025-02-24 11:14:23,875 - aiogram.event - INFO - Update id=241309962 is handled. Duration 379 ms by bot id=7722417104
2025-02-24 11:14:24,969 - aiogram.event - INFO - Update id=241309961 is handled. Duration 2802 ms by bot id=7722417104
2025-02-24 11:14:27,078 - aiogram.event - INFO - Update id=241309964 is handled. Duration 147 ms by bot id=7722417104
2025-02-24 11:14:27,079 - aiogram.event - INFO - Update id=241309963 is handled. Duration 591 ms by bot id=7722417104
2025-02-24 11:14:28,800 - aiogram.event - INFO - Update id=241309965 is handled. Duration 273 ms by bot id=7722417104
2025-02-24 11:14:29,685 - aiogram.event - INFO - Update id=241309966 is handled. Duration 698 ms by bot id=7722417104
2025-02-24 11:14:33,874 - aiogram.event - INFO - Update id=241309967 is handled. Duration 1260 ms by bot id=7722417104
2025-02-24 11:15:35,198 - aiogram.dispatcher - ERROR - Failed to fetch updates - TelegramNetworkError: HTTP Client says - ClientOSError: [Errno 104] Connection reset by peer
2025-02-24 11:15:35,199 - aiogram.dispatcher - WARNING - Sleep for 1.000000 seconds and try again... (tryings = 0, bot id = 7722417104)
2025-02-24 11:15:46,543 - aiogram.dispatcher - INFO - Connection established (tryings = 1, bot id = 7722417104)
2025-02-24 11:17:39,536 - aiogram.dispatcher - WARNING - Received SIGINT signal
2025-02-24 11:17:39,537 - aiogram.dispatcher - INFO - Polling stopped for bot @PlayPalGameBot id=7722417104 - 'PlayPal'
2025-02-24 11:17:39,537 - aiogram.dispatcher - INFO - Polling stopped
2025-02-24 11:17:44,539 - aiogram.dispatcher - INFO - Start polling
2025-02-24 11:17:44,718 - aiogram.dispatcher - INFO - Run polling for bot @PlayPalGameBot id=7722417104 - 'PlayPal'
2025-02-24 11:17:50,112 - aiogram.event - INFO - Update id=241309968 is handled. Duration 487 ms by bot id=7722417104
2025-02-24 11:17:51,267 - aiogram.event - INFO - Update id=241309969 is handled. Duration 304 ms by bot id=7722417104
2025-02-24 11:17:53,345 - aiogram.event - INFO - Update id=241309970 is handled. Duration 709 ms by bot id=7722417104
2025-02-24 11:17:54,229 - aiogram.event - INFO - Update id=241309971 is handled. Duration 1136 ms by bot id=7722417104
2025-02-24 11:17:54,956 - aiogram.event - INFO - Update id=241309972 is handled. Duration 373 ms by bot id=7722417104
2025-02-24 11:17:56,197 - aiogram.event - INFO - Update id=241309973 is handled. Duration 728 ms by bot id=7722417104
2025-02-24 11:18:29,944 - aiogram.event - INFO - Update id=241309974 is handled. Duration 800 ms by bot id=7722417104
2025-02-24 11:18:32,292 - aiogram.event - INFO - Update id=241309975 is handled. Duration 265 ms by bot id=7722417104
2025-02-24 11:18:33,664 - aiogram.event - INFO - Update id=241309976 is handled. Duration 263 ms by bot id=7722417104
2025-02-24 11:18:35,792 - aiogram.event - INFO - Update id=241309977 is handled. Duration 283 ms by bot id=7722417104
2025-02-24 11:18:37,119 - aiogram.event - INFO - Update id=241309978 is handled. Duration 356 ms by bot id=7722417104
2025-02-24 11:18:45,451 - aiogram.event - INFO - Update id=241309979 is handled. Duration 516 ms by bot id=7722417104
2025-02-24 11:20:44,786 - aiogram.dispatcher - WARNING - Received SIGINT signal
2025-02-24 11:20:44,787 - aiogram.dispatcher - INFO - Polling stopped for bot @PlayPalGameBot id=7722417104 - 'PlayPal'
2025-02-24 11:20:44,787 - aiogram.dispatcher - INFO - Polling stopped
2025-02-24 11:20:49,669 - aiogram.dispatcher - INFO - Start polling
2025-02-24 11:20:49,871 - aiogram.dispatcher - INFO - Run polling for bot @PlayPalGameBot id=7722417104 - 'PlayPal'
2025-02-24 11:20:54,308 - aiogram.event - INFO - Update id=241309980 is handled. Duration 388 ms by bot id=7722417104
2025-02-24 11:20:55,187 - aiogram.event - INFO - Update id=241309981 is handled. Duration 145 ms by bot id=7722417104
2025-02-24 11:20:57,366 - aiogram.event - INFO - Update id=241309982 is handled. Duration 748 ms by bot id=7722417104
2025-02-24 11:20:57,866 - aiogram.event - INFO - Update id=241309983 is handled. Duration 928 ms by bot id=7722417104
2025-02-24 11:20:59,832 - aiogram.event - INFO - Update id=241309984 is handled. Duration 553 ms by bot id=7722417104
2025-02-24 11:21:00,659 - aiogram.event - INFO - Update id=241309985 is handled. Duration 713 ms by bot id=7722417104
2025-02-24 11:23:23,162 - aiogram.event - INFO - Update id=241309986 is handled. Duration 426 ms by bot id=7722417104
2025-02-24 11:23:25,574 - aiogram.event - INFO - Update id=241309987 is handled. Duration 221 ms by bot id=7722417104
2025-02-24 11:23:33,962 - aiogram.event - INFO - Update id=241309988 is handled. Duration 571 ms by bot id=7722417104
2025-02-24 11:23:39,257 - aiogram.event - INFO - Update id=241309989 is handled. Duration 541 ms by bot id=7722417104
2025-02-24 11:25:40,805 - aiogram.dispatcher - WARNING - Received SIGINT signal
2025-02-24 11:25:40,807 - aiogram.dispatcher - INFO - Polling stopped for bot @PlayPalGameBot id=7722417104 - 'PlayPal'
2025-02-24 11:25:40,807 - aiogram.dispatcher - INFO - Polling stopped
2025-02-24 11:25:45,403 - aiogram.dispatcher - INFO - Start polling
2025-02-24 11:25:45,610 - aiogram.dispatcher - INFO - Run polling for bot @PlayPalGameBot id=7722417104 - 'PlayPal'
2025-02-24 11:25:51,771 - aiogram.event - INFO - Update id=241309990 is handled. Duration 438 ms by bot id=7722417104
2025-02-24 11:25:53,056 - aiogram.event - INFO - Update id=241309991 is handled. Duration 195 ms by bot id=7722417104
2025-02-24 11:25:58,697 - aiogram.event - INFO - Update id=241309992 is handled. Duration 908 ms by bot id=7722417104
2025-02-24 11:26:43,047 - aiogram.dispatcher - WARNING - Received SIGINT signal
2025-02-24 11:26:43,048 - aiogram.dispatcher - INFO - Polling stopped for bot @PlayPalGameBot id=7722417104 - 'PlayPal'
2025-02-24 11:26:43,049 - aiogram.dispatcher - INFO - Polling stopped
2025-02-24 11:26:47,886 - aiogram.dispatcher - INFO - Start polling
2025-02-24 11:26:48,065 - aiogram.dispatcher - INFO - Run polling for bot @PlayPalGameBot id=7722417104 - 'PlayPal'
2025-02-24 11:26:51,782 - aiogram.event - INFO - Update id=241309993 is handled. Duration 335 ms by bot id=7722417104
2025-02-24 11:26:52,835 - aiogram.event - INFO - Update id=241309994 is handled. Duration 164 ms by bot id=7722417104
2025-02-24 11:26:54,647 - aiogram.event - INFO - Update id=241309995 is handled. Duration 243 ms by bot id=7722417104
2025-02-24 11:26:57,272 - aiogram.event - INFO - Update id=241309996 is handled. Duration 861 ms by bot id=7722417104
2025-02-24 11:26:58,374 - aiogram.event - INFO - Update id=241309997 is handled. Duration 489 ms by bot id=7722417104
2025-02-24 11:27:03,237 - aiogram.event - INFO - Update id=241309998 is handled. Duration 128 ms by bot id=7722417104
2025-02-24 11:29:21,326 - aiogram.event - INFO - Update id=241309999 is handled. Duration 308 ms by bot id=7722417104
2025-02-24 11:29:33,035 - aiogram.event - INFO - Update id=241310000 is handled. Duration 906 ms by bot id=7722417104
2025-02-24 11:29:35,551 - aiogram.event - INFO - Update id=241310001 is handled. Duration 444 ms by bot id=7722417104
2025-02-24 11:29:37,790 - aiogram.event - INFO - Update id=241310002 is handled. Duration 154 ms by bot id=7722417104
2025-02-24 11:29:39,859 - aiogram.event - INFO - Update id=241310003 is handled. Duration 587 ms by bot id=7722417104
2025-02-24 11:29:44,826 - aiogram.event - INFO - Update id=241310004 is handled. Duration 842 ms by bot id=7722417104
2025-02-24 11:29:48,718 - aiogram.event - INFO - Update id=241310005 is handled. Duration 555 ms by bot id=7722417104
2025-02-24 11:29:50,413 - aiogram.event - INFO - Update id=241310006 is handled. Duration 421 ms by bot id=7722417104
2025-02-24 11:29:52,059 - aiogram.event - INFO - Update id=241310007 is handled. Duration 292 ms by bot id=7722417104
2025-02-24 11:29:54,036 - aiogram.event - INFO - Update id=241310008 is handled. Duration 310 ms by bot id=7722417104
2025-02-24 11:29:55,694 - aiogram.event - INFO - Update id=241310009 is handled. Duration 539 ms by bot id=7722417104
2025-02-24 11:31:00,052 - aiogram.dispatcher - WARNING - Received SIGINT signal
2025-02-24 11:31:00,054 - aiogram.dispatcher - INFO - Polling stopped for bot @PlayPalGameBot id=7722417104 - 'PlayPal'
2025-02-24 11:31:00,054 - aiogram.dispatcher - INFO - Polling stopped
2025-02-24 11:31:04,778 - aiogram.dispatcher - INFO - Start polling
2025-02-24 11:31:04,984 - aiogram.dispatcher - INFO - Run polling for bot @PlayPalGameBot id=7722417104 - 'PlayPal'
2025-02-24 11:31:07,816 - aiogram.event - INFO - Update id=241310010 is handled. Duration 591 ms by bot id=7722417104
2025-02-24 11:31:11,011 - aiogram.event - INFO - Update id=241310011 is handled. Duration 717 ms by bot id=7722417104
2025-02-24 11:31:11,551 - aiogram.event - INFO - Update id=241310012 is handled. Duration 146 ms by bot id=7722417104
2025-02-24 11:31:12,587 - aiogram.event - INFO - Update id=241310013 is handled. Duration 424 ms by bot id=7722417104
2025-02-24 11:31:15,361 - aiogram.event - INFO - Update id=241310014 is handled. Duration 1044 ms by bot id=7722417104
2025-02-24 11:31:17,270 - aiogram.event - INFO - Update id=241310015 is handled. Duration 700 ms by bot id=7722417104
2025-02-24 11:31:19,913 - aiogram.event - INFO - Update id=241310016 is handled. Duration 386 ms by bot id=7722417104
2025-02-24 11:31:21,175 - aiogram.event - INFO - Update id=241310017 is handled. Duration 464 ms by bot id=7722417104
2025-02-24 11:31:22,512 - aiogram.event - INFO - Update id=241310018 is handled. Duration 267 ms by bot id=7722417104
2025-02-24 11:31:24,277 - aiogram.event - INFO - Update id=241310019 is handled. Duration 543 ms by bot id=7722417104
2025-02-24 11:31:25,999 - aiogram.event - INFO - Update id=241310020 is handled. Duration 326 ms by bot id=7722417104
2025-02-24 11:31:29,622 - aiogram.event - INFO - Update id=241310021 is handled. Duration 165 ms by bot id=7722417104
2025-02-24 11:31:33,416 - aiogram.event - INFO - Update id=241310022 is handled. Duration 1089 ms by bot id=7722417104
2025-02-24 11:39:22,840 - aiogram.dispatcher - WARNING - Received SIGINT signal
2025-02-24 11:39:22,841 - aiogram.dispatcher - INFO - Polling stopped for bot @PlayPalGameBot id=7722417104 - 'PlayPal'
2025-02-24 11:39:22,842 - aiogram.dispatcher - INFO - Polling stopped
2025-02-24 11:39:27,791 - aiogram.dispatcher - INFO - Start polling
2025-02-24 11:39:28,084 - aiogram.dispatcher - INFO - Run polling for bot @PlayPalGameBot id=7722417104 - 'PlayPal'
2025-02-24 11:39:35,061 - aiogram.event - INFO - Update id=241310023 is handled. Duration 443 ms by bot id=7722417104
2025-02-24 11:39:37,001 - aiogram.event - INFO - Update id=241310024 is handled. Duration 629 ms by bot id=7722417104
2025-02-24 11:39:39,903 - aiogram.event - INFO - Update id=241310025 is handled. Duration 264 ms by bot id=7722417104
2025-02-24 11:39:40,179 - aiogram.event - INFO - Update id=241310026 is handled. Duration 145 ms by bot id=7722417104
2025-02-24 11:39:42,488 - aiogram.event - INFO - Update id=241310027 is handled. Duration 685 ms by bot id=7722417104
2025-02-24 11:39:44,172 - aiogram.event - INFO - Update id=241310028 is handled. Duration 619 ms by bot id=7722417104
2025-02-24 11:39:46,951 - aiogram.event - INFO - Update id=241310029 is handled. Duration 845 ms by bot id=7722417104
2025-02-24 11:41:20,856 - aiogram.dispatcher - WARNING - Received SIGINT signal
2025-02-24 11:41:20,857 - aiogram.dispatcher - INFO - Polling stopped for bot @PlayPalGameBot id=7722417104 - 'PlayPal'
2025-02-24 11:41:20,857 - aiogram.dispatcher - INFO - Polling stopped
2025-02-24 11:41:25,437 - aiogram.dispatcher - INFO - Start polling
2025-02-24 11:41:25,584 - aiogram.dispatcher - INFO - Run polling for bot @PlayPalGameBot id=7722417104 - 'PlayPal'
2025-02-24 11:41:27,934 - aiogram.event - INFO - Update id=241310030 is handled. Duration 617 ms by bot id=7722417104
2025-02-24 11:41:30,903 - aiogram.event - INFO - Update id=241310031 is handled. Duration 723 ms by bot id=7722417104
2025-02-24 11:41:32,712 - aiogram.event - INFO - Update id=241310032 is handled. Duration 414 ms by bot id=7722417104
2025-02-24 11:41:32,989 - aiogram.event - INFO - Update id=241310033 is handled. Duration 467 ms by bot id=7722417104
2025-02-24 11:41:35,270 - aiogram.event - INFO - Update id=241310034 is handled. Duration 1071 ms by bot id=7722417104
2025-02-24 11:41:37,963 - aiogram.event - INFO - Update id=241310035 is handled. Duration 1353 ms by bot id=7722417104
2025-02-24 11:41:42,224 - aiogram.event - INFO - Update id=241310036 is handled. Duration 389 ms by bot id=7722417104
2025-02-24 11:41:44,691 - aiogram.event - INFO - Update id=241310037 is handled. Duration 417 ms by bot id=7722417104
2025-02-24 11:41:47,387 - aiogram.event - INFO - Update id=241310038 is handled. Duration 447 ms by bot id=7722417104
2025-02-24 11:41:49,292 - aiogram.event - INFO - Update id=241310039 is handled. Duration 403 ms by bot id=7722417104
2025-02-24 11:41:51,389 - aiogram.event - INFO - Update id=241310040 is handled. Duration 343 ms by bot id=7722417104
2025-02-24 11:41:56,355 - aiogram.event - INFO - Update id=241310041 is handled. Duration 194 ms by bot id=7722417104
2025-02-24 11:41:59,233 - aiogram.event - INFO - Update id=241310042 is handled. Duration 1440 ms by bot id=7722417104
2025-02-24 11:41:59,733 - aiogram.event - INFO - Update id=241310043 is handled. Duration 173 ms by bot id=7722417104
2025-02-24 11:42:02,213 - aiogram.event - INFO - Update id=241310044 is handled. Duration 703 ms by bot id=7722417104
2025-02-24 11:42:08,672 - aiogram.event - INFO - Update id=241310045 is handled. Duration 334 ms by bot id=7722417104
2025-02-24 11:42:10,794 - aiogram.event - INFO - Update id=241310046 is handled. Duration 470 ms by bot id=7722417104
2025-02-24 11:42:12,447 - aiogram.event - INFO - Update id=241310047 is handled. Duration 373 ms by bot id=7722417104
2025-02-24 11:42:14,174 - aiogram.event - INFO - Update id=241310048 is handled. Duration 496 ms by bot id=7722417104
2025-02-24 11:42:15,471 - aiogram.event - INFO - Update id=241310049 is handled. Duration 374 ms by bot id=7722417104
2025-02-24 11:42:17,430 - aiogram.event - INFO - Update id=241310050 is handled. Duration 732 ms by bot id=7722417104
2025-02-24 11:42:19,816 - aiogram.event - INFO - Update id=241310051 is handled. Duration 193 ms by bot id=7722417104
2025-02-24 11:42:24,060 - aiogram.event - INFO - Update id=241310052 is handled. Duration 2396 ms by bot id=7722417104
2025-02-24 11:43:26,434 - aiogram.dispatcher - WARNING - Received SIGINT signal
2025-02-24 11:43:26,435 - aiogram.dispatcher - INFO - Polling stopped for bot @PlayPalGameBot id=7722417104 - 'PlayPal'
2025-02-24 11:43:26,435 - aiogram.dispatcher - INFO - Polling stopped
2025-02-24 16:03:18,413 - aiogram.dispatcher - INFO - Start polling
2025-02-24 16:03:18,474 - aiogram.dispatcher - INFO - Run polling for bot @PlayPalGameBot id=7722417104 - 'PlayPal'
2025-02-24 16:03:21,379 - aiogram.event - INFO - Update id=241310053 is handled. Duration 298 ms by bot id=7722417104
2025-02-24 16:03:24,352 - aiogram.event - INFO - Update id=241310054 is handled. Duration 381 ms by bot id=7722417104
2025-02-24 16:03:25,517 - aiogram.event - INFO - Update id=241310055 is handled. Duration 168 ms by bot id=7722417104
2025-02-24 16:03:28,361 - aiogram.event - INFO - Update id=241310056 is handled. Duration 111 ms by bot id=7722417104
2025-02-24 16:03:31,307 - aiogram.event - INFO - Update id=241310057 is handled. Duration 397 ms by bot id=7722417104
2025-02-24 16:03:37,203 - aiogram.event - INFO - Update id=241310058 is handled. Duration 456 ms by bot id=7722417104
2025-02-24 16:03:40,922 - aiogram.event - INFO - Update id=241310059 is handled. Duration 276 ms by bot id=7722417104
2025-02-24 16:03:43,138 - aiogram.event - INFO - Update id=241310060 is handled. Duration 222 ms by bot id=7722417104
2025-02-24 16:03:45,760 - aiogram.event - INFO - Update id=241310061 is handled. Duration 513 ms by bot id=7722417104
2025-02-24 16:03:47,464 - aiogram.event - INFO - Update id=241310062 is handled. Duration 201 ms by bot id=7722417104
2025-02-24 16:03:49,360 - aiogram.event - INFO - Update id=241310063 is handled. Duration 326 ms by bot id=7722417104
2025-02-24 16:03:54,295 - aiogram.event - INFO - Update id=241310064 is handled. Duration 191 ms by bot id=7722417104
2025-02-24 16:03:57,763 - aiogram.event - INFO - Update id=241310065 is handled. Duration 1059 ms by bot id=7722417104
2025-02-24 16:04:34,566 - aiogram.dispatcher - WARNING - Received SIGINT signal
2025-02-24 16:04:34,567 - aiogram.dispatcher - INFO - Polling stopped for bot @PlayPalGameBot id=7722417104 - 'PlayPal'
2025-02-24 16:04:34,567 - aiogram.dispatcher - INFO - Polling stopped
2025-02-24 16:04:39,001 - aiogram.dispatcher - INFO - Start polling
2025-02-24 16:04:39,063 - aiogram.dispatcher - INFO - Run polling for bot @PlayPalGameBot id=7722417104 - 'PlayPal'
2025-02-24 16:04:44,523 - aiogram.event - INFO - Update id=241310066 is handled. Duration 294 ms by bot id=7722417104
2025-02-24 16:04:46,803 - aiogram.event - INFO - Update id=241310067 is handled. Duration 405 ms by bot id=7722417104
2025-02-24 16:04:48,160 - aiogram.event - INFO - Update id=241310068 is handled. Duration 232 ms by bot id=7722417104
2025-02-24 16:04:50,879 - aiogram.event - INFO - Update id=241310069 is handled. Duration 92 ms by bot id=7722417104
2025-02-24 16:04:55,143 - aiogram.event - INFO - Update id=241310070 is handled. Duration 569 ms by bot id=7722417104
2025-02-24 16:04:59,720 - aiogram.event - INFO - Update id=241310071 is handled. Duration 660 ms by bot id=7722417104
2025-02-24 16:05:02,455 - aiogram.event - INFO - Update id=241310072 is handled. Duration 286 ms by bot id=7722417104
2025-02-24 16:05:04,996 - aiogram.event - INFO - Update id=241310073 is handled. Duration 491 ms by bot id=7722417104
2025-02-24 16:05:06,413 - aiogram.event - INFO - Update id=241310074 is handled. Duration 264 ms by bot id=7722417104
2025-02-24 16:05:07,926 - aiogram.event - INFO - Update id=241310075 is handled. Duration 173 ms by bot id=7722417104
2025-02-24 16:05:09,726 - aiogram.event - INFO - Update id=241310076 is handled. Duration 203 ms by bot id=7722417104
2025-02-24 16:05:13,017 - aiogram.event - INFO - Update id=241310077 is handled. Duration 115 ms by bot id=7722417104
2025-02-24 16:05:16,322 - aiogram.event - INFO - Update id=241310078 is handled. Duration 337 ms by bot id=7722417104
2025-02-24 16:05:19,275 - aiogram.event - INFO - Update id=241310079 is handled. Duration 273 ms by bot id=7722417104
2025-02-24 16:05:21,180 - aiogram.event - INFO - Update id=241310080 is handled. Duration 186 ms by bot id=7722417104
2025-02-24 16:05:23,589 - aiogram.event - INFO - Update id=241310081 is handled. Duration 182 ms by bot id=7722417104
2025-02-24 16:05:25,274 - aiogram.event - INFO - Update id=241310082 is handled. Duration 184 ms by bot id=7722417104
2025-02-24 16:05:27,902 - aiogram.event - INFO - Update id=241310083 is handled. Duration 209 ms by bot id=7722417104
2025-02-24 16:05:29,583 - aiogram.event - INFO - Update id=241310084 is handled. Duration 191 ms by bot id=7722417104
2025-02-24 16:05:34,511 - aiogram.event - INFO - Update id=241310085 is handled. Duration 102 ms by bot id=7722417104
2025-02-24 16:05:36,866 - aiogram.event - INFO - Update id=241310086 is handled. Duration 261 ms by bot id=7722417104
2025-02-24 16:05:40,332 - aiogram.event - INFO - Update id=241310087 is handled. Duration 189 ms by bot id=7722417104
2025-02-24 16:05:41,894 - aiogram.event - INFO - Update id=241310088 is handled. Duration 215 ms by bot id=7722417104
2025-02-24 16:05:44,266 - aiogram.event - INFO - Update id=241310089 is handled. Duration 538 ms by bot id=7722417104
2025-02-24 16:05:46,118 - aiogram.event - INFO - Update id=241310090 is handled. Duration 235 ms by bot id=7722417104
2025-02-24 16:05:49,978 - aiogram.event - INFO - Update id=241310091 is handled. Duration 177 ms by bot id=7722417104
2025-02-24 16:05:51,593 - aiogram.event - INFO - Update id=241310092 is handled. Duration 187 ms by bot id=7722417104
2025-02-24 16:05:55,298 - aiogram.event - INFO - Update id=241310093 is handled. Duration 186 ms by bot id=7722417104
2025-02-24 16:05:57,749 - aiogram.event - INFO - Update id=241310094 is handled. Duration 198 ms by bot id=7722417104
2025-02-24 16:06:01,859 - aiogram.event - INFO - Update id=241310095 is handled. Duration 1366 ms by bot id=7722417104
2025-02-24 16:06:11,410 - aiogram.event - INFO - Update id=241310096 is handled. Duration 84 ms by bot id=7722417104
2025-02-24 16:06:16,838 - aiogram.event - INFO - Update id=241310097 is handled. Duration 94 ms by bot id=7722417104
2025-02-24 16:06:55,112 - aiogram.dispatcher - WARNING - Received SIGINT signal
2025-02-24 16:06:55,113 - aiogram.dispatcher - INFO - Polling stopped for bot @PlayPalGameBot id=7722417104 - 'PlayPal'
2025-02-24 16:06:55,113 - aiogram.dispatcher - INFO - Polling stopped
2025-02-24 16:06:59,661 - aiogram.dispatcher - INFO - Start polling
2025-02-24 16:06:59,719 - aiogram.dispatcher - INFO - Run polling for bot @PlayPalGameBot id=7722417104 - 'PlayPal'
2025-02-24 16:07:03,999 - aiogram.event - INFO - Update id=241310098 is handled. Duration 373 ms by bot id=7722417104
2025-02-24 16:07:05,883 - aiogram.event - INFO - Update id=241310099 is handled. Duration 459 ms by bot id=7722417104
2025-02-24 16:07:09,363 - aiogram.event - INFO - Update id=241310100 is handled. Duration 323 ms by bot id=7722417104
2025-02-24 16:07:11,111 - aiogram.event - INFO - Update id=241310101 is handled. Duration 549 ms by bot id=7722417104
2025-02-24 16:07:12,217 - aiogram.event - INFO - Update id=241310102 is handled. Duration 202 ms by bot id=7722417104
2025-02-24 16:07:15,176 - aiogram.event - INFO - Update id=241310103 is handled. Duration 209 ms by bot id=7722417104
2025-02-24 16:07:17,998 - aiogram.event - INFO - Update id=241310104 is handled. Duration 272 ms by bot id=7722417104
2025-02-24 16:07:19,689 - aiogram.event - INFO - Update id=241310105 is handled. Duration 216 ms by bot id=7722417104
2025-02-24 16:07:21,666 - aiogram.event - INFO - Update id=241310106 is handled. Duration 199 ms by bot id=7722417104
2025-02-24 16:07:23,548 - aiogram.event - INFO - Update id=241310107 is handled. Duration 231 ms by bot id=7722417104
2025-02-24 16:07:26,836 - aiogram.event - INFO - Update id=241310108 is handled. Duration 1081 ms by bot id=7722417104
2025-02-24 16:08:20,333 - aiogram.dispatcher - WARNING - Received SIGINT signal
2025-02-24 16:08:20,334 - aiogram.dispatcher - INFO - Polling stopped for bot @PlayPalGameBot id=7722417104 - 'PlayPal'
2025-02-24 16:08:20,334 - aiogram.dispatcher - INFO - Polling stopped
2025-02-24 16:08:26,862 - aiogram.dispatcher - INFO - Start polling
2025-02-24 16:08:26,926 - aiogram.dispatcher - INFO - Run polling for bot @PlayPalGameBot id=7722417104 - 'PlayPal'
2025-02-24 16:08:30,303 - aiogram.event - INFO - Update id=241310109 is handled. Duration 257 ms by bot id=7722417104
2025-02-24 16:08:31,932 - aiogram.event - INFO - Update id=241310110 is handled. Duration 468 ms by bot id=7722417104
2025-02-24 16:08:36,554 - aiogram.event - INFO - Update id=241310111 is handled. Duration 482 ms by bot id=7722417104
2025-02-24 16:08:38,274 - aiogram.event - INFO - Update id=241310112 is handled. Duration 387 ms by bot id=7722417104
2025-02-24 16:08:39,491 - aiogram.event - INFO - Update id=241310113 is handled. Duration 244 ms by bot id=7722417104
2025-02-24 16:08:41,758 - aiogram.event - INFO - Update id=241310114 is handled. Duration 223 ms by bot id=7722417104
2025-02-24 16:08:44,469 - aiogram.event - INFO - Update id=241310115 is handled. Duration 207 ms by bot id=7722417104
2025-02-24 16:08:46,375 - aiogram.event - INFO - Update id=241310116 is handled. Duration 430 ms by bot id=7722417104
2025-02-24 16:08:48,029 - aiogram.event - INFO - Update id=241310117 is handled. Duration 379 ms by bot id=7722417104
2025-02-24 16:08:49,758 - aiogram.event - INFO - Update id=241310118 is handled. Duration 216 ms by bot id=7722417104
2025-02-24 16:08:52,133 - aiogram.event - INFO - Update id=241310119 is handled. Duration 787 ms by bot id=7722417104
2025-02-24 16:08:55,829 - aiogram.event - INFO - Update id=241310120 is handled. Duration 124 ms by bot id=7722417104
2025-02-24 16:08:59,622 - aiogram.event - INFO - Update id=241310121 is handled. Duration 919 ms by bot id=7722417104
2025-02-24 16:16:27,301 - aiogram.dispatcher - WARNING - Received SIGINT signal
2025-02-24 16:16:27,302 - aiogram.dispatcher - INFO - Polling stopped for bot @PlayPalGameBot id=7722417104 - 'PlayPal'
2025-02-24 16:16:27,303 - aiogram.dispatcher - INFO - Polling stopped
2025-02-24 16:16:31,589 - aiogram.dispatcher - INFO - Start polling
2025-02-24 16:16:31,646 - aiogram.dispatcher - INFO - Run polling for bot @PlayPalGameBot id=7722417104 - 'PlayPal'
2025-02-24 16:16:35,775 - aiogram.event - INFO - Update id=241310122 is handled. Duration 281 ms by bot id=7722417104
2025-02-24 16:16:38,405 - aiogram.event - INFO - Update id=241310123 is handled. Duration 426 ms by bot id=7722417104
2025-02-24 16:18:32,425 - aiogram.dispatcher - WARNING - Received SIGINT signal
2025-02-24 16:18:32,426 - aiogram.dispatcher - INFO - Polling stopped for bot @PlayPalGameBot id=7722417104 - 'PlayPal'
2025-02-24 16:18:32,426 - aiogram.dispatcher - INFO - Polling stopped
2025-02-24 16:18:37,349 - aiogram.dispatcher - INFO - Start polling
2025-02-24 16:18:37,411 - aiogram.dispatcher - INFO - Run polling for bot @PlayPalGameBot id=7722417104 - 'PlayPal'
2025-02-24 16:18:40,945 - aiogram.event - INFO - Update id=241310124 is handled. Duration 287 ms by bot id=7722417104
2025-02-24 16:18:42,366 - aiogram.event - INFO - Update id=241310125 is handled. Duration 377 ms by bot id=7722417104
2025-02-24 16:19:48,350 - aiogram.event - INFO - Update id=241310126 is handled. Duration 115 ms by bot id=7722417104
2025-02-24 16:21:18,061 - aiogram.event - INFO - Update id=241310127 is handled. Duration 216 ms by bot id=7722417104
2025-02-24 16:21:21,007 - aiogram.event - INFO - Update id=241310128 is handled. Duration 179 ms by bot id=7722417104
2025-02-24 16:21:34,365 - aiogram.dispatcher - WARNING - Received SIGINT signal
2025-02-24 16:21:34,366 - aiogram.dispatcher - INFO - Polling stopped for bot @PlayPalGameBot id=7722417104 - 'PlayPal'
2025-02-24 16:21:34,367 - aiogram.dispatcher - INFO - Polling stopped
2025-02-24 16:21:38,873 - aiogram.dispatcher - INFO - Start polling
2025-02-24 16:21:38,932 - aiogram.dispatcher - INFO - Run polling for bot @PlayPalGameBot id=7722417104 - 'PlayPal'
2025-02-24 16:21:45,280 - aiogram.event - INFO - Update id=241310129 is handled. Duration 320 ms by bot id=7722417104
2025-02-24 16:21:47,247 - aiogram.event - INFO - Update id=241310130 is handled. Duration 611 ms by bot id=7722417104
2025-02-24 16:21:50,664 - aiogram.event - INFO - Update id=241310131 is handled. Duration 357 ms by bot id=7722417104
2025-02-24 16:26:03,280 - aiogram.dispatcher - WARNING - Received SIGINT signal
2025-02-24 16:26:03,281 - aiogram.dispatcher - INFO - Polling stopped for bot @PlayPalGameBot id=7722417104 - 'PlayPal'
2025-02-24 16:26:03,282 - aiogram.dispatcher - INFO - Polling stopped
2025-02-24 16:26:08,267 - aiogram.dispatcher - INFO - Start polling
2025-02-24 16:26:08,336 - aiogram.dispatcher - INFO - Run polling for bot @PlayPalGameBot id=7722417104 - 'PlayPal'
2025-02-24 16:26:09,211 - aiogram.event - INFO - Update id=241310132 is handled. Duration 289 ms by bot id=7722417104
2025-02-24 16:26:11,461 - aiogram.event - INFO - Update id=241310133 is handled. Duration 333 ms by bot id=7722417104
2025-02-24 16:26:15,324 - aiogram.event - INFO - Update id=241310134 is handled. Duration 304 ms by bot id=7722417104
2025-02-24 16:28:26,286 - aiogram.dispatcher - WARNING - Received SIGINT signal
2025-02-24 16:28:26,287 - aiogram.dispatcher - INFO - Polling stopped for bot @PlayPalGameBot id=7722417104 - 'PlayPal'
2025-02-24 16:28:26,288 - aiogram.dispatcher - INFO - Polling stopped
2025-02-24 16:28:32,465 - aiogram.dispatcher - INFO - Start polling
2025-02-24 16:28:32,525 - aiogram.dispatcher - INFO - Run polling for bot @PlayPalGameBot id=7722417104 - 'PlayPal'
2025-02-24 16:28:39,902 - aiogram.event - INFO - Update id=241310135 is handled. Duration 358 ms by bot id=7722417104
2025-02-24 16:28:42,843 - aiogram.event - INFO - Update id=241310136 is handled. Duration 321 ms by bot id=7722417104
2025-02-24 16:28:45,422 - aiogram.event - INFO - Update id=241310137 is handled. Duration 281 ms by bot id=7722417104
2025-02-24 16:31:35,923 - aiogram.dispatcher - WARNING - Received SIGINT signal
2025-02-24 16:31:35,924 - aiogram.dispatcher - INFO - Polling stopped for bot @PlayPalGameBot id=7722417104 - 'PlayPal'
2025-02-24 16:31:35,924 - aiogram.dispatcher - INFO - Polling stopped
2025-02-24 16:31:47,809 - aiogram.dispatcher - INFO - Start polling
2025-02-24 16:31:47,871 - aiogram.dispatcher - INFO - Run polling for bot @PlayPalGameBot id=7722417104 - 'PlayPal'
2025-02-24 16:31:51,020 - aiogram.event - INFO - Update id=241310138 is handled. Duration 253 ms by bot id=7722417104
2025-02-24 16:31:52,447 - aiogram.event - INFO - Update id=241310139 is handled. Duration 319 ms by bot id=7722417104
2025-02-24 16:31:56,292 - aiogram.event - INFO - Update id=241310140 is handled. Duration 283 ms by bot id=7722417104
2025-02-24 16:33:20,531 - aiogram.event - INFO - Update id=241310141 is handled. Duration 233 ms by bot id=7722417104
2025-02-24 16:33:23,078 - aiogram.event - INFO - Update id=241310142 is handled. Duration 370 ms by bot id=7722417104
2025-02-24 16:33:31,048 - aiogram.event - INFO - Update id=241310143 is handled. Duration 196 ms by bot id=7722417104
2025-02-24 16:35:45,359 - aiogram.dispatcher - WARNING - Received SIGINT signal
2025-02-24 16:35:45,361 - aiogram.dispatcher - INFO - Polling stopped for bot @PlayPalGameBot id=7722417104 - 'PlayPal'
2025-02-24 16:35:45,361 - aiogram.dispatcher - INFO - Polling stopped
2025-02-24 16:35:49,767 - aiogram.dispatcher - INFO - Start polling
2025-02-24 16:35:49,834 - aiogram.dispatcher - INFO - Run polling for bot @PlayPalGameBot id=7722417104 - 'PlayPal'
2025-02-24 16:35:53,662 - aiogram.event - INFO - Update id=241310144 is handled. Duration 382 ms by bot id=7722417104
2025-02-24 16:35:55,052 - aiogram.event - INFO - Update id=241310145 is handled. Duration 332 ms by bot id=7722417104
2025-02-24 16:38:03,745 - aiogram.event - INFO - Update id=241310146 is handled. Duration 226 ms by bot id=7722417104
2025-02-24 16:38:05,143 - aiogram.event - INFO - Update id=241310147 is handled. Duration 287 ms by bot id=7722417104
2025-02-24 16:38:07,951 - aiogram.event - INFO - Update id=241310148 is handled. Duration 306 ms by bot id=7722417104
2025-02-24 16:39:17,843 - aiogram.event - INFO - Update id=241310149 is handled. Duration 246 ms by bot id=7722417104
2025-02-24 16:39:19,360 - aiogram.event - INFO - Update id=241310150 is handled. Duration 268 ms by bot id=7722417104
2025-02-24 16:39:23,638 - aiogram.event - INFO - Update id=241310151 is handled. Duration 168 ms by bot id=7722417104
2025-02-24 16:40:57,199 - aiogram.dispatcher - WARNING - Received SIGINT signal
2025-02-24 16:40:57,201 - aiogram.dispatcher - INFO - Polling stopped for bot @PlayPalGameBot id=7722417104 - 'PlayPal'
2025-02-24 16:40:57,201 - aiogram.dispatcher - INFO - Polling stopped
