2025-02-15 10:19:14,195 - root - INFO - –ë–æ—Ç –∑–∞–ø—É—â–µ–Ω - SYSTEM - nothing - MAIN - nothing
2025-02-15 10:19:26,117 - root - INFO - –∫–æ–º–∞–Ω–¥–∞ —Å—Ç–∞—Ä—Ç - vasilisqqe - None - start_bot - {}
2025-02-15 10:19:51,691 - root - INFO - –ø–æ–ª—å–∑–æ–≤–∞—Ç–µ–ª—å –Ω–∞–∂–∞–ª –Ω–∞ –∫–Ω–æ–ø–∫—É –∫—Ä–µ—Å—Ç–∏–∫–æ–≤ –Ω–æ–ª–∏–∫–æ–≤ - vasilisqqe - {'state': 'cross-zeroes'} - choose_mate_inline_games - nothing
2025-02-15 10:20:13,164 - root - INFO - –ø–æ–ª—å–∑–æ–≤–∞—Ç–µ–ª—å –Ω–∞—á–∞–ª –ø–æ–∏—Å–∫ –∏–≥—Ä—ã –≤ –∫—Ä–µ—Å—Ç–∏–∫–∏-–Ω–æ–ª–∏–∫–∏ - vasilisqqe - {'state': 'in_game_cross_zeroes'} - alone_game - nothing
2025-02-15 10:20:20,843 - root - INFO - –ø–æ–ª—å–∑–æ–≤–∞—Ç–µ–ª—å –ø–æ–ø—ã—Ç–∞–ª—Å—è –≤–æ–π—Ç–∏ –≤ –≤–æ—Ä–¥–ª–∏, –Ω–æ —É –Ω–µ–≥–æ –µ—Å—Ç—å –Ω–∞—á–∞—Ç–∞—è –∏–≥—Ä–∞ - vasilisqqe - {'state': 'in_game_cross_zeroes'} - choose_mate - nothing
2025-02-16 12:40:45,140 - root - INFO - –ë–æ—Ç –∑–∞–ø—É—â–µ–Ω - SYSTEM - nothing - MAIN - nothing
2025-02-16 12:41:18,144 - root - INFO - –∫–æ–º–∞–Ω–¥–∞ —Å—Ç–∞—Ä—Ç - vasilisqqe - None - start_bot - {}
2025-02-16 12:56:24,689 - root - INFO - –ë–æ—Ç –∑–∞–ø—É—â–µ–Ω - SYSTEM - nothing - MAIN - nothing
2025-02-16 12:56:28,295 - root - INFO - –∫–æ–º–∞–Ω–¥–∞ —Å—Ç–∞—Ä—Ç - vasilisqqe - None - start_bot - {}
2025-02-16 12:56:36,272 - root - INFO - –ø–æ–ª—å–∑–æ–≤–∞—Ç–µ–ª—å –Ω–∞–∂–∞–ª –Ω–∞ –∫–Ω–æ–ø–∫—É –≤–æ—Ä–¥–ª–∏ - vasilisqqe - {'state': 'wordlie'} - choose_mate - nothing
2025-02-16 13:01:03,233 - root - INFO - –ë–æ—Ç –∑–∞–ø—É—â–µ–Ω - SYSTEM - nothing - MAIN - nothing
2025-02-16 13:01:27,106 - root - INFO - –ø–æ–ª—å–∑–æ–≤–∞—Ç–µ–ª—å –∑–∞–≤–µ—Ä—à–∏–ª –≤—Å–µ –Ω–∞—á–∞—Ç—ã–µ –∏–≥—Ä—ã - vasilisqqe - cleared - exit_all_games - {}
2025-02-16 13:01:31,183 - root - INFO - –∫–æ–º–∞–Ω–¥–∞ —Å—Ç–∞—Ä—Ç - vasilisqqe - None - start_bot - {}
2025-02-16 13:01:35,996 - root - INFO - –ø–æ–ª—å–∑–æ–≤–∞—Ç–µ–ª—å –Ω–∞–∂–∞–ª –Ω–∞ –∫–Ω–æ–ø–∫—É –≤–æ—Ä–¥–ª–∏ - vasilisqqe - {'state': 'wordlie'} - choose_mate - nothing
DEBUG:asyncio:Using selector: EpollSelector
INFO:root:–ë–æ—Ç –∑–∞–ø—É—â–µ–Ω
INFO:aiogram.dispatcher:Start polling
INFO:aiogram.dispatcher:Run polling for bot @PlayPalGameBot id=7722417104 - 'PlayPal'
INFO:aiogram.event:Update id=241309606 is handled. Duration 311 ms by bot id=7722417104
INFO:root:–ø–æ–ª—å–∑–æ–≤–∞—Ç–µ–ª—å –Ω–∞–∂–∞–ª –Ω–∞ –∫–Ω–æ–ø–∫—É –≤–æ—Ä–¥–ª–∏
INFO:aiogram.event:Update id=241309607 is handled. Duration 216 ms by bot id=7722417104
INFO:aiogram.event:Update id=241309608 is handled. Duration 9 ms by bot id=7722417104
WARNING:aiogram.dispatcher:Received SIGINT signal
INFO:aiogram.dispatcher:Polling stopped for bot @PlayPalGameBot id=7722417104 - 'PlayPal'
INFO:aiogram.dispatcher:Polling stopped
DEBUG:asyncio:Using selector: EpollSelector
INFO:root:–ë–æ—Ç –∑–∞–ø—É—â–µ–Ω
INFO:aiogram.dispatcher:Start polling
INFO:aiogram.dispatcher:Run polling for bot @PlayPalGameBot id=7722417104 - 'PlayPal'
INFO:aiogram.event:Update id=241309610 is handled. Duration 336 ms by bot id=7722417104
INFO:root:–ø–æ–ª—å–∑–æ–≤–∞—Ç–µ–ª—å –Ω–∞–∂–∞–ª –Ω–∞ –∫–Ω–æ–ø–∫—É –≤–æ—Ä–¥–ª–∏
INFO:aiogram.event:Update id=241309611 is handled. Duration 376 ms by bot id=7722417104
INFO:aiogram.event:Update id=241309612 is not handled. Duration 176 ms by bot id=7722417104
ERROR:aiogram.event:Cause exception while process update id=241309612 by bot id=7722417104
AttributeError: 'NoneType' object has no attribute 'from_user'
Traceback (most recent call last):
  File "/home/vasilisqq/.cache/pypoetry/virtualenvs/botgames-Y7R7oDsK-py3.12/lib/python3.12/site-packages/aiogram/dispatcher/middlewares/error.py", line 25, in __call__
    return await handler(event, data)
           ^^^^^^^^^^^^^^^^^^^^^^^^^^
  File "/home/vasilisqq/.cache/pypoetry/virtualenvs/botgames-Y7R7oDsK-py3.12/lib/python3.12/site-packages/aiogram/dispatcher/middlewares/user_context.py", line 56, in __call__
    return await handler(event, data)
           ^^^^^^^^^^^^^^^^^^^^^^^^^^
  File "/home/vasilisqq/.cache/pypoetry/virtualenvs/botgames-Y7R7oDsK-py3.12/lib/python3.12/site-packages/aiogram/fsm/middleware.py", line 42, in __call__
    return await handler(event, data)
           ^^^^^^^^^^^^^^^^^^^^^^^^^^
  File "/home/vasilisqq/.cache/pypoetry/virtualenvs/botgames-Y7R7oDsK-py3.12/lib/python3.12/site-packages/aiogram/dispatcher/event/telegram.py", line 121, in trigger
    return await wrapped_inner(event, kwargs)
           ^^^^^^^^^^^^^^^^^^^^^^^^^^^^^^^^^^
  File "/home/vasilisqq/utilites/botGames/bot/middlewares/user_middleware.py", line 26, in __call__
    return await handler(event, data)
           ^^^^^^^^^^^^^^^^^^^^^^^^^^
  File "/home/vasilisqq/.cache/pypoetry/virtualenvs/botgames-Y7R7oDsK-py3.12/lib/python3.12/site-packages/aiogram/dispatcher/event/handler.py", line 43, in call
    return await wrapped()
           ^^^^^^^^^^^^^^^
  File "/home/vasilisqq/.cache/pypoetry/virtualenvs/botgames-Y7R7oDsK-py3.12/lib/python3.12/site-packages/aiogram/dispatcher/dispatcher.py", line 276, in _listen_update
    return await self.propagate_event(update_type=update_type, event=event, **kwargs)
           ^^^^^^^^^^^^^^^^^^^^^^^^^^^^^^^^^^^^^^^^^^^^^^^^^^^^^^^^^^^^^^^^^^^^^^^^^^
  File "/home/vasilisqq/.cache/pypoetry/virtualenvs/botgames-Y7R7oDsK-py3.12/lib/python3.12/site-packages/aiogram/dispatcher/router.py", line 146, in propagate_event
    return await observer.wrap_outer_middleware(_wrapped, event=event, data=kwargs)
           ^^^^^^^^^^^^^^^^^^^^^^^^^^^^^^^^^^^^^^^^^^^^^^^^^^^^^^^^^^^^^^^^^^^^^^^^
  File "/home/vasilisqq/.cache/pypoetry/virtualenvs/botgames-Y7R7oDsK-py3.12/lib/python3.12/site-packages/aiogram/dispatcher/router.py", line 141, in _wrapped
    return await self._propagate_event(
           ^^^^^^^^^^^^^^^^^^^^^^^^^^^^
  File "/home/vasilisqq/.cache/pypoetry/virtualenvs/botgames-Y7R7oDsK-py3.12/lib/python3.12/site-packages/aiogram/dispatcher/router.py", line 174, in _propagate_event
    response = await router.propagate_event(update_type=update_type, event=event, **kwargs)
               ^^^^^^^^^^^^^^^^^^^^^^^^^^^^^^^^^^^^^^^^^^^^^^^^^^^^^^^^^^^^^^^^^^^^^^^^^^^^
  File "/home/vasilisqq/.cache/pypoetry/virtualenvs/botgames-Y7R7oDsK-py3.12/lib/python3.12/site-packages/aiogram/dispatcher/router.py", line 146, in propagate_event
    return await observer.wrap_outer_middleware(_wrapped, event=event, data=kwargs)
           ^^^^^^^^^^^^^^^^^^^^^^^^^^^^^^^^^^^^^^^^^^^^^^^^^^^^^^^^^^^^^^^^^^^^^^^^
  File "/home/vasilisqq/.cache/pypoetry/virtualenvs/botgames-Y7R7oDsK-py3.12/lib/python3.12/site-packages/aiogram/dispatcher/router.py", line 141, in _wrapped
    return await self._propagate_event(
           ^^^^^^^^^^^^^^^^^^^^^^^^^^^^
  File "/home/vasilisqq/.cache/pypoetry/virtualenvs/botgames-Y7R7oDsK-py3.12/lib/python3.12/site-packages/aiogram/dispatcher/router.py", line 166, in _propagate_event
    response = await observer.trigger(event, **kwargs)
               ^^^^^^^^^^^^^^^^^^^^^^^^^^^^^^^^^^^^^^^
  File "/home/vasilisqq/.cache/pypoetry/virtualenvs/botgames-Y7R7oDsK-py3.12/lib/python3.12/site-packages/aiogram/dispatcher/event/telegram.py", line 121, in trigger
    return await wrapped_inner(event, kwargs)
           ^^^^^^^^^^^^^^^^^^^^^^^^^^^^^^^^^^
  File "/home/vasilisqq/.cache/pypoetry/virtualenvs/botgames-Y7R7oDsK-py3.12/lib/python3.12/site-packages/aiogram/dispatcher/event/handler.py", line 43, in call
    return await wrapped()
           ^^^^^^^^^^^^^^^
  File "/home/vasilisqq/utilites/botGames/bot/callbacks/menu_callback.py", line 122, in create_alone_room
    f"–ø–æ–ª—å–∑–æ–≤–∞—Ç–µ–ª—å –Ω–∞—á–∞–ª –∏–≥—Ä—É –≤ wordlie {call.data[0]+1}",
                                         ~~~~~~~~~~~~^~
TypeError: can only concatenate str (not "int") to str

During handling of the above exception, another exception occurred:

Traceback (most recent call last):
  File "/home/vasilisqq/.cache/pypoetry/virtualenvs/botgames-Y7R7oDsK-py3.12/lib/python3.12/site-packages/aiogram/dispatcher/dispatcher.py", line 309, in _process_update
    response = await self.feed_update(bot, update, **kwargs)
               ^^^^^^^^^^^^^^^^^^^^^^^^^^^^^^^^^^^^^^^^^^^^^
  File "/home/vasilisqq/.cache/pypoetry/virtualenvs/botgames-Y7R7oDsK-py3.12/lib/python3.12/site-packages/aiogram/dispatcher/dispatcher.py", line 158, in feed_update
    response = await self.update.wrap_outer_middleware(
               ^^^^^^^^^^^^^^^^^^^^^^^^^^^^^^^^^^^^^^^^
  File "/home/vasilisqq/.cache/pypoetry/virtualenvs/botgames-Y7R7oDsK-py3.12/lib/python3.12/site-packages/aiogram/dispatcher/middlewares/error.py", line 29, in __call__
    response = await self.router.propagate_event(
               ^^^^^^^^^^^^^^^^^^^^^^^^^^^^^^^^^^
  File "/home/vasilisqq/.cache/pypoetry/virtualenvs/botgames-Y7R7oDsK-py3.12/lib/python3.12/site-packages/aiogram/dispatcher/router.py", line 146, in propagate_event
    return await observer.wrap_outer_middleware(_wrapped, event=event, data=kwargs)
           ^^^^^^^^^^^^^^^^^^^^^^^^^^^^^^^^^^^^^^^^^^^^^^^^^^^^^^^^^^^^^^^^^^^^^^^^
  File "/home/vasilisqq/.cache/pypoetry/virtualenvs/botgames-Y7R7oDsK-py3.12/lib/python3.12/site-packages/aiogram/dispatcher/router.py", line 141, in _wrapped
    return await self._propagate_event(
           ^^^^^^^^^^^^^^^^^^^^^^^^^^^^
  File "/home/vasilisqq/.cache/pypoetry/virtualenvs/botgames-Y7R7oDsK-py3.12/lib/python3.12/site-packages/aiogram/dispatcher/router.py", line 174, in _propagate_event
    response = await router.propagate_event(update_type=update_type, event=event, **kwargs)
               ^^^^^^^^^^^^^^^^^^^^^^^^^^^^^^^^^^^^^^^^^^^^^^^^^^^^^^^^^^^^^^^^^^^^^^^^^^^^
  File "/home/vasilisqq/.cache/pypoetry/virtualenvs/botgames-Y7R7oDsK-py3.12/lib/python3.12/site-packages/aiogram/dispatcher/router.py", line 146, in propagate_event
    return await observer.wrap_outer_middleware(_wrapped, event=event, data=kwargs)
           ^^^^^^^^^^^^^^^^^^^^^^^^^^^^^^^^^^^^^^^^^^^^^^^^^^^^^^^^^^^^^^^^^^^^^^^^
  File "/home/vasilisqq/.cache/pypoetry/virtualenvs/botgames-Y7R7oDsK-py3.12/lib/python3.12/site-packages/aiogram/dispatcher/router.py", line 141, in _wrapped
    return await self._propagate_event(
           ^^^^^^^^^^^^^^^^^^^^^^^^^^^^
  File "/home/vasilisqq/.cache/pypoetry/virtualenvs/botgames-Y7R7oDsK-py3.12/lib/python3.12/site-packages/aiogram/dispatcher/router.py", line 166, in _propagate_event
    response = await observer.trigger(event, **kwargs)
               ^^^^^^^^^^^^^^^^^^^^^^^^^^^^^^^^^^^^^^^
  File "/home/vasilisqq/.cache/pypoetry/virtualenvs/botgames-Y7R7oDsK-py3.12/lib/python3.12/site-packages/aiogram/dispatcher/event/telegram.py", line 121, in trigger
    return await wrapped_inner(event, kwargs)
           ^^^^^^^^^^^^^^^^^^^^^^^^^^^^^^^^^^
  File "/home/vasilisqq/.cache/pypoetry/virtualenvs/botgames-Y7R7oDsK-py3.12/lib/python3.12/site-packages/aiogram/dispatcher/event/handler.py", line 43, in call
    return await wrapped()
           ^^^^^^^^^^^^^^^
  File "/home/vasilisqq/utilites/botGames/bot/handlers/errors_handler.py", line 10, in print_error
    f"—É –ø–æ–ª—å–∑–æ–≤–∞—Ç–µ–ª—è {event.update.message.from_user.username} –ø—Ä–æ–∏–∑–æ—à–ª–∞ –æ—à–∏–±–∫–∞ {event.exception}/n"+
                      ^^^^^^^^^^^^^^^^^^^^^^^^^^^^^^
AttributeError: 'NoneType' object has no attribute 'from_user'
WARNING:aiogram.dispatcher:Received SIGINT signal
INFO:aiogram.dispatcher:Polling stopped for bot @PlayPalGameBot id=7722417104 - 'PlayPal'
INFO:aiogram.dispatcher:Polling stopped
DEBUG:asyncio:Using selector: EpollSelector
INFO:root:–ë–æ—Ç –∑–∞–ø—É—â–µ–Ω
INFO:aiogram.dispatcher:Start polling
INFO:aiogram.dispatcher:Run polling for bot @PlayPalGameBot id=7722417104 - 'PlayPal'
WARNING:aiogram.dispatcher:Received SIGINT signal
INFO:aiogram.dispatcher:Polling stopped for bot @PlayPalGameBot id=7722417104 - 'PlayPal'
INFO:aiogram.dispatcher:Polling stopped
2025-02-16 13:09:57,983 - root - INFO - –ë–æ—Ç –∑–∞–ø—É—â–µ–Ω - SYSTEM - nothing - MAIN - nothing
2025-02-16 13:10:03,195 - root - INFO - –∫–æ–º–∞–Ω–¥–∞ —Å—Ç–∞—Ä—Ç - vasilisqqe - None - start_bot - {}
2025-02-16 13:10:08,518 - root - INFO - –ø–æ–ª—å–∑–æ–≤–∞—Ç–µ–ª—å –Ω–∞–∂–∞–ª –Ω–∞ –∫–Ω–æ–ø–∫—É –≤–æ—Ä–¥–ª–∏ - vasilisqqe - {'state': 'wordlie'} - choose_mate - nothing
2025-02-16 13:10:10,348 - root - INFO - –ø–æ–ª—å–∑–æ–≤–∞—Ç–µ–ª—å –Ω–∞—á–∞–ª –∏–≥—Ä—É –≤ wordlie - vasilisqqe - {'state': 'in_game_wordlie'} - choose_mate - nothing
2025-02-16 13:10:13,205 - root - INFO - –ø–æ–ª—å–∑–æ–≤–∞—Ç–µ–ª—å —Å–æ–≤–µ—Ä—à–∏–ª –ø–æ–ø—ã—Ç–∫—É –æ—Ç–≥–∞–¥–∞—Ç—å —Å–ª–æ–≤–æ - vasilisqqe - {'state': 'in_game_wordlie'} - game_wordlie_from_friend - {'word': 'üü•üü•üü•üü©üü•'}
2025-02-16 13:10:47,750 - root - INFO - –ø–æ–ª—å–∑–æ–≤–∞—Ç–µ–ª—å –≤ –≤–æ—Ä–¥–ª–∏ –≤–≤–µ–ª —Å–ª–æ–≤–æ –Ω–µ –∏–∑ —Ä—É—Å—Å–∫–∏—Ö –±—É–∫–≤ - vasilisqqe - {'state': 'in_game_wordlie'} - step_in_the_game - {'word': 'gtybc'}
2025-02-16 13:10:54,192 - root - INFO - –ø–æ–ª—å–∑–æ–≤–∞—Ç–µ–ª—å —Å–æ–≤–µ—Ä—à–∏–ª –ø–æ–ø—ã—Ç–∫—É –æ—Ç–≥–∞–¥–∞—Ç—å —Å–ª–æ–≤–æ - vasilisqqe - {'state': 'in_game_wordlie'} - game_wordlie_from_friend - {'word': 'üü•üü•üü•üü©üü•'}
2025-02-16 13:10:56,991 - root - INFO - –ø–æ–ª—å–∑–æ–≤–∞—Ç–µ–ª—å —Å–æ–≤–µ—Ä—à–∏–ª –ø–æ–ø—ã—Ç–∫—É –æ—Ç–≥–∞–¥–∞—Ç—å —Å–ª–æ–≤–æ - vasilisqqe - {'state': 'in_game_wordlie'} - game_wordlie_from_friend - {'word': 'üü•üü•üü•üü©üü•'}
2025-02-16 13:11:00,586 - root - INFO - –ø–æ–ª—å–∑–æ–≤–∞—Ç–µ–ª—å —Å–æ–≤–µ—Ä—à–∏–ª –ø–æ–ø—ã—Ç–∫—É –æ—Ç–≥–∞–¥–∞—Ç—å —Å–ª–æ–≤–æ - vasilisqqe - {'state': 'in_game_wordlie'} - game_wordlie_from_friend - {'word': 'üü•üü•üü•üü©üü•'}
2025-02-16 13:11:02,315 - root - INFO - –ø–æ–ª—å–∑–æ–≤–∞—Ç–µ–ª—å –∑–∞–∫–æ–Ω—á–∏–ª –∏–≥—Ä—É –≤ –≤–æ—Ä–¥–ª–∏ - vasilisqqe - {'state': 'in_game_wordlie'} - step_in_the_game - {'word': 'üò¢ –£–≤—ã, —Ç—ã –Ω–µ –æ—Ç–≥–∞–¥–∞–ª —Å–ª–æ–≤–æ. üòû \n\nüî§ –°–ª–æ–≤–æ –∑–∞–≥–∞–¥–∞–Ω–Ω–æ–µ: [–∫—É–º–∏—Ä] \n\nü•á–¢–≤–æ–π —Ä–µ–π—Ç–∏–Ω–≥: üèÜ -5'}
2025-02-16 13:19:39,739 - root - INFO - –ë–æ—Ç –∑–∞–ø—É—â–µ–Ω - SYSTEM - nothing - MAIN - nothing
2025-02-16 13:19:47,009 - root - INFO - –∫–æ–º–∞–Ω–¥–∞ —Å—Ç–∞—Ä—Ç - vasilisqqe - None - start_bot - {}
2025-02-16 13:19:56,731 - root - INFO - –ø–æ–ª—å–∑–æ–≤–∞—Ç–µ–ª—å –Ω–∞–∂–∞–ª –Ω–∞ –∫–Ω–æ–ø–∫—É –∫—Ä–µ—Å—Ç–∏–∫–æ–≤ –Ω–æ–ª–∏–∫–æ–≤ - vasilisqqe - {'state': 'cross-zeroes'} - choose_mate_inline_games - nothing
2025-02-16 13:19:59,235 - root - INFO - –ø–æ–ª—å–∑–æ–≤–∞—Ç–µ–ª—å –Ω–∞—á–∞–ª –ø–æ–∏—Å–∫ –∏–≥—Ä—ã –≤ –∫—Ä–µ—Å—Ç–∏–∫–∏-–Ω–æ–ª–∏–∫–∏ - vasilisqqe - {'state': 'in_game_cross_zeroes'} - alone_game - nothing
2025-02-16 13:20:03,268 - root - INFO - –ø–æ–ª—å–∑–æ–≤–∞—Ç–µ–ª—å –ø–æ–ø—ã—Ç–∞–ª—Å—è –≤–æ–π—Ç–∏ –≤ –≤–æ—Ä–¥–ª–∏, –Ω–æ —É –Ω–µ–≥–æ –µ—Å—Ç—å –Ω–∞—á–∞—Ç–∞—è –∏–≥—Ä–∞ - vasilisqqe - {'state': 'in_game_cross_zeroes'} - choose_mate - nothing
2025-02-16 13:20:30,000 - root - INFO - –ø–æ–ª—å–∑–æ–≤–∞—Ç–µ–ª—å –∑–∞—à–µ–ª –≤ —Ç–æ–ø cross-zeroes - vasilisqqe - nothing - get_top - nothing
2025-02-16 13:20:32,116 - root - INFO - –ø–æ–ª—å–∑–æ–≤–∞—Ç–µ–ª—å –∑–∞—à–µ–ª –≤ —Ç–æ–ø wordlie - vasilisqqe - nothing - get_top - nothing
